[0.042s] Invoking command in '/home/pyh/Documents/ros2_ws/RobotAD_Issac_ws/build/message_filter_example': /usr/bin/cmake /home/pyh/Documents/ros2_ws/RobotAD_Issac_ws/src/message_filter_test -DCATKIN_INSTALL_INTO_PREFIX_ROOT=0 -DCMAKE_INSTALL_PREFIX=/home/pyh/Documents/ros2_ws/RobotAD_Issac_ws/install/message_filter_example
[0.065s] -- Found ament_cmake: 1.3.11 (/opt/ros/humble/share/ament_cmake/cmake)
[0.220s] -- Found rclcpp: 16.0.11 (/opt/ros/humble/share/rclcpp/cmake)
[0.266s] -- Found rosidl_generator_c: 3.1.6 (/opt/ros/humble/share/rosidl_generator_c/cmake)
[0.271s] -- Found rosidl_adapter: 3.1.6 (/opt/ros/humble/share/rosidl_adapter/cmake)
[0.277s] -- Found rosidl_generator_cpp: 3.1.6 (/opt/ros/humble/share/rosidl_generator_cpp/cmake)
[0.289s] -- Using all available rosidl_typesupport_c: rosidl_typesupport_fastrtps_c;rosidl_typesupport_introspection_c
[0.306s] -- Using all available rosidl_typesupport_cpp: rosidl_typesupport_fastrtps_cpp;rosidl_typesupport_introspection_cpp
[0.348s] -- Found rmw_implementation_cmake: 6.1.2 (/opt/ros/humble/share/rmw_implementation_cmake/cmake)
[0.350s] -- Found rmw_fastrtps_cpp: 6.2.7 (/opt/ros/humble/share/rmw_fastrtps_cpp/cmake)
[0.494s] -- Using RMW implementation 'rmw_fastrtps_cpp' as default
[0.552s] -- Found sensor_msgs: 4.2.4 (/opt/ros/humble/share/sensor_msgs/cmake)
[0.583s] -- Found message_filters: 4.3.5 (/opt/ros/humble/share/message_filters/cmake)
[0.672s] -- Configuring done
[0.692s] -- Generating done
[0.699s] -- Build files have been written to: /home/pyh/Documents/ros2_ws/RobotAD_Issac_ws/build/message_filter_example
[0.707s] Invoked command in '/home/pyh/Documents/ros2_ws/RobotAD_Issac_ws/build/message_filter_example' returned '0': /usr/bin/cmake /home/pyh/Documents/ros2_ws/RobotAD_Issac_ws/src/message_filter_test -DCATKIN_INSTALL_INTO_PREFIX_ROOT=0 -DCMAKE_INSTALL_PREFIX=/home/pyh/Documents/ros2_ws/RobotAD_Issac_ws/install/message_filter_example
[0.709s] Invoking command in '/home/pyh/Documents/ros2_ws/RobotAD_Issac_ws/build/message_filter_example': /usr/bin/cmake --build /home/pyh/Documents/ros2_ws/RobotAD_Issac_ws/build/message_filter_example -- -j16 -l16
[0.775s] [35m[1mConsolidate compiler generated dependencies of target message_filter_example[0m
[0.798s] [100%] Built target message_filter_example
[0.816s] Invoked command in '/home/pyh/Documents/ros2_ws/RobotAD_Issac_ws/build/message_filter_example' returned '0': /usr/bin/cmake --build /home/pyh/Documents/ros2_ws/RobotAD_Issac_ws/build/message_filter_example -- -j16 -l16
[0.818s] Invoking command in '/home/pyh/Documents/ros2_ws/RobotAD_Issac_ws/build/message_filter_example': /usr/bin/cmake --install /home/pyh/Documents/ros2_ws/RobotAD_Issac_ws/build/message_filter_example
[0.824s] -- Install configuration: ""
[0.824s] -- Up-to-date: /home/pyh/Documents/ros2_ws/RobotAD_Issac_ws/install/message_filter_example/lib/message_filter_example/message_filter_example
[0.824s] -- Up-to-date: /home/pyh/Documents/ros2_ws/RobotAD_Issac_ws/install/message_filter_example/share/ament_index/resource_index/package_run_dependencies/message_filter_example
[0.824s] -- Installing: /home/pyh/Documents/ros2_ws/RobotAD_Issac_ws/install/message_filter_example/share/ament_index/resource_index/parent_prefix_path/message_filter_example
[0.824s] -- Up-to-date: /home/pyh/Documents/ros2_ws/RobotAD_Issac_ws/install/message_filter_example/share/message_filter_example/environment/ament_prefix_path.sh
[0.825s] -- Installing: /home/pyh/Documents/ros2_ws/RobotAD_Issac_ws/install/message_filter_example/share/message_filter_example/environment/ament_prefix_path.dsv
[0.825s] -- Up-to-date: /home/pyh/Documents/ros2_ws/RobotAD_Issac_ws/install/message_filter_example/share/message_filter_example/environment/path.sh
[0.825s] -- Installing: /home/pyh/Documents/ros2_ws/RobotAD_Issac_ws/install/message_filter_example/share/message_filter_example/environment/path.dsv
[0.825s] -- Up-to-date: /home/pyh/Documents/ros2_ws/RobotAD_Issac_ws/install/message_filter_example/share/message_filter_example/local_setup.bash
[0.825s] -- Up-to-date: /home/pyh/Documents/ros2_ws/RobotAD_Issac_ws/install/message_filter_example/share/message_filter_example/local_setup.sh
[0.825s] -- Up-to-date: /home/pyh/Documents/ros2_ws/RobotAD_Issac_ws/install/message_filter_example/share/message_filter_example/local_setup.zsh
[0.825s] -- Installing: /home/pyh/Documents/ros2_ws/RobotAD_Issac_ws/install/message_filter_example/share/message_filter_example/local_setup.dsv
[0.828s] -- Installing: /home/pyh/Documents/ros2_ws/RobotAD_Issac_ws/install/message_filter_example/share/message_filter_example/package.dsv
[0.829s] -- Up-to-date: /home/pyh/Documents/ros2_ws/RobotAD_Issac_ws/install/message_filter_example/share/ament_index/resource_index/packages/message_filter_example
[0.829s] -- Up-to-date: /home/pyh/Documents/ros2_ws/RobotAD_Issac_ws/install/message_filter_example/share/message_filter_example/cmake/message_filter_exampleConfig.cmake
[0.829s] -- Up-to-date: /home/pyh/Documents/ros2_ws/RobotAD_Issac_ws/install/message_filter_example/share/message_filter_example/cmake/message_filter_exampleConfig-version.cmake
[0.832s] -- Up-to-date: /home/pyh/Documents/ros2_ws/RobotAD_Issac_ws/install/message_filter_example/share/message_filter_example/package.xml
[0.844s] Invoked command in '/home/pyh/Documents/ros2_ws/RobotAD_Issac_ws/build/message_filter_example' returned '0': /usr/bin/cmake --install /home/pyh/Documents/ros2_ws/RobotAD_Issac_ws/build/message_filter_example
