[0.020s] Invoking command in '/home/pyh/Documents/ros2_ws/RobotAD_Issac_ws/build/diff_control': CMAKE_PREFIX_PATH=/home/pyh/Documents/ros2_ws/RobotAD_Issac_ws/install/robot_hardware:/home/pyh/Documents/ros2_ws/RobotAD_Issac_ws/install/usb_camera:/home/pyh/Documents/ros2_ws/RobotAD_Issac_ws/install/serial_comm:/home/pyh/Documents/ros2_ws/RobotAD_Issac_ws/install/robot_locate:/home/pyh/Documents/ros2_ws/RobotAD_Issac_ws/install/diff_control:/home/pyh/Documents/ros2_ws/RobotAD_Issac_ws/install/pointcloud_to_laserscan:/home/pyh/Documents/ros2_ws/RobotAD_Issac_ws/install/nuscenes_data_collector:/opt/ros/humble:/home/pyh/Documents/ros2_ws/RobotAD_Issac_ws/install/message_filter_example:/home/pyh/Documents/ros2_ws/RobotAD_Issac_ws/install/keyboard_control LD_LIBRARY_PATH=/home/pyh/Documents/ros2_ws/RobotAD_Issac_ws/install/robot_hardware/lib:/home/pyh/Documents/ros2_ws/RobotAD_Issac_ws/install/diff_control/lib:/home/pyh/Documents/ros2_ws/RobotAD_Issac_ws/install/pointcloud_to_laserscan/lib:/usr/lib/x86_64-linux-gnu/gazebo-11/plugins:/opt/ros/humble/opt/rviz_ogre_vendor/lib:/opt/ros/humble/lib/x86_64-linux-gnu:/opt/ros/humble/lib /usr/bin/cmake --build /home/pyh/Documents/ros2_ws/RobotAD_Issac_ws/build/diff_control -- -j16 -l16
[0.078s] [100%] Built target diff_control
[0.087s] Invoked command in '/home/pyh/Documents/ros2_ws/RobotAD_Issac_ws/build/diff_control' returned '0': CMAKE_PREFIX_PATH=/home/pyh/Documents/ros2_ws/RobotAD_Issac_ws/install/robot_hardware:/home/pyh/Documents/ros2_ws/RobotAD_Issac_ws/install/usb_camera:/home/pyh/Documents/ros2_ws/RobotAD_Issac_ws/install/serial_comm:/home/pyh/Documents/ros2_ws/RobotAD_Issac_ws/install/robot_locate:/home/pyh/Documents/ros2_ws/RobotAD_Issac_ws/install/diff_control:/home/pyh/Documents/ros2_ws/RobotAD_Issac_ws/install/pointcloud_to_laserscan:/home/pyh/Documents/ros2_ws/RobotAD_Issac_ws/install/nuscenes_data_collector:/opt/ros/humble:/home/pyh/Documents/ros2_ws/RobotAD_Issac_ws/install/message_filter_example:/home/pyh/Documents/ros2_ws/RobotAD_Issac_ws/install/keyboard_control LD_LIBRARY_PATH=/home/pyh/Documents/ros2_ws/RobotAD_Issac_ws/install/robot_hardware/lib:/home/pyh/Documents/ros2_ws/RobotAD_Issac_ws/install/diff_control/lib:/home/pyh/Documents/ros2_ws/RobotAD_Issac_ws/install/pointcloud_to_laserscan/lib:/usr/lib/x86_64-linux-gnu/gazebo-11/plugins:/opt/ros/humble/opt/rviz_ogre_vendor/lib:/opt/ros/humble/lib/x86_64-linux-gnu:/opt/ros/humble/lib /usr/bin/cmake --build /home/pyh/Documents/ros2_ws/RobotAD_Issac_ws/build/diff_control -- -j16 -l16
[0.089s] Invoking command in '/home/pyh/Documents/ros2_ws/RobotAD_Issac_ws/build/diff_control': CMAKE_PREFIX_PATH=/home/pyh/Documents/ros2_ws/RobotAD_Issac_ws/install/robot_hardware:/home/pyh/Documents/ros2_ws/RobotAD_Issac_ws/install/usb_camera:/home/pyh/Documents/ros2_ws/RobotAD_Issac_ws/install/serial_comm:/home/pyh/Documents/ros2_ws/RobotAD_Issac_ws/install/robot_locate:/home/pyh/Documents/ros2_ws/RobotAD_Issac_ws/install/diff_control:/home/pyh/Documents/ros2_ws/RobotAD_Issac_ws/install/pointcloud_to_laserscan:/home/pyh/Documents/ros2_ws/RobotAD_Issac_ws/install/nuscenes_data_collector:/opt/ros/humble:/home/pyh/Documents/ros2_ws/RobotAD_Issac_ws/install/message_filter_example:/home/pyh/Documents/ros2_ws/RobotAD_Issac_ws/install/keyboard_control LD_LIBRARY_PATH=/home/pyh/Documents/ros2_ws/RobotAD_Issac_ws/install/robot_hardware/lib:/home/pyh/Documents/ros2_ws/RobotAD_Issac_ws/install/diff_control/lib:/home/pyh/Documents/ros2_ws/RobotAD_Issac_ws/install/pointcloud_to_laserscan/lib:/usr/lib/x86_64-linux-gnu/gazebo-11/plugins:/opt/ros/humble/opt/rviz_ogre_vendor/lib:/opt/ros/humble/lib/x86_64-linux-gnu:/opt/ros/humble/lib /usr/bin/cmake --install /home/pyh/Documents/ros2_ws/RobotAD_Issac_ws/build/diff_control
[0.095s] -- Install configuration: ""
[0.095s] -- Execute custom install script
[0.095s] -- Up-to-date symlink: /home/pyh/Documents/ros2_ws/RobotAD_Issac_ws/install/diff_control/share/diff_control//diff_control.xml
[0.096s] -- Up-to-date symlink: /home/pyh/Documents/ros2_ws/RobotAD_Issac_ws/install/diff_control/share/diff_control/world/obstacles.world
[0.096s] -- Up-to-date symlink: /home/pyh/Documents/ros2_ws/RobotAD_Issac_ws/install/diff_control/share/diff_control/world/sim_world.sdf
[0.096s] -- Up-to-date symlink: /home/pyh/Documents/ros2_ws/RobotAD_Issac_ws/install/diff_control/share/diff_control/world/sim_world2.sdf
[0.096s] -- Up-to-date symlink: /home/pyh/Documents/ros2_ws/RobotAD_Issac_ws/install/diff_control/share/diff_control/world/sim_world_2.sdf
[0.096s] -- Up-to-date symlink: /home/pyh/Documents/ros2_ws/RobotAD_Issac_ws/install/diff_control/include/diff_control/diff_control/diffbot_system.hpp
[0.096s] -- Up-to-date symlink: /home/pyh/Documents/ros2_ws/RobotAD_Issac_ws/install/diff_control/include/diff_control/diff_control/issac_bridge.hpp
[0.096s] -- Up-to-date symlink: /home/pyh/Documents/ros2_ws/RobotAD_Issac_ws/install/diff_control/include/diff_control/diff_control/visibility_control.h
[0.096s] -- Up-to-date symlink: /home/pyh/Documents/ros2_ws/RobotAD_Issac_ws/install/diff_control/include/diff_control/diff_control/wheel.hpp
[0.097s] -- Up-to-date symlink: /home/pyh/Documents/ros2_ws/RobotAD_Issac_ws/install/diff_control/share/diff_control/launch/view_robot.launch.py
[0.097s] -- Up-to-date symlink: /home/pyh/Documents/ros2_ws/RobotAD_Issac_ws/install/diff_control/share/diff_control/ros2_control/diffbot.materials.xacro
[0.097s] -- Up-to-date symlink: /home/pyh/Documents/ros2_ws/RobotAD_Issac_ws/install/diff_control/share/diff_control/ros2_control/diffbot.ros2_control.xacro
[0.097s] -- Up-to-date symlink: /home/pyh/Documents/ros2_ws/RobotAD_Issac_ws/install/diff_control/share/diff_control/ros2_control/diffbot_model_our.urdf.xacro
[0.097s] -- Up-to-date symlink: /home/pyh/Documents/ros2_ws/RobotAD_Issac_ws/install/diff_control/share/diff_control/ros2_control/inertial_macros.xacro
[0.097s] -- Up-to-date symlink: /home/pyh/Documents/ros2_ws/RobotAD_Issac_ws/install/diff_control/share/diff_control/ros2_control/lidar.xacro
[0.097s] -- Up-to-date symlink: /home/pyh/Documents/ros2_ws/RobotAD_Issac_ws/install/diff_control/share/diff_control/urdf/diffbot.urdf.xacro
[0.098s] -- Up-to-date symlink: /home/pyh/Documents/ros2_ws/RobotAD_Issac_ws/install/diff_control/share/diff_control/launch/__pycache__/diffbot.launch.cpython-310.pyc
[0.098s] -- Up-to-date symlink: /home/pyh/Documents/ros2_ws/RobotAD_Issac_ws/install/diff_control/share/diff_control/launch/__pycache__/diffbot_issac.launch.cpython-310.pyc
[0.098s] -- Up-to-date symlink: /home/pyh/Documents/ros2_ws/RobotAD_Issac_ws/install/diff_control/share/diff_control/launch/__pycache__/diffbot_sim.launch.cpython-310.pyc
[0.098s] -- Up-to-date symlink: /home/pyh/Documents/ros2_ws/RobotAD_Issac_ws/install/diff_control/share/diff_control/launch/diffbot.launch.py
[0.098s] -- Up-to-date symlink: /home/pyh/Documents/ros2_ws/RobotAD_Issac_ws/install/diff_control/share/diff_control/launch/diffbot_sim.launch.py
[0.098s] -- Up-to-date symlink: /home/pyh/Documents/ros2_ws/RobotAD_Issac_ws/install/diff_control/share/diff_control/config/diffbot_controllers.yaml
[0.098s] -- Up-to-date symlink: /home/pyh/Documents/ros2_ws/RobotAD_Issac_ws/install/diff_control/share/diff_control/config/gazebo_params.yaml
[0.099s] -- Up-to-date symlink: /home/pyh/Documents/ros2_ws/RobotAD_Issac_ws/install/diff_control/share/diff_control/config/gazebo_use_sim_control.yaml
[0.099s] -- Up-to-date symlink: /home/pyh/Documents/ros2_ws/RobotAD_Issac_ws/install/diff_control/share/diff_control/config/urdf.rviz
[0.099s] -- Up-to-date symlink: /home/pyh/Documents/ros2_ws/RobotAD_Issac_ws/install/diff_control/share/diff_control/config/urdf.rviz.old
[0.099s] -- Up-to-date symlink: /home/pyh/Documents/ros2_ws/RobotAD_Issac_ws/install/diff_control/share/diff_control/environment/library_path.sh
[0.099s] -- Up-to-date symlink: /home/pyh/Documents/ros2_ws/RobotAD_Issac_ws/install/diff_control/share/diff_control/environment/library_path.dsv
[0.100s] -- Up-to-date symlink: /home/pyh/Documents/ros2_ws/RobotAD_Issac_ws/install/diff_control/share/ament_index/resource_index/package_run_dependencies/diff_control
[0.100s] -- Up-to-date symlink: /home/pyh/Documents/ros2_ws/RobotAD_Issac_ws/install/diff_control/share/ament_index/resource_index/parent_prefix_path/diff_control
[0.100s] -- Up-to-date symlink: /home/pyh/Documents/ros2_ws/RobotAD_Issac_ws/install/diff_control/share/diff_control/environment/ament_prefix_path.sh
[0.100s] -- Up-to-date symlink: /home/pyh/Documents/ros2_ws/RobotAD_Issac_ws/install/diff_control/share/diff_control/environment/ament_prefix_path.dsv
[0.100s] -- Up-to-date symlink: /home/pyh/Documents/ros2_ws/RobotAD_Issac_ws/install/diff_control/share/diff_control/environment/path.sh
[0.100s] -- Up-to-date symlink: /home/pyh/Documents/ros2_ws/RobotAD_Issac_ws/install/diff_control/share/diff_control/environment/path.dsv
[0.100s] -- Up-to-date symlink: /home/pyh/Documents/ros2_ws/RobotAD_Issac_ws/install/diff_control/share/diff_control/local_setup.bash
[0.101s] -- Up-to-date symlink: /home/pyh/Documents/ros2_ws/RobotAD_Issac_ws/install/diff_control/share/diff_control/local_setup.sh
[0.101s] -- Up-to-date symlink: /home/pyh/Documents/ros2_ws/RobotAD_Issac_ws/install/diff_control/share/diff_control/local_setup.zsh
[0.101s] -- Up-to-date symlink: /home/pyh/Documents/ros2_ws/RobotAD_Issac_ws/install/diff_control/share/diff_control/local_setup.dsv
[0.101s] -- Symlinking: /home/pyh/Documents/ros2_ws/RobotAD_Issac_ws/install/diff_control/share/diff_control/package.dsv
[0.111s] -- Up-to-date symlink: /home/pyh/Documents/ros2_ws/RobotAD_Issac_ws/install/diff_control/share/ament_index/resource_index/packages/diff_control
[0.111s] -- Up-to-date symlink: /home/pyh/Documents/ros2_ws/RobotAD_Issac_ws/install/diff_control/share/ament_index/resource_index/hardware_interface__pluginlib__plugin/diff_control
[0.111s] -- Up-to-date symlink: /home/pyh/Documents/ros2_ws/RobotAD_Issac_ws/install/diff_control/share/diff_control/cmake/ament_cmake_export_targets-extras.cmake
[0.111s] -- Up-to-date symlink: /home/pyh/Documents/ros2_ws/RobotAD_Issac_ws/install/diff_control/share/diff_control/cmake/ament_cmake_export_dependencies-extras.cmake
[0.111s] -- Up-to-date symlink: /home/pyh/Documents/ros2_ws/RobotAD_Issac_ws/install/diff_control/share/diff_control/cmake/diff_controlConfig.cmake
[0.111s] -- Up-to-date symlink: /home/pyh/Documents/ros2_ws/RobotAD_Issac_ws/install/diff_control/share/diff_control/cmake/diff_controlConfig-version.cmake
[0.111s] -- Up-to-date symlink: /home/pyh/Documents/ros2_ws/RobotAD_Issac_ws/install/diff_control/share/diff_control/package.xml
[0.112s] -- Up-to-date: /home/pyh/Documents/ros2_ws/RobotAD_Issac_ws/install/diff_control/lib/libdiff_control.so
[0.112s] -- Up-to-date: /home/pyh/Documents/ros2_ws/RobotAD_Issac_ws/install/diff_control/share/diff_control/cmake/export_diff_controlExport.cmake
[0.112s] -- Up-to-date: /home/pyh/Documents/ros2_ws/RobotAD_Issac_ws/install/diff_control/share/diff_control/cmake/export_diff_controlExport-noconfig.cmake
[0.136s] Invoked command in '/home/pyh/Documents/ros2_ws/RobotAD_Issac_ws/build/diff_control' returned '0': CMAKE_PREFIX_PATH=/home/pyh/Documents/ros2_ws/RobotAD_Issac_ws/install/robot_hardware:/home/pyh/Documents/ros2_ws/RobotAD_Issac_ws/install/usb_camera:/home/pyh/Documents/ros2_ws/RobotAD_Issac_ws/install/serial_comm:/home/pyh/Documents/ros2_ws/RobotAD_Issac_ws/install/robot_locate:/home/pyh/Documents/ros2_ws/RobotAD_Issac_ws/install/diff_control:/home/pyh/Documents/ros2_ws/RobotAD_Issac_ws/install/pointcloud_to_laserscan:/home/pyh/Documents/ros2_ws/RobotAD_Issac_ws/install/nuscenes_data_collector:/opt/ros/humble:/home/pyh/Documents/ros2_ws/RobotAD_Issac_ws/install/message_filter_example:/home/pyh/Documents/ros2_ws/RobotAD_Issac_ws/install/keyboard_control LD_LIBRARY_PATH=/home/pyh/Documents/ros2_ws/RobotAD_Issac_ws/install/robot_hardware/lib:/home/pyh/Documents/ros2_ws/RobotAD_Issac_ws/install/diff_control/lib:/home/pyh/Documents/ros2_ws/RobotAD_Issac_ws/install/pointcloud_to_laserscan/lib:/usr/lib/x86_64-linux-gnu/gazebo-11/plugins:/opt/ros/humble/opt/rviz_ogre_vendor/lib:/opt/ros/humble/lib/x86_64-linux-gnu:/opt/ros/humble/lib /usr/bin/cmake --install /home/pyh/Documents/ros2_ws/RobotAD_Issac_ws/build/diff_control
