[0.013s] Invoking command in '/home/pyh/Documents/ros2_ws/RobotAD_Issac_ws/build/serial_comm': CMAKE_PREFIX_PATH=/home/pyh/Documents/ros2_ws/RobotAD_Issac_ws/install/robot_hardware:/home/pyh/Documents/ros2_ws/RobotAD_Issac_ws/install/usb_camera:/home/pyh/Documents/ros2_ws/RobotAD_Issac_ws/install/serial_comm:/home/pyh/Documents/ros2_ws/RobotAD_Issac_ws/install/robot_locate:/home/pyh/Documents/ros2_ws/RobotAD_Issac_ws/install/diff_control:/home/pyh/Documents/ros2_ws/RobotAD_Issac_ws/install/pointcloud_to_laserscan:/home/pyh/Documents/ros2_ws/RobotAD_Issac_ws/install/nuscenes_data_collector:/opt/ros/humble:/home/pyh/Documents/ros2_ws/RobotAD_Issac_ws/install/message_filter_example:/home/pyh/Documents/ros2_ws/RobotAD_Issac_ws/install/keyboard_control:/home/pyh/Documents/ros2_ws/install/message_filter_example LD_LIBRARY_PATH=/home/pyh/Documents/ros2_ws/RobotAD_Issac_ws/install/robot_hardware/lib:/home/pyh/Documents/ros2_ws/RobotAD_Issac_ws/install/diff_control/lib:/home/pyh/Documents/ros2_ws/RobotAD_Issac_ws/install/pointcloud_to_laserscan/lib:/usr/lib/x86_64-linux-gnu/gazebo-11/plugins:/opt/ros/humble/opt/rviz_ogre_vendor/lib:/opt/ros/humble/lib/x86_64-linux-gnu:/opt/ros/humble/lib /usr/bin/cmake /home/pyh/Documents/ros2_ws/RobotAD_Issac_ws/src/serial_comm -DAMENT_CMAKE_SYMLINK_INSTALL=1 -DCMAKE_INSTALL_PREFIX=/home/pyh/Documents/ros2_ws/RobotAD_Issac_ws/install/serial_comm
[0.053s] -- The C compiler identification is GNU 11.4.0
[0.091s] -- The CXX compiler identification is GNU 11.4.0
[0.097s] -- Detecting C compiler ABI info
[0.148s] -- Detecting C compiler ABI info - done
[0.157s] -- Check for working C compiler: /usr/bin/cc - skipped
[0.158s] -- Detecting C compile features
[0.158s] -- Detecting C compile features - done
[0.161s] -- Detecting CXX compiler ABI info
[0.223s] -- Detecting CXX compiler ABI info - done
[0.228s] -- Check for working CXX compiler: /usr/bin/c++ - skipped
[0.228s] -- Detecting CXX compile features
[0.229s] -- Detecting CXX compile features - done
[0.231s] -- Found ament_cmake: 1.3.11 (/opt/ros/humble/share/ament_cmake/cmake)
[0.340s] -- Found Python3: /usr/bin/python3 (found version "3.10.12") found components: Interpreter 
[0.387s] -- Override CMake install command with custom implementation using symlinks instead of copying resources
[0.420s] -- Found rclcpp: 16.0.11 (/opt/ros/humble/share/rclcpp/cmake)
[0.468s] -- Found rosidl_generator_c: 3.1.6 (/opt/ros/humble/share/rosidl_generator_c/cmake)
[0.475s] -- Found rosidl_adapter: 3.1.6 (/opt/ros/humble/share/rosidl_adapter/cmake)
[0.485s] -- Found rosidl_generator_cpp: 3.1.6 (/opt/ros/humble/share/rosidl_generator_cpp/cmake)
[0.499s] -- Using all available rosidl_typesupport_c: rosidl_typesupport_fastrtps_c;rosidl_typesupport_introspection_c
[0.519s] -- Using all available rosidl_typesupport_cpp: rosidl_typesupport_fastrtps_cpp;rosidl_typesupport_introspection_cpp
[0.573s] -- Found rmw_implementation_cmake: 6.1.2 (/opt/ros/humble/share/rmw_implementation_cmake/cmake)
[0.575s] -- Found rmw_fastrtps_cpp: 6.2.7 (/opt/ros/humble/share/rmw_fastrtps_cpp/cmake)
[0.651s] -- Found OpenSSL: /usr/lib/x86_64-linux-gnu/libcrypto.so (found version "3.0.2")  
[0.684s] -- Found FastRTPS: /opt/ros/humble/include  
[0.732s] -- Using RMW implementation 'rmw_fastrtps_cpp' as default
[0.743s] -- Looking for pthread.h
[0.803s] -- Looking for pthread.h - found
[0.803s] -- Performing Test CMAKE_HAVE_LIBC_PTHREAD
[0.864s] -- Performing Test CMAKE_HAVE_LIBC_PTHREAD - Success
[0.865s] -- Found Threads: TRUE  
[0.927s] -- Found serial: 1.2.1 (/usr/local/share/serial/cmake)
[0.929s] -- Found robot_hardware: 0.0.1 (/home/pyh/Documents/ros2_ws/RobotAD_Issac_ws/install/robot_hardware/share/robot_hardware/cmake)
[1.002s] -- Configuring done
[1.013s] -- Generating done
[1.017s] -- Build files have been written to: /home/pyh/Documents/ros2_ws/RobotAD_Issac_ws/build/serial_comm
[1.027s] Invoked command in '/home/pyh/Documents/ros2_ws/RobotAD_Issac_ws/build/serial_comm' returned '0': CMAKE_PREFIX_PATH=/home/pyh/Documents/ros2_ws/RobotAD_Issac_ws/install/robot_hardware:/home/pyh/Documents/ros2_ws/RobotAD_Issac_ws/install/usb_camera:/home/pyh/Documents/ros2_ws/RobotAD_Issac_ws/install/serial_comm:/home/pyh/Documents/ros2_ws/RobotAD_Issac_ws/install/robot_locate:/home/pyh/Documents/ros2_ws/RobotAD_Issac_ws/install/diff_control:/home/pyh/Documents/ros2_ws/RobotAD_Issac_ws/install/pointcloud_to_laserscan:/home/pyh/Documents/ros2_ws/RobotAD_Issac_ws/install/nuscenes_data_collector:/opt/ros/humble:/home/pyh/Documents/ros2_ws/RobotAD_Issac_ws/install/message_filter_example:/home/pyh/Documents/ros2_ws/RobotAD_Issac_ws/install/keyboard_control:/home/pyh/Documents/ros2_ws/install/message_filter_example LD_LIBRARY_PATH=/home/pyh/Documents/ros2_ws/RobotAD_Issac_ws/install/robot_hardware/lib:/home/pyh/Documents/ros2_ws/RobotAD_Issac_ws/install/diff_control/lib:/home/pyh/Documents/ros2_ws/RobotAD_Issac_ws/install/pointcloud_to_laserscan/lib:/usr/lib/x86_64-linux-gnu/gazebo-11/plugins:/opt/ros/humble/opt/rviz_ogre_vendor/lib:/opt/ros/humble/lib/x86_64-linux-gnu:/opt/ros/humble/lib /usr/bin/cmake /home/pyh/Documents/ros2_ws/RobotAD_Issac_ws/src/serial_comm -DAMENT_CMAKE_SYMLINK_INSTALL=1 -DCMAKE_INSTALL_PREFIX=/home/pyh/Documents/ros2_ws/RobotAD_Issac_ws/install/serial_comm
[1.029s] Invoking command in '/home/pyh/Documents/ros2_ws/RobotAD_Issac_ws/build/serial_comm': CMAKE_PREFIX_PATH=/home/pyh/Documents/ros2_ws/RobotAD_Issac_ws/install/robot_hardware:/home/pyh/Documents/ros2_ws/RobotAD_Issac_ws/install/usb_camera:/home/pyh/Documents/ros2_ws/RobotAD_Issac_ws/install/serial_comm:/home/pyh/Documents/ros2_ws/RobotAD_Issac_ws/install/robot_locate:/home/pyh/Documents/ros2_ws/RobotAD_Issac_ws/install/diff_control:/home/pyh/Documents/ros2_ws/RobotAD_Issac_ws/install/pointcloud_to_laserscan:/home/pyh/Documents/ros2_ws/RobotAD_Issac_ws/install/nuscenes_data_collector:/opt/ros/humble:/home/pyh/Documents/ros2_ws/RobotAD_Issac_ws/install/message_filter_example:/home/pyh/Documents/ros2_ws/RobotAD_Issac_ws/install/keyboard_control:/home/pyh/Documents/ros2_ws/install/message_filter_example LD_LIBRARY_PATH=/home/pyh/Documents/ros2_ws/RobotAD_Issac_ws/install/robot_hardware/lib:/home/pyh/Documents/ros2_ws/RobotAD_Issac_ws/install/diff_control/lib:/home/pyh/Documents/ros2_ws/RobotAD_Issac_ws/install/pointcloud_to_laserscan/lib:/usr/lib/x86_64-linux-gnu/gazebo-11/plugins:/opt/ros/humble/opt/rviz_ogre_vendor/lib:/opt/ros/humble/lib/x86_64-linux-gnu:/opt/ros/humble/lib /usr/bin/cmake --build /home/pyh/Documents/ros2_ws/RobotAD_Issac_ws/build/serial_comm -- -j16 -l16
[1.067s] [ 50%] [32mBuilding CXX object CMakeFiles/serial_node.dir/src/serial_node.cpp.o[0m
[7.388s] [100%] [32m[1mLinking CXX executable serial_node[0m
[7.677s] [100%] Built target serial_node
[7.689s] Invoked command in '/home/pyh/Documents/ros2_ws/RobotAD_Issac_ws/build/serial_comm' returned '0': CMAKE_PREFIX_PATH=/home/pyh/Documents/ros2_ws/RobotAD_Issac_ws/install/robot_hardware:/home/pyh/Documents/ros2_ws/RobotAD_Issac_ws/install/usb_camera:/home/pyh/Documents/ros2_ws/RobotAD_Issac_ws/install/serial_comm:/home/pyh/Documents/ros2_ws/RobotAD_Issac_ws/install/robot_locate:/home/pyh/Documents/ros2_ws/RobotAD_Issac_ws/install/diff_control:/home/pyh/Documents/ros2_ws/RobotAD_Issac_ws/install/pointcloud_to_laserscan:/home/pyh/Documents/ros2_ws/RobotAD_Issac_ws/install/nuscenes_data_collector:/opt/ros/humble:/home/pyh/Documents/ros2_ws/RobotAD_Issac_ws/install/message_filter_example:/home/pyh/Documents/ros2_ws/RobotAD_Issac_ws/install/keyboard_control:/home/pyh/Documents/ros2_ws/install/message_filter_example LD_LIBRARY_PATH=/home/pyh/Documents/ros2_ws/RobotAD_Issac_ws/install/robot_hardware/lib:/home/pyh/Documents/ros2_ws/RobotAD_Issac_ws/install/diff_control/lib:/home/pyh/Documents/ros2_ws/RobotAD_Issac_ws/install/pointcloud_to_laserscan/lib:/usr/lib/x86_64-linux-gnu/gazebo-11/plugins:/opt/ros/humble/opt/rviz_ogre_vendor/lib:/opt/ros/humble/lib/x86_64-linux-gnu:/opt/ros/humble/lib /usr/bin/cmake --build /home/pyh/Documents/ros2_ws/RobotAD_Issac_ws/build/serial_comm -- -j16 -l16
[7.691s] Invoking command in '/home/pyh/Documents/ros2_ws/RobotAD_Issac_ws/build/serial_comm': CMAKE_PREFIX_PATH=/home/pyh/Documents/ros2_ws/RobotAD_Issac_ws/install/robot_hardware:/home/pyh/Documents/ros2_ws/RobotAD_Issac_ws/install/usb_camera:/home/pyh/Documents/ros2_ws/RobotAD_Issac_ws/install/serial_comm:/home/pyh/Documents/ros2_ws/RobotAD_Issac_ws/install/robot_locate:/home/pyh/Documents/ros2_ws/RobotAD_Issac_ws/install/diff_control:/home/pyh/Documents/ros2_ws/RobotAD_Issac_ws/install/pointcloud_to_laserscan:/home/pyh/Documents/ros2_ws/RobotAD_Issac_ws/install/nuscenes_data_collector:/opt/ros/humble:/home/pyh/Documents/ros2_ws/RobotAD_Issac_ws/install/message_filter_example:/home/pyh/Documents/ros2_ws/RobotAD_Issac_ws/install/keyboard_control:/home/pyh/Documents/ros2_ws/install/message_filter_example LD_LIBRARY_PATH=/home/pyh/Documents/ros2_ws/RobotAD_Issac_ws/install/robot_hardware/lib:/home/pyh/Documents/ros2_ws/RobotAD_Issac_ws/install/diff_control/lib:/home/pyh/Documents/ros2_ws/RobotAD_Issac_ws/install/pointcloud_to_laserscan/lib:/usr/lib/x86_64-linux-gnu/gazebo-11/plugins:/opt/ros/humble/opt/rviz_ogre_vendor/lib:/opt/ros/humble/lib/x86_64-linux-gnu:/opt/ros/humble/lib /usr/bin/cmake --install /home/pyh/Documents/ros2_ws/RobotAD_Issac_ws/build/serial_comm
[7.695s] -- Install configuration: ""
[7.696s] -- Execute custom install script
[7.696s] -- Symlinking: /home/pyh/Documents/ros2_ws/RobotAD_Issac_ws/install/serial_comm/lib/serial_comm/serial_node
[7.702s] -- Symlinking: /home/pyh/Documents/ros2_ws/RobotAD_Issac_ws/install/serial_comm/share/serial_comm/launch/serial_comm.launch.py
[7.708s] -- Symlinking: /home/pyh/Documents/ros2_ws/RobotAD_Issac_ws/install/serial_comm/share/ament_index/resource_index/package_run_dependencies/serial_comm
[7.714s] -- Symlinking: /home/pyh/Documents/ros2_ws/RobotAD_Issac_ws/install/serial_comm/share/ament_index/resource_index/parent_prefix_path/serial_comm
[7.720s] -- Symlinking: /home/pyh/Documents/ros2_ws/RobotAD_Issac_ws/install/serial_comm/share/serial_comm/environment/ament_prefix_path.sh
[7.726s] -- Symlinking: /home/pyh/Documents/ros2_ws/RobotAD_Issac_ws/install/serial_comm/share/serial_comm/environment/ament_prefix_path.dsv
[7.731s] -- Symlinking: /home/pyh/Documents/ros2_ws/RobotAD_Issac_ws/install/serial_comm/share/serial_comm/environment/path.sh
[7.737s] -- Symlinking: /home/pyh/Documents/ros2_ws/RobotAD_Issac_ws/install/serial_comm/share/serial_comm/environment/path.dsv
[7.743s] -- Symlinking: /home/pyh/Documents/ros2_ws/RobotAD_Issac_ws/install/serial_comm/share/serial_comm/local_setup.bash
[7.748s] -- Symlinking: /home/pyh/Documents/ros2_ws/RobotAD_Issac_ws/install/serial_comm/share/serial_comm/local_setup.sh
[7.754s] -- Symlinking: /home/pyh/Documents/ros2_ws/RobotAD_Issac_ws/install/serial_comm/share/serial_comm/local_setup.zsh
[7.761s] -- Symlinking: /home/pyh/Documents/ros2_ws/RobotAD_Issac_ws/install/serial_comm/share/serial_comm/local_setup.dsv
[7.766s] -- Symlinking: /home/pyh/Documents/ros2_ws/RobotAD_Issac_ws/install/serial_comm/share/serial_comm/package.dsv
[7.772s] -- Symlinking: /home/pyh/Documents/ros2_ws/RobotAD_Issac_ws/install/serial_comm/share/ament_index/resource_index/packages/serial_comm
[7.778s] -- Symlinking: /home/pyh/Documents/ros2_ws/RobotAD_Issac_ws/install/serial_comm/share/serial_comm/cmake/serial_commConfig.cmake
[7.784s] -- Symlinking: /home/pyh/Documents/ros2_ws/RobotAD_Issac_ws/install/serial_comm/share/serial_comm/cmake/serial_commConfig-version.cmake
[7.790s] -- Symlinking: /home/pyh/Documents/ros2_ws/RobotAD_Issac_ws/install/serial_comm/share/serial_comm/package.xml
[7.798s] Invoked command in '/home/pyh/Documents/ros2_ws/RobotAD_Issac_ws/build/serial_comm' returned '0': CMAKE_PREFIX_PATH=/home/pyh/Documents/ros2_ws/RobotAD_Issac_ws/install/robot_hardware:/home/pyh/Documents/ros2_ws/RobotAD_Issac_ws/install/usb_camera:/home/pyh/Documents/ros2_ws/RobotAD_Issac_ws/install/serial_comm:/home/pyh/Documents/ros2_ws/RobotAD_Issac_ws/install/robot_locate:/home/pyh/Documents/ros2_ws/RobotAD_Issac_ws/install/diff_control:/home/pyh/Documents/ros2_ws/RobotAD_Issac_ws/install/pointcloud_to_laserscan:/home/pyh/Documents/ros2_ws/RobotAD_Issac_ws/install/nuscenes_data_collector:/opt/ros/humble:/home/pyh/Documents/ros2_ws/RobotAD_Issac_ws/install/message_filter_example:/home/pyh/Documents/ros2_ws/RobotAD_Issac_ws/install/keyboard_control:/home/pyh/Documents/ros2_ws/install/message_filter_example LD_LIBRARY_PATH=/home/pyh/Documents/ros2_ws/RobotAD_Issac_ws/install/robot_hardware/lib:/home/pyh/Documents/ros2_ws/RobotAD_Issac_ws/install/diff_control/lib:/home/pyh/Documents/ros2_ws/RobotAD_Issac_ws/install/pointcloud_to_laserscan/lib:/usr/lib/x86_64-linux-gnu/gazebo-11/plugins:/opt/ros/humble/opt/rviz_ogre_vendor/lib:/opt/ros/humble/lib/x86_64-linux-gnu:/opt/ros/humble/lib /usr/bin/cmake --install /home/pyh/Documents/ros2_ws/RobotAD_Issac_ws/build/serial_comm
