[0.047s] Invoking command in '/home/pyh/Documents/ros2_ws/RobotAD_Issac_ws/build/robot_hardware': CMAKE_PREFIX_PATH=/home/pyh/Documents/ros2_ws/RobotAD_Issac_ws/install/usb_camera:/home/pyh/Documents/ros2_ws/RobotAD_Issac_ws/install/serial_comm:/home/pyh/Documents/ros2_ws/RobotAD_Issac_ws/install/rslidar_sdk:/home/pyh/Documents/ros2_ws/RobotAD_Issac_ws/install/rslidar_msg:/home/pyh/Documents/ros2_ws/RobotAD_Issac_ws/install/robot_locate:/home/pyh/Documents/ros2_ws/RobotAD_Issac_ws/install/diff_control:/home/pyh/Documents/ros2_ws/RobotAD_Issac_ws/install/robot_hardware:/home/pyh/Documents/ros2_ws/RobotAD_Issac_ws/install/pointcloud_to_laserscan:/home/pyh/Documents/ros2_ws/RobotAD_Issac_ws/install/nuscenes_data_collector:/opt/ros/humble:/home/pyh/Documents/ros2_ws/RobotAD_Issac_ws/install/message_filter_example:/home/pyh/Documents/ros2_ws/RobotAD_Issac_ws/install/keyboard_control /usr/bin/cmake --build /home/pyh/Documents/ros2_ws/RobotAD_Issac_ws/build/robot_hardware -- -j16 -l16
[0.130s] [  2%] Built target robot_hardware__cpp
[0.194s] [  2%] Built target ament_cmake_python_symlink_robot_hardware
[0.227s] [ 12%] Built target robot_hardware__rosidl_typesupport_introspection_cpp
[0.652s] running egg_info
[0.656s] writing robot_hardware.egg-info/PKG-INFO
[0.656s] writing dependency_links to robot_hardware.egg-info/dependency_links.txt
[0.656s] writing top-level names to robot_hardware.egg-info/top_level.txt
[0.660s] reading manifest file 'robot_hardware.egg-info/SOURCES.txt'
[0.666s] writing manifest file 'robot_hardware.egg-info/SOURCES.txt'
[0.708s] [ 12%] Built target ament_cmake_python_build_robot_hardware_egg
[0.745s] [ 21%] Built target robot_hardware__rosidl_typesupport_fastrtps_cpp
[0.789s] [ 31%] Built target robot_hardware__rosidl_typesupport_cpp
[0.833s] [ 41%] Built target robot_hardware__rosidl_generator_c
[0.878s] [ 46%] Built target hardware_manager
[0.907s] [ 56%] Built target robot_hardware__rosidl_typesupport_c
[0.939s] [ 65%] Built target robot_hardware__rosidl_typesupport_introspection_c
[0.983s] [ 75%] Built target robot_hardware__rosidl_typesupport_fastrtps_c
[1.008s] [ 75%] Built target robot_hardware
[1.054s] [ 78%] Built target robot_hardware__py
[1.089s] [ 85%] Built target robot_hardware__rosidl_generator_py
[1.128s] [ 90%] Built target robot_hardware__rosidl_typesupport_fastrtps_c__pyext
[1.162s] [ 95%] Built target robot_hardware__rosidl_typesupport_c__pyext
[1.197s] [100%] Built target robot_hardware__rosidl_typesupport_introspection_c__pyext
[1.219s] Invoked command in '/home/pyh/Documents/ros2_ws/RobotAD_Issac_ws/build/robot_hardware' returned '0': CMAKE_PREFIX_PATH=/home/pyh/Documents/ros2_ws/RobotAD_Issac_ws/install/usb_camera:/home/pyh/Documents/ros2_ws/RobotAD_Issac_ws/install/serial_comm:/home/pyh/Documents/ros2_ws/RobotAD_Issac_ws/install/rslidar_sdk:/home/pyh/Documents/ros2_ws/RobotAD_Issac_ws/install/rslidar_msg:/home/pyh/Documents/ros2_ws/RobotAD_Issac_ws/install/robot_locate:/home/pyh/Documents/ros2_ws/RobotAD_Issac_ws/install/diff_control:/home/pyh/Documents/ros2_ws/RobotAD_Issac_ws/install/robot_hardware:/home/pyh/Documents/ros2_ws/RobotAD_Issac_ws/install/pointcloud_to_laserscan:/home/pyh/Documents/ros2_ws/RobotAD_Issac_ws/install/nuscenes_data_collector:/opt/ros/humble:/home/pyh/Documents/ros2_ws/RobotAD_Issac_ws/install/message_filter_example:/home/pyh/Documents/ros2_ws/RobotAD_Issac_ws/install/keyboard_control /usr/bin/cmake --build /home/pyh/Documents/ros2_ws/RobotAD_Issac_ws/build/robot_hardware -- -j16 -l16
[1.221s] Invoking command in '/home/pyh/Documents/ros2_ws/RobotAD_Issac_ws/build/robot_hardware': CMAKE_PREFIX_PATH=/home/pyh/Documents/ros2_ws/RobotAD_Issac_ws/install/usb_camera:/home/pyh/Documents/ros2_ws/RobotAD_Issac_ws/install/serial_comm:/home/pyh/Documents/ros2_ws/RobotAD_Issac_ws/install/rslidar_sdk:/home/pyh/Documents/ros2_ws/RobotAD_Issac_ws/install/rslidar_msg:/home/pyh/Documents/ros2_ws/RobotAD_Issac_ws/install/robot_locate:/home/pyh/Documents/ros2_ws/RobotAD_Issac_ws/install/diff_control:/home/pyh/Documents/ros2_ws/RobotAD_Issac_ws/install/robot_hardware:/home/pyh/Documents/ros2_ws/RobotAD_Issac_ws/install/pointcloud_to_laserscan:/home/pyh/Documents/ros2_ws/RobotAD_Issac_ws/install/nuscenes_data_collector:/opt/ros/humble:/home/pyh/Documents/ros2_ws/RobotAD_Issac_ws/install/message_filter_example:/home/pyh/Documents/ros2_ws/RobotAD_Issac_ws/install/keyboard_control /usr/bin/cmake --install /home/pyh/Documents/ros2_ws/RobotAD_Issac_ws/build/robot_hardware
[1.232s] -- Install configuration: ""
[1.233s] -- Execute custom install script
[1.233s] -- Up-to-date symlink: /home/pyh/Documents/ros2_ws/RobotAD_Issac_ws/install/robot_hardware/share/ament_index/resource_index/rosidl_interfaces/robot_hardware
[1.234s] -- Up-to-date symlink: /home/pyh/Documents/ros2_ws/RobotAD_Issac_ws/install/robot_hardware/include/robot_hardware/robot_hardware/msg/detail/hardware_data__functions.h
[1.236s] -- Up-to-date symlink: /home/pyh/Documents/ros2_ws/RobotAD_Issac_ws/install/robot_hardware/include/robot_hardware/robot_hardware/msg/detail/hardware_data__struct.h
[1.236s] -- Up-to-date symlink: /home/pyh/Documents/ros2_ws/RobotAD_Issac_ws/install/robot_hardware/include/robot_hardware/robot_hardware/msg/detail/hardware_data__type_support.h
[1.236s] -- Up-to-date symlink: /home/pyh/Documents/ros2_ws/RobotAD_Issac_ws/install/robot_hardware/include/robot_hardware/robot_hardware/msg/detail/issac_hardware_data__functions.h
[1.236s] -- Up-to-date symlink: /home/pyh/Documents/ros2_ws/RobotAD_Issac_ws/install/robot_hardware/include/robot_hardware/robot_hardware/msg/detail/issac_hardware_data__struct.h
[1.236s] -- Up-to-date symlink: /home/pyh/Documents/ros2_ws/RobotAD_Issac_ws/install/robot_hardware/include/robot_hardware/robot_hardware/msg/detail/issac_hardware_data__type_support.h
[1.237s] -- Up-to-date symlink: /home/pyh/Documents/ros2_ws/RobotAD_Issac_ws/install/robot_hardware/include/robot_hardware/robot_hardware/msg/hardware_data.h
[1.237s] -- Up-to-date symlink: /home/pyh/Documents/ros2_ws/RobotAD_Issac_ws/install/robot_hardware/include/robot_hardware/robot_hardware/msg/issac_hardware_data.h
[1.238s] -- Up-to-date symlink: /home/pyh/Documents/ros2_ws/RobotAD_Issac_ws/install/robot_hardware/include/robot_hardware/robot_hardware/msg/rosidl_generator_c__visibility_control.h
[1.238s] -- Up-to-date symlink: /home/pyh/Documents/ros2_ws/RobotAD_Issac_ws/install/robot_hardware/share/robot_hardware/environment/library_path.sh
[1.238s] -- Up-to-date symlink: /home/pyh/Documents/ros2_ws/RobotAD_Issac_ws/install/robot_hardware/share/robot_hardware/environment/library_path.dsv
[1.238s] -- Up-to-date symlink: /home/pyh/Documents/ros2_ws/RobotAD_Issac_ws/install/robot_hardware/include/robot_hardware/robot_hardware/msg/detail/hardware_data__rosidl_typesupport_fastrtps_c.h
[1.238s] -- Up-to-date symlink: /home/pyh/Documents/ros2_ws/RobotAD_Issac_ws/install/robot_hardware/include/robot_hardware/robot_hardware/msg/detail/issac_hardware_data__rosidl_typesupport_fastrtps_c.h
[1.238s] -- Up-to-date symlink: /home/pyh/Documents/ros2_ws/RobotAD_Issac_ws/install/robot_hardware/include/robot_hardware/robot_hardware/msg/rosidl_typesupport_fastrtps_c__visibility_control.h
[1.238s] -- Up-to-date symlink: /home/pyh/Documents/ros2_ws/RobotAD_Issac_ws/install/robot_hardware/include/robot_hardware/robot_hardware/msg/detail/hardware_data__builder.hpp
[1.238s] -- Up-to-date symlink: /home/pyh/Documents/ros2_ws/RobotAD_Issac_ws/install/robot_hardware/include/robot_hardware/robot_hardware/msg/detail/hardware_data__struct.hpp
[1.238s] -- Up-to-date symlink: /home/pyh/Documents/ros2_ws/RobotAD_Issac_ws/install/robot_hardware/include/robot_hardware/robot_hardware/msg/detail/hardware_data__traits.hpp
[1.239s] -- Up-to-date symlink: /home/pyh/Documents/ros2_ws/RobotAD_Issac_ws/install/robot_hardware/include/robot_hardware/robot_hardware/msg/detail/hardware_data__type_support.hpp
[1.239s] -- Up-to-date symlink: /home/pyh/Documents/ros2_ws/RobotAD_Issac_ws/install/robot_hardware/include/robot_hardware/robot_hardware/msg/detail/issac_hardware_data__builder.hpp
[1.239s] -- Up-to-date symlink: /home/pyh/Documents/ros2_ws/RobotAD_Issac_ws/install/robot_hardware/include/robot_hardware/robot_hardware/msg/detail/issac_hardware_data__struct.hpp
[1.240s] -- Up-to-date symlink: /home/pyh/Documents/ros2_ws/RobotAD_Issac_ws/install/robot_hardware/include/robot_hardware/robot_hardware/msg/detail/issac_hardware_data__traits.hpp
[1.240s] -- Up-to-date symlink: /home/pyh/Documents/ros2_ws/RobotAD_Issac_ws/install/robot_hardware/include/robot_hardware/robot_hardware/msg/detail/issac_hardware_data__type_support.hpp
[1.240s] -- Up-to-date symlink: /home/pyh/Documents/ros2_ws/RobotAD_Issac_ws/install/robot_hardware/include/robot_hardware/robot_hardware/msg/hardware_data.hpp
[1.241s] -- Up-to-date symlink: /home/pyh/Documents/ros2_ws/RobotAD_Issac_ws/install/robot_hardware/include/robot_hardware/robot_hardware/msg/issac_hardware_data.hpp
[1.241s] -- Up-to-date symlink: /home/pyh/Documents/ros2_ws/RobotAD_Issac_ws/install/robot_hardware/include/robot_hardware/robot_hardware/msg/rosidl_generator_cpp__visibility_control.hpp
[1.241s] -- Up-to-date symlink: /home/pyh/Documents/ros2_ws/RobotAD_Issac_ws/install/robot_hardware/include/robot_hardware/robot_hardware/msg/detail/hardware_data__rosidl_typesupport_fastrtps_cpp.hpp
[1.241s] -- Up-to-date symlink: /home/pyh/Documents/ros2_ws/RobotAD_Issac_ws/install/robot_hardware/include/robot_hardware/robot_hardware/msg/detail/issac_hardware_data__rosidl_typesupport_fastrtps_cpp.hpp
[1.242s] -- Up-to-date symlink: /home/pyh/Documents/ros2_ws/RobotAD_Issac_ws/install/robot_hardware/include/robot_hardware/robot_hardware/msg/rosidl_typesupport_fastrtps_cpp__visibility_control.h
[1.242s] -- Up-to-date symlink: /home/pyh/Documents/ros2_ws/RobotAD_Issac_ws/install/robot_hardware/include/robot_hardware/robot_hardware/msg/detail/hardware_data__rosidl_typesupport_introspection_c.h
[1.242s] -- Up-to-date symlink: /home/pyh/Documents/ros2_ws/RobotAD_Issac_ws/install/robot_hardware/include/robot_hardware/robot_hardware/msg/detail/issac_hardware_data__rosidl_typesupport_introspection_c.h
[1.242s] -- Up-to-date symlink: /home/pyh/Documents/ros2_ws/RobotAD_Issac_ws/install/robot_hardware/include/robot_hardware/robot_hardware/msg/rosidl_typesupport_introspection_c__visibility_control.h
[1.243s] -- Up-to-date symlink: /home/pyh/Documents/ros2_ws/RobotAD_Issac_ws/install/robot_hardware/include/robot_hardware/robot_hardware/msg/detail/hardware_data__rosidl_typesupport_introspection_cpp.hpp
[1.244s] -- Up-to-date symlink: /home/pyh/Documents/ros2_ws/RobotAD_Issac_ws/install/robot_hardware/include/robot_hardware/robot_hardware/msg/detail/issac_hardware_data__rosidl_typesupport_introspection_cpp.hpp
[1.244s] -- Up-to-date symlink: /home/pyh/Documents/ros2_ws/RobotAD_Issac_ws/install/robot_hardware/share/robot_hardware/environment/pythonpath.sh
[1.244s] -- Up-to-date symlink: /home/pyh/Documents/ros2_ws/RobotAD_Issac_ws/install/robot_hardware/share/robot_hardware/environment/pythonpath.dsv
[1.245s] -- Up-to-date symlink: /home/pyh/Documents/ros2_ws/RobotAD_Issac_ws/install/robot_hardware/local/lib/python3.10/dist-packages/robot_hardware-0.0.1-py3.10.egg-info/PKG-INFO
[1.245s] -- Up-to-date symlink: /home/pyh/Documents/ros2_ws/RobotAD_Issac_ws/install/robot_hardware/local/lib/python3.10/dist-packages/robot_hardware-0.0.1-py3.10.egg-info/SOURCES.txt
[1.245s] -- Up-to-date symlink: /home/pyh/Documents/ros2_ws/RobotAD_Issac_ws/install/robot_hardware/local/lib/python3.10/dist-packages/robot_hardware-0.0.1-py3.10.egg-info/dependency_links.txt
[1.245s] -- Up-to-date symlink: /home/pyh/Documents/ros2_ws/RobotAD_Issac_ws/install/robot_hardware/local/lib/python3.10/dist-packages/robot_hardware-0.0.1-py3.10.egg-info/top_level.txt
[1.246s] -- Up-to-date symlink: /home/pyh/Documents/ros2_ws/RobotAD_Issac_ws/install/robot_hardware/local/lib/python3.10/dist-packages/robot_hardware/__init__.py
[1.247s] -- Up-to-date symlink: /home/pyh/Documents/ros2_ws/RobotAD_Issac_ws/install/robot_hardware/local/lib/python3.10/dist-packages/robot_hardware/_robot_hardware_s.ep.rosidl_typesupport_c.c
[1.247s] -- Up-to-date symlink: /home/pyh/Documents/ros2_ws/RobotAD_Issac_ws/install/robot_hardware/local/lib/python3.10/dist-packages/robot_hardware/_robot_hardware_s.ep.rosidl_typesupport_fastrtps_c.c
[1.247s] -- Up-to-date symlink: /home/pyh/Documents/ros2_ws/RobotAD_Issac_ws/install/robot_hardware/local/lib/python3.10/dist-packages/robot_hardware/_robot_hardware_s.ep.rosidl_typesupport_introspection_c.c
[1.247s] -- Up-to-date symlink: /home/pyh/Documents/ros2_ws/RobotAD_Issac_ws/install/robot_hardware/local/lib/python3.10/dist-packages/robot_hardware/librobot_hardware__rosidl_generator_py.so
[1.248s] -- Up-to-date symlink: /home/pyh/Documents/ros2_ws/RobotAD_Issac_ws/install/robot_hardware/local/lib/python3.10/dist-packages/robot_hardware/msg/__init__.py
[1.248s] -- Up-to-date symlink: /home/pyh/Documents/ros2_ws/RobotAD_Issac_ws/install/robot_hardware/local/lib/python3.10/dist-packages/robot_hardware/msg/_hardware_data.py
[1.248s] -- Up-to-date symlink: /home/pyh/Documents/ros2_ws/RobotAD_Issac_ws/install/robot_hardware/local/lib/python3.10/dist-packages/robot_hardware/msg/_hardware_data_s.c
[1.248s] -- Up-to-date symlink: /home/pyh/Documents/ros2_ws/RobotAD_Issac_ws/install/robot_hardware/local/lib/python3.10/dist-packages/robot_hardware/msg/_issac_hardware_data.py
[1.248s] -- Up-to-date symlink: /home/pyh/Documents/ros2_ws/RobotAD_Issac_ws/install/robot_hardware/local/lib/python3.10/dist-packages/robot_hardware/msg/_issac_hardware_data_s.c
[1.248s] -- Up-to-date symlink: /home/pyh/Documents/ros2_ws/RobotAD_Issac_ws/install/robot_hardware/local/lib/python3.10/dist-packages/robot_hardware/robot_hardware_s__rosidl_typesupport_c.cpython-310-x86_64-linux-gnu.so
[1.249s] -- Up-to-date symlink: /home/pyh/Documents/ros2_ws/RobotAD_Issac_ws/install/robot_hardware/local/lib/python3.10/dist-packages/robot_hardware/robot_hardware_s__rosidl_typesupport_fastrtps_c.cpython-310-x86_64-linux-gnu.so
[1.249s] -- Up-to-date symlink: /home/pyh/Documents/ros2_ws/RobotAD_Issac_ws/install/robot_hardware/local/lib/python3.10/dist-packages/robot_hardware/robot_hardware_s__rosidl_typesupport_introspection_c.cpython-310-x86_64-linux-gnu.so
[1.249s] -- Up-to-date symlink: /home/pyh/Documents/ros2_ws/RobotAD_Issac_ws/install/robot_hardware/local/lib/python3.10/dist-packages/robot_hardware/robot_hardware_s__rosidl_typesupport_fastrtps_c.cpython-310-x86_64-linux-gnu.so
[1.250s] -- Up-to-date symlink: /home/pyh/Documents/ros2_ws/RobotAD_Issac_ws/install/robot_hardware/local/lib/python3.10/dist-packages/robot_hardware/robot_hardware_s__rosidl_typesupport_introspection_c.cpython-310-x86_64-linux-gnu.so
[1.250s] -- Up-to-date symlink: /home/pyh/Documents/ros2_ws/RobotAD_Issac_ws/install/robot_hardware/local/lib/python3.10/dist-packages/robot_hardware/robot_hardware_s__rosidl_typesupport_c.cpython-310-x86_64-linux-gnu.so
[1.250s] -- Up-to-date symlink: /home/pyh/Documents/ros2_ws/RobotAD_Issac_ws/install/robot_hardware/share/robot_hardware/msg/HardwareData.idl
[1.250s] -- Up-to-date symlink: /home/pyh/Documents/ros2_ws/RobotAD_Issac_ws/install/robot_hardware/share/robot_hardware/msg/IssacHardwareData.idl
[1.250s] -- Up-to-date symlink: /home/pyh/Documents/ros2_ws/RobotAD_Issac_ws/install/robot_hardware/share/robot_hardware/msg/HardwareData.msg
[1.250s] -- Up-to-date symlink: /home/pyh/Documents/ros2_ws/RobotAD_Issac_ws/install/robot_hardware/share/robot_hardware/msg/IssacHardwareData.msg
[1.251s] -- Up-to-date symlink: /home/pyh/Documents/ros2_ws/RobotAD_Issac_ws/install/robot_hardware/lib/robot_hardware/hardware_manager
[1.251s] -- Up-to-date symlink: /home/pyh/Documents/ros2_ws/RobotAD_Issac_ws/install/robot_hardware/include/hardware_bridge_interface.hpp
[1.251s] -- Up-to-date symlink: /home/pyh/Documents/ros2_ws/RobotAD_Issac_ws/install/robot_hardware/include/hardware_manager.hpp
[1.252s] -- Up-to-date symlink: /home/pyh/Documents/ros2_ws/RobotAD_Issac_ws/install/robot_hardware/include/wheel.hpp
[1.252s] -- Up-to-date symlink: /home/pyh/Documents/ros2_ws/RobotAD_Issac_ws/install/robot_hardware/share/robot_hardware/msg/msg/HardwareData.msg
[1.252s] -- Up-to-date symlink: /home/pyh/Documents/ros2_ws/RobotAD_Issac_ws/install/robot_hardware/share/robot_hardware/msg/msg/IssacHardwareData.msg
[1.252s] -- Up-to-date symlink: /home/pyh/Documents/ros2_ws/RobotAD_Issac_ws/install/robot_hardware/share/ament_index/resource_index/package_run_dependencies/robot_hardware
[1.253s] -- Up-to-date symlink: /home/pyh/Documents/ros2_ws/RobotAD_Issac_ws/install/robot_hardware/share/ament_index/resource_index/parent_prefix_path/robot_hardware
[1.253s] -- Up-to-date symlink: /home/pyh/Documents/ros2_ws/RobotAD_Issac_ws/install/robot_hardware/share/robot_hardware/environment/ament_prefix_path.sh
[1.254s] -- Up-to-date symlink: /home/pyh/Documents/ros2_ws/RobotAD_Issac_ws/install/robot_hardware/share/robot_hardware/environment/ament_prefix_path.dsv
[1.254s] -- Up-to-date symlink: /home/pyh/Documents/ros2_ws/RobotAD_Issac_ws/install/robot_hardware/share/robot_hardware/environment/path.sh
[1.254s] -- Up-to-date symlink: /home/pyh/Documents/ros2_ws/RobotAD_Issac_ws/install/robot_hardware/share/robot_hardware/environment/path.dsv
[1.254s] -- Up-to-date symlink: /home/pyh/Documents/ros2_ws/RobotAD_Issac_ws/install/robot_hardware/share/robot_hardware/local_setup.bash
[1.254s] -- Up-to-date symlink: /home/pyh/Documents/ros2_ws/RobotAD_Issac_ws/install/robot_hardware/share/robot_hardware/local_setup.sh
[1.254s] -- Up-to-date symlink: /home/pyh/Documents/ros2_ws/RobotAD_Issac_ws/install/robot_hardware/share/robot_hardware/local_setup.zsh
[1.254s] -- Up-to-date symlink: /home/pyh/Documents/ros2_ws/RobotAD_Issac_ws/install/robot_hardware/share/robot_hardware/local_setup.dsv
[1.255s] -- Symlinking: /home/pyh/Documents/ros2_ws/RobotAD_Issac_ws/install/robot_hardware/share/robot_hardware/package.dsv
[1.266s] -- Up-to-date symlink: /home/pyh/Documents/ros2_ws/RobotAD_Issac_ws/install/robot_hardware/share/ament_index/resource_index/packages/robot_hardware
[1.267s] -- Up-to-date symlink: /home/pyh/Documents/ros2_ws/RobotAD_Issac_ws/install/robot_hardware/share/robot_hardware/cmake/rosidl_cmake-extras.cmake
[1.267s] -- Up-to-date symlink: /home/pyh/Documents/ros2_ws/RobotAD_Issac_ws/install/robot_hardware/share/robot_hardware/cmake/ament_cmake_export_dependencies-extras.cmake
[1.267s] -- Up-to-date symlink: /home/pyh/Documents/ros2_ws/RobotAD_Issac_ws/install/robot_hardware/share/robot_hardware/cmake/ament_cmake_export_include_directories-extras.cmake
[1.267s] -- Up-to-date symlink: /home/pyh/Documents/ros2_ws/RobotAD_Issac_ws/install/robot_hardware/share/robot_hardware/cmake/ament_cmake_export_libraries-extras.cmake
[1.268s] -- Up-to-date symlink: /home/pyh/Documents/ros2_ws/RobotAD_Issac_ws/install/robot_hardware/share/robot_hardware/cmake/ament_cmake_export_targets-extras.cmake
[1.268s] -- Up-to-date symlink: /home/pyh/Documents/ros2_ws/RobotAD_Issac_ws/install/robot_hardware/share/robot_hardware/cmake/rosidl_cmake_export_typesupport_targets-extras.cmake
[1.268s] -- Up-to-date symlink: /home/pyh/Documents/ros2_ws/RobotAD_Issac_ws/install/robot_hardware/share/robot_hardware/cmake/rosidl_cmake_export_typesupport_libraries-extras.cmake
[1.268s] -- Up-to-date symlink: /home/pyh/Documents/ros2_ws/RobotAD_Issac_ws/install/robot_hardware/share/robot_hardware/cmake/robot_hardwareConfig.cmake
[1.268s] -- Up-to-date symlink: /home/pyh/Documents/ros2_ws/RobotAD_Issac_ws/install/robot_hardware/share/robot_hardware/cmake/robot_hardwareConfig-version.cmake
[1.269s] -- Up-to-date symlink: /home/pyh/Documents/ros2_ws/RobotAD_Issac_ws/install/robot_hardware/share/robot_hardware/package.xml
[1.269s] -- Up-to-date: /home/pyh/Documents/ros2_ws/RobotAD_Issac_ws/install/robot_hardware/lib/librobot_hardware__rosidl_generator_c.so
[1.269s] -- Up-to-date: /home/pyh/Documents/ros2_ws/RobotAD_Issac_ws/install/robot_hardware/lib/librobot_hardware__rosidl_typesupport_fastrtps_c.so
[1.269s] -- Up-to-date: /home/pyh/Documents/ros2_ws/RobotAD_Issac_ws/install/robot_hardware/lib/librobot_hardware__rosidl_typesupport_fastrtps_cpp.so
[1.270s] -- Up-to-date: /home/pyh/Documents/ros2_ws/RobotAD_Issac_ws/install/robot_hardware/lib/librobot_hardware__rosidl_typesupport_introspection_c.so
[1.271s] -- Up-to-date: /home/pyh/Documents/ros2_ws/RobotAD_Issac_ws/install/robot_hardware/lib/librobot_hardware__rosidl_typesupport_c.so
[1.272s] -- Up-to-date: /home/pyh/Documents/ros2_ws/RobotAD_Issac_ws/install/robot_hardware/lib/librobot_hardware__rosidl_typesupport_introspection_cpp.so
[1.272s] -- Up-to-date: /home/pyh/Documents/ros2_ws/RobotAD_Issac_ws/install/robot_hardware/lib/librobot_hardware__rosidl_typesupport_cpp.so
[1.339s] Listing '/home/pyh/Documents/ros2_ws/RobotAD_Issac_ws/install/robot_hardware/local/lib/python3.10/dist-packages/robot_hardware'...
[1.339s] Listing '/home/pyh/Documents/ros2_ws/RobotAD_Issac_ws/install/robot_hardware/local/lib/python3.10/dist-packages/robot_hardware/msg'...
[1.346s] -- Up-to-date: /home/pyh/Documents/ros2_ws/RobotAD_Issac_ws/install/robot_hardware/lib/librobot_hardware__rosidl_generator_py.so
[1.346s] -- Up-to-date: /home/pyh/Documents/ros2_ws/RobotAD_Issac_ws/install/robot_hardware/share/robot_hardware/cmake/export_robot_hardware__rosidl_generator_cExport.cmake
[1.346s] -- Up-to-date: /home/pyh/Documents/ros2_ws/RobotAD_Issac_ws/install/robot_hardware/share/robot_hardware/cmake/export_robot_hardware__rosidl_generator_cExport-noconfig.cmake
[1.348s] -- Up-to-date: /home/pyh/Documents/ros2_ws/RobotAD_Issac_ws/install/robot_hardware/share/robot_hardware/cmake/export_robot_hardware__rosidl_typesupport_fastrtps_cExport.cmake
[1.348s] -- Up-to-date: /home/pyh/Documents/ros2_ws/RobotAD_Issac_ws/install/robot_hardware/share/robot_hardware/cmake/export_robot_hardware__rosidl_typesupport_fastrtps_cExport-noconfig.cmake
[1.348s] -- Up-to-date: /home/pyh/Documents/ros2_ws/RobotAD_Issac_ws/install/robot_hardware/share/robot_hardware/cmake/export_robot_hardware__rosidl_generator_cppExport.cmake
[1.348s] -- Up-to-date: /home/pyh/Documents/ros2_ws/RobotAD_Issac_ws/install/robot_hardware/share/robot_hardware/cmake/export_robot_hardware__rosidl_typesupport_fastrtps_cppExport.cmake
[1.348s] -- Up-to-date: /home/pyh/Documents/ros2_ws/RobotAD_Issac_ws/install/robot_hardware/share/robot_hardware/cmake/export_robot_hardware__rosidl_typesupport_fastrtps_cppExport-noconfig.cmake
[1.348s] -- Up-to-date: /home/pyh/Documents/ros2_ws/RobotAD_Issac_ws/install/robot_hardware/share/robot_hardware/cmake/robot_hardware__rosidl_typesupport_introspection_cExport.cmake
[1.348s] -- Up-to-date: /home/pyh/Documents/ros2_ws/RobotAD_Issac_ws/install/robot_hardware/share/robot_hardware/cmake/robot_hardware__rosidl_typesupport_introspection_cExport-noconfig.cmake
[1.348s] -- Up-to-date: /home/pyh/Documents/ros2_ws/RobotAD_Issac_ws/install/robot_hardware/share/robot_hardware/cmake/robot_hardware__rosidl_typesupport_cExport.cmake
[1.348s] -- Up-to-date: /home/pyh/Documents/ros2_ws/RobotAD_Issac_ws/install/robot_hardware/share/robot_hardware/cmake/robot_hardware__rosidl_typesupport_cExport-noconfig.cmake
[1.349s] -- Up-to-date: /home/pyh/Documents/ros2_ws/RobotAD_Issac_ws/install/robot_hardware/share/robot_hardware/cmake/robot_hardware__rosidl_typesupport_introspection_cppExport.cmake
[1.349s] -- Up-to-date: /home/pyh/Documents/ros2_ws/RobotAD_Issac_ws/install/robot_hardware/share/robot_hardware/cmake/robot_hardware__rosidl_typesupport_introspection_cppExport-noconfig.cmake
[1.349s] -- Up-to-date: /home/pyh/Documents/ros2_ws/RobotAD_Issac_ws/install/robot_hardware/share/robot_hardware/cmake/robot_hardware__rosidl_typesupport_cppExport.cmake
[1.349s] -- Up-to-date: /home/pyh/Documents/ros2_ws/RobotAD_Issac_ws/install/robot_hardware/share/robot_hardware/cmake/robot_hardware__rosidl_typesupport_cppExport-noconfig.cmake
[1.349s] -- Up-to-date: /home/pyh/Documents/ros2_ws/RobotAD_Issac_ws/install/robot_hardware/share/robot_hardware/cmake/export_robot_hardware__rosidl_generator_pyExport.cmake
[1.349s] -- Up-to-date: /home/pyh/Documents/ros2_ws/RobotAD_Issac_ws/install/robot_hardware/share/robot_hardware/cmake/export_robot_hardware__rosidl_generator_pyExport-noconfig.cmake
[1.354s] Invoked command in '/home/pyh/Documents/ros2_ws/RobotAD_Issac_ws/build/robot_hardware' returned '0': CMAKE_PREFIX_PATH=/home/pyh/Documents/ros2_ws/RobotAD_Issac_ws/install/usb_camera:/home/pyh/Documents/ros2_ws/RobotAD_Issac_ws/install/serial_comm:/home/pyh/Documents/ros2_ws/RobotAD_Issac_ws/install/rslidar_sdk:/home/pyh/Documents/ros2_ws/RobotAD_Issac_ws/install/rslidar_msg:/home/pyh/Documents/ros2_ws/RobotAD_Issac_ws/install/robot_locate:/home/pyh/Documents/ros2_ws/RobotAD_Issac_ws/install/diff_control:/home/pyh/Documents/ros2_ws/RobotAD_Issac_ws/install/robot_hardware:/home/pyh/Documents/ros2_ws/RobotAD_Issac_ws/install/pointcloud_to_laserscan:/home/pyh/Documents/ros2_ws/RobotAD_Issac_ws/install/nuscenes_data_collector:/opt/ros/humble:/home/pyh/Documents/ros2_ws/RobotAD_Issac_ws/install/message_filter_example:/home/pyh/Documents/ros2_ws/RobotAD_Issac_ws/install/keyboard_control /usr/bin/cmake --install /home/pyh/Documents/ros2_ws/RobotAD_Issac_ws/build/robot_hardware
