[0.034s] Invoking command in '/home/pyh/Documents/ros2_ws/RobotAD_Issac_ws/build/pointcloud_to_laserscan': CMAKE_PREFIX_PATH=/home/pyh/Documents/ros2_ws/RobotAD_Issac_ws/install/usb_camera:/home/pyh/Documents/ros2_ws/RobotAD_Issac_ws/install/serial_comm:/home/pyh/Documents/ros2_ws/RobotAD_Issac_ws/install/rslidar_sdk:/home/pyh/Documents/ros2_ws/RobotAD_Issac_ws/install/rslidar_msg:/home/pyh/Documents/ros2_ws/RobotAD_Issac_ws/install/robot_locate:/home/pyh/Documents/ros2_ws/RobotAD_Issac_ws/install/diff_control:/home/pyh/Documents/ros2_ws/RobotAD_Issac_ws/install/robot_hardware:/home/pyh/Documents/ros2_ws/RobotAD_Issac_ws/install/pointcloud_to_laserscan:/home/pyh/Documents/ros2_ws/RobotAD_Issac_ws/install/nuscenes_data_collector:/opt/ros/humble:/home/pyh/Documents/ros2_ws/RobotAD_Issac_ws/install/message_filter_example:/home/pyh/Documents/ros2_ws/RobotAD_Issac_ws/install/keyboard_control /usr/bin/cmake /home/pyh/Documents/ros2_ws/RobotAD_Issac_ws/src/pointcloud_to_laserscan -DAMENT_CMAKE_SYMLINK_INSTALL=1 -DCMAKE_INSTALL_PREFIX=/home/pyh/Documents/ros2_ws/RobotAD_Issac_ws/install/pointcloud_to_laserscan
[0.051s] -- Found ament_cmake_auto: 1.3.11 (/opt/ros/humble/share/ament_cmake_auto/cmake)
[0.187s] -- Override CMake install command with custom implementation using symlinks instead of copying resources
[0.306s] -- Found rosidl_generator_c: 3.1.6 (/opt/ros/humble/share/rosidl_generator_c/cmake)
[0.313s] -- Found rosidl_adapter: 3.1.6 (/opt/ros/humble/share/rosidl_adapter/cmake)
[0.318s] -- Found rosidl_generator_cpp: 3.1.6 (/opt/ros/humble/share/rosidl_generator_cpp/cmake)
[0.328s] -- Using all available rosidl_typesupport_c: rosidl_typesupport_fastrtps_c;rosidl_typesupport_introspection_c
[0.341s] -- Using all available rosidl_typesupport_cpp: rosidl_typesupport_fastrtps_cpp;rosidl_typesupport_introspection_cpp
[0.373s] -- Found rmw_implementation_cmake: 6.1.2 (/opt/ros/humble/share/rmw_implementation_cmake/cmake)
[0.375s] -- Found rmw_fastrtps_cpp: 6.2.7 (/opt/ros/humble/share/rmw_fastrtps_cpp/cmake)
[0.496s] -- Using RMW implementation 'rmw_fastrtps_cpp' as default
[0.741s] -- Found ament_lint_auto: 0.12.11 (/opt/ros/humble/share/ament_lint_auto/cmake)
[0.745s] -- Added test 'cppcheck' to perform static code analysis on C / C++ code
[0.745s] -- Configured cppcheck include dirs: /home/pyh/Documents/ros2_ws/RobotAD_Issac_ws/src/pointcloud_to_laserscan/include
[0.745s] -- Configured cppcheck exclude dirs and/or files: 
[0.746s] -- Added test 'cpplint' to check C / C++ code against the Google style
[0.747s] -- Configured cpplint exclude dirs and/or files: 
[0.747s] -- Added test 'flake8' to check Python code syntax and style conventions
[0.748s] -- Added test 'lint_cmake' to check CMake code style
[0.753s] -- Added test 'pep257' to check Python code against some of the docstring style conventions in PEP 257
[0.753s] -- Added test 'uncrustify' to check C / C++ code style
[0.753s] -- Configured uncrustify additional arguments: 
[0.757s] -- Added test 'xmllint' to check XML markup files
[0.757s] -- Configuring done
[0.814s] -- Generating done
[0.836s] -- Build files have been written to: /home/pyh/Documents/ros2_ws/RobotAD_Issac_ws/build/pointcloud_to_laserscan
[0.867s] Invoked command in '/home/pyh/Documents/ros2_ws/RobotAD_Issac_ws/build/pointcloud_to_laserscan' returned '0': CMAKE_PREFIX_PATH=/home/pyh/Documents/ros2_ws/RobotAD_Issac_ws/install/usb_camera:/home/pyh/Documents/ros2_ws/RobotAD_Issac_ws/install/serial_comm:/home/pyh/Documents/ros2_ws/RobotAD_Issac_ws/install/rslidar_sdk:/home/pyh/Documents/ros2_ws/RobotAD_Issac_ws/install/rslidar_msg:/home/pyh/Documents/ros2_ws/RobotAD_Issac_ws/install/robot_locate:/home/pyh/Documents/ros2_ws/RobotAD_Issac_ws/install/diff_control:/home/pyh/Documents/ros2_ws/RobotAD_Issac_ws/install/robot_hardware:/home/pyh/Documents/ros2_ws/RobotAD_Issac_ws/install/pointcloud_to_laserscan:/home/pyh/Documents/ros2_ws/RobotAD_Issac_ws/install/nuscenes_data_collector:/opt/ros/humble:/home/pyh/Documents/ros2_ws/RobotAD_Issac_ws/install/message_filter_example:/home/pyh/Documents/ros2_ws/RobotAD_Issac_ws/install/keyboard_control /usr/bin/cmake /home/pyh/Documents/ros2_ws/RobotAD_Issac_ws/src/pointcloud_to_laserscan -DAMENT_CMAKE_SYMLINK_INSTALL=1 -DCMAKE_INSTALL_PREFIX=/home/pyh/Documents/ros2_ws/RobotAD_Issac_ws/install/pointcloud_to_laserscan
[0.868s] Invoking command in '/home/pyh/Documents/ros2_ws/RobotAD_Issac_ws/build/pointcloud_to_laserscan': CMAKE_PREFIX_PATH=/home/pyh/Documents/ros2_ws/RobotAD_Issac_ws/install/usb_camera:/home/pyh/Documents/ros2_ws/RobotAD_Issac_ws/install/serial_comm:/home/pyh/Documents/ros2_ws/RobotAD_Issac_ws/install/rslidar_sdk:/home/pyh/Documents/ros2_ws/RobotAD_Issac_ws/install/rslidar_msg:/home/pyh/Documents/ros2_ws/RobotAD_Issac_ws/install/robot_locate:/home/pyh/Documents/ros2_ws/RobotAD_Issac_ws/install/diff_control:/home/pyh/Documents/ros2_ws/RobotAD_Issac_ws/install/robot_hardware:/home/pyh/Documents/ros2_ws/RobotAD_Issac_ws/install/pointcloud_to_laserscan:/home/pyh/Documents/ros2_ws/RobotAD_Issac_ws/install/nuscenes_data_collector:/opt/ros/humble:/home/pyh/Documents/ros2_ws/RobotAD_Issac_ws/install/message_filter_example:/home/pyh/Documents/ros2_ws/RobotAD_Issac_ws/install/keyboard_control /usr/bin/cmake --build /home/pyh/Documents/ros2_ws/RobotAD_Issac_ws/build/pointcloud_to_laserscan -- -j16 -l16
[0.913s] [35m[1mConsolidate compiler generated dependencies of target laserscan_to_pointcloud[0m
[0.913s] [35m[1mConsolidate compiler generated dependencies of target pointcloud_to_laserscan_node[0m
[0.913s] [35m[1mConsolidate compiler generated dependencies of target laserscan_to_pointcloud_node[0m
[0.937s] [ 16%] Built target laserscan_to_pointcloud_node
[0.939s] [ 33%] Built target laserscan_to_pointcloud
[0.941s] [ 50%] Built target pointcloud_to_laserscan_node
[0.955s] [35m[1mConsolidate compiler generated dependencies of target pointcloud_to_laserscan[0m
[0.990s] [ 66%] Built target pointcloud_to_laserscan
[1.000s] [35m[1mConsolidate compiler generated dependencies of target dummy_pointcloud_publisher[0m
[1.000s] [35m[1mConsolidate compiler generated dependencies of target sub_laser_node[0m
[1.014s] [ 91%] Built target sub_laser_node
[1.014s] [100%] Built target dummy_pointcloud_publisher
[1.030s] Invoked command in '/home/pyh/Documents/ros2_ws/RobotAD_Issac_ws/build/pointcloud_to_laserscan' returned '0': CMAKE_PREFIX_PATH=/home/pyh/Documents/ros2_ws/RobotAD_Issac_ws/install/usb_camera:/home/pyh/Documents/ros2_ws/RobotAD_Issac_ws/install/serial_comm:/home/pyh/Documents/ros2_ws/RobotAD_Issac_ws/install/rslidar_sdk:/home/pyh/Documents/ros2_ws/RobotAD_Issac_ws/install/rslidar_msg:/home/pyh/Documents/ros2_ws/RobotAD_Issac_ws/install/robot_locate:/home/pyh/Documents/ros2_ws/RobotAD_Issac_ws/install/diff_control:/home/pyh/Documents/ros2_ws/RobotAD_Issac_ws/install/robot_hardware:/home/pyh/Documents/ros2_ws/RobotAD_Issac_ws/install/pointcloud_to_laserscan:/home/pyh/Documents/ros2_ws/RobotAD_Issac_ws/install/nuscenes_data_collector:/opt/ros/humble:/home/pyh/Documents/ros2_ws/RobotAD_Issac_ws/install/message_filter_example:/home/pyh/Documents/ros2_ws/RobotAD_Issac_ws/install/keyboard_control /usr/bin/cmake --build /home/pyh/Documents/ros2_ws/RobotAD_Issac_ws/build/pointcloud_to_laserscan -- -j16 -l16
[1.032s] Invoking command in '/home/pyh/Documents/ros2_ws/RobotAD_Issac_ws/build/pointcloud_to_laserscan': CMAKE_PREFIX_PATH=/home/pyh/Documents/ros2_ws/RobotAD_Issac_ws/install/usb_camera:/home/pyh/Documents/ros2_ws/RobotAD_Issac_ws/install/serial_comm:/home/pyh/Documents/ros2_ws/RobotAD_Issac_ws/install/rslidar_sdk:/home/pyh/Documents/ros2_ws/RobotAD_Issac_ws/install/rslidar_msg:/home/pyh/Documents/ros2_ws/RobotAD_Issac_ws/install/robot_locate:/home/pyh/Documents/ros2_ws/RobotAD_Issac_ws/install/diff_control:/home/pyh/Documents/ros2_ws/RobotAD_Issac_ws/install/robot_hardware:/home/pyh/Documents/ros2_ws/RobotAD_Issac_ws/install/pointcloud_to_laserscan:/home/pyh/Documents/ros2_ws/RobotAD_Issac_ws/install/nuscenes_data_collector:/opt/ros/humble:/home/pyh/Documents/ros2_ws/RobotAD_Issac_ws/install/message_filter_example:/home/pyh/Documents/ros2_ws/RobotAD_Issac_ws/install/keyboard_control /usr/bin/cmake --install /home/pyh/Documents/ros2_ws/RobotAD_Issac_ws/build/pointcloud_to_laserscan
[1.039s] -- Install configuration: ""
[1.040s] -- Execute custom install script
[1.040s] -- Up-to-date symlink: /home/pyh/Documents/ros2_ws/RobotAD_Issac_ws/install/pointcloud_to_laserscan/lib/pointcloud_to_laserscan/laserscan_to_pointcloud_node
[1.040s] -- Up-to-date symlink: /home/pyh/Documents/ros2_ws/RobotAD_Issac_ws/install/pointcloud_to_laserscan/lib/pointcloud_to_laserscan/pointcloud_to_laserscan_node
[1.041s] -- Up-to-date symlink: /home/pyh/Documents/ros2_ws/RobotAD_Issac_ws/install/pointcloud_to_laserscan/include/pointcloud_to_laserscan/laserscan_to_pointcloud_node.hpp
[1.041s] -- Up-to-date symlink: /home/pyh/Documents/ros2_ws/RobotAD_Issac_ws/install/pointcloud_to_laserscan/include/pointcloud_to_laserscan/pointcloud_to_laserscan_node.hpp
[1.041s] -- Up-to-date symlink: /home/pyh/Documents/ros2_ws/RobotAD_Issac_ws/install/pointcloud_to_laserscan/include/pointcloud_to_laserscan/visibility_control.h
[1.042s] -- Up-to-date symlink: /home/pyh/Documents/ros2_ws/RobotAD_Issac_ws/install/pointcloud_to_laserscan/share/pointcloud_to_laserscan/environment/library_path.sh
[1.042s] -- Up-to-date symlink: /home/pyh/Documents/ros2_ws/RobotAD_Issac_ws/install/pointcloud_to_laserscan/share/pointcloud_to_laserscan/environment/library_path.dsv
[1.042s] -- Up-to-date symlink: /home/pyh/Documents/ros2_ws/RobotAD_Issac_ws/install/pointcloud_to_laserscan/lib/liblaserscan_to_pointcloud.so
[1.043s] -- Up-to-date symlink: /home/pyh/Documents/ros2_ws/RobotAD_Issac_ws/install/pointcloud_to_laserscan/lib/libpointcloud_to_laserscan.so
[1.043s] -- Up-to-date symlink: /home/pyh/Documents/ros2_ws/RobotAD_Issac_ws/install/pointcloud_to_laserscan/lib/pointcloud_to_laserscan/dummy_pointcloud_publisher
[1.043s] -- Up-to-date symlink: /home/pyh/Documents/ros2_ws/RobotAD_Issac_ws/install/pointcloud_to_laserscan/lib/pointcloud_to_laserscan/sub_laser_node
[1.044s] -- Up-to-date symlink: /home/pyh/Documents/ros2_ws/RobotAD_Issac_ws/install/pointcloud_to_laserscan/share/pointcloud_to_laserscan/launch/__pycache__/sample_pointcloud_to_laserscan_launch.cpython-310.pyc
[1.044s] -- Up-to-date symlink: /home/pyh/Documents/ros2_ws/RobotAD_Issac_ws/install/pointcloud_to_laserscan/share/pointcloud_to_laserscan/launch/sample_laserscan_to_pointcloud_launch.py
[1.044s] -- Up-to-date symlink: /home/pyh/Documents/ros2_ws/RobotAD_Issac_ws/install/pointcloud_to_laserscan/share/pointcloud_to_laserscan/launch/sample_pointcloud_to_laserscan_launch.py
[1.044s] -- Up-to-date symlink: /home/pyh/Documents/ros2_ws/RobotAD_Issac_ws/install/pointcloud_to_laserscan/share/ament_index/resource_index/package_run_dependencies/pointcloud_to_laserscan
[1.045s] -- Up-to-date symlink: /home/pyh/Documents/ros2_ws/RobotAD_Issac_ws/install/pointcloud_to_laserscan/share/ament_index/resource_index/parent_prefix_path/pointcloud_to_laserscan
[1.045s] -- Up-to-date symlink: /home/pyh/Documents/ros2_ws/RobotAD_Issac_ws/install/pointcloud_to_laserscan/share/pointcloud_to_laserscan/environment/ament_prefix_path.sh
[1.045s] -- Up-to-date symlink: /home/pyh/Documents/ros2_ws/RobotAD_Issac_ws/install/pointcloud_to_laserscan/share/pointcloud_to_laserscan/environment/ament_prefix_path.dsv
[1.046s] -- Up-to-date symlink: /home/pyh/Documents/ros2_ws/RobotAD_Issac_ws/install/pointcloud_to_laserscan/share/pointcloud_to_laserscan/environment/path.sh
[1.046s] -- Up-to-date symlink: /home/pyh/Documents/ros2_ws/RobotAD_Issac_ws/install/pointcloud_to_laserscan/share/pointcloud_to_laserscan/environment/path.dsv
[1.046s] -- Up-to-date symlink: /home/pyh/Documents/ros2_ws/RobotAD_Issac_ws/install/pointcloud_to_laserscan/share/pointcloud_to_laserscan/local_setup.bash
[1.046s] -- Up-to-date symlink: /home/pyh/Documents/ros2_ws/RobotAD_Issac_ws/install/pointcloud_to_laserscan/share/pointcloud_to_laserscan/local_setup.sh
[1.047s] -- Up-to-date symlink: /home/pyh/Documents/ros2_ws/RobotAD_Issac_ws/install/pointcloud_to_laserscan/share/pointcloud_to_laserscan/local_setup.zsh
[1.047s] -- Up-to-date symlink: /home/pyh/Documents/ros2_ws/RobotAD_Issac_ws/install/pointcloud_to_laserscan/share/pointcloud_to_laserscan/local_setup.dsv
[1.047s] -- Symlinking: /home/pyh/Documents/ros2_ws/RobotAD_Issac_ws/install/pointcloud_to_laserscan/share/pointcloud_to_laserscan/package.dsv
[1.060s] -- Up-to-date symlink: /home/pyh/Documents/ros2_ws/RobotAD_Issac_ws/install/pointcloud_to_laserscan/share/ament_index/resource_index/packages/pointcloud_to_laserscan
[1.060s] -- Up-to-date symlink: /home/pyh/Documents/ros2_ws/RobotAD_Issac_ws/install/pointcloud_to_laserscan/share/ament_index/resource_index/rclcpp_components/pointcloud_to_laserscan
[1.061s] -- Up-to-date symlink: /home/pyh/Documents/ros2_ws/RobotAD_Issac_ws/install/pointcloud_to_laserscan/share/pointcloud_to_laserscan/cmake/ament_cmake_export_dependencies-extras.cmake
[1.061s] -- Up-to-date symlink: /home/pyh/Documents/ros2_ws/RobotAD_Issac_ws/install/pointcloud_to_laserscan/share/pointcloud_to_laserscan/cmake/ament_cmake_export_include_directories-extras.cmake
[1.061s] -- Up-to-date symlink: /home/pyh/Documents/ros2_ws/RobotAD_Issac_ws/install/pointcloud_to_laserscan/share/pointcloud_to_laserscan/cmake/ament_cmake_export_libraries-extras.cmake
[1.061s] -- Up-to-date symlink: /home/pyh/Documents/ros2_ws/RobotAD_Issac_ws/install/pointcloud_to_laserscan/share/pointcloud_to_laserscan/cmake/pointcloud_to_laserscanConfig.cmake
[1.061s] -- Up-to-date symlink: /home/pyh/Documents/ros2_ws/RobotAD_Issac_ws/install/pointcloud_to_laserscan/share/pointcloud_to_laserscan/cmake/pointcloud_to_laserscanConfig-version.cmake
[1.061s] -- Up-to-date symlink: /home/pyh/Documents/ros2_ws/RobotAD_Issac_ws/install/pointcloud_to_laserscan/share/pointcloud_to_laserscan/package.xml
[1.064s] Invoked command in '/home/pyh/Documents/ros2_ws/RobotAD_Issac_ws/build/pointcloud_to_laserscan' returned '0': CMAKE_PREFIX_PATH=/home/pyh/Documents/ros2_ws/RobotAD_Issac_ws/install/usb_camera:/home/pyh/Documents/ros2_ws/RobotAD_Issac_ws/install/serial_comm:/home/pyh/Documents/ros2_ws/RobotAD_Issac_ws/install/rslidar_sdk:/home/pyh/Documents/ros2_ws/RobotAD_Issac_ws/install/rslidar_msg:/home/pyh/Documents/ros2_ws/RobotAD_Issac_ws/install/robot_locate:/home/pyh/Documents/ros2_ws/RobotAD_Issac_ws/install/diff_control:/home/pyh/Documents/ros2_ws/RobotAD_Issac_ws/install/robot_hardware:/home/pyh/Documents/ros2_ws/RobotAD_Issac_ws/install/pointcloud_to_laserscan:/home/pyh/Documents/ros2_ws/RobotAD_Issac_ws/install/nuscenes_data_collector:/opt/ros/humble:/home/pyh/Documents/ros2_ws/RobotAD_Issac_ws/install/message_filter_example:/home/pyh/Documents/ros2_ws/RobotAD_Issac_ws/install/keyboard_control /usr/bin/cmake --install /home/pyh/Documents/ros2_ws/RobotAD_Issac_ws/build/pointcloud_to_laserscan
