[0.071s] DEBUG:colcon:Command line arguments: ['/usr/bin/colcon', 'build', '--symlink-install']
[0.071s] DEBUG:colcon:Parsed command line arguments: Namespace(log_base=None, log_level=None, verb_name='build', build_base='build', install_base='install', merge_install=False, symlink_install=True, test_result_base=None, continue_on_error=False, executor='parallel', parallel_workers=16, event_handlers=None, ignore_user_meta=False, metas=['./colcon.meta'], base_paths=['.'], packages_ignore=None, packages_ignore_regex=None, paths=None, packages_up_to=None, packages_up_to_regex=None, packages_above=None, packages_above_and_dependencies=None, packages_above_depth=None, packages_select_by_dep=None, packages_skip_by_dep=None, packages_skip_up_to=None, packages_select_build_failed=False, packages_skip_build_finished=False, packages_select_test_failures=False, packages_skip_test_passed=False, packages_select=None, packages_skip=None, packages_select_regex=None, packages_skip_regex=None, packages_start=None, packages_end=None, allow_overriding=[], cmake_args=None, cmake_target=None, cmake_target_skip_unavailable=False, cmake_clean_cache=False, cmake_clean_first=False, cmake_force_configure=False, ament_cmake_args=None, catkin_cmake_args=None, catkin_skip_building_tests=False, mixin_files=None, mixin=None, verb_parser=<colcon_mixin.mixin.mixin_argument.MixinArgumentDecorator object at 0x7d12778074c0>, verb_extension=<colcon_core.verb.build.BuildVerb object at 0x7d1277806f20>, main=<bound method BuildVerb.main of <colcon_core.verb.build.BuildVerb object at 0x7d1277806f20>>, mixin_verb=('build',))
[0.185s] Level 1:colcon.colcon_core.package_discovery:discover_packages(colcon_meta) check parameters
[0.185s] Level 1:colcon.colcon_core.package_discovery:discover_packages(recursive) check parameters
[0.185s] Level 1:colcon.colcon_core.package_discovery:discover_packages(ignore) check parameters
[0.185s] Level 1:colcon.colcon_core.package_discovery:discover_packages(path) check parameters
[0.185s] Level 1:colcon.colcon_core.package_discovery:discover_packages(colcon_meta) discover
[0.185s] Level 1:colcon.colcon_core.package_discovery:discover_packages(recursive) discover
[0.185s] INFO:colcon.colcon_core.package_discovery:Crawling recursively for packages in '/home/pyh/Documents/ros2_ws/RobotAD_issac_ws'
[0.185s] Level 1:colcon.colcon_core.package_identification:_identify(.) by extensions ['ignore', 'ignore_ament_install']
[0.185s] Level 1:colcon.colcon_core.package_identification:_identify(.) by extension 'ignore'
[0.185s] Level 1:colcon.colcon_core.package_identification:_identify(.) by extension 'ignore_ament_install'
[0.185s] Level 1:colcon.colcon_core.package_identification:_identify(.) by extensions ['colcon_pkg']
[0.185s] Level 1:colcon.colcon_core.package_identification:_identify(.) by extension 'colcon_pkg'
[0.186s] Level 1:colcon.colcon_core.package_identification:_identify(.) by extensions ['colcon_meta']
[0.186s] Level 1:colcon.colcon_core.package_identification:_identify(.) by extension 'colcon_meta'
[0.186s] Level 1:colcon.colcon_core.package_identification:_identify(.) by extensions ['ros']
[0.186s] Level 1:colcon.colcon_core.package_identification:_identify(.) by extension 'ros'
[0.193s] Level 1:colcon.colcon_core.package_identification:_identify(.) by extensions ['cmake', 'python']
[0.193s] Level 1:colcon.colcon_core.package_identification:_identify(.) by extension 'cmake'
[0.193s] Level 1:colcon.colcon_core.package_identification:_identify(.) by extension 'python'
[0.193s] Level 1:colcon.colcon_core.package_identification:_identify(.) by extensions ['python_setup_py']
[0.193s] Level 1:colcon.colcon_core.package_identification:_identify(.) by extension 'python_setup_py'
[0.193s] Level 1:colcon.colcon_core.package_identification:_identify(NuscenesData copy) by extensions ['ignore', 'ignore_ament_install']
[0.193s] Level 1:colcon.colcon_core.package_identification:_identify(NuscenesData copy) by extension 'ignore'
[0.193s] Level 1:colcon.colcon_core.package_identification:_identify(NuscenesData copy) by extension 'ignore_ament_install'
[0.193s] Level 1:colcon.colcon_core.package_identification:_identify(NuscenesData copy) by extensions ['colcon_pkg']
[0.193s] Level 1:colcon.colcon_core.package_identification:_identify(NuscenesData copy) by extension 'colcon_pkg'
[0.193s] Level 1:colcon.colcon_core.package_identification:_identify(NuscenesData copy) by extensions ['colcon_meta']
[0.193s] Level 1:colcon.colcon_core.package_identification:_identify(NuscenesData copy) by extension 'colcon_meta'
[0.193s] Level 1:colcon.colcon_core.package_identification:_identify(NuscenesData copy) by extensions ['ros']
[0.193s] Level 1:colcon.colcon_core.package_identification:_identify(NuscenesData copy) by extension 'ros'
[0.194s] Level 1:colcon.colcon_core.package_identification:_identify(NuscenesData copy) by extensions ['cmake', 'python']
[0.194s] Level 1:colcon.colcon_core.package_identification:_identify(NuscenesData copy) by extension 'cmake'
[0.194s] Level 1:colcon.colcon_core.package_identification:_identify(NuscenesData copy) by extension 'python'
[0.194s] Level 1:colcon.colcon_core.package_identification:_identify(NuscenesData copy) by extensions ['python_setup_py']
[0.194s] Level 1:colcon.colcon_core.package_identification:_identify(NuscenesData copy) by extension 'python_setup_py'
[0.194s] Level 1:colcon.colcon_core.package_identification:_identify(NuscenesData copy/My_Nuscenes) by extensions ['ignore', 'ignore_ament_install']
[0.194s] Level 1:colcon.colcon_core.package_identification:_identify(NuscenesData copy/My_Nuscenes) by extension 'ignore'
[0.194s] Level 1:colcon.colcon_core.package_identification:_identify(NuscenesData copy/My_Nuscenes) by extension 'ignore_ament_install'
[0.194s] Level 1:colcon.colcon_core.package_identification:_identify(NuscenesData copy/My_Nuscenes) by extensions ['colcon_pkg']
[0.194s] Level 1:colcon.colcon_core.package_identification:_identify(NuscenesData copy/My_Nuscenes) by extension 'colcon_pkg'
[0.194s] Level 1:colcon.colcon_core.package_identification:_identify(NuscenesData copy/My_Nuscenes) by extensions ['colcon_meta']
[0.194s] Level 1:colcon.colcon_core.package_identification:_identify(NuscenesData copy/My_Nuscenes) by extension 'colcon_meta'
[0.194s] Level 1:colcon.colcon_core.package_identification:_identify(NuscenesData copy/My_Nuscenes) by extensions ['ros']
[0.194s] Level 1:colcon.colcon_core.package_identification:_identify(NuscenesData copy/My_Nuscenes) by extension 'ros'
[0.194s] Level 1:colcon.colcon_core.package_identification:_identify(NuscenesData copy/My_Nuscenes) by extensions ['cmake', 'python']
[0.194s] Level 1:colcon.colcon_core.package_identification:_identify(NuscenesData copy/My_Nuscenes) by extension 'cmake'
[0.194s] Level 1:colcon.colcon_core.package_identification:_identify(NuscenesData copy/My_Nuscenes) by extension 'python'
[0.194s] Level 1:colcon.colcon_core.package_identification:_identify(NuscenesData copy/My_Nuscenes) by extensions ['python_setup_py']
[0.194s] Level 1:colcon.colcon_core.package_identification:_identify(NuscenesData copy/My_Nuscenes) by extension 'python_setup_py'
[0.194s] Level 1:colcon.colcon_core.package_identification:_identify(NuscenesData copy/My_Nuscenes/definition_json(backup)) by extensions ['ignore', 'ignore_ament_install']
[0.194s] Level 1:colcon.colcon_core.package_identification:_identify(NuscenesData copy/My_Nuscenes/definition_json(backup)) by extension 'ignore'
[0.194s] Level 1:colcon.colcon_core.package_identification:_identify(NuscenesData copy/My_Nuscenes/definition_json(backup)) by extension 'ignore_ament_install'
[0.194s] Level 1:colcon.colcon_core.package_identification:_identify(NuscenesData copy/My_Nuscenes/definition_json(backup)) by extensions ['colcon_pkg']
[0.194s] Level 1:colcon.colcon_core.package_identification:_identify(NuscenesData copy/My_Nuscenes/definition_json(backup)) by extension 'colcon_pkg'
[0.194s] Level 1:colcon.colcon_core.package_identification:_identify(NuscenesData copy/My_Nuscenes/definition_json(backup)) by extensions ['colcon_meta']
[0.194s] Level 1:colcon.colcon_core.package_identification:_identify(NuscenesData copy/My_Nuscenes/definition_json(backup)) by extension 'colcon_meta'
[0.194s] Level 1:colcon.colcon_core.package_identification:_identify(NuscenesData copy/My_Nuscenes/definition_json(backup)) by extensions ['ros']
[0.194s] Level 1:colcon.colcon_core.package_identification:_identify(NuscenesData copy/My_Nuscenes/definition_json(backup)) by extension 'ros'
[0.195s] Level 1:colcon.colcon_core.package_identification:_identify(NuscenesData copy/My_Nuscenes/definition_json(backup)) by extensions ['cmake', 'python']
[0.195s] Level 1:colcon.colcon_core.package_identification:_identify(NuscenesData copy/My_Nuscenes/definition_json(backup)) by extension 'cmake'
[0.195s] Level 1:colcon.colcon_core.package_identification:_identify(NuscenesData copy/My_Nuscenes/definition_json(backup)) by extension 'python'
[0.195s] Level 1:colcon.colcon_core.package_identification:_identify(NuscenesData copy/My_Nuscenes/definition_json(backup)) by extensions ['python_setup_py']
[0.195s] Level 1:colcon.colcon_core.package_identification:_identify(NuscenesData copy/My_Nuscenes/definition_json(backup)) by extension 'python_setup_py'
[0.195s] Level 1:colcon.colcon_core.package_identification:_identify(NuscenesData copy/can_bus) by extensions ['ignore', 'ignore_ament_install']
[0.195s] Level 1:colcon.colcon_core.package_identification:_identify(NuscenesData copy/can_bus) by extension 'ignore'
[0.195s] Level 1:colcon.colcon_core.package_identification:_identify(NuscenesData copy/can_bus) by extension 'ignore_ament_install'
[0.195s] Level 1:colcon.colcon_core.package_identification:_identify(NuscenesData copy/can_bus) by extensions ['colcon_pkg']
[0.195s] Level 1:colcon.colcon_core.package_identification:_identify(NuscenesData copy/can_bus) by extension 'colcon_pkg'
[0.195s] Level 1:colcon.colcon_core.package_identification:_identify(NuscenesData copy/can_bus) by extensions ['colcon_meta']
[0.195s] Level 1:colcon.colcon_core.package_identification:_identify(NuscenesData copy/can_bus) by extension 'colcon_meta'
[0.195s] Level 1:colcon.colcon_core.package_identification:_identify(NuscenesData copy/can_bus) by extensions ['ros']
[0.195s] Level 1:colcon.colcon_core.package_identification:_identify(NuscenesData copy/can_bus) by extension 'ros'
[0.195s] Level 1:colcon.colcon_core.package_identification:_identify(NuscenesData copy/can_bus) by extensions ['cmake', 'python']
[0.195s] Level 1:colcon.colcon_core.package_identification:_identify(NuscenesData copy/can_bus) by extension 'cmake'
[0.195s] Level 1:colcon.colcon_core.package_identification:_identify(NuscenesData copy/can_bus) by extension 'python'
[0.195s] Level 1:colcon.colcon_core.package_identification:_identify(NuscenesData copy/can_bus) by extensions ['python_setup_py']
[0.195s] Level 1:colcon.colcon_core.package_identification:_identify(NuscenesData copy/can_bus) by extension 'python_setup_py'
[0.195s] Level 1:colcon.colcon_core.package_identification:_identify(NuscenesData copy/maps) by extensions ['ignore', 'ignore_ament_install']
[0.195s] Level 1:colcon.colcon_core.package_identification:_identify(NuscenesData copy/maps) by extension 'ignore'
[0.195s] Level 1:colcon.colcon_core.package_identification:_identify(NuscenesData copy/maps) by extension 'ignore_ament_install'
[0.195s] Level 1:colcon.colcon_core.package_identification:_identify(NuscenesData copy/maps) by extensions ['colcon_pkg']
[0.195s] Level 1:colcon.colcon_core.package_identification:_identify(NuscenesData copy/maps) by extension 'colcon_pkg'
[0.195s] Level 1:colcon.colcon_core.package_identification:_identify(NuscenesData copy/maps) by extensions ['colcon_meta']
[0.195s] Level 1:colcon.colcon_core.package_identification:_identify(NuscenesData copy/maps) by extension 'colcon_meta'
[0.195s] Level 1:colcon.colcon_core.package_identification:_identify(NuscenesData copy/maps) by extensions ['ros']
[0.195s] Level 1:colcon.colcon_core.package_identification:_identify(NuscenesData copy/maps) by extension 'ros'
[0.195s] Level 1:colcon.colcon_core.package_identification:_identify(NuscenesData copy/maps) by extensions ['cmake', 'python']
[0.195s] Level 1:colcon.colcon_core.package_identification:_identify(NuscenesData copy/maps) by extension 'cmake'
[0.195s] Level 1:colcon.colcon_core.package_identification:_identify(NuscenesData copy/maps) by extension 'python'
[0.195s] Level 1:colcon.colcon_core.package_identification:_identify(NuscenesData copy/maps) by extensions ['python_setup_py']
[0.195s] Level 1:colcon.colcon_core.package_identification:_identify(NuscenesData copy/maps) by extension 'python_setup_py'
[0.196s] Level 1:colcon.colcon_core.package_identification:_identify(NuscenesData copy/maps/basemap) by extensions ['ignore', 'ignore_ament_install']
[0.196s] Level 1:colcon.colcon_core.package_identification:_identify(NuscenesData copy/maps/basemap) by extension 'ignore'
[0.196s] Level 1:colcon.colcon_core.package_identification:_identify(NuscenesData copy/maps/basemap) by extension 'ignore_ament_install'
[0.196s] Level 1:colcon.colcon_core.package_identification:_identify(NuscenesData copy/maps/basemap) by extensions ['colcon_pkg']
[0.196s] Level 1:colcon.colcon_core.package_identification:_identify(NuscenesData copy/maps/basemap) by extension 'colcon_pkg'
[0.196s] Level 1:colcon.colcon_core.package_identification:_identify(NuscenesData copy/maps/basemap) by extensions ['colcon_meta']
[0.196s] Level 1:colcon.colcon_core.package_identification:_identify(NuscenesData copy/maps/basemap) by extension 'colcon_meta'
[0.196s] Level 1:colcon.colcon_core.package_identification:_identify(NuscenesData copy/maps/basemap) by extensions ['ros']
[0.196s] Level 1:colcon.colcon_core.package_identification:_identify(NuscenesData copy/maps/basemap) by extension 'ros'
[0.196s] Level 1:colcon.colcon_core.package_identification:_identify(NuscenesData copy/maps/basemap) by extensions ['cmake', 'python']
[0.196s] Level 1:colcon.colcon_core.package_identification:_identify(NuscenesData copy/maps/basemap) by extension 'cmake'
[0.196s] Level 1:colcon.colcon_core.package_identification:_identify(NuscenesData copy/maps/basemap) by extension 'python'
[0.196s] Level 1:colcon.colcon_core.package_identification:_identify(NuscenesData copy/maps/basemap) by extensions ['python_setup_py']
[0.196s] Level 1:colcon.colcon_core.package_identification:_identify(NuscenesData copy/maps/basemap) by extension 'python_setup_py'
[0.196s] Level 1:colcon.colcon_core.package_identification:_identify(NuscenesData copy/maps/expansion) by extensions ['ignore', 'ignore_ament_install']
[0.196s] Level 1:colcon.colcon_core.package_identification:_identify(NuscenesData copy/maps/expansion) by extension 'ignore'
[0.196s] Level 1:colcon.colcon_core.package_identification:_identify(NuscenesData copy/maps/expansion) by extension 'ignore_ament_install'
[0.196s] Level 1:colcon.colcon_core.package_identification:_identify(NuscenesData copy/maps/expansion) by extensions ['colcon_pkg']
[0.196s] Level 1:colcon.colcon_core.package_identification:_identify(NuscenesData copy/maps/expansion) by extension 'colcon_pkg'
[0.196s] Level 1:colcon.colcon_core.package_identification:_identify(NuscenesData copy/maps/expansion) by extensions ['colcon_meta']
[0.196s] Level 1:colcon.colcon_core.package_identification:_identify(NuscenesData copy/maps/expansion) by extension 'colcon_meta'
[0.196s] Level 1:colcon.colcon_core.package_identification:_identify(NuscenesData copy/maps/expansion) by extensions ['ros']
[0.196s] Level 1:colcon.colcon_core.package_identification:_identify(NuscenesData copy/maps/expansion) by extension 'ros'
[0.196s] Level 1:colcon.colcon_core.package_identification:_identify(NuscenesData copy/maps/expansion) by extensions ['cmake', 'python']
[0.196s] Level 1:colcon.colcon_core.package_identification:_identify(NuscenesData copy/maps/expansion) by extension 'cmake'
[0.196s] Level 1:colcon.colcon_core.package_identification:_identify(NuscenesData copy/maps/expansion) by extension 'python'
[0.196s] Level 1:colcon.colcon_core.package_identification:_identify(NuscenesData copy/maps/expansion) by extensions ['python_setup_py']
[0.196s] Level 1:colcon.colcon_core.package_identification:_identify(NuscenesData copy/maps/expansion) by extension 'python_setup_py'
[0.196s] Level 1:colcon.colcon_core.package_identification:_identify(NuscenesData copy/template) by extensions ['ignore', 'ignore_ament_install']
[0.196s] Level 1:colcon.colcon_core.package_identification:_identify(NuscenesData copy/template) by extension 'ignore'
[0.196s] Level 1:colcon.colcon_core.package_identification:_identify(NuscenesData copy/template) by extension 'ignore_ament_install'
[0.197s] Level 1:colcon.colcon_core.package_identification:_identify(NuscenesData copy/template) by extensions ['colcon_pkg']
[0.197s] Level 1:colcon.colcon_core.package_identification:_identify(NuscenesData copy/template) by extension 'colcon_pkg'
[0.197s] Level 1:colcon.colcon_core.package_identification:_identify(NuscenesData copy/template) by extensions ['colcon_meta']
[0.197s] Level 1:colcon.colcon_core.package_identification:_identify(NuscenesData copy/template) by extension 'colcon_meta'
[0.197s] Level 1:colcon.colcon_core.package_identification:_identify(NuscenesData copy/template) by extensions ['ros']
[0.197s] Level 1:colcon.colcon_core.package_identification:_identify(NuscenesData copy/template) by extension 'ros'
[0.197s] Level 1:colcon.colcon_core.package_identification:_identify(NuscenesData copy/template) by extensions ['cmake', 'python']
[0.197s] Level 1:colcon.colcon_core.package_identification:_identify(NuscenesData copy/template) by extension 'cmake'
[0.197s] Level 1:colcon.colcon_core.package_identification:_identify(NuscenesData copy/template) by extension 'python'
[0.197s] Level 1:colcon.colcon_core.package_identification:_identify(NuscenesData copy/template) by extensions ['python_setup_py']
[0.197s] Level 1:colcon.colcon_core.package_identification:_identify(NuscenesData copy/template) by extension 'python_setup_py'
[0.197s] Level 1:colcon.colcon_core.package_identification:_identify(build) by extensions ['ignore', 'ignore_ament_install']
[0.197s] Level 1:colcon.colcon_core.package_identification:_identify(build) by extension 'ignore'
[0.197s] Level 1:colcon.colcon_core.package_identification:_identify(build) ignored
[0.197s] Level 1:colcon.colcon_core.package_identification:_identify(install) by extensions ['ignore', 'ignore_ament_install']
[0.197s] Level 1:colcon.colcon_core.package_identification:_identify(install) by extension 'ignore'
[0.197s] Level 1:colcon.colcon_core.package_identification:_identify(install) ignored
[0.197s] Level 1:colcon.colcon_core.package_identification:_identify(log) by extensions ['ignore', 'ignore_ament_install']
[0.197s] Level 1:colcon.colcon_core.package_identification:_identify(log) by extension 'ignore'
[0.197s] Level 1:colcon.colcon_core.package_identification:_identify(log) ignored
[0.197s] Level 1:colcon.colcon_core.package_identification:_identify(map) by extensions ['ignore', 'ignore_ament_install']
[0.197s] Level 1:colcon.colcon_core.package_identification:_identify(map) by extension 'ignore'
[0.197s] Level 1:colcon.colcon_core.package_identification:_identify(map) by extension 'ignore_ament_install'
[0.197s] Level 1:colcon.colcon_core.package_identification:_identify(map) by extensions ['colcon_pkg']
[0.197s] Level 1:colcon.colcon_core.package_identification:_identify(map) by extension 'colcon_pkg'
[0.197s] Level 1:colcon.colcon_core.package_identification:_identify(map) by extensions ['colcon_meta']
[0.197s] Level 1:colcon.colcon_core.package_identification:_identify(map) by extension 'colcon_meta'
[0.197s] Level 1:colcon.colcon_core.package_identification:_identify(map) by extensions ['ros']
[0.197s] Level 1:colcon.colcon_core.package_identification:_identify(map) by extension 'ros'
[0.197s] Level 1:colcon.colcon_core.package_identification:_identify(map) by extensions ['cmake', 'python']
[0.198s] Level 1:colcon.colcon_core.package_identification:_identify(map) by extension 'cmake'
[0.198s] Level 1:colcon.colcon_core.package_identification:_identify(map) by extension 'python'
[0.198s] Level 1:colcon.colcon_core.package_identification:_identify(map) by extensions ['python_setup_py']
[0.198s] Level 1:colcon.colcon_core.package_identification:_identify(map) by extension 'python_setup_py'
[0.198s] Level 1:colcon.colcon_core.package_identification:_identify(src) by extensions ['ignore', 'ignore_ament_install']
[0.198s] Level 1:colcon.colcon_core.package_identification:_identify(src) by extension 'ignore'
[0.198s] Level 1:colcon.colcon_core.package_identification:_identify(src) by extension 'ignore_ament_install'
[0.198s] Level 1:colcon.colcon_core.package_identification:_identify(src) by extensions ['colcon_pkg']
[0.198s] Level 1:colcon.colcon_core.package_identification:_identify(src) by extension 'colcon_pkg'
[0.198s] Level 1:colcon.colcon_core.package_identification:_identify(src) by extensions ['colcon_meta']
[0.198s] Level 1:colcon.colcon_core.package_identification:_identify(src) by extension 'colcon_meta'
[0.198s] Level 1:colcon.colcon_core.package_identification:_identify(src) by extensions ['ros']
[0.198s] Level 1:colcon.colcon_core.package_identification:_identify(src) by extension 'ros'
[0.198s] Level 1:colcon.colcon_core.package_identification:_identify(src) by extensions ['cmake', 'python']
[0.198s] Level 1:colcon.colcon_core.package_identification:_identify(src) by extension 'cmake'
[0.198s] Level 1:colcon.colcon_core.package_identification:_identify(src) by extension 'python'
[0.198s] Level 1:colcon.colcon_core.package_identification:_identify(src) by extensions ['python_setup_py']
[0.198s] Level 1:colcon.colcon_core.package_identification:_identify(src) by extension 'python_setup_py'
[0.198s] Level 1:colcon.colcon_core.package_identification:_identify(src/diff_control) by extensions ['ignore', 'ignore_ament_install']
[0.198s] Level 1:colcon.colcon_core.package_identification:_identify(src/diff_control) by extension 'ignore'
[0.198s] Level 1:colcon.colcon_core.package_identification:_identify(src/diff_control) by extension 'ignore_ament_install'
[0.198s] Level 1:colcon.colcon_core.package_identification:_identify(src/diff_control) by extensions ['colcon_pkg']
[0.198s] Level 1:colcon.colcon_core.package_identification:_identify(src/diff_control) by extension 'colcon_pkg'
[0.198s] Level 1:colcon.colcon_core.package_identification:_identify(src/diff_control) by extensions ['colcon_meta']
[0.198s] Level 1:colcon.colcon_core.package_identification:_identify(src/diff_control) by extension 'colcon_meta'
[0.198s] Level 1:colcon.colcon_core.package_identification:_identify(src/diff_control) by extensions ['ros']
[0.198s] Level 1:colcon.colcon_core.package_identification:_identify(src/diff_control) by extension 'ros'
[0.200s] DEBUG:colcon.colcon_core.package_identification:Package 'src/diff_control' with type 'ros.ament_cmake' and name 'diff_control'
[0.201s] Level 1:colcon.colcon_core.package_identification:_identify(src/keyboard_control) by extensions ['ignore', 'ignore_ament_install']
[0.201s] Level 1:colcon.colcon_core.package_identification:_identify(src/keyboard_control) by extension 'ignore'
[0.201s] Level 1:colcon.colcon_core.package_identification:_identify(src/keyboard_control) by extension 'ignore_ament_install'
[0.201s] Level 1:colcon.colcon_core.package_identification:_identify(src/keyboard_control) by extensions ['colcon_pkg']
[0.201s] Level 1:colcon.colcon_core.package_identification:_identify(src/keyboard_control) by extension 'colcon_pkg'
[0.201s] Level 1:colcon.colcon_core.package_identification:_identify(src/keyboard_control) by extensions ['colcon_meta']
[0.201s] Level 1:colcon.colcon_core.package_identification:_identify(src/keyboard_control) by extension 'colcon_meta'
[0.201s] Level 1:colcon.colcon_core.package_identification:_identify(src/keyboard_control) by extensions ['ros']
[0.201s] Level 1:colcon.colcon_core.package_identification:_identify(src/keyboard_control) by extension 'ros'
[0.201s] DEBUG:colcon.colcon_core.package_identification:Package 'src/keyboard_control' with type 'ros.ament_cmake' and name 'keyboard_control'
[0.201s] Level 1:colcon.colcon_core.package_identification:_identify(src/message_filter_test) by extensions ['ignore', 'ignore_ament_install']
[0.201s] Level 1:colcon.colcon_core.package_identification:_identify(src/message_filter_test) by extension 'ignore'
[0.201s] Level 1:colcon.colcon_core.package_identification:_identify(src/message_filter_test) by extension 'ignore_ament_install'
[0.201s] Level 1:colcon.colcon_core.package_identification:_identify(src/message_filter_test) by extensions ['colcon_pkg']
[0.201s] Level 1:colcon.colcon_core.package_identification:_identify(src/message_filter_test) by extension 'colcon_pkg'
[0.201s] Level 1:colcon.colcon_core.package_identification:_identify(src/message_filter_test) by extensions ['colcon_meta']
[0.202s] Level 1:colcon.colcon_core.package_identification:_identify(src/message_filter_test) by extension 'colcon_meta'
[0.202s] Level 1:colcon.colcon_core.package_identification:_identify(src/message_filter_test) by extensions ['ros']
[0.202s] Level 1:colcon.colcon_core.package_identification:_identify(src/message_filter_test) by extension 'ros'
[0.202s] DEBUG:colcon.colcon_core.package_identification:Package 'src/message_filter_test' with type 'ros.catkin' and name 'message_filter_example'
[0.202s] Level 1:colcon.colcon_core.package_identification:_identify(src/nuscenes_data_collector) by extensions ['ignore', 'ignore_ament_install']
[0.202s] Level 1:colcon.colcon_core.package_identification:_identify(src/nuscenes_data_collector) by extension 'ignore'
[0.202s] Level 1:colcon.colcon_core.package_identification:_identify(src/nuscenes_data_collector) by extension 'ignore_ament_install'
[0.202s] Level 1:colcon.colcon_core.package_identification:_identify(src/nuscenes_data_collector) by extensions ['colcon_pkg']
[0.202s] Level 1:colcon.colcon_core.package_identification:_identify(src/nuscenes_data_collector) by extension 'colcon_pkg'
[0.202s] Level 1:colcon.colcon_core.package_identification:_identify(src/nuscenes_data_collector) by extensions ['colcon_meta']
[0.202s] Level 1:colcon.colcon_core.package_identification:_identify(src/nuscenes_data_collector) by extension 'colcon_meta'
[0.202s] Level 1:colcon.colcon_core.package_identification:_identify(src/nuscenes_data_collector) by extensions ['ros']
[0.202s] Level 1:colcon.colcon_core.package_identification:_identify(src/nuscenes_data_collector) by extension 'ros'
[0.203s] DEBUG:colcon.colcon_core.package_identification:Package 'src/nuscenes_data_collector' with type 'ros.ament_cmake' and name 'nuscenes_data_collector'
[0.203s] Level 1:colcon.colcon_core.package_identification:_identify(src/pointcloud_to_laserscan) by extensions ['ignore', 'ignore_ament_install']
[0.203s] Level 1:colcon.colcon_core.package_identification:_identify(src/pointcloud_to_laserscan) by extension 'ignore'
[0.203s] Level 1:colcon.colcon_core.package_identification:_identify(src/pointcloud_to_laserscan) by extension 'ignore_ament_install'
[0.203s] Level 1:colcon.colcon_core.package_identification:_identify(src/pointcloud_to_laserscan) by extensions ['colcon_pkg']
[0.203s] Level 1:colcon.colcon_core.package_identification:_identify(src/pointcloud_to_laserscan) by extension 'colcon_pkg'
[0.203s] Level 1:colcon.colcon_core.package_identification:_identify(src/pointcloud_to_laserscan) by extensions ['colcon_meta']
[0.203s] Level 1:colcon.colcon_core.package_identification:_identify(src/pointcloud_to_laserscan) by extension 'colcon_meta'
[0.203s] Level 1:colcon.colcon_core.package_identification:_identify(src/pointcloud_to_laserscan) by extensions ['ros']
[0.203s] Level 1:colcon.colcon_core.package_identification:_identify(src/pointcloud_to_laserscan) by extension 'ros'
[0.204s] DEBUG:colcon.colcon_core.package_identification:Package 'src/pointcloud_to_laserscan' with type 'ros.ament_cmake' and name 'pointcloud_to_laserscan'
[0.204s] Level 1:colcon.colcon_core.package_identification:_identify(src/robot_hardware) by extensions ['ignore', 'ignore_ament_install']
[0.204s] Level 1:colcon.colcon_core.package_identification:_identify(src/robot_hardware) by extension 'ignore'
[0.204s] Level 1:colcon.colcon_core.package_identification:_identify(src/robot_hardware) by extension 'ignore_ament_install'
[0.204s] Level 1:colcon.colcon_core.package_identification:_identify(src/robot_hardware) by extensions ['colcon_pkg']
[0.204s] Level 1:colcon.colcon_core.package_identification:_identify(src/robot_hardware) by extension 'colcon_pkg'
[0.204s] Level 1:colcon.colcon_core.package_identification:_identify(src/robot_hardware) by extensions ['colcon_meta']
[0.204s] Level 1:colcon.colcon_core.package_identification:_identify(src/robot_hardware) by extension 'colcon_meta'
[0.204s] Level 1:colcon.colcon_core.package_identification:_identify(src/robot_hardware) by extensions ['ros']
[0.204s] Level 1:colcon.colcon_core.package_identification:_identify(src/robot_hardware) by extension 'ros'
[0.205s] DEBUG:colcon.colcon_core.package_identification:Package 'src/robot_hardware' with type 'ros.ament_cmake' and name 'robot_hardware'
[0.205s] Level 1:colcon.colcon_core.package_identification:_identify(src/robot_locate) by extensions ['ignore', 'ignore_ament_install']
[0.205s] Level 1:colcon.colcon_core.package_identification:_identify(src/robot_locate) by extension 'ignore'
[0.205s] Level 1:colcon.colcon_core.package_identification:_identify(src/robot_locate) by extension 'ignore_ament_install'
[0.205s] Level 1:colcon.colcon_core.package_identification:_identify(src/robot_locate) by extensions ['colcon_pkg']
[0.205s] Level 1:colcon.colcon_core.package_identification:_identify(src/robot_locate) by extension 'colcon_pkg'
[0.205s] Level 1:colcon.colcon_core.package_identification:_identify(src/robot_locate) by extensions ['colcon_meta']
[0.205s] Level 1:colcon.colcon_core.package_identification:_identify(src/robot_locate) by extension 'colcon_meta'
[0.205s] Level 1:colcon.colcon_core.package_identification:_identify(src/robot_locate) by extensions ['ros']
[0.205s] Level 1:colcon.colcon_core.package_identification:_identify(src/robot_locate) by extension 'ros'
[0.206s] DEBUG:colcon.colcon_core.package_identification:Package 'src/robot_locate' with type 'ros.ament_cmake' and name 'robot_locate'
[0.206s] Level 1:colcon.colcon_core.package_identification:_identify(src/serial_comm) by extensions ['ignore', 'ignore_ament_install']
[0.206s] Level 1:colcon.colcon_core.package_identification:_identify(src/serial_comm) by extension 'ignore'
[0.206s] Level 1:colcon.colcon_core.package_identification:_identify(src/serial_comm) by extension 'ignore_ament_install'
[0.206s] Level 1:colcon.colcon_core.package_identification:_identify(src/serial_comm) by extensions ['colcon_pkg']
[0.206s] Level 1:colcon.colcon_core.package_identification:_identify(src/serial_comm) by extension 'colcon_pkg'
[0.206s] Level 1:colcon.colcon_core.package_identification:_identify(src/serial_comm) by extensions ['colcon_meta']
[0.206s] Level 1:colcon.colcon_core.package_identification:_identify(src/serial_comm) by extension 'colcon_meta'
[0.206s] Level 1:colcon.colcon_core.package_identification:_identify(src/serial_comm) by extensions ['ros']
[0.206s] Level 1:colcon.colcon_core.package_identification:_identify(src/serial_comm) by extension 'ros'
[0.207s] DEBUG:colcon.colcon_core.package_identification:Package 'src/serial_comm' with type 'ros.ament_cmake' and name 'serial_comm'
[0.207s] Level 1:colcon.colcon_core.package_identification:_identify(src/usb_camera) by extensions ['ignore', 'ignore_ament_install']
[0.207s] Level 1:colcon.colcon_core.package_identification:_identify(src/usb_camera) by extension 'ignore'
[0.207s] Level 1:colcon.colcon_core.package_identification:_identify(src/usb_camera) by extension 'ignore_ament_install'
[0.207s] Level 1:colcon.colcon_core.package_identification:_identify(src/usb_camera) by extensions ['colcon_pkg']
[0.207s] Level 1:colcon.colcon_core.package_identification:_identify(src/usb_camera) by extension 'colcon_pkg'
[0.207s] Level 1:colcon.colcon_core.package_identification:_identify(src/usb_camera) by extensions ['colcon_meta']
[0.207s] Level 1:colcon.colcon_core.package_identification:_identify(src/usb_camera) by extension 'colcon_meta'
[0.207s] Level 1:colcon.colcon_core.package_identification:_identify(src/usb_camera) by extensions ['ros']
[0.207s] Level 1:colcon.colcon_core.package_identification:_identify(src/usb_camera) by extension 'ros'
[0.207s] DEBUG:colcon.colcon_core.package_identification:Package 'src/usb_camera' with type 'ros.ament_cmake' and name 'usb_camera'
[0.207s] Level 1:colcon.colcon_core.package_identification:_identify(tmp) by extensions ['ignore', 'ignore_ament_install']
[0.207s] Level 1:colcon.colcon_core.package_identification:_identify(tmp) by extension 'ignore'
[0.207s] Level 1:colcon.colcon_core.package_identification:_identify(tmp) by extension 'ignore_ament_install'
[0.207s] Level 1:colcon.colcon_core.package_identification:_identify(tmp) by extensions ['colcon_pkg']
[0.207s] Level 1:colcon.colcon_core.package_identification:_identify(tmp) by extension 'colcon_pkg'
[0.207s] Level 1:colcon.colcon_core.package_identification:_identify(tmp) by extensions ['colcon_meta']
[0.207s] Level 1:colcon.colcon_core.package_identification:_identify(tmp) by extension 'colcon_meta'
[0.207s] Level 1:colcon.colcon_core.package_identification:_identify(tmp) by extensions ['ros']
[0.208s] Level 1:colcon.colcon_core.package_identification:_identify(tmp) by extension 'ros'
[0.208s] Level 1:colcon.colcon_core.package_identification:_identify(tmp) by extensions ['cmake', 'python']
[0.208s] Level 1:colcon.colcon_core.package_identification:_identify(tmp) by extension 'cmake'
[0.208s] Level 1:colcon.colcon_core.package_identification:_identify(tmp) by extension 'python'
[0.208s] Level 1:colcon.colcon_core.package_identification:_identify(tmp) by extensions ['python_setup_py']
[0.208s] Level 1:colcon.colcon_core.package_identification:_identify(tmp) by extension 'python_setup_py'
[0.208s] Level 1:colcon.colcon_core.package_identification:_identify(tools) by extensions ['ignore', 'ignore_ament_install']
[0.208s] Level 1:colcon.colcon_core.package_identification:_identify(tools) by extension 'ignore'
[0.208s] Level 1:colcon.colcon_core.package_identification:_identify(tools) by extension 'ignore_ament_install'
[0.208s] Level 1:colcon.colcon_core.package_identification:_identify(tools) by extensions ['colcon_pkg']
[0.208s] Level 1:colcon.colcon_core.package_identification:_identify(tools) by extension 'colcon_pkg'
[0.208s] Level 1:colcon.colcon_core.package_identification:_identify(tools) by extensions ['colcon_meta']
[0.208s] Level 1:colcon.colcon_core.package_identification:_identify(tools) by extension 'colcon_meta'
[0.208s] Level 1:colcon.colcon_core.package_identification:_identify(tools) by extensions ['ros']
[0.208s] Level 1:colcon.colcon_core.package_identification:_identify(tools) by extension 'ros'
[0.208s] Level 1:colcon.colcon_core.package_identification:_identify(tools) by extensions ['cmake', 'python']
[0.208s] Level 1:colcon.colcon_core.package_identification:_identify(tools) by extension 'cmake'
[0.208s] Level 1:colcon.colcon_core.package_identification:_identify(tools) by extension 'python'
[0.208s] Level 1:colcon.colcon_core.package_identification:_identify(tools) by extensions ['python_setup_py']
[0.208s] Level 1:colcon.colcon_core.package_identification:_identify(tools) by extension 'python_setup_py'
[0.208s] Level 1:colcon.colcon_core.package_identification:_identify(tools/nuscenes_data_collector) by extensions ['ignore', 'ignore_ament_install']
[0.208s] Level 1:colcon.colcon_core.package_identification:_identify(tools/nuscenes_data_collector) by extension 'ignore'
[0.208s] Level 1:colcon.colcon_core.package_identification:_identify(tools/nuscenes_data_collector) by extension 'ignore_ament_install'
[0.208s] Level 1:colcon.colcon_core.package_identification:_identify(tools/nuscenes_data_collector) by extensions ['colcon_pkg']
[0.208s] Level 1:colcon.colcon_core.package_identification:_identify(tools/nuscenes_data_collector) by extension 'colcon_pkg'
[0.208s] Level 1:colcon.colcon_core.package_identification:_identify(tools/nuscenes_data_collector) by extensions ['colcon_meta']
[0.208s] Level 1:colcon.colcon_core.package_identification:_identify(tools/nuscenes_data_collector) by extension 'colcon_meta'
[0.208s] Level 1:colcon.colcon_core.package_identification:_identify(tools/nuscenes_data_collector) by extensions ['ros']
[0.208s] Level 1:colcon.colcon_core.package_identification:_identify(tools/nuscenes_data_collector) by extension 'ros'
[0.208s] Level 1:colcon.colcon_core.package_identification:_identify(tools/nuscenes_data_collector) by extensions ['cmake', 'python']
[0.208s] Level 1:colcon.colcon_core.package_identification:_identify(tools/nuscenes_data_collector) by extension 'cmake'
[0.208s] Level 1:colcon.colcon_core.package_identification:_identify(tools/nuscenes_data_collector) by extension 'python'
[0.208s] Level 1:colcon.colcon_core.package_identification:_identify(tools/nuscenes_data_collector) by extensions ['python_setup_py']
[0.209s] Level 1:colcon.colcon_core.package_identification:_identify(tools/nuscenes_data_collector) by extension 'python_setup_py'
[0.209s] Level 1:colcon.colcon_core.package_discovery:discover_packages(recursive) using defaults
[0.209s] Level 1:colcon.colcon_core.package_discovery:discover_packages(ignore) discover
[0.209s] Level 1:colcon.colcon_core.package_discovery:discover_packages(ignore) using defaults
[0.209s] Level 1:colcon.colcon_core.package_discovery:discover_packages(path) discover
[0.209s] Level 1:colcon.colcon_core.package_discovery:discover_packages(path) using defaults
[0.229s] Level 1:colcon.colcon_core.package_discovery:discover_packages(prefix_path) check parameters
[0.230s] Level 1:colcon.colcon_core.package_discovery:discover_packages(prefix_path) discover
[0.231s] DEBUG:colcon.colcon_installed_package_information.package_discovery:Found 397 installed packages in /opt/ros/humble
[0.233s] Level 1:colcon.colcon_core.package_discovery:discover_packages(prefix_path) using defaults
[0.264s] Level 5:colcon.colcon_core.verb:set package 'message_filter_example' build argument 'cmake_args' from command line to 'None'
[0.264s] Level 5:colcon.colcon_core.verb:set package 'message_filter_example' build argument 'cmake_target' from command line to 'None'
[0.264s] Level 5:colcon.colcon_core.verb:set package 'message_filter_example' build argument 'cmake_target_skip_unavailable' from command line to 'False'
[0.264s] Level 5:colcon.colcon_core.verb:set package 'message_filter_example' build argument 'cmake_clean_cache' from command line to 'False'
[0.264s] Level 5:colcon.colcon_core.verb:set package 'message_filter_example' build argument 'cmake_clean_first' from command line to 'False'
[0.264s] Level 5:colcon.colcon_core.verb:set package 'message_filter_example' build argument 'cmake_force_configure' from command line to 'False'
[0.264s] Level 5:colcon.colcon_core.verb:set package 'message_filter_example' build argument 'ament_cmake_args' from command line to 'None'
[0.264s] Level 5:colcon.colcon_core.verb:set package 'message_filter_example' build argument 'catkin_cmake_args' from command line to 'None'
[0.264s] Level 5:colcon.colcon_core.verb:set package 'message_filter_example' build argument 'catkin_skip_building_tests' from command line to 'False'
[0.264s] DEBUG:colcon.colcon_core.verb:Building package 'message_filter_example' with the following arguments: {'ament_cmake_args': None, 'build_base': '/home/pyh/Documents/ros2_ws/RobotAD_issac_ws/build/message_filter_example', 'catkin_cmake_args': None, 'catkin_skip_building_tests': False, 'cmake_args': None, 'cmake_clean_cache': False, 'cmake_clean_first': False, 'cmake_force_configure': False, 'cmake_target': None, 'cmake_target_skip_unavailable': False, 'install_base': '/home/pyh/Documents/ros2_ws/RobotAD_issac_ws/install/message_filter_example', 'merge_install': False, 'path': '/home/pyh/Documents/ros2_ws/RobotAD_issac_ws/src/message_filter_test', 'symlink_install': True, 'test_result_base': None}
[0.265s] Level 5:colcon.colcon_core.verb:set package 'nuscenes_data_collector' build argument 'cmake_args' from command line to 'None'
[0.265s] Level 5:colcon.colcon_core.verb:set package 'nuscenes_data_collector' build argument 'cmake_target' from command line to 'None'
[0.265s] Level 5:colcon.colcon_core.verb:set package 'nuscenes_data_collector' build argument 'cmake_target_skip_unavailable' from command line to 'False'
[0.265s] Level 5:colcon.colcon_core.verb:set package 'nuscenes_data_collector' build argument 'cmake_clean_cache' from command line to 'False'
[0.265s] Level 5:colcon.colcon_core.verb:set package 'nuscenes_data_collector' build argument 'cmake_clean_first' from command line to 'False'
[0.265s] Level 5:colcon.colcon_core.verb:set package 'nuscenes_data_collector' build argument 'cmake_force_configure' from command line to 'False'
[0.265s] Level 5:colcon.colcon_core.verb:set package 'nuscenes_data_collector' build argument 'ament_cmake_args' from command line to 'None'
[0.265s] Level 5:colcon.colcon_core.verb:set package 'nuscenes_data_collector' build argument 'catkin_cmake_args' from command line to 'None'
[0.265s] Level 5:colcon.colcon_core.verb:set package 'nuscenes_data_collector' build argument 'catkin_skip_building_tests' from command line to 'False'
[0.265s] DEBUG:colcon.colcon_core.verb:Building package 'nuscenes_data_collector' with the following arguments: {'ament_cmake_args': None, 'build_base': '/home/pyh/Documents/ros2_ws/RobotAD_issac_ws/build/nuscenes_data_collector', 'catkin_cmake_args': None, 'catkin_skip_building_tests': False, 'cmake_args': None, 'cmake_clean_cache': False, 'cmake_clean_first': False, 'cmake_force_configure': False, 'cmake_target': None, 'cmake_target_skip_unavailable': False, 'install_base': '/home/pyh/Documents/ros2_ws/RobotAD_issac_ws/install/nuscenes_data_collector', 'merge_install': False, 'path': '/home/pyh/Documents/ros2_ws/RobotAD_issac_ws/src/nuscenes_data_collector', 'symlink_install': True, 'test_result_base': None}
[0.265s] Level 5:colcon.colcon_core.verb:set package 'pointcloud_to_laserscan' build argument 'cmake_args' from command line to 'None'
[0.265s] Level 5:colcon.colcon_core.verb:set package 'pointcloud_to_laserscan' build argument 'cmake_target' from command line to 'None'
[0.265s] Level 5:colcon.colcon_core.verb:set package 'pointcloud_to_laserscan' build argument 'cmake_target_skip_unavailable' from command line to 'False'
[0.265s] Level 5:colcon.colcon_core.verb:set package 'pointcloud_to_laserscan' build argument 'cmake_clean_cache' from command line to 'False'
[0.265s] Level 5:colcon.colcon_core.verb:set package 'pointcloud_to_laserscan' build argument 'cmake_clean_first' from command line to 'False'
[0.265s] Level 5:colcon.colcon_core.verb:set package 'pointcloud_to_laserscan' build argument 'cmake_force_configure' from command line to 'False'
[0.265s] Level 5:colcon.colcon_core.verb:set package 'pointcloud_to_laserscan' build argument 'ament_cmake_args' from command line to 'None'
[0.265s] Level 5:colcon.colcon_core.verb:set package 'pointcloud_to_laserscan' build argument 'catkin_cmake_args' from command line to 'None'
[0.265s] Level 5:colcon.colcon_core.verb:set package 'pointcloud_to_laserscan' build argument 'catkin_skip_building_tests' from command line to 'False'
[0.265s] DEBUG:colcon.colcon_core.verb:Building package 'pointcloud_to_laserscan' with the following arguments: {'ament_cmake_args': None, 'build_base': '/home/pyh/Documents/ros2_ws/RobotAD_issac_ws/build/pointcloud_to_laserscan', 'catkin_cmake_args': None, 'catkin_skip_building_tests': False, 'cmake_args': None, 'cmake_clean_cache': False, 'cmake_clean_first': False, 'cmake_force_configure': False, 'cmake_target': None, 'cmake_target_skip_unavailable': False, 'install_base': '/home/pyh/Documents/ros2_ws/RobotAD_issac_ws/install/pointcloud_to_laserscan', 'merge_install': False, 'path': '/home/pyh/Documents/ros2_ws/RobotAD_issac_ws/src/pointcloud_to_laserscan', 'symlink_install': True, 'test_result_base': None}
[0.265s] Level 5:colcon.colcon_core.verb:set package 'robot_hardware' build argument 'cmake_args' from command line to 'None'
[0.265s] Level 5:colcon.colcon_core.verb:set package 'robot_hardware' build argument 'cmake_target' from command line to 'None'
[0.265s] Level 5:colcon.colcon_core.verb:set package 'robot_hardware' build argument 'cmake_target_skip_unavailable' from command line to 'False'
[0.265s] Level 5:colcon.colcon_core.verb:set package 'robot_hardware' build argument 'cmake_clean_cache' from command line to 'False'
[0.265s] Level 5:colcon.colcon_core.verb:set package 'robot_hardware' build argument 'cmake_clean_first' from command line to 'False'
[0.265s] Level 5:colcon.colcon_core.verb:set package 'robot_hardware' build argument 'cmake_force_configure' from command line to 'False'
[0.265s] Level 5:colcon.colcon_core.verb:set package 'robot_hardware' build argument 'ament_cmake_args' from command line to 'None'
[0.265s] Level 5:colcon.colcon_core.verb:set package 'robot_hardware' build argument 'catkin_cmake_args' from command line to 'None'
[0.265s] Level 5:colcon.colcon_core.verb:set package 'robot_hardware' build argument 'catkin_skip_building_tests' from command line to 'False'
[0.265s] DEBUG:colcon.colcon_core.verb:Building package 'robot_hardware' with the following arguments: {'ament_cmake_args': None, 'build_base': '/home/pyh/Documents/ros2_ws/RobotAD_issac_ws/build/robot_hardware', 'catkin_cmake_args': None, 'catkin_skip_building_tests': False, 'cmake_args': None, 'cmake_clean_cache': False, 'cmake_clean_first': False, 'cmake_force_configure': False, 'cmake_target': None, 'cmake_target_skip_unavailable': False, 'install_base': '/home/pyh/Documents/ros2_ws/RobotAD_issac_ws/install/robot_hardware', 'merge_install': False, 'path': '/home/pyh/Documents/ros2_ws/RobotAD_issac_ws/src/robot_hardware', 'symlink_install': True, 'test_result_base': None}
[0.266s] Level 5:colcon.colcon_core.verb:set package 'robot_locate' build argument 'cmake_args' from command line to 'None'
[0.266s] Level 5:colcon.colcon_core.verb:set package 'robot_locate' build argument 'cmake_target' from command line to 'None'
[0.266s] Level 5:colcon.colcon_core.verb:set package 'robot_locate' build argument 'cmake_target_skip_unavailable' from command line to 'False'
[0.266s] Level 5:colcon.colcon_core.verb:set package 'robot_locate' build argument 'cmake_clean_cache' from command line to 'False'
[0.266s] Level 5:colcon.colcon_core.verb:set package 'robot_locate' build argument 'cmake_clean_first' from command line to 'False'
[0.266s] Level 5:colcon.colcon_core.verb:set package 'robot_locate' build argument 'cmake_force_configure' from command line to 'False'
[0.266s] Level 5:colcon.colcon_core.verb:set package 'robot_locate' build argument 'ament_cmake_args' from command line to 'None'
[0.266s] Level 5:colcon.colcon_core.verb:set package 'robot_locate' build argument 'catkin_cmake_args' from command line to 'None'
[0.266s] Level 5:colcon.colcon_core.verb:set package 'robot_locate' build argument 'catkin_skip_building_tests' from command line to 'False'
[0.266s] DEBUG:colcon.colcon_core.verb:Building package 'robot_locate' with the following arguments: {'ament_cmake_args': None, 'build_base': '/home/pyh/Documents/ros2_ws/RobotAD_issac_ws/build/robot_locate', 'catkin_cmake_args': None, 'catkin_skip_building_tests': False, 'cmake_args': None, 'cmake_clean_cache': False, 'cmake_clean_first': False, 'cmake_force_configure': False, 'cmake_target': None, 'cmake_target_skip_unavailable': False, 'install_base': '/home/pyh/Documents/ros2_ws/RobotAD_issac_ws/install/robot_locate', 'merge_install': False, 'path': '/home/pyh/Documents/ros2_ws/RobotAD_issac_ws/src/robot_locate', 'symlink_install': True, 'test_result_base': None}
[0.266s] Level 5:colcon.colcon_core.verb:set package 'usb_camera' build argument 'cmake_args' from command line to 'None'
[0.266s] Level 5:colcon.colcon_core.verb:set package 'usb_camera' build argument 'cmake_target' from command line to 'None'
[0.266s] Level 5:colcon.colcon_core.verb:set package 'usb_camera' build argument 'cmake_target_skip_unavailable' from command line to 'False'
[0.266s] Level 5:colcon.colcon_core.verb:set package 'usb_camera' build argument 'cmake_clean_cache' from command line to 'False'
[0.266s] Level 5:colcon.colcon_core.verb:set package 'usb_camera' build argument 'cmake_clean_first' from command line to 'False'
[0.266s] Level 5:colcon.colcon_core.verb:set package 'usb_camera' build argument 'cmake_force_configure' from command line to 'False'
[0.266s] Level 5:colcon.colcon_core.verb:set package 'usb_camera' build argument 'ament_cmake_args' from command line to 'None'
[0.266s] Level 5:colcon.colcon_core.verb:set package 'usb_camera' build argument 'catkin_cmake_args' from command line to 'None'
[0.266s] Level 5:colcon.colcon_core.verb:set package 'usb_camera' build argument 'catkin_skip_building_tests' from command line to 'False'
[0.266s] DEBUG:colcon.colcon_core.verb:Building package 'usb_camera' with the following arguments: {'ament_cmake_args': None, 'build_base': '/home/pyh/Documents/ros2_ws/RobotAD_issac_ws/build/usb_camera', 'catkin_cmake_args': None, 'catkin_skip_building_tests': False, 'cmake_args': None, 'cmake_clean_cache': False, 'cmake_clean_first': False, 'cmake_force_configure': False, 'cmake_target': None, 'cmake_target_skip_unavailable': False, 'install_base': '/home/pyh/Documents/ros2_ws/RobotAD_issac_ws/install/usb_camera', 'merge_install': False, 'path': '/home/pyh/Documents/ros2_ws/RobotAD_issac_ws/src/usb_camera', 'symlink_install': True, 'test_result_base': None}
[0.266s] Level 5:colcon.colcon_core.verb:set package 'diff_control' build argument 'cmake_args' from command line to 'None'
[0.266s] Level 5:colcon.colcon_core.verb:set package 'diff_control' build argument 'cmake_target' from command line to 'None'
[0.266s] Level 5:colcon.colcon_core.verb:set package 'diff_control' build argument 'cmake_target_skip_unavailable' from command line to 'False'
[0.266s] Level 5:colcon.colcon_core.verb:set package 'diff_control' build argument 'cmake_clean_cache' from command line to 'False'
[0.266s] Level 5:colcon.colcon_core.verb:set package 'diff_control' build argument 'cmake_clean_first' from command line to 'False'
[0.266s] Level 5:colcon.colcon_core.verb:set package 'diff_control' build argument 'cmake_force_configure' from command line to 'False'
[0.266s] Level 5:colcon.colcon_core.verb:set package 'diff_control' build argument 'ament_cmake_args' from command line to 'None'
[0.266s] Level 5:colcon.colcon_core.verb:set package 'diff_control' build argument 'catkin_cmake_args' from command line to 'None'
[0.266s] Level 5:colcon.colcon_core.verb:set package 'diff_control' build argument 'catkin_skip_building_tests' from command line to 'False'
[0.266s] DEBUG:colcon.colcon_core.verb:Building package 'diff_control' with the following arguments: {'ament_cmake_args': None, 'build_base': '/home/pyh/Documents/ros2_ws/RobotAD_issac_ws/build/diff_control', 'catkin_cmake_args': None, 'catkin_skip_building_tests': False, 'cmake_args': None, 'cmake_clean_cache': False, 'cmake_clean_first': False, 'cmake_force_configure': False, 'cmake_target': None, 'cmake_target_skip_unavailable': False, 'install_base': '/home/pyh/Documents/ros2_ws/RobotAD_issac_ws/install/diff_control', 'merge_install': False, 'path': '/home/pyh/Documents/ros2_ws/RobotAD_issac_ws/src/diff_control', 'symlink_install': True, 'test_result_base': None}
[0.267s] Level 5:colcon.colcon_core.verb:set package 'keyboard_control' build argument 'cmake_args' from command line to 'None'
[0.267s] Level 5:colcon.colcon_core.verb:set package 'keyboard_control' build argument 'cmake_target' from command line to 'None'
[0.267s] Level 5:colcon.colcon_core.verb:set package 'keyboard_control' build argument 'cmake_target_skip_unavailable' from command line to 'False'
[0.267s] Level 5:colcon.colcon_core.verb:set package 'keyboard_control' build argument 'cmake_clean_cache' from command line to 'False'
[0.267s] Level 5:colcon.colcon_core.verb:set package 'keyboard_control' build argument 'cmake_clean_first' from command line to 'False'
[0.267s] Level 5:colcon.colcon_core.verb:set package 'keyboard_control' build argument 'cmake_force_configure' from command line to 'False'
[0.267s] Level 5:colcon.colcon_core.verb:set package 'keyboard_control' build argument 'ament_cmake_args' from command line to 'None'
[0.267s] Level 5:colcon.colcon_core.verb:set package 'keyboard_control' build argument 'catkin_cmake_args' from command line to 'None'
[0.267s] Level 5:colcon.colcon_core.verb:set package 'keyboard_control' build argument 'catkin_skip_building_tests' from command line to 'False'
[0.267s] DEBUG:colcon.colcon_core.verb:Building package 'keyboard_control' with the following arguments: {'ament_cmake_args': None, 'build_base': '/home/pyh/Documents/ros2_ws/RobotAD_issac_ws/build/keyboard_control', 'catkin_cmake_args': None, 'catkin_skip_building_tests': False, 'cmake_args': None, 'cmake_clean_cache': False, 'cmake_clean_first': False, 'cmake_force_configure': False, 'cmake_target': None, 'cmake_target_skip_unavailable': False, 'install_base': '/home/pyh/Documents/ros2_ws/RobotAD_issac_ws/install/keyboard_control', 'merge_install': False, 'path': '/home/pyh/Documents/ros2_ws/RobotAD_issac_ws/src/keyboard_control', 'symlink_install': True, 'test_result_base': None}
[0.267s] Level 5:colcon.colcon_core.verb:set package 'serial_comm' build argument 'cmake_args' from command line to 'None'
[0.267s] Level 5:colcon.colcon_core.verb:set package 'serial_comm' build argument 'cmake_target' from command line to 'None'
[0.267s] Level 5:colcon.colcon_core.verb:set package 'serial_comm' build argument 'cmake_target_skip_unavailable' from command line to 'False'
[0.267s] Level 5:colcon.colcon_core.verb:set package 'serial_comm' build argument 'cmake_clean_cache' from command line to 'False'
[0.267s] Level 5:colcon.colcon_core.verb:set package 'serial_comm' build argument 'cmake_clean_first' from command line to 'False'
[0.267s] Level 5:colcon.colcon_core.verb:set package 'serial_comm' build argument 'cmake_force_configure' from command line to 'False'
[0.267s] Level 5:colcon.colcon_core.verb:set package 'serial_comm' build argument 'ament_cmake_args' from command line to 'None'
[0.267s] Level 5:colcon.colcon_core.verb:set package 'serial_comm' build argument 'catkin_cmake_args' from command line to 'None'
[0.267s] Level 5:colcon.colcon_core.verb:set package 'serial_comm' build argument 'catkin_skip_building_tests' from command line to 'False'
[0.267s] DEBUG:colcon.colcon_core.verb:Building package 'serial_comm' with the following arguments: {'ament_cmake_args': None, 'build_base': '/home/pyh/Documents/ros2_ws/RobotAD_issac_ws/build/serial_comm', 'catkin_cmake_args': None, 'catkin_skip_building_tests': False, 'cmake_args': None, 'cmake_clean_cache': False, 'cmake_clean_first': False, 'cmake_force_configure': False, 'cmake_target': None, 'cmake_target_skip_unavailable': False, 'install_base': '/home/pyh/Documents/ros2_ws/RobotAD_issac_ws/install/serial_comm', 'merge_install': False, 'path': '/home/pyh/Documents/ros2_ws/RobotAD_issac_ws/src/serial_comm', 'symlink_install': True, 'test_result_base': None}
[0.267s] INFO:colcon.colcon_core.executor:Executing jobs using 'parallel' executor
[0.268s] DEBUG:colcon.colcon_parallel_executor.executor.parallel:run_until_complete
[0.268s] INFO:colcon.colcon_ros.task.ament_cmake.build:Building ROS package in '/home/pyh/Documents/ros2_ws/RobotAD_issac_ws/src/robot_hardware' with build type 'ament_cmake'
[0.268s] INFO:colcon.colcon_cmake.task.cmake.build:Building CMake package in '/home/pyh/Documents/ros2_ws/RobotAD_issac_ws/src/robot_hardware'
[0.270s] INFO:colcon.colcon_core.plugin_system:Skipping extension 'colcon_core.shell.bat': Not used on non-Windows systems
[0.270s] INFO:colcon.colcon_core.shell:Skip shell extension 'powershell' for command environment: Not usable outside of PowerShell
[0.270s] DEBUG:colcon.colcon_core.shell:Skip shell extension 'dsv' for command environment
[0.272s] INFO:colcon.colcon_ros.task.catkin.build:Building ROS package in '/home/pyh/Documents/ros2_ws/RobotAD_issac_ws/src/message_filter_test' with build type 'catkin'
[0.272s] INFO:colcon.colcon_cmake.task.cmake.build:Building CMake package in '/home/pyh/Documents/ros2_ws/RobotAD_issac_ws/src/message_filter_test'
[0.272s] INFO:colcon.colcon_core.shell:Skip shell extension 'powershell' for command environment: Not usable outside of PowerShell
[0.272s] DEBUG:colcon.colcon_core.shell:Skip shell extension 'dsv' for command environment
[0.274s] INFO:colcon.colcon_ros.task.ament_cmake.build:Building ROS package in '/home/pyh/Documents/ros2_ws/RobotAD_issac_ws/src/nuscenes_data_collector' with build type 'ament_cmake'
[0.274s] INFO:colcon.colcon_cmake.task.cmake.build:Building CMake package in '/home/pyh/Documents/ros2_ws/RobotAD_issac_ws/src/nuscenes_data_collector'
[0.275s] INFO:colcon.colcon_core.shell:Skip shell extension 'powershell' for command environment: Not usable outside of PowerShell
[0.275s] DEBUG:colcon.colcon_core.shell:Skip shell extension 'dsv' for command environment
[0.276s] INFO:colcon.colcon_ros.task.ament_cmake.build:Building ROS package in '/home/pyh/Documents/ros2_ws/RobotAD_issac_ws/src/pointcloud_to_laserscan' with build type 'ament_cmake'
[0.276s] INFO:colcon.colcon_cmake.task.cmake.build:Building CMake package in '/home/pyh/Documents/ros2_ws/RobotAD_issac_ws/src/pointcloud_to_laserscan'
[0.277s] INFO:colcon.colcon_core.shell:Skip shell extension 'powershell' for command environment: Not usable outside of PowerShell
[0.277s] DEBUG:colcon.colcon_core.shell:Skip shell extension 'dsv' for command environment
[0.279s] INFO:colcon.colcon_ros.task.ament_cmake.build:Building ROS package in '/home/pyh/Documents/ros2_ws/RobotAD_issac_ws/src/robot_locate' with build type 'ament_cmake'
[0.279s] INFO:colcon.colcon_cmake.task.cmake.build:Building CMake package in '/home/pyh/Documents/ros2_ws/RobotAD_issac_ws/src/robot_locate'
[0.279s] INFO:colcon.colcon_core.shell:Skip shell extension 'powershell' for command environment: Not usable outside of PowerShell
[0.279s] DEBUG:colcon.colcon_core.shell:Skip shell extension 'dsv' for command environment
[0.281s] INFO:colcon.colcon_ros.task.ament_cmake.build:Building ROS package in '/home/pyh/Documents/ros2_ws/RobotAD_issac_ws/src/usb_camera' with build type 'ament_cmake'
[0.282s] INFO:colcon.colcon_cmake.task.cmake.build:Building CMake package in '/home/pyh/Documents/ros2_ws/RobotAD_issac_ws/src/usb_camera'
[0.282s] INFO:colcon.colcon_core.shell:Skip shell extension 'powershell' for command environment: Not usable outside of PowerShell
[0.282s] DEBUG:colcon.colcon_core.shell:Skip shell extension 'dsv' for command environment
[0.288s] DEBUG:colcon.colcon_core.event_handler.log_command:Invoking command in '/home/pyh/Documents/ros2_ws/RobotAD_issac_ws/build/robot_hardware': CMAKE_PREFIX_PATH=/opt/ros/humble /usr/bin/cmake --build /home/pyh/Documents/ros2_ws/RobotAD_issac_ws/build/robot_hardware -- -j16 -l16
[0.290s] DEBUG:colcon.colcon_core.event_handler.log_command:Invoking command in '/home/pyh/Documents/ros2_ws/RobotAD_issac_ws/build/message_filter_example': /usr/bin/cmake --build /home/pyh/Documents/ros2_ws/RobotAD_issac_ws/build/message_filter_example -- -j16 -l16
[0.293s] DEBUG:colcon.colcon_core.event_handler.log_command:Invoking command in '/home/pyh/Documents/ros2_ws/RobotAD_issac_ws/build/nuscenes_data_collector': CMAKE_PREFIX_PATH=/opt/ros/humble /usr/bin/cmake --build /home/pyh/Documents/ros2_ws/RobotAD_issac_ws/build/nuscenes_data_collector -- -j16 -l16
[0.294s] DEBUG:colcon.colcon_core.event_handler.log_command:Invoking command in '/home/pyh/Documents/ros2_ws/RobotAD_issac_ws/build/pointcloud_to_laserscan': CMAKE_PREFIX_PATH=/opt/ros/humble /usr/bin/cmake --build /home/pyh/Documents/ros2_ws/RobotAD_issac_ws/build/pointcloud_to_laserscan -- -j16 -l16
[0.297s] DEBUG:colcon.colcon_core.event_handler.log_command:Invoking command in '/home/pyh/Documents/ros2_ws/RobotAD_issac_ws/build/robot_locate': CMAKE_PREFIX_PATH=/opt/ros/humble /usr/bin/cmake --build /home/pyh/Documents/ros2_ws/RobotAD_issac_ws/build/robot_locate -- -j16 -l16
[0.300s] DEBUG:colcon.colcon_core.event_handler.log_command:Invoking command in '/home/pyh/Documents/ros2_ws/RobotAD_issac_ws/build/usb_camera': CMAKE_PREFIX_PATH=/opt/ros/humble /usr/bin/cmake --build /home/pyh/Documents/ros2_ws/RobotAD_issac_ws/build/usb_camera -- -j16 -l16
[0.303s] DEBUG:colcon.colcon_core.event_handler.log_command:Invoked command in '/home/pyh/Documents/ros2_ws/RobotAD_issac_ws/build/message_filter_example' returned '2': /usr/bin/cmake --build /home/pyh/Documents/ros2_ws/RobotAD_issac_ws/build/message_filter_example -- -j16 -l16
[0.303s] Level 1:colcon.colcon_core.shell:create_environment_hook('message_filter_example', 'ros_package_path')
[0.303s] INFO:colcon.colcon_core.shell:Creating environment hook '/home/pyh/Documents/ros2_ws/RobotAD_issac_ws/install/message_filter_example/share/message_filter_example/hook/ros_package_path.ps1'
[0.304s] INFO:colcon.colcon_core.shell:Creating environment descriptor '/home/pyh/Documents/ros2_ws/RobotAD_issac_ws/install/message_filter_example/share/message_filter_example/hook/ros_package_path.dsv'
[0.305s] INFO:colcon.colcon_core.shell:Creating environment hook '/home/pyh/Documents/ros2_ws/RobotAD_issac_ws/install/message_filter_example/share/message_filter_example/hook/ros_package_path.sh'
[0.305s] Level 1:colcon.colcon_core.shell:create_environment_hook('message_filter_example', 'pkg_config_path')
[0.305s] INFO:colcon.colcon_core.shell:Creating environment hook '/home/pyh/Documents/ros2_ws/RobotAD_issac_ws/install/message_filter_example/share/message_filter_example/hook/pkg_config_path.ps1'
[0.306s] INFO:colcon.colcon_core.shell:Creating environment descriptor '/home/pyh/Documents/ros2_ws/RobotAD_issac_ws/install/message_filter_example/share/message_filter_example/hook/pkg_config_path.dsv'
[0.306s] INFO:colcon.colcon_core.shell:Creating environment hook '/home/pyh/Documents/ros2_ws/RobotAD_issac_ws/install/message_filter_example/share/message_filter_example/hook/pkg_config_path.sh'
[0.307s] Level 1:colcon.colcon_core.shell:create_environment_hook('message_filter_example', 'pkg_config_path_multiarch')
[0.308s] INFO:colcon.colcon_core.shell:Creating environment hook '/home/pyh/Documents/ros2_ws/RobotAD_issac_ws/install/message_filter_example/share/message_filter_example/hook/pkg_config_path_multiarch.ps1'
[0.308s] INFO:colcon.colcon_core.shell:Creating environment descriptor '/home/pyh/Documents/ros2_ws/RobotAD_issac_ws/install/message_filter_example/share/message_filter_example/hook/pkg_config_path_multiarch.dsv'
[0.308s] INFO:colcon.colcon_core.shell:Creating environment hook '/home/pyh/Documents/ros2_ws/RobotAD_issac_ws/install/message_filter_example/share/message_filter_example/hook/pkg_config_path_multiarch.sh'
[0.309s] Level 1:colcon.colcon_core.environment:create_environment_scripts_only(message_filter_example)
[0.310s] Level 1:colcon.colcon_core.environment:checking '/home/pyh/Documents/ros2_ws/RobotAD_issac_ws/install/message_filter_example' for CMake module files
[0.311s] Level 1:colcon.colcon_core.environment:checking '/home/pyh/Documents/ros2_ws/RobotAD_issac_ws/install/message_filter_example' for CMake config files
[0.311s] Level 1:colcon.colcon_core.shell:create_environment_hook('message_filter_example', 'cmake_prefix_path')
[0.311s] INFO:colcon.colcon_core.shell:Creating environment hook '/home/pyh/Documents/ros2_ws/RobotAD_issac_ws/install/message_filter_example/share/message_filter_example/hook/cmake_prefix_path.ps1'
[0.311s] INFO:colcon.colcon_core.shell:Creating environment descriptor '/home/pyh/Documents/ros2_ws/RobotAD_issac_ws/install/message_filter_example/share/message_filter_example/hook/cmake_prefix_path.dsv'
[0.312s] INFO:colcon.colcon_core.shell:Creating environment hook '/home/pyh/Documents/ros2_ws/RobotAD_issac_ws/install/message_filter_example/share/message_filter_example/hook/cmake_prefix_path.sh'
[0.312s] Level 1:colcon.colcon_core.environment:checking '/home/pyh/Documents/ros2_ws/RobotAD_issac_ws/install/message_filter_example/lib'
[0.312s] Level 1:colcon.colcon_core.environment:checking '/home/pyh/Documents/ros2_ws/RobotAD_issac_ws/install/message_filter_example/bin'
[0.312s] Level 1:colcon.colcon_core.environment:checking '/home/pyh/Documents/ros2_ws/RobotAD_issac_ws/install/message_filter_example/lib/pkgconfig/message_filter_example.pc'
[0.312s] Level 1:colcon.colcon_core.environment:checking '/home/pyh/Documents/ros2_ws/RobotAD_issac_ws/install/message_filter_example/lib/python3.10/site-packages'
[0.313s] Level 1:colcon.colcon_core.environment:checking '/home/pyh/Documents/ros2_ws/RobotAD_issac_ws/install/message_filter_example/bin'
[0.313s] INFO:colcon.colcon_core.shell:Creating package script '/home/pyh/Documents/ros2_ws/RobotAD_issac_ws/install/message_filter_example/share/message_filter_example/package.ps1'
[0.314s] INFO:colcon.colcon_core.shell:Creating package descriptor '/home/pyh/Documents/ros2_ws/RobotAD_issac_ws/install/message_filter_example/share/message_filter_example/package.dsv'
[0.314s] INFO:colcon.colcon_core.shell:Creating package script '/home/pyh/Documents/ros2_ws/RobotAD_issac_ws/install/message_filter_example/share/message_filter_example/package.sh'
[0.315s] INFO:colcon.colcon_core.shell:Creating package script '/home/pyh/Documents/ros2_ws/RobotAD_issac_ws/install/message_filter_example/share/message_filter_example/package.bash'
[0.315s] INFO:colcon.colcon_core.shell:Creating package script '/home/pyh/Documents/ros2_ws/RobotAD_issac_ws/install/message_filter_example/share/message_filter_example/package.zsh'
[0.316s] Level 1:colcon.colcon_core.environment:create_file_with_runtime_dependencies(/home/pyh/Documents/ros2_ws/RobotAD_issac_ws/install/message_filter_example/share/colcon-core/packages/message_filter_example)
[0.327s] DEBUG:colcon.colcon_parallel_executor.executor.parallel:closing loop
[0.327s] DEBUG:colcon.colcon_parallel_executor.executor.parallel:loop closed
[0.327s] DEBUG:colcon.colcon_parallel_executor.executor.parallel:run_until_complete finished with '2'
[0.327s] DEBUG:colcon.colcon_core.event_reactor:joining thread
[0.331s] INFO:colcon.colcon_core.plugin_system:Skipping extension 'colcon_notification.desktop_notification.terminal_notifier': Not used on non-Darwin systems
[0.331s] INFO:colcon.colcon_core.plugin_system:Skipping extension 'colcon_notification.desktop_notification.win32': Not used on non-Windows systems
[0.331s] INFO:colcon.colcon_notification.desktop_notification:Sending desktop notification using 'notify2'
[0.339s] DEBUG:colcon.colcon_core.event_reactor:joined thread
[0.339s] INFO:colcon.colcon_core.shell:Creating prefix script '/home/pyh/Documents/ros2_ws/RobotAD_issac_ws/install/local_setup.ps1'
[0.340s] INFO:colcon.colcon_core.shell:Creating prefix util module '/home/pyh/Documents/ros2_ws/RobotAD_issac_ws/install/_local_setup_util_ps1.py'
[0.341s] INFO:colcon.colcon_core.shell:Creating prefix chain script '/home/pyh/Documents/ros2_ws/RobotAD_issac_ws/install/setup.ps1'
[0.341s] INFO:colcon.colcon_core.shell:Creating prefix script '/home/pyh/Documents/ros2_ws/RobotAD_issac_ws/install/local_setup.sh'
[0.342s] INFO:colcon.colcon_core.shell:Creating prefix util module '/home/pyh/Documents/ros2_ws/RobotAD_issac_ws/install/_local_setup_util_sh.py'
[0.342s] INFO:colcon.colcon_core.shell:Creating prefix chain script '/home/pyh/Documents/ros2_ws/RobotAD_issac_ws/install/setup.sh'
[0.343s] INFO:colcon.colcon_core.shell:Creating prefix script '/home/pyh/Documents/ros2_ws/RobotAD_issac_ws/install/local_setup.bash'
[0.343s] INFO:colcon.colcon_core.shell:Creating prefix chain script '/home/pyh/Documents/ros2_ws/RobotAD_issac_ws/install/setup.bash'
[0.344s] INFO:colcon.colcon_core.shell:Creating prefix script '/home/pyh/Documents/ros2_ws/RobotAD_issac_ws/install/local_setup.zsh'
[0.344s] INFO:colcon.colcon_core.shell:Creating prefix chain script '/home/pyh/Documents/ros2_ws/RobotAD_issac_ws/install/setup.zsh'
