[0.016s] Invoking command in '/home/pyh/Documents/ros2_ws/RobotAD_Issac_ws/build/robot_locate': CMAKE_PREFIX_PATH=/home/pyh/Documents/ros2_ws/RobotAD_Issac_ws/install/usb_camera:/home/pyh/Documents/ros2_ws/RobotAD_Issac_ws/install/serial_comm:/home/pyh/Documents/ros2_ws/RobotAD_Issac_ws/install/robot_locate:/home/pyh/Documents/ros2_ws/RobotAD_Issac_ws/install/diff_control:/home/pyh/Documents/ros2_ws/RobotAD_Issac_ws/install/robot_hardware:/home/pyh/Documents/ros2_ws/RobotAD_Issac_ws/install/pointcloud_to_laserscan:/home/pyh/Documents/ros2_ws/RobotAD_Issac_ws/install/nuscenes_data_collector:/home/pyh/Documents/ros2_ws/RobotAD_Issac_ws/install/message_filter_example:/home/pyh/Documents/ros2_ws/RobotAD_Issac_ws/install/keyboard_control:/opt/ros/humble:/home/pyh/Documents/ros2_ws/install/message_filter_example /usr/bin/cmake /home/pyh/Documents/ros2_ws/RobotAD_Issac_ws/src/robot_locate -DAMENT_CMAKE_SYMLINK_INSTALL=1 -DCMAKE_INSTALL_PREFIX=/home/pyh/Documents/ros2_ws/RobotAD_Issac_ws/install/robot_locate
[0.069s] -- The C compiler identification is GNU 11.4.0
[0.109s] -- The CXX compiler identification is GNU 11.4.0
[0.116s] -- Detecting C compiler ABI info
[0.162s] -- Detecting C compiler ABI info - done
[0.171s] -- Check for working C compiler: /usr/bin/cc - skipped
[0.172s] -- Detecting C compile features
[0.172s] -- Detecting C compile features - done
[0.175s] -- Detecting CXX compiler ABI info
[0.232s] -- Detecting CXX compiler ABI info - done
[0.241s] -- Check for working CXX compiler: /usr/bin/c++ - skipped
[0.242s] -- Detecting CXX compile features
[0.242s] -- Detecting CXX compile features - done
[0.245s] -- Found ament_cmake: 1.3.11 (/opt/ros/humble/share/ament_cmake/cmake)
[0.351s] -- Found Python3: /usr/bin/python3 (found version "3.10.12") found components: Interpreter 
[0.401s] -- Override CMake install command with custom implementation using symlinks instead of copying resources
[0.419s] -- Found geometry_msgs: 4.2.4 (/opt/ros/humble/share/geometry_msgs/cmake)
[0.444s] -- Found rosidl_generator_c: 3.1.6 (/opt/ros/humble/share/rosidl_generator_c/cmake)
[0.448s] -- Found rosidl_adapter: 3.1.6 (/opt/ros/humble/share/rosidl_adapter/cmake)
[0.454s] -- Found rosidl_generator_cpp: 3.1.6 (/opt/ros/humble/share/rosidl_generator_cpp/cmake)
[0.462s] -- Using all available rosidl_typesupport_c: rosidl_typesupport_fastrtps_c;rosidl_typesupport_introspection_c
[0.473s] -- Using all available rosidl_typesupport_cpp: rosidl_typesupport_fastrtps_cpp;rosidl_typesupport_introspection_cpp
[0.500s] -- Found rclcpp: 16.0.11 (/opt/ros/humble/share/rclcpp/cmake)
[0.525s] -- Found rmw_implementation_cmake: 6.1.2 (/opt/ros/humble/share/rmw_implementation_cmake/cmake)
[0.527s] -- Found rmw_fastrtps_cpp: 6.2.7 (/opt/ros/humble/share/rmw_fastrtps_cpp/cmake)
[0.585s] -- Found OpenSSL: /usr/lib/x86_64-linux-gnu/libcrypto.so (found version "3.0.2")  
[0.608s] -- Found FastRTPS: /opt/ros/humble/include  
[0.646s] -- Using RMW implementation 'rmw_fastrtps_cpp' as default
[0.651s] -- Looking for pthread.h
[0.701s] -- Looking for pthread.h - found
[0.701s] -- Performing Test CMAKE_HAVE_LIBC_PTHREAD
[0.751s] -- Performing Test CMAKE_HAVE_LIBC_PTHREAD - Success
[0.752s] -- Found Threads: TRUE  
[0.795s] -- Found tf2: 0.25.9 (/opt/ros/humble/share/tf2/cmake)
[0.805s] -- Found tf2_ros: 0.25.9 (/opt/ros/humble/share/tf2_ros/cmake)
[0.881s] -- Found turtlesim: 1.4.2 (/opt/ros/humble/share/turtlesim/cmake)
[0.893s] -- Found ament_lint_auto: 0.12.11 (/opt/ros/humble/share/ament_lint_auto/cmake)
[0.950s] -- Added test 'flake8' to check Python code syntax and style conventions
[0.951s] -- Added test 'lint_cmake' to check CMake code style
[0.951s] -- Added test 'pep257' to check Python code against some of the docstring style conventions in PEP 257
[0.953s] -- Added test 'xmllint' to check XML markup files
[0.954s] -- Configuring done
[0.957s] -- Generating done
[0.959s] -- Build files have been written to: /home/pyh/Documents/ros2_ws/RobotAD_Issac_ws/build/robot_locate
[0.966s] Invoked command in '/home/pyh/Documents/ros2_ws/RobotAD_Issac_ws/build/robot_locate' returned '0': CMAKE_PREFIX_PATH=/home/pyh/Documents/ros2_ws/RobotAD_Issac_ws/install/usb_camera:/home/pyh/Documents/ros2_ws/RobotAD_Issac_ws/install/serial_comm:/home/pyh/Documents/ros2_ws/RobotAD_Issac_ws/install/robot_locate:/home/pyh/Documents/ros2_ws/RobotAD_Issac_ws/install/diff_control:/home/pyh/Documents/ros2_ws/RobotAD_Issac_ws/install/robot_hardware:/home/pyh/Documents/ros2_ws/RobotAD_Issac_ws/install/pointcloud_to_laserscan:/home/pyh/Documents/ros2_ws/RobotAD_Issac_ws/install/nuscenes_data_collector:/home/pyh/Documents/ros2_ws/RobotAD_Issac_ws/install/message_filter_example:/home/pyh/Documents/ros2_ws/RobotAD_Issac_ws/install/keyboard_control:/opt/ros/humble:/home/pyh/Documents/ros2_ws/install/message_filter_example /usr/bin/cmake /home/pyh/Documents/ros2_ws/RobotAD_Issac_ws/src/robot_locate -DAMENT_CMAKE_SYMLINK_INSTALL=1 -DCMAKE_INSTALL_PREFIX=/home/pyh/Documents/ros2_ws/RobotAD_Issac_ws/install/robot_locate
[0.967s] Invoking command in '/home/pyh/Documents/ros2_ws/RobotAD_Issac_ws/build/robot_locate': CMAKE_PREFIX_PATH=/home/pyh/Documents/ros2_ws/RobotAD_Issac_ws/install/usb_camera:/home/pyh/Documents/ros2_ws/RobotAD_Issac_ws/install/serial_comm:/home/pyh/Documents/ros2_ws/RobotAD_Issac_ws/install/robot_locate:/home/pyh/Documents/ros2_ws/RobotAD_Issac_ws/install/diff_control:/home/pyh/Documents/ros2_ws/RobotAD_Issac_ws/install/robot_hardware:/home/pyh/Documents/ros2_ws/RobotAD_Issac_ws/install/pointcloud_to_laserscan:/home/pyh/Documents/ros2_ws/RobotAD_Issac_ws/install/nuscenes_data_collector:/home/pyh/Documents/ros2_ws/RobotAD_Issac_ws/install/message_filter_example:/home/pyh/Documents/ros2_ws/RobotAD_Issac_ws/install/keyboard_control:/opt/ros/humble:/home/pyh/Documents/ros2_ws/install/message_filter_example /usr/bin/cmake --build /home/pyh/Documents/ros2_ws/RobotAD_Issac_ws/build/robot_locate -- -j16 -l16
[0.996s] Invoked command in '/home/pyh/Documents/ros2_ws/RobotAD_Issac_ws/build/robot_locate' returned '0': CMAKE_PREFIX_PATH=/home/pyh/Documents/ros2_ws/RobotAD_Issac_ws/install/usb_camera:/home/pyh/Documents/ros2_ws/RobotAD_Issac_ws/install/serial_comm:/home/pyh/Documents/ros2_ws/RobotAD_Issac_ws/install/robot_locate:/home/pyh/Documents/ros2_ws/RobotAD_Issac_ws/install/diff_control:/home/pyh/Documents/ros2_ws/RobotAD_Issac_ws/install/robot_hardware:/home/pyh/Documents/ros2_ws/RobotAD_Issac_ws/install/pointcloud_to_laserscan:/home/pyh/Documents/ros2_ws/RobotAD_Issac_ws/install/nuscenes_data_collector:/home/pyh/Documents/ros2_ws/RobotAD_Issac_ws/install/message_filter_example:/home/pyh/Documents/ros2_ws/RobotAD_Issac_ws/install/keyboard_control:/opt/ros/humble:/home/pyh/Documents/ros2_ws/install/message_filter_example /usr/bin/cmake --build /home/pyh/Documents/ros2_ws/RobotAD_Issac_ws/build/robot_locate -- -j16 -l16
[1.003s] Invoking command in '/home/pyh/Documents/ros2_ws/RobotAD_Issac_ws/build/robot_locate': CMAKE_PREFIX_PATH=/home/pyh/Documents/ros2_ws/RobotAD_Issac_ws/install/usb_camera:/home/pyh/Documents/ros2_ws/RobotAD_Issac_ws/install/serial_comm:/home/pyh/Documents/ros2_ws/RobotAD_Issac_ws/install/robot_locate:/home/pyh/Documents/ros2_ws/RobotAD_Issac_ws/install/diff_control:/home/pyh/Documents/ros2_ws/RobotAD_Issac_ws/install/robot_hardware:/home/pyh/Documents/ros2_ws/RobotAD_Issac_ws/install/pointcloud_to_laserscan:/home/pyh/Documents/ros2_ws/RobotAD_Issac_ws/install/nuscenes_data_collector:/home/pyh/Documents/ros2_ws/RobotAD_Issac_ws/install/message_filter_example:/home/pyh/Documents/ros2_ws/RobotAD_Issac_ws/install/keyboard_control:/opt/ros/humble:/home/pyh/Documents/ros2_ws/install/message_filter_example /usr/bin/cmake --install /home/pyh/Documents/ros2_ws/RobotAD_Issac_ws/build/robot_locate
[1.008s] -- Install configuration: ""
[1.008s] -- Execute custom install script
[1.009s] -- Symlinking: /home/pyh/Documents/ros2_ws/RobotAD_Issac_ws/install/robot_locate/share/robot_locate/launch/__pycache__/localization_launch.cpython-310.pyc
[1.015s] -- Symlinking: /home/pyh/Documents/ros2_ws/RobotAD_Issac_ws/install/robot_locate/share/robot_locate/launch/__pycache__/navigation_launch.cpython-310.pyc
[1.021s] -- Symlinking: /home/pyh/Documents/ros2_ws/RobotAD_Issac_ws/install/robot_locate/share/robot_locate/launch/__pycache__/online_async_launch.cpython-310.pyc
[1.026s] -- Symlinking: /home/pyh/Documents/ros2_ws/RobotAD_Issac_ws/install/robot_locate/share/robot_locate/launch/__pycache__/robot_locate.launch.cpython-310.pyc
[1.032s] -- Symlinking: /home/pyh/Documents/ros2_ws/RobotAD_Issac_ws/install/robot_locate/share/robot_locate/launch/__pycache__/robot_locater.launch.cpython-310.pyc
[1.037s] -- Symlinking: /home/pyh/Documents/ros2_ws/RobotAD_Issac_ws/install/robot_locate/share/robot_locate/launch/__pycache__/robot_test.launch.cpython-310.pyc
[1.043s] -- Symlinking: /home/pyh/Documents/ros2_ws/RobotAD_Issac_ws/install/robot_locate/share/robot_locate/launch/localization_launch.py
[1.049s] -- Symlinking: /home/pyh/Documents/ros2_ws/RobotAD_Issac_ws/install/robot_locate/share/robot_locate/launch/navigation_launch.py
[1.056s] -- Symlinking: /home/pyh/Documents/ros2_ws/RobotAD_Issac_ws/install/robot_locate/share/robot_locate/launch/online_async_launch.py
[1.061s] -- Symlinking: /home/pyh/Documents/ros2_ws/RobotAD_Issac_ws/install/robot_locate/share/robot_locate/launch/robot_locate.launch.py
[1.066s] -- Symlinking: /home/pyh/Documents/ros2_ws/RobotAD_Issac_ws/install/robot_locate/share/robot_locate/launch/robot_locater.launch.py
[1.072s] -- Symlinking: /home/pyh/Documents/ros2_ws/RobotAD_Issac_ws/install/robot_locate/share/robot_locate/launch/robot_test.launch.py
[1.078s] -- Symlinking: /home/pyh/Documents/ros2_ws/RobotAD_Issac_ws/install/robot_locate/share/robot_locate/rviz/urdf_config.rviz
[1.086s] -- Symlinking: /home/pyh/Documents/ros2_ws/RobotAD_Issac_ws/install/robot_locate/share/robot_locate/rviz/urdf_config.rviz.bak
[1.093s] -- Symlinking: /home/pyh/Documents/ros2_ws/RobotAD_Issac_ws/install/robot_locate/share/robot_locate/config/beifen.yaml
[1.101s] -- Symlinking: /home/pyh/Documents/ros2_ws/RobotAD_Issac_ws/install/robot_locate/share/robot_locate/config/ekf.yaml
[1.107s] -- Symlinking: /home/pyh/Documents/ros2_ws/RobotAD_Issac_ws/install/robot_locate/share/robot_locate/config/mapper_params_online_async.yaml
[1.115s] -- Symlinking: /home/pyh/Documents/ros2_ws/RobotAD_Issac_ws/install/robot_locate/share/robot_locate/config/nav2_params copy.yaml
[1.121s] -- Symlinking: /home/pyh/Documents/ros2_ws/RobotAD_Issac_ws/install/robot_locate/share/robot_locate/config/nav2_params.yaml
[1.127s] -- Symlinking: /home/pyh/Documents/ros2_ws/RobotAD_Issac_ws/install/robot_locate/share/robot_locate/config/old/ekf.yaml.bak
[1.133s] -- Symlinking: /home/pyh/Documents/ros2_ws/RobotAD_Issac_ws/install/robot_locate/share/robot_locate/config/old/nav2_params (copy).yaml
[1.139s] -- Symlinking: /home/pyh/Documents/ros2_ws/RobotAD_Issac_ws/install/robot_locate/share/robot_locate/config/old/nav2_params.yaml
[1.146s] -- Symlinking: /home/pyh/Documents/ros2_ws/RobotAD_Issac_ws/install/robot_locate/share/robot_locate/config/old/nav2_params_origal.yaml
[1.152s] -- Symlinking: /home/pyh/Documents/ros2_ws/RobotAD_Issac_ws/install/robot_locate/share/robot_locate/config/old/new.yaml
[1.158s] -- Symlinking: /home/pyh/Documents/ros2_ws/RobotAD_Issac_ws/install/robot_locate/share/robot_locate/config/twist_mux.yaml
[1.165s] -- Symlinking: /home/pyh/Documents/ros2_ws/RobotAD_Issac_ws/install/robot_locate/share/robot_locate/world/my_world.sdf
[1.171s] -- Symlinking: /home/pyh/Documents/ros2_ws/RobotAD_Issac_ws/install/robot_locate/share/ament_index/resource_index/package_run_dependencies/robot_locate
[1.177s] -- Symlinking: /home/pyh/Documents/ros2_ws/RobotAD_Issac_ws/install/robot_locate/share/ament_index/resource_index/parent_prefix_path/robot_locate
[1.184s] -- Symlinking: /home/pyh/Documents/ros2_ws/RobotAD_Issac_ws/install/robot_locate/share/robot_locate/environment/ament_prefix_path.sh
[1.190s] -- Symlinking: /home/pyh/Documents/ros2_ws/RobotAD_Issac_ws/install/robot_locate/share/robot_locate/environment/ament_prefix_path.dsv
[1.197s] -- Symlinking: /home/pyh/Documents/ros2_ws/RobotAD_Issac_ws/install/robot_locate/share/robot_locate/environment/path.sh
[1.203s] -- Symlinking: /home/pyh/Documents/ros2_ws/RobotAD_Issac_ws/install/robot_locate/share/robot_locate/environment/path.dsv
[1.208s] -- Symlinking: /home/pyh/Documents/ros2_ws/RobotAD_Issac_ws/install/robot_locate/share/robot_locate/local_setup.bash
[1.214s] -- Symlinking: /home/pyh/Documents/ros2_ws/RobotAD_Issac_ws/install/robot_locate/share/robot_locate/local_setup.sh
[1.220s] -- Symlinking: /home/pyh/Documents/ros2_ws/RobotAD_Issac_ws/install/robot_locate/share/robot_locate/local_setup.zsh
[1.226s] -- Symlinking: /home/pyh/Documents/ros2_ws/RobotAD_Issac_ws/install/robot_locate/share/robot_locate/local_setup.dsv
[1.231s] -- Symlinking: /home/pyh/Documents/ros2_ws/RobotAD_Issac_ws/install/robot_locate/share/robot_locate/package.dsv
[1.238s] -- Symlinking: /home/pyh/Documents/ros2_ws/RobotAD_Issac_ws/install/robot_locate/share/ament_index/resource_index/packages/robot_locate
[1.244s] -- Symlinking: /home/pyh/Documents/ros2_ws/RobotAD_Issac_ws/install/robot_locate/share/robot_locate/cmake/robot_locateConfig.cmake
[1.251s] -- Symlinking: /home/pyh/Documents/ros2_ws/RobotAD_Issac_ws/install/robot_locate/share/robot_locate/cmake/robot_locateConfig-version.cmake
[1.257s] -- Symlinking: /home/pyh/Documents/ros2_ws/RobotAD_Issac_ws/install/robot_locate/share/robot_locate/package.xml
[1.265s] Invoked command in '/home/pyh/Documents/ros2_ws/RobotAD_Issac_ws/build/robot_locate' returned '0': CMAKE_PREFIX_PATH=/home/pyh/Documents/ros2_ws/RobotAD_Issac_ws/install/usb_camera:/home/pyh/Documents/ros2_ws/RobotAD_Issac_ws/install/serial_comm:/home/pyh/Documents/ros2_ws/RobotAD_Issac_ws/install/robot_locate:/home/pyh/Documents/ros2_ws/RobotAD_Issac_ws/install/diff_control:/home/pyh/Documents/ros2_ws/RobotAD_Issac_ws/install/robot_hardware:/home/pyh/Documents/ros2_ws/RobotAD_Issac_ws/install/pointcloud_to_laserscan:/home/pyh/Documents/ros2_ws/RobotAD_Issac_ws/install/nuscenes_data_collector:/home/pyh/Documents/ros2_ws/RobotAD_Issac_ws/install/message_filter_example:/home/pyh/Documents/ros2_ws/RobotAD_Issac_ws/install/keyboard_control:/opt/ros/humble:/home/pyh/Documents/ros2_ws/install/message_filter_example /usr/bin/cmake --install /home/pyh/Documents/ros2_ws/RobotAD_Issac_ws/build/robot_locate
