[0.033s] Invoking command in '/home/pyh/Documents/ros2_ws/RobotAD_Issac_ws/build/nuscenes_data_collector': CMAKE_PREFIX_PATH=/home/pyh/Documents/ros2_ws/RobotAD_Issac_ws/install/usb_camera:/home/pyh/Documents/ros2_ws/RobotAD_Issac_ws/install/serial_comm:/home/pyh/Documents/ros2_ws/RobotAD_Issac_ws/install/rslidar_sdk:/home/pyh/Documents/ros2_ws/RobotAD_Issac_ws/install/rslidar_msg:/home/pyh/Documents/ros2_ws/RobotAD_Issac_ws/install/robot_locate:/home/pyh/Documents/ros2_ws/RobotAD_Issac_ws/install/diff_control:/home/pyh/Documents/ros2_ws/RobotAD_Issac_ws/install/robot_hardware:/home/pyh/Documents/ros2_ws/RobotAD_Issac_ws/install/pointcloud_to_laserscan:/home/pyh/Documents/ros2_ws/RobotAD_Issac_ws/install/nuscenes_data_collector:/opt/ros/humble:/home/pyh/Documents/ros2_ws/RobotAD_Issac_ws/install/message_filter_example:/home/pyh/Documents/ros2_ws/RobotAD_Issac_ws/install/keyboard_control /usr/bin/cmake --build /home/pyh/Documents/ros2_ws/RobotAD_Issac_ws/build/nuscenes_data_collector -- -j16 -l16
[0.098s] [35m[1mConsolidate compiler generated dependencies of target nuscenes_data_collector_issac_node[0m
[0.105s] [35m[1mConsolidate compiler generated dependencies of target nuscenes_data_collector_node[0m
[0.139s] [ 25%] [32mBuilding CXX object CMakeFiles/nuscenes_data_collector_issac_node.dir/src/nuscenes_data_collector_issac.cpp.o[0m
[0.165s] [ 75%] Built target nuscenes_data_collector_node
[6.605s] In file included from [01m[K/home/pyh/Documents/ros2_ws/RobotAD_Issac_ws/src/nuscenes_data_collector/src/nuscenes_data_collector_issac.cpp:1[m[K:
[6.605s] [01m[K/home/pyh/Documents/ros2_ws/RobotAD_Issac_ws/src/nuscenes_data_collector/include/nuscenes_data_collector/nuscenes_data_collector_issac.hpp:[m[K In member function ‘[01m[Kvoid NuScenesDataCollectorIssac::cal_imu_data()[m[K’:
[6.605s] [01m[K/home/pyh/Documents/ros2_ws/RobotAD_Issac_ws/src/nuscenes_data_collector/include/nuscenes_data_collector/nuscenes_data_collector_issac.hpp:575:16:[m[K [01;35m[Kwarning: [m[Kunused variable ‘[01m[Kdelta_qw[m[K’ [[01;35m[K]8;;https://gcc.gnu.org/onlinedocs/gcc/Warning-Options.html#index-Wunused-variable-Wunused-variable]8;;[m[K]
[6.605s]   575 |         double [01;35m[Kdelta_qw[m[K = current_rotation[3].get<double>() - previous_rotation[3].get<double>();
[6.605s]       |                [01;35m[K^~~~~~~~[m[K
[23.734s] [100%] [32m[1mLinking CXX executable nuscenes_data_collector_issac_node[0m
[26.009s] [100%] Built target nuscenes_data_collector_issac_node
[26.020s] Invoked command in '/home/pyh/Documents/ros2_ws/RobotAD_Issac_ws/build/nuscenes_data_collector' returned '0': CMAKE_PREFIX_PATH=/home/pyh/Documents/ros2_ws/RobotAD_Issac_ws/install/usb_camera:/home/pyh/Documents/ros2_ws/RobotAD_Issac_ws/install/serial_comm:/home/pyh/Documents/ros2_ws/RobotAD_Issac_ws/install/rslidar_sdk:/home/pyh/Documents/ros2_ws/RobotAD_Issac_ws/install/rslidar_msg:/home/pyh/Documents/ros2_ws/RobotAD_Issac_ws/install/robot_locate:/home/pyh/Documents/ros2_ws/RobotAD_Issac_ws/install/diff_control:/home/pyh/Documents/ros2_ws/RobotAD_Issac_ws/install/robot_hardware:/home/pyh/Documents/ros2_ws/RobotAD_Issac_ws/install/pointcloud_to_laserscan:/home/pyh/Documents/ros2_ws/RobotAD_Issac_ws/install/nuscenes_data_collector:/opt/ros/humble:/home/pyh/Documents/ros2_ws/RobotAD_Issac_ws/install/message_filter_example:/home/pyh/Documents/ros2_ws/RobotAD_Issac_ws/install/keyboard_control /usr/bin/cmake --build /home/pyh/Documents/ros2_ws/RobotAD_Issac_ws/build/nuscenes_data_collector -- -j16 -l16
[26.022s] Invoking command in '/home/pyh/Documents/ros2_ws/RobotAD_Issac_ws/build/nuscenes_data_collector': CMAKE_PREFIX_PATH=/home/pyh/Documents/ros2_ws/RobotAD_Issac_ws/install/usb_camera:/home/pyh/Documents/ros2_ws/RobotAD_Issac_ws/install/serial_comm:/home/pyh/Documents/ros2_ws/RobotAD_Issac_ws/install/rslidar_sdk:/home/pyh/Documents/ros2_ws/RobotAD_Issac_ws/install/rslidar_msg:/home/pyh/Documents/ros2_ws/RobotAD_Issac_ws/install/robot_locate:/home/pyh/Documents/ros2_ws/RobotAD_Issac_ws/install/diff_control:/home/pyh/Documents/ros2_ws/RobotAD_Issac_ws/install/robot_hardware:/home/pyh/Documents/ros2_ws/RobotAD_Issac_ws/install/pointcloud_to_laserscan:/home/pyh/Documents/ros2_ws/RobotAD_Issac_ws/install/nuscenes_data_collector:/opt/ros/humble:/home/pyh/Documents/ros2_ws/RobotAD_Issac_ws/install/message_filter_example:/home/pyh/Documents/ros2_ws/RobotAD_Issac_ws/install/keyboard_control /usr/bin/cmake --install /home/pyh/Documents/ros2_ws/RobotAD_Issac_ws/build/nuscenes_data_collector
[26.027s] -- Install configuration: ""
[26.027s] -- Execute custom install script
[26.027s] -- Up-to-date symlink: /home/pyh/Documents/ros2_ws/RobotAD_Issac_ws/install/nuscenes_data_collector/share/nuscenes_data_collector/config/nuscenes_data_collector_params.yaml
[26.028s] -- Up-to-date symlink: /home/pyh/Documents/ros2_ws/RobotAD_Issac_ws/install/nuscenes_data_collector/share/nuscenes_data_collector/config/rviz_config.rviz
[26.028s] -- Up-to-date symlink: /home/pyh/Documents/ros2_ws/RobotAD_Issac_ws/install/nuscenes_data_collector/share/nuscenes_data_collector/config/rviz_config_backup.rviz
[26.028s] -- Up-to-date symlink: /home/pyh/Documents/ros2_ws/RobotAD_Issac_ws/install/nuscenes_data_collector/lib/nuscenes_data_collector/nuscenes_data_collector_node
[26.028s] -- Up-to-date symlink: /home/pyh/Documents/ros2_ws/RobotAD_Issac_ws/install/nuscenes_data_collector/lib/nuscenes_data_collector/nuscenes_data_collector_issac_node
[26.028s] -- Up-to-date symlink: /home/pyh/Documents/ros2_ws/RobotAD_Issac_ws/install/nuscenes_data_collector/share/ament_index/resource_index/package_run_dependencies/nuscenes_data_collector
[26.028s] -- Up-to-date symlink: /home/pyh/Documents/ros2_ws/RobotAD_Issac_ws/install/nuscenes_data_collector/share/ament_index/resource_index/parent_prefix_path/nuscenes_data_collector
[26.028s] -- Up-to-date symlink: /home/pyh/Documents/ros2_ws/RobotAD_Issac_ws/install/nuscenes_data_collector/share/nuscenes_data_collector/environment/ament_prefix_path.sh
[26.028s] -- Up-to-date symlink: /home/pyh/Documents/ros2_ws/RobotAD_Issac_ws/install/nuscenes_data_collector/share/nuscenes_data_collector/environment/ament_prefix_path.dsv
[26.028s] -- Up-to-date symlink: /home/pyh/Documents/ros2_ws/RobotAD_Issac_ws/install/nuscenes_data_collector/share/nuscenes_data_collector/environment/path.sh
[26.028s] -- Up-to-date symlink: /home/pyh/Documents/ros2_ws/RobotAD_Issac_ws/install/nuscenes_data_collector/share/nuscenes_data_collector/environment/path.dsv
[26.029s] -- Up-to-date symlink: /home/pyh/Documents/ros2_ws/RobotAD_Issac_ws/install/nuscenes_data_collector/share/nuscenes_data_collector/local_setup.bash
[26.029s] -- Up-to-date symlink: /home/pyh/Documents/ros2_ws/RobotAD_Issac_ws/install/nuscenes_data_collector/share/nuscenes_data_collector/local_setup.sh
[26.029s] -- Up-to-date symlink: /home/pyh/Documents/ros2_ws/RobotAD_Issac_ws/install/nuscenes_data_collector/share/nuscenes_data_collector/local_setup.zsh
[26.029s] -- Up-to-date symlink: /home/pyh/Documents/ros2_ws/RobotAD_Issac_ws/install/nuscenes_data_collector/share/nuscenes_data_collector/local_setup.dsv
[26.029s] -- Symlinking: /home/pyh/Documents/ros2_ws/RobotAD_Issac_ws/install/nuscenes_data_collector/share/nuscenes_data_collector/package.dsv
[26.036s] -- Up-to-date symlink: /home/pyh/Documents/ros2_ws/RobotAD_Issac_ws/install/nuscenes_data_collector/share/ament_index/resource_index/packages/nuscenes_data_collector
[26.036s] -- Up-to-date symlink: /home/pyh/Documents/ros2_ws/RobotAD_Issac_ws/install/nuscenes_data_collector/share/nuscenes_data_collector/cmake/nuscenes_data_collectorConfig.cmake
[26.036s] -- Up-to-date symlink: /home/pyh/Documents/ros2_ws/RobotAD_Issac_ws/install/nuscenes_data_collector/share/nuscenes_data_collector/cmake/nuscenes_data_collectorConfig-version.cmake
[26.036s] -- Up-to-date symlink: /home/pyh/Documents/ros2_ws/RobotAD_Issac_ws/install/nuscenes_data_collector/share/nuscenes_data_collector/package.xml
[26.038s] Invoked command in '/home/pyh/Documents/ros2_ws/RobotAD_Issac_ws/build/nuscenes_data_collector' returned '0': CMAKE_PREFIX_PATH=/home/pyh/Documents/ros2_ws/RobotAD_Issac_ws/install/usb_camera:/home/pyh/Documents/ros2_ws/RobotAD_Issac_ws/install/serial_comm:/home/pyh/Documents/ros2_ws/RobotAD_Issac_ws/install/rslidar_sdk:/home/pyh/Documents/ros2_ws/RobotAD_Issac_ws/install/rslidar_msg:/home/pyh/Documents/ros2_ws/RobotAD_Issac_ws/install/robot_locate:/home/pyh/Documents/ros2_ws/RobotAD_Issac_ws/install/diff_control:/home/pyh/Documents/ros2_ws/RobotAD_Issac_ws/install/robot_hardware:/home/pyh/Documents/ros2_ws/RobotAD_Issac_ws/install/pointcloud_to_laserscan:/home/pyh/Documents/ros2_ws/RobotAD_Issac_ws/install/nuscenes_data_collector:/opt/ros/humble:/home/pyh/Documents/ros2_ws/RobotAD_Issac_ws/install/message_filter_example:/home/pyh/Documents/ros2_ws/RobotAD_Issac_ws/install/keyboard_control /usr/bin/cmake --install /home/pyh/Documents/ros2_ws/RobotAD_Issac_ws/build/nuscenes_data_collector
