[0.063s] Invoking command in '/home/pyh/Documents/ros2_ws/RobotAD_Issac_ws/build/message_filter_example': /usr/bin/cmake --build /home/pyh/Documents/ros2_ws/RobotAD_Issac_ws/build/message_filter_example -- -j16 -l16
[0.177s] [35m[1mConsolidate compiler generated dependencies of target message_filter_example[0m
[0.257s] [100%] Built target message_filter_example
[0.312s] Invoked command in '/home/pyh/Documents/ros2_ws/RobotAD_Issac_ws/build/message_filter_example' returned '0': /usr/bin/cmake --build /home/pyh/Documents/ros2_ws/RobotAD_Issac_ws/build/message_filter_example -- -j16 -l16
[0.326s] Invoking command in '/home/pyh/Documents/ros2_ws/RobotAD_Issac_ws/build/message_filter_example': /usr/bin/cmake --install /home/pyh/Documents/ros2_ws/RobotAD_Issac_ws/build/message_filter_example
[0.346s] -- Install configuration: ""
[0.346s] -- Up-to-date: /home/pyh/Documents/ros2_ws/RobotAD_Issac_ws/install/message_filter_example/lib/message_filter_example/message_filter_example
[0.348s] -- Up-to-date: /home/pyh/Documents/ros2_ws/RobotAD_Issac_ws/install/message_filter_example/share/ament_index/resource_index/package_run_dependencies/message_filter_example
[0.348s] -- Up-to-date: /home/pyh/Documents/ros2_ws/RobotAD_Issac_ws/install/message_filter_example/share/ament_index/resource_index/parent_prefix_path/message_filter_example
[0.348s] -- Up-to-date: /home/pyh/Documents/ros2_ws/RobotAD_Issac_ws/install/message_filter_example/share/message_filter_example/environment/ament_prefix_path.sh
[0.349s] -- Up-to-date: /home/pyh/Documents/ros2_ws/RobotAD_Issac_ws/install/message_filter_example/share/message_filter_example/environment/ament_prefix_path.dsv
[0.349s] -- Up-to-date: /home/pyh/Documents/ros2_ws/RobotAD_Issac_ws/install/message_filter_example/share/message_filter_example/environment/path.sh
[0.349s] -- Up-to-date: /home/pyh/Documents/ros2_ws/RobotAD_Issac_ws/install/message_filter_example/share/message_filter_example/environment/path.dsv
[0.350s] -- Up-to-date: /home/pyh/Documents/ros2_ws/RobotAD_Issac_ws/install/message_filter_example/share/message_filter_example/local_setup.bash
[0.350s] -- Up-to-date: /home/pyh/Documents/ros2_ws/RobotAD_Issac_ws/install/message_filter_example/share/message_filter_example/local_setup.sh
[0.350s] -- Up-to-date: /home/pyh/Documents/ros2_ws/RobotAD_Issac_ws/install/message_filter_example/share/message_filter_example/local_setup.zsh
[0.350s] -- Up-to-date: /home/pyh/Documents/ros2_ws/RobotAD_Issac_ws/install/message_filter_example/share/message_filter_example/local_setup.dsv
[0.351s] -- Installing: /home/pyh/Documents/ros2_ws/RobotAD_Issac_ws/install/message_filter_example/share/message_filter_example/package.dsv
[0.351s] -- Up-to-date: /home/pyh/Documents/ros2_ws/RobotAD_Issac_ws/install/message_filter_example/share/ament_index/resource_index/packages/message_filter_example
[0.355s] -- Up-to-date: /home/pyh/Documents/ros2_ws/RobotAD_Issac_ws/install/message_filter_example/share/message_filter_example/cmake/message_filter_exampleConfig.cmake
[0.356s] -- Up-to-date: /home/pyh/Documents/ros2_ws/RobotAD_Issac_ws/install/message_filter_example/share/message_filter_example/cmake/message_filter_exampleConfig-version.cmake
[0.356s] -- Up-to-date: /home/pyh/Documents/ros2_ws/RobotAD_Issac_ws/install/message_filter_example/share/message_filter_example/package.xml
[0.366s] Invoked command in '/home/pyh/Documents/ros2_ws/RobotAD_Issac_ws/build/message_filter_example' returned '0': /usr/bin/cmake --install /home/pyh/Documents/ros2_ws/RobotAD_Issac_ws/build/message_filter_example
