[0.042s] Invoking command in '/home/pyh/Documents/ros2_ws/RobotAD_Issac_ws/build/usb_camera': CMAKE_PREFIX_PATH=/home/pyh/Documents/ros2_ws/RobotAD_Issac_ws/install/usb_camera:/home/pyh/Documents/ros2_ws/RobotAD_Issac_ws/install/serial_comm:/home/pyh/Documents/ros2_ws/RobotAD_Issac_ws/install/rslidar_sdk:/home/pyh/Documents/ros2_ws/RobotAD_Issac_ws/install/rslidar_msg:/home/pyh/Documents/ros2_ws/RobotAD_Issac_ws/install/robot_locate:/home/pyh/Documents/ros2_ws/RobotAD_Issac_ws/install/diff_control:/home/pyh/Documents/ros2_ws/RobotAD_Issac_ws/install/robot_hardware:/home/pyh/Documents/ros2_ws/RobotAD_Issac_ws/install/pointcloud_to_laserscan:/home/pyh/Documents/ros2_ws/RobotAD_Issac_ws/install/nuscenes_data_collector:/opt/ros/humble:/home/pyh/Documents/ros2_ws/RobotAD_Issac_ws/install/message_filter_example:/home/pyh/Documents/ros2_ws/RobotAD_Issac_ws/install/keyboard_control /usr/bin/cmake --build /home/pyh/Documents/ros2_ws/RobotAD_Issac_ws/build/usb_camera -- -j16 -l16
[0.143s] [ 50%] [32mBuilding CXX object CMakeFiles/usb_camera_node.dir/src/usb_camera_node.cpp.o[0m
[8.367s] [100%] [32m[1mLinking CXX executable usb_camera_node[0m
[9.182s] [100%] Built target usb_camera_node
[9.196s] Invoked command in '/home/pyh/Documents/ros2_ws/RobotAD_Issac_ws/build/usb_camera' returned '0': CMAKE_PREFIX_PATH=/home/pyh/Documents/ros2_ws/RobotAD_Issac_ws/install/usb_camera:/home/pyh/Documents/ros2_ws/RobotAD_Issac_ws/install/serial_comm:/home/pyh/Documents/ros2_ws/RobotAD_Issac_ws/install/rslidar_sdk:/home/pyh/Documents/ros2_ws/RobotAD_Issac_ws/install/rslidar_msg:/home/pyh/Documents/ros2_ws/RobotAD_Issac_ws/install/robot_locate:/home/pyh/Documents/ros2_ws/RobotAD_Issac_ws/install/diff_control:/home/pyh/Documents/ros2_ws/RobotAD_Issac_ws/install/robot_hardware:/home/pyh/Documents/ros2_ws/RobotAD_Issac_ws/install/pointcloud_to_laserscan:/home/pyh/Documents/ros2_ws/RobotAD_Issac_ws/install/nuscenes_data_collector:/opt/ros/humble:/home/pyh/Documents/ros2_ws/RobotAD_Issac_ws/install/message_filter_example:/home/pyh/Documents/ros2_ws/RobotAD_Issac_ws/install/keyboard_control /usr/bin/cmake --build /home/pyh/Documents/ros2_ws/RobotAD_Issac_ws/build/usb_camera -- -j16 -l16
[9.198s] Invoking command in '/home/pyh/Documents/ros2_ws/RobotAD_Issac_ws/build/usb_camera': CMAKE_PREFIX_PATH=/home/pyh/Documents/ros2_ws/RobotAD_Issac_ws/install/usb_camera:/home/pyh/Documents/ros2_ws/RobotAD_Issac_ws/install/serial_comm:/home/pyh/Documents/ros2_ws/RobotAD_Issac_ws/install/rslidar_sdk:/home/pyh/Documents/ros2_ws/RobotAD_Issac_ws/install/rslidar_msg:/home/pyh/Documents/ros2_ws/RobotAD_Issac_ws/install/robot_locate:/home/pyh/Documents/ros2_ws/RobotAD_Issac_ws/install/diff_control:/home/pyh/Documents/ros2_ws/RobotAD_Issac_ws/install/robot_hardware:/home/pyh/Documents/ros2_ws/RobotAD_Issac_ws/install/pointcloud_to_laserscan:/home/pyh/Documents/ros2_ws/RobotAD_Issac_ws/install/nuscenes_data_collector:/opt/ros/humble:/home/pyh/Documents/ros2_ws/RobotAD_Issac_ws/install/message_filter_example:/home/pyh/Documents/ros2_ws/RobotAD_Issac_ws/install/keyboard_control /usr/bin/cmake --install /home/pyh/Documents/ros2_ws/RobotAD_Issac_ws/build/usb_camera
[9.205s] -- Install configuration: ""
[9.206s] -- Execute custom install script
[9.206s] -- Up-to-date symlink: /home/pyh/Documents/ros2_ws/RobotAD_Issac_ws/install/usb_camera/share/usb_camera/config/camera_params.yaml
[9.206s] -- Up-to-date symlink: /home/pyh/Documents/ros2_ws/RobotAD_Issac_ws/install/usb_camera/lib/usb_camera/usb_camera_node
[9.206s] -- Up-to-date symlink: /home/pyh/Documents/ros2_ws/RobotAD_Issac_ws/install/usb_camera/share/ament_index/resource_index/package_run_dependencies/usb_camera
[9.206s] -- Up-to-date symlink: /home/pyh/Documents/ros2_ws/RobotAD_Issac_ws/install/usb_camera/share/ament_index/resource_index/parent_prefix_path/usb_camera
[9.206s] -- Up-to-date symlink: /home/pyh/Documents/ros2_ws/RobotAD_Issac_ws/install/usb_camera/share/usb_camera/environment/ament_prefix_path.sh
[9.207s] -- Up-to-date symlink: /home/pyh/Documents/ros2_ws/RobotAD_Issac_ws/install/usb_camera/share/usb_camera/environment/ament_prefix_path.dsv
[9.207s] -- Up-to-date symlink: /home/pyh/Documents/ros2_ws/RobotAD_Issac_ws/install/usb_camera/share/usb_camera/environment/path.sh
[9.207s] -- Up-to-date symlink: /home/pyh/Documents/ros2_ws/RobotAD_Issac_ws/install/usb_camera/share/usb_camera/environment/path.dsv
[9.207s] -- Up-to-date symlink: /home/pyh/Documents/ros2_ws/RobotAD_Issac_ws/install/usb_camera/share/usb_camera/local_setup.bash
[9.207s] -- Up-to-date symlink: /home/pyh/Documents/ros2_ws/RobotAD_Issac_ws/install/usb_camera/share/usb_camera/local_setup.sh
[9.207s] -- Up-to-date symlink: /home/pyh/Documents/ros2_ws/RobotAD_Issac_ws/install/usb_camera/share/usb_camera/local_setup.zsh
[9.207s] -- Up-to-date symlink: /home/pyh/Documents/ros2_ws/RobotAD_Issac_ws/install/usb_camera/share/usb_camera/local_setup.dsv
[9.207s] -- Symlinking: /home/pyh/Documents/ros2_ws/RobotAD_Issac_ws/install/usb_camera/share/usb_camera/package.dsv
[9.217s] -- Up-to-date symlink: /home/pyh/Documents/ros2_ws/RobotAD_Issac_ws/install/usb_camera/share/ament_index/resource_index/packages/usb_camera
[9.217s] -- Up-to-date symlink: /home/pyh/Documents/ros2_ws/RobotAD_Issac_ws/install/usb_camera/share/usb_camera/cmake/usb_cameraConfig.cmake
[9.218s] -- Up-to-date symlink: /home/pyh/Documents/ros2_ws/RobotAD_Issac_ws/install/usb_camera/share/usb_camera/cmake/usb_cameraConfig-version.cmake
[9.218s] -- Up-to-date symlink: /home/pyh/Documents/ros2_ws/RobotAD_Issac_ws/install/usb_camera/share/usb_camera/package.xml
[9.220s] Invoked command in '/home/pyh/Documents/ros2_ws/RobotAD_Issac_ws/build/usb_camera' returned '0': CMAKE_PREFIX_PATH=/home/pyh/Documents/ros2_ws/RobotAD_Issac_ws/install/usb_camera:/home/pyh/Documents/ros2_ws/RobotAD_Issac_ws/install/serial_comm:/home/pyh/Documents/ros2_ws/RobotAD_Issac_ws/install/rslidar_sdk:/home/pyh/Documents/ros2_ws/RobotAD_Issac_ws/install/rslidar_msg:/home/pyh/Documents/ros2_ws/RobotAD_Issac_ws/install/robot_locate:/home/pyh/Documents/ros2_ws/RobotAD_Issac_ws/install/diff_control:/home/pyh/Documents/ros2_ws/RobotAD_Issac_ws/install/robot_hardware:/home/pyh/Documents/ros2_ws/RobotAD_Issac_ws/install/pointcloud_to_laserscan:/home/pyh/Documents/ros2_ws/RobotAD_Issac_ws/install/nuscenes_data_collector:/opt/ros/humble:/home/pyh/Documents/ros2_ws/RobotAD_Issac_ws/install/message_filter_example:/home/pyh/Documents/ros2_ws/RobotAD_Issac_ws/install/keyboard_control /usr/bin/cmake --install /home/pyh/Documents/ros2_ws/RobotAD_Issac_ws/build/usb_camera
