[0.016s] Invoking command in '/home/pyh/Documents/ros2_ws/RobotAD_Issac_ws/build/usb_camera': CMAKE_PREFIX_PATH=/home/pyh/Documents/ros2_ws/RobotAD_Issac_ws/install/usb_camera:/home/pyh/Documents/ros2_ws/RobotAD_Issac_ws/install/serial_comm:/home/pyh/Documents/ros2_ws/RobotAD_Issac_ws/install/robot_locate:/home/pyh/Documents/ros2_ws/RobotAD_Issac_ws/install/diff_control:/home/pyh/Documents/ros2_ws/RobotAD_Issac_ws/install/robot_hardware:/home/pyh/Documents/ros2_ws/RobotAD_Issac_ws/install/pointcloud_to_laserscan:/home/pyh/Documents/ros2_ws/RobotAD_Issac_ws/install/nuscenes_data_collector:/home/pyh/Documents/ros2_ws/RobotAD_Issac_ws/install/message_filter_example:/home/pyh/Documents/ros2_ws/RobotAD_Issac_ws/install/keyboard_control:/opt/ros/humble:/home/pyh/Documents/ros2_ws/install/message_filter_example /usr/bin/cmake /home/pyh/Documents/ros2_ws/RobotAD_Issac_ws/src/usb_camera -DAMENT_CMAKE_SYMLINK_INSTALL=1 -DCMAKE_INSTALL_PREFIX=/home/pyh/Documents/ros2_ws/RobotAD_Issac_ws/install/usb_camera
[0.067s] -- The C compiler identification is GNU 11.4.0
[0.106s] -- The CXX compiler identification is GNU 11.4.0
[0.113s] -- Detecting C compiler ABI info
[0.159s] -- Detecting C compiler ABI info - done
[0.164s] -- Check for working C compiler: /usr/bin/cc - skipped
[0.164s] -- Detecting C compile features
[0.165s] -- Detecting C compile features - done
[0.167s] -- Detecting CXX compiler ABI info
[0.221s] -- Detecting CXX compiler ABI info - done
[0.227s] -- Check for working CXX compiler: /usr/bin/c++ - skipped
[0.227s] -- Detecting CXX compile features
[0.227s] -- Detecting CXX compile features - done
[0.229s] -- Found ament_cmake: 1.3.11 (/opt/ros/humble/share/ament_cmake/cmake)
[0.333s] -- Found Python3: /usr/bin/python3 (found version "3.10.12") found components: Interpreter 
[0.377s] -- Override CMake install command with custom implementation using symlinks instead of copying resources
[0.397s] -- Found rclcpp: 16.0.11 (/opt/ros/humble/share/rclcpp/cmake)
[0.427s] -- Found rosidl_generator_c: 3.1.6 (/opt/ros/humble/share/rosidl_generator_c/cmake)
[0.430s] -- Found rosidl_adapter: 3.1.6 (/opt/ros/humble/share/rosidl_adapter/cmake)
[0.437s] -- Found rosidl_generator_cpp: 3.1.6 (/opt/ros/humble/share/rosidl_generator_cpp/cmake)
[0.446s] -- Using all available rosidl_typesupport_c: rosidl_typesupport_fastrtps_c;rosidl_typesupport_introspection_c
[0.457s] -- Using all available rosidl_typesupport_cpp: rosidl_typesupport_fastrtps_cpp;rosidl_typesupport_introspection_cpp
[0.487s] -- Found rmw_implementation_cmake: 6.1.2 (/opt/ros/humble/share/rmw_implementation_cmake/cmake)
[0.489s] -- Found rmw_fastrtps_cpp: 6.2.7 (/opt/ros/humble/share/rmw_fastrtps_cpp/cmake)
[0.549s] -- Found OpenSSL: /usr/lib/x86_64-linux-gnu/libcrypto.so (found version "3.0.2")  
[0.568s] -- Found FastRTPS: /opt/ros/humble/include  
[0.598s] -- Using RMW implementation 'rmw_fastrtps_cpp' as default
[0.603s] -- Looking for pthread.h
[0.651s] -- Looking for pthread.h - found
[0.652s] -- Performing Test CMAKE_HAVE_LIBC_PTHREAD
[0.705s] -- Performing Test CMAKE_HAVE_LIBC_PTHREAD - Success
[0.706s] -- Found Threads: TRUE  
[0.742s] -- Found sensor_msgs: 4.2.4 (/opt/ros/humble/share/sensor_msgs/cmake)
[0.778s] -- Found cv_bridge: 3.2.1 (/opt/ros/humble/share/cv_bridge/cmake)
[0.796s] -- Found OpenCV: /usr (found version "4.5.4") 
[0.854s] -- Configuring done
[0.868s] -- Generating done
[0.872s] -- Build files have been written to: /home/pyh/Documents/ros2_ws/RobotAD_Issac_ws/build/usb_camera
[0.885s] Invoked command in '/home/pyh/Documents/ros2_ws/RobotAD_Issac_ws/build/usb_camera' returned '0': CMAKE_PREFIX_PATH=/home/pyh/Documents/ros2_ws/RobotAD_Issac_ws/install/usb_camera:/home/pyh/Documents/ros2_ws/RobotAD_Issac_ws/install/serial_comm:/home/pyh/Documents/ros2_ws/RobotAD_Issac_ws/install/robot_locate:/home/pyh/Documents/ros2_ws/RobotAD_Issac_ws/install/diff_control:/home/pyh/Documents/ros2_ws/RobotAD_Issac_ws/install/robot_hardware:/home/pyh/Documents/ros2_ws/RobotAD_Issac_ws/install/pointcloud_to_laserscan:/home/pyh/Documents/ros2_ws/RobotAD_Issac_ws/install/nuscenes_data_collector:/home/pyh/Documents/ros2_ws/RobotAD_Issac_ws/install/message_filter_example:/home/pyh/Documents/ros2_ws/RobotAD_Issac_ws/install/keyboard_control:/opt/ros/humble:/home/pyh/Documents/ros2_ws/install/message_filter_example /usr/bin/cmake /home/pyh/Documents/ros2_ws/RobotAD_Issac_ws/src/usb_camera -DAMENT_CMAKE_SYMLINK_INSTALL=1 -DCMAKE_INSTALL_PREFIX=/home/pyh/Documents/ros2_ws/RobotAD_Issac_ws/install/usb_camera
[0.886s] Invoking command in '/home/pyh/Documents/ros2_ws/RobotAD_Issac_ws/build/usb_camera': CMAKE_PREFIX_PATH=/home/pyh/Documents/ros2_ws/RobotAD_Issac_ws/install/usb_camera:/home/pyh/Documents/ros2_ws/RobotAD_Issac_ws/install/serial_comm:/home/pyh/Documents/ros2_ws/RobotAD_Issac_ws/install/robot_locate:/home/pyh/Documents/ros2_ws/RobotAD_Issac_ws/install/diff_control:/home/pyh/Documents/ros2_ws/RobotAD_Issac_ws/install/robot_hardware:/home/pyh/Documents/ros2_ws/RobotAD_Issac_ws/install/pointcloud_to_laserscan:/home/pyh/Documents/ros2_ws/RobotAD_Issac_ws/install/nuscenes_data_collector:/home/pyh/Documents/ros2_ws/RobotAD_Issac_ws/install/message_filter_example:/home/pyh/Documents/ros2_ws/RobotAD_Issac_ws/install/keyboard_control:/opt/ros/humble:/home/pyh/Documents/ros2_ws/install/message_filter_example /usr/bin/cmake --build /home/pyh/Documents/ros2_ws/RobotAD_Issac_ws/build/usb_camera -- -j16 -l16
[0.922s] [ 50%] [32mBuilding CXX object CMakeFiles/usb_camera_node.dir/src/usb_camera_node.cpp.o[0m
[6.994s] [100%] [32m[1mLinking CXX executable usb_camera_node[0m
[7.493s] [100%] Built target usb_camera_node
[7.505s] Invoked command in '/home/pyh/Documents/ros2_ws/RobotAD_Issac_ws/build/usb_camera' returned '0': CMAKE_PREFIX_PATH=/home/pyh/Documents/ros2_ws/RobotAD_Issac_ws/install/usb_camera:/home/pyh/Documents/ros2_ws/RobotAD_Issac_ws/install/serial_comm:/home/pyh/Documents/ros2_ws/RobotAD_Issac_ws/install/robot_locate:/home/pyh/Documents/ros2_ws/RobotAD_Issac_ws/install/diff_control:/home/pyh/Documents/ros2_ws/RobotAD_Issac_ws/install/robot_hardware:/home/pyh/Documents/ros2_ws/RobotAD_Issac_ws/install/pointcloud_to_laserscan:/home/pyh/Documents/ros2_ws/RobotAD_Issac_ws/install/nuscenes_data_collector:/home/pyh/Documents/ros2_ws/RobotAD_Issac_ws/install/message_filter_example:/home/pyh/Documents/ros2_ws/RobotAD_Issac_ws/install/keyboard_control:/opt/ros/humble:/home/pyh/Documents/ros2_ws/install/message_filter_example /usr/bin/cmake --build /home/pyh/Documents/ros2_ws/RobotAD_Issac_ws/build/usb_camera -- -j16 -l16
[7.506s] Invoking command in '/home/pyh/Documents/ros2_ws/RobotAD_Issac_ws/build/usb_camera': CMAKE_PREFIX_PATH=/home/pyh/Documents/ros2_ws/RobotAD_Issac_ws/install/usb_camera:/home/pyh/Documents/ros2_ws/RobotAD_Issac_ws/install/serial_comm:/home/pyh/Documents/ros2_ws/RobotAD_Issac_ws/install/robot_locate:/home/pyh/Documents/ros2_ws/RobotAD_Issac_ws/install/diff_control:/home/pyh/Documents/ros2_ws/RobotAD_Issac_ws/install/robot_hardware:/home/pyh/Documents/ros2_ws/RobotAD_Issac_ws/install/pointcloud_to_laserscan:/home/pyh/Documents/ros2_ws/RobotAD_Issac_ws/install/nuscenes_data_collector:/home/pyh/Documents/ros2_ws/RobotAD_Issac_ws/install/message_filter_example:/home/pyh/Documents/ros2_ws/RobotAD_Issac_ws/install/keyboard_control:/opt/ros/humble:/home/pyh/Documents/ros2_ws/install/message_filter_example /usr/bin/cmake --install /home/pyh/Documents/ros2_ws/RobotAD_Issac_ws/build/usb_camera
[7.512s] -- Install configuration: ""
[7.512s] -- Execute custom install script
[7.513s] -- Symlinking: /home/pyh/Documents/ros2_ws/RobotAD_Issac_ws/install/usb_camera/share/usb_camera/config/camera_params.yaml
[7.519s] -- Symlinking: /home/pyh/Documents/ros2_ws/RobotAD_Issac_ws/install/usb_camera/lib/usb_camera/usb_camera_node
[7.525s] -- Symlinking: /home/pyh/Documents/ros2_ws/RobotAD_Issac_ws/install/usb_camera/share/ament_index/resource_index/package_run_dependencies/usb_camera
[7.531s] -- Symlinking: /home/pyh/Documents/ros2_ws/RobotAD_Issac_ws/install/usb_camera/share/ament_index/resource_index/parent_prefix_path/usb_camera
[7.538s] -- Symlinking: /home/pyh/Documents/ros2_ws/RobotAD_Issac_ws/install/usb_camera/share/usb_camera/environment/ament_prefix_path.sh
[7.544s] -- Symlinking: /home/pyh/Documents/ros2_ws/RobotAD_Issac_ws/install/usb_camera/share/usb_camera/environment/ament_prefix_path.dsv
[7.550s] -- Symlinking: /home/pyh/Documents/ros2_ws/RobotAD_Issac_ws/install/usb_camera/share/usb_camera/environment/path.sh
[7.556s] -- Symlinking: /home/pyh/Documents/ros2_ws/RobotAD_Issac_ws/install/usb_camera/share/usb_camera/environment/path.dsv
[7.562s] -- Symlinking: /home/pyh/Documents/ros2_ws/RobotAD_Issac_ws/install/usb_camera/share/usb_camera/local_setup.bash
[7.568s] -- Symlinking: /home/pyh/Documents/ros2_ws/RobotAD_Issac_ws/install/usb_camera/share/usb_camera/local_setup.sh
[7.574s] -- Symlinking: /home/pyh/Documents/ros2_ws/RobotAD_Issac_ws/install/usb_camera/share/usb_camera/local_setup.zsh
[7.581s] -- Symlinking: /home/pyh/Documents/ros2_ws/RobotAD_Issac_ws/install/usb_camera/share/usb_camera/local_setup.dsv
[7.587s] -- Symlinking: /home/pyh/Documents/ros2_ws/RobotAD_Issac_ws/install/usb_camera/share/usb_camera/package.dsv
[7.593s] -- Symlinking: /home/pyh/Documents/ros2_ws/RobotAD_Issac_ws/install/usb_camera/share/ament_index/resource_index/packages/usb_camera
[7.599s] -- Symlinking: /home/pyh/Documents/ros2_ws/RobotAD_Issac_ws/install/usb_camera/share/usb_camera/cmake/usb_cameraConfig.cmake
[7.605s] -- Symlinking: /home/pyh/Documents/ros2_ws/RobotAD_Issac_ws/install/usb_camera/share/usb_camera/cmake/usb_cameraConfig-version.cmake
[7.613s] -- Symlinking: /home/pyh/Documents/ros2_ws/RobotAD_Issac_ws/install/usb_camera/share/usb_camera/package.xml
[7.622s] Invoked command in '/home/pyh/Documents/ros2_ws/RobotAD_Issac_ws/build/usb_camera' returned '0': CMAKE_PREFIX_PATH=/home/pyh/Documents/ros2_ws/RobotAD_Issac_ws/install/usb_camera:/home/pyh/Documents/ros2_ws/RobotAD_Issac_ws/install/serial_comm:/home/pyh/Documents/ros2_ws/RobotAD_Issac_ws/install/robot_locate:/home/pyh/Documents/ros2_ws/RobotAD_Issac_ws/install/diff_control:/home/pyh/Documents/ros2_ws/RobotAD_Issac_ws/install/robot_hardware:/home/pyh/Documents/ros2_ws/RobotAD_Issac_ws/install/pointcloud_to_laserscan:/home/pyh/Documents/ros2_ws/RobotAD_Issac_ws/install/nuscenes_data_collector:/home/pyh/Documents/ros2_ws/RobotAD_Issac_ws/install/message_filter_example:/home/pyh/Documents/ros2_ws/RobotAD_Issac_ws/install/keyboard_control:/opt/ros/humble:/home/pyh/Documents/ros2_ws/install/message_filter_example /usr/bin/cmake --install /home/pyh/Documents/ros2_ws/RobotAD_Issac_ws/build/usb_camera
