-- Found ament_cmake: 1.3.11 (/opt/ros/humble/share/ament_cmake/cmake)
-- Override CMake install command with custom implementation using symlinks instead of copying resources
-- Found rclcpp: 16.0.11 (/opt/ros/humble/share/rclcpp/cmake)
-- Found rosidl_generator_c: 3.1.6 (/opt/ros/humble/share/rosidl_generator_c/cmake)
-- Found rosidl_adapter: 3.1.6 (/opt/ros/humble/share/rosidl_adapter/cmake)
-- Found rosidl_generator_cpp: 3.1.6 (/opt/ros/humble/share/rosidl_generator_cpp/cmake)
-- Using all available rosidl_typesupport_c: rosidl_typesupport_fastrtps_c;rosidl_typesupport_introspection_c
-- Using all available rosidl_typesupport_cpp: rosidl_typesupport_fastrtps_cpp;rosidl_typesupport_introspection_cpp
-- Found rmw_implementation_cmake: 6.1.2 (/opt/ros/humble/share/rmw_implementation_cmake/cmake)
-- Found rmw_fastrtps_cpp: 6.2.7 (/opt/ros/humble/share/rmw_fastrtps_cpp/cmake)
-- Using RMW implementation 'rmw_fastrtps_cpp' as default
-- Found sensor_msgs: 4.2.4 (/opt/ros/humble/share/sensor_msgs/cmake)
-- Found cv_bridge: 3.2.1 (/opt/ros/humble/share/cv_bridge/cmake)
-- Found rosidl_default_generators: 1.2.0 (/opt/ros/humble/share/rosidl_default_generators/cmake)
-- Found ament_cmake_ros: 0.10.0 (/opt/ros/humble/share/ament_cmake_ros/cmake)
-- Using all available rosidl_typesupport_c: rosidl_typesupport_fastrtps_c;rosidl_typesupport_introspection_c
-- Using all available rosidl_typesupport_cpp: rosidl_typesupport_fastrtps_cpp;rosidl_typesupport_introspection_cpp
-- Found python_cmake_module: 0.10.0 (/opt/ros/humble/share/python_cmake_module/cmake)
-- Using PYTHON_EXECUTABLE: /usr/bin/python3
-- Using PYTHON_INCLUDE_DIRS: /usr/include/python3.10
-- Using PYTHON_LIBRARIES: /usr/lib/x86_64-linux-gnu/libpython3.10.so
-- Configuring done
-- Generating done
-- Build files have been written to: /home/pyh/Documents/ros2_ws/RobotAD_Issac_ws/build/robot_hardware
[35m[1mConsolidate compiler generated dependencies of target robot_hardware__rosidl_generator_c[0m
[  2%] Built target robot_hardware__cpp
[ 12%] Built target robot_hardware__rosidl_generator_c
[ 12%] Built target ament_cmake_python_symlink_robot_hardware
[35m[1mConsolidate compiler generated dependencies of target robot_hardware__rosidl_typesupport_introspection_c[0m
[35m[1mConsolidate compiler generated dependencies of target robot_hardware__rosidl_typesupport_fastrtps_cpp[0m
[35m[1mConsolidate compiler generated dependencies of target robot_hardware__rosidl_typesupport_cpp[0m
[35m[1mConsolidate compiler generated dependencies of target robot_hardware__rosidl_typesupport_c[0m
[35m[1mConsolidate compiler generated dependencies of target robot_hardware__rosidl_typesupport_introspection_cpp[0m
[35m[1mConsolidate compiler generated dependencies of target robot_hardware__rosidl_typesupport_fastrtps_c[0m
[ 21%] Built target robot_hardware__rosidl_typesupport_introspection_c
[ 31%] Built target robot_hardware__rosidl_typesupport_c
[ 41%] Built target robot_hardware__rosidl_typesupport_cpp
[ 51%] Built target robot_hardware__rosidl_typesupport_fastrtps_cpp
[ 60%] Built target robot_hardware__rosidl_typesupport_introspection_cpp
[ 70%] Built target robot_hardware__rosidl_typesupport_fastrtps_c
[35m[1mConsolidate compiler generated dependencies of target hardware_manager[0m
[ 70%] Built target robot_hardware
[ 75%] Built target hardware_manager
[ 78%] Built target robot_hardware__py
[35m[1mConsolidate compiler generated dependencies of target robot_hardware__rosidl_generator_py[0m
[ 85%] Built target robot_hardware__rosidl_generator_py
[35m[1mConsolidate compiler generated dependencies of target robot_hardware__rosidl_typesupport_c__pyext[0m
[35m[1mConsolidate compiler generated dependencies of target robot_hardware__rosidl_typesupport_fastrtps_c__pyext[0m
[35m[1mConsolidate compiler generated dependencies of target robot_hardware__rosidl_typesupport_introspection_c__pyext[0m
[ 90%] Built target robot_hardware__rosidl_typesupport_fastrtps_c__pyext
[ 95%] Built target robot_hardware__rosidl_typesupport_c__pyext
[100%] Built target robot_hardware__rosidl_typesupport_introspection_c__pyext
running egg_info
writing robot_hardware.egg-info/PKG-INFO
writing dependency_links to robot_hardware.egg-info/dependency_links.txt
writing top-level names to robot_hardware.egg-info/top_level.txt
reading manifest file 'robot_hardware.egg-info/SOURCES.txt'
writing manifest file 'robot_hardware.egg-info/SOURCES.txt'
[100%] Built target ament_cmake_python_build_robot_hardware_egg
