In file included from [01m[K/home/pyh/Documents/ros2_ws/RobotAD_Issac_ws/src/nuscenes_data_collector/src/nuscenes_data_collector_issac.cpp:1[m[K:
[01m[K/home/pyh/Documents/ros2_ws/RobotAD_Issac_ws/src/nuscenes_data_collector/include/nuscenes_data_collector/nuscenes_data_collector_issac.hpp:1155:50:[m[K [01;31m[Kerror: [m[Kwrong number of template arguments (1, should be at least 2)
 1155 |     std::unordered_map<std::vector<nlohmann::json[01;31m[K>>[m[K sample_bbox3d_json_cache_;
      |                                                  [01;31m[K^~[m[K
In file included from [01m[K/usr/include/c++/11/unordered_map:47[m[K,
                 from [01m[K/opt/ros/humble/include/rclcpp/rclcpp/executors/multi_threaded_executor.hpp:23[m[K,
                 from [01m[K/opt/ros/humble/include/rclcpp/rclcpp/executors.hpp:21[m[K,
                 from [01m[K/opt/ros/humble/include/rclcpp/rclcpp/rclcpp.hpp:155[m[K,
                 from [01m[K/home/pyh/Documents/ros2_ws/RobotAD_Issac_ws/src/nuscenes_data_collector/include/nuscenes_data_collector/nuscenes_data_collector_issac.hpp:4[m[K,
                 from [01m[K/home/pyh/Documents/ros2_ws/RobotAD_Issac_ws/src/nuscenes_data_collector/src/nuscenes_data_collector_issac.cpp:1[m[K:
[01m[K/usr/include/c++/11/bits/unordered_map.h:102:11:[m[K [01;36m[Knote: [m[Kprovided for ‘[01m[Ktemplate<class _Key, class _Tp, class _Hash, class _Pred, class _Alloc> class std::unordered_map[m[K’
  102 |     class [01;36m[Kunordered_map[m[K
      |           [01;36m[K^~~~~~~~~~~~~[m[K
In file included from [01m[K/home/pyh/Documents/ros2_ws/RobotAD_Issac_ws/src/nuscenes_data_collector/src/nuscenes_data_collector_issac.cpp:1[m[K:
[01m[K/home/pyh/Documents/ros2_ws/RobotAD_Issac_ws/src/nuscenes_data_collector/include/nuscenes_data_collector/nuscenes_data_collector_issac.hpp:[m[K In member function ‘[01m[Kvoid NuScenesDataCollectorIssac::save_bbox3d_data(const std::shared_ptr<const vision_msgs::msg::Detection3DArray_<std::allocator<void> > >&, const string&)[m[K’:
[01m[K/home/pyh/Documents/ros2_ws/RobotAD_Issac_ws/src/nuscenes_data_collector/include/nuscenes_data_collector/nuscenes_data_collector_issac.hpp:645:38:[m[K [01;31m[Kerror: [m[Kno match for ‘[01m[Koperator[][m[K’ (operand types are ‘[01m[Kint[m[K’ and ‘[01m[Kconst string[m[K’ {aka ‘[01m[Kconst std::__cxx11::basic_string<char>[m[K’})
  645 |             sample_bbox3d_json_cache_[01;31m[K[[m[Kdevice_name] = sample_annotation_jsons;
      |                                      [01;31m[K^[m[K
[01m[K/home/pyh/Documents/ros2_ws/RobotAD_Issac_ws/src/nuscenes_data_collector/include/nuscenes_data_collector/nuscenes_data_collector_issac.hpp:[m[K In member function ‘[01m[Kbool NuScenesDataCollectorIssac::check_sample_done()[m[K’:
[01m[K/home/pyh/Documents/ros2_ws/RobotAD_Issac_ws/src/nuscenes_data_collector/include/nuscenes_data_collector/nuscenes_data_collector_issac.hpp:1000:34:[m[K [01;31m[Kerror: [m[K‘[01m[Kbegin[m[K’ was not declared in this scope
 1000 |         for(auto& bbox3d_jsons : [01;31m[Ksample_bbox3d_json_cache_[m[K){
      |                                  [01;31m[K^~~~~~~~~~~~~~~~~~~~~~~~~[m[K
[01m[K/home/pyh/Documents/ros2_ws/RobotAD_Issac_ws/src/nuscenes_data_collector/include/nuscenes_data_collector/nuscenes_data_collector_issac.hpp:1000:34:[m[K [01;36m[Knote: [m[Ksuggested alternatives:
In file included from [01m[K/usr/include/nlohmann/detail/conversions/from_json.hpp:13[m[K,
                 from [01m[K/usr/include/nlohmann/adl_serializer.hpp:6[m[K,
                 from [01m[K/usr/include/nlohmann/json.hpp:60[m[K,
                 from [01m[K/home/pyh/Documents/ros2_ws/RobotAD_Issac_ws/src/nuscenes_data_collector/include/nuscenes_data_collector/nuscenes_data_collector_issac.hpp:5[m[K,
                 from [01m[K/home/pyh/Documents/ros2_ws/RobotAD_Issac_ws/src/nuscenes_data_collector/src/nuscenes_data_collector_issac.cpp:1[m[K:
[01m[K/usr/include/c++/11/valarray:1228:5:[m[K [01;36m[Knote: [m[K  ‘[01m[Kstd::begin[m[K’
 1228 |     [01;36m[Kbegin[m[K(const valarray<_Tp>& __va) noexcept
      |     [01;36m[K^~~~~[m[K
In file included from [01m[K/usr/include/c++/11/filesystem:46[m[K,
                 from [01m[K/usr/include/nlohmann/detail/conversions/from_json.hpp:29[m[K,
                 from [01m[K/usr/include/nlohmann/adl_serializer.hpp:6[m[K,
                 from [01m[K/usr/include/nlohmann/json.hpp:60[m[K,
                 from [01m[K/home/pyh/Documents/ros2_ws/RobotAD_Issac_ws/src/nuscenes_data_collector/include/nuscenes_data_collector/nuscenes_data_collector_issac.hpp:5[m[K,
                 from [01m[K/home/pyh/Documents/ros2_ws/RobotAD_Issac_ws/src/nuscenes_data_collector/src/nuscenes_data_collector_issac.cpp:1[m[K:
[01m[K/usr/include/c++/11/bits/fs_dir.h:549:3:[m[K [01;36m[Knote: [m[K  ‘[01m[Kstd::filesystem::__cxx11::begin[m[K’
  549 |   [01;36m[Kbegin[m[K(recursive_directory_iterator __iter) noexcept
      |   [01;36m[K^~~~~[m[K
In file included from [01m[K/usr/include/c++/11/utility:76[m[K,
                 from [01m[K/usr/include/c++/11/bits/unique_ptr.h:36[m[K,
                 from [01m[K/usr/include/c++/11/memory:76[m[K,
                 from [01m[K/opt/ros/humble/include/rclcpp/rclcpp/rclcpp.hpp:153[m[K,
                 from [01m[K/home/pyh/Documents/ros2_ws/RobotAD_Issac_ws/src/nuscenes_data_collector/include/nuscenes_data_collector/nuscenes_data_collector_issac.hpp:4[m[K,
                 from [01m[K/home/pyh/Documents/ros2_ws/RobotAD_Issac_ws/src/nuscenes_data_collector/src/nuscenes_data_collector_issac.cpp:1[m[K:
[01m[K/usr/include/c++/11/initializer_list:90:5:[m[K [01;36m[Knote: [m[K  ‘[01m[Kstd::begin[m[K’
   90 |     [01;36m[Kbegin[m[K(initializer_list<_Tp> __ils) noexcept
      |     [01;36m[K^~~~~[m[K
In file included from [01m[K/usr/include/nlohmann/detail/string_escape.hpp:4[m[K,
                 from [01m[K/usr/include/nlohmann/detail/exceptions.hpp:9[m[K,
                 from [01m[K/usr/include/nlohmann/detail/conversions/from_json.hpp:15[m[K,
                 from [01m[K/usr/include/nlohmann/adl_serializer.hpp:6[m[K,
                 from [01m[K/usr/include/nlohmann/json.hpp:60[m[K,
                 from [01m[K/home/pyh/Documents/ros2_ws/RobotAD_Issac_ws/src/nuscenes_data_collector/include/nuscenes_data_collector/nuscenes_data_collector_issac.hpp:5[m[K,
                 from [01m[K/home/pyh/Documents/ros2_ws/RobotAD_Issac_ws/src/nuscenes_data_collector/src/nuscenes_data_collector_issac.cpp:1[m[K:
[01m[K/usr/include/nlohmann/detail/meta/call_std/begin.hpp:7:1:[m[K [01;36m[Knote: [m[K  ‘[01m[Knlohmann::detail2::begin[m[K’
    7 | [01;36m[KNLOHMANN_CAN_CALL_STD_FUNC_IMPL[m[K(begin);
      | [01;36m[K^~~~~~~~~~~~~~~~~~~~~~~~~~~~~~~[m[K
In file included from [01m[K/usr/include/boost/mpl/vector/aux_/begin_end.hpp:21[m[K,
                 from [01m[K/usr/include/boost/mpl/vector/vector0.hpp:31[m[K,
                 from [01m[K/usr/include/boost/mpl/vector/vector10.hpp:18[m[K,
                 from [01m[K/usr/include/boost/mpl/vector/vector20.hpp:18[m[K,
                 from [01m[K/usr/include/boost/mpl/vector.hpp:36[m[K,
                 from [01m[K/usr/include/pcl-1.12/pcl/point_struct_traits.h:43[m[K,
                 from [01m[K/usr/include/pcl-1.12/pcl/type_traits.h:40[m[K,
                 from [01m[K/usr/include/pcl-1.12/pcl/memory.h:46[m[K,
                 from [01m[K/usr/include/pcl-1.12/pcl/PCLHeader.h:3[m[K,
                 from [01m[K/usr/include/pcl-1.12/pcl/point_cloud.h:47[m[K,
                 from [01m[K/home/pyh/Documents/ros2_ws/RobotAD_Issac_ws/src/nuscenes_data_collector/include/nuscenes_data_collector/nuscenes_data_collector_issac.hpp:28[m[K,
                 from [01m[K/home/pyh/Documents/ros2_ws/RobotAD_Issac_ws/src/nuscenes_data_collector/src/nuscenes_data_collector_issac.cpp:1[m[K:
[01m[K/usr/include/boost/mpl/begin_end_fwd.hpp:22:38:[m[K [01;36m[Knote: [m[K  ‘[01m[Kboost::mpl::begin[m[K’
   22 | template< typename Sequence > struct [01;36m[Kbegin[m[K;
      |                                      [01;36m[K^~~~~[m[K
In file included from [01m[K/usr/include/boost/foreach.hpp:81[m[K,
                 from [01m[K/usr/include/pcl-1.12/pcl/conversions.h:54[m[K,
                 from [01m[K/home/pyh/Documents/ros2_ws/RobotAD_Issac_ws/src/nuscenes_data_collector/include/nuscenes_data_collector/nuscenes_data_collector_issac.hpp:30[m[K,
                 from [01m[K/home/pyh/Documents/ros2_ws/RobotAD_Issac_ws/src/nuscenes_data_collector/src/nuscenes_data_collector_issac.cpp:1[m[K:
[01m[K/usr/include/boost/range/begin.hpp:110:61:[m[K [01;36m[Knote: [m[K  ‘[01m[Kboost::range_adl_barrier::begin[m[K’
  110 | inline BOOST_DEDUCED_TYPENAME range_iterator<const T>::type [01;36m[Kbegin[m[K( const T& r )
      |                                                             [01;36m[K^~~~~[m[K
In file included from [01m[K/usr/include/pcl-1.12/pcl/conversions.h:54[m[K,
                 from [01m[K/home/pyh/Documents/ros2_ws/RobotAD_Issac_ws/src/nuscenes_data_collector/include/nuscenes_data_collector/nuscenes_data_collector_issac.hpp:30[m[K,
                 from [01m[K/home/pyh/Documents/ros2_ws/RobotAD_Issac_ws/src/nuscenes_data_collector/src/nuscenes_data_collector_issac.cpp:1[m[K:
[01m[K/usr/include/boost/foreach.hpp:696:1:[m[K [01;36m[Knote: [m[K  ‘[01m[Kboost::foreach_detail_::begin[m[K’
  696 | [01;36m[Kbegin[m[K(auto_any_t col, type2type<T *, C> *, boost::mpl::true_ *) // null-terminated C-style strings
      | [01;36m[K^~~~~[m[K
In file included from [01m[K/usr/include/c++/11/utility:76[m[K,
                 from [01m[K/usr/include/c++/11/bits/unique_ptr.h:36[m[K,
                 from [01m[K/usr/include/c++/11/memory:76[m[K,
                 from [01m[K/opt/ros/humble/include/rclcpp/rclcpp/rclcpp.hpp:153[m[K,
                 from [01m[K/home/pyh/Documents/ros2_ws/RobotAD_Issac_ws/src/nuscenes_data_collector/include/nuscenes_data_collector/nuscenes_data_collector_issac.hpp:4[m[K,
                 from [01m[K/home/pyh/Documents/ros2_ws/RobotAD_Issac_ws/src/nuscenes_data_collector/src/nuscenes_data_collector_issac.cpp:1[m[K:
[01m[K/usr/include/c++/11/initializer_list:90:5:[m[K [01;36m[Knote: [m[K  ‘[01m[Kstd::begin[m[K’
   90 |     [01;36m[Kbegin[m[K(initializer_list<_Tp> __ils) noexcept
      |     [01;36m[K^~~~~[m[K
In file included from [01m[K/home/pyh/Documents/ros2_ws/RobotAD_Issac_ws/src/nuscenes_data_collector/src/nuscenes_data_collector_issac.cpp:1[m[K:
[01m[K/home/pyh/Documents/ros2_ws/RobotAD_Issac_ws/src/nuscenes_data_collector/include/nuscenes_data_collector/nuscenes_data_collector_issac.hpp:1000:34:[m[K [01;31m[Kerror: [m[K‘[01m[Kend[m[K’ was not declared in this scope
 1000 |         for(auto& bbox3d_jsons : [01;31m[Ksample_bbox3d_json_cache_[m[K){
      |                                  [01;31m[K^~~~~~~~~~~~~~~~~~~~~~~~~[m[K
[01m[K/home/pyh/Documents/ros2_ws/RobotAD_Issac_ws/src/nuscenes_data_collector/include/nuscenes_data_collector/nuscenes_data_collector_issac.hpp:1000:34:[m[K [01;36m[Knote: [m[Ksuggested alternatives:
In file included from [01m[K/usr/include/nlohmann/detail/conversions/from_json.hpp:13[m[K,
                 from [01m[K/usr/include/nlohmann/adl_serializer.hpp:6[m[K,
                 from [01m[K/usr/include/nlohmann/json.hpp:60[m[K,
                 from [01m[K/home/pyh/Documents/ros2_ws/RobotAD_Issac_ws/src/nuscenes_data_collector/include/nuscenes_data_collector/nuscenes_data_collector_issac.hpp:5[m[K,
                 from [01m[K/home/pyh/Documents/ros2_ws/RobotAD_Issac_ws/src/nuscenes_data_collector/src/nuscenes_data_collector_issac.cpp:1[m[K:
[01m[K/usr/include/c++/11/valarray:1255:5:[m[K [01;36m[Knote: [m[K  ‘[01m[Kstd::end[m[K’
 1255 |     [01;36m[Kend[m[K(const valarray<_Tp>& __va) noexcept
      |     [01;36m[K^~~[m[K
In file included from [01m[K/usr/include/c++/11/filesystem:46[m[K,
                 from [01m[K/usr/include/nlohmann/detail/conversions/from_json.hpp:29[m[K,
                 from [01m[K/usr/include/nlohmann/adl_serializer.hpp:6[m[K,
                 from [01m[K/usr/include/nlohmann/json.hpp:60[m[K,
                 from [01m[K/home/pyh/Documents/ros2_ws/RobotAD_Issac_ws/src/nuscenes_data_collector/include/nuscenes_data_collector/nuscenes_data_collector_issac.hpp:5[m[K,
                 from [01m[K/home/pyh/Documents/ros2_ws/RobotAD_Issac_ws/src/nuscenes_data_collector/src/nuscenes_data_collector_issac.cpp:1[m[K:
[01m[K/usr/include/c++/11/bits/fs_dir.h:554:3:[m[K [01;36m[Knote: [m[K  ‘[01m[Kstd::filesystem::__cxx11::end[m[K’
  554 |   [01;36m[Kend[m[K(recursive_directory_iterator) noexcept
      |   [01;36m[K^~~[m[K
In file included from [01m[K/usr/include/c++/11/utility:76[m[K,
                 from [01m[K/usr/include/c++/11/bits/unique_ptr.h:36[m[K,
                 from [01m[K/usr/include/c++/11/memory:76[m[K,
                 from [01m[K/opt/ros/humble/include/rclcpp/rclcpp/rclcpp.hpp:153[m[K,
                 from [01m[K/home/pyh/Documents/ros2_ws/RobotAD_Issac_ws/src/nuscenes_data_collector/include/nuscenes_data_collector/nuscenes_data_collector_issac.hpp:4[m[K,
                 from [01m[K/home/pyh/Documents/ros2_ws/RobotAD_Issac_ws/src/nuscenes_data_collector/src/nuscenes_data_collector_issac.cpp:1[m[K:
[01m[K/usr/include/c++/11/initializer_list:101:5:[m[K [01;36m[Knote: [m[K  ‘[01m[Kstd::end[m[K’
  101 |     [01;36m[Kend[m[K(initializer_list<_Tp> __ils) noexcept
      |     [01;36m[K^~~[m[K
In file included from [01m[K/usr/include/nlohmann/detail/string_escape.hpp:4[m[K,
                 from [01m[K/usr/include/nlohmann/detail/exceptions.hpp:9[m[K,
                 from [01m[K/usr/include/nlohmann/detail/conversions/from_json.hpp:15[m[K,
                 from [01m[K/usr/include/nlohmann/adl_serializer.hpp:6[m[K,
                 from [01m[K/usr/include/nlohmann/json.hpp:60[m[K,
                 from [01m[K/home/pyh/Documents/ros2_ws/RobotAD_Issac_ws/src/nuscenes_data_collector/include/nuscenes_data_collector/nuscenes_data_collector_issac.hpp:5[m[K,
                 from [01m[K/home/pyh/Documents/ros2_ws/RobotAD_Issac_ws/src/nuscenes_data_collector/src/nuscenes_data_collector_issac.cpp:1[m[K:
[01m[K/usr/include/nlohmann/detail/meta/call_std/end.hpp:7:1:[m[K [01;36m[Knote: [m[K  ‘[01m[Knlohmann::detail2::end[m[K’
    7 | [01;36m[KNLOHMANN_CAN_CALL_STD_FUNC_IMPL[m[K(end);
      | [01;36m[K^~~~~~~~~~~~~~~~~~~~~~~~~~~~~~~[m[K
In file included from [01m[K/usr/include/eigen3/Eigen/Core:265[m[K,
                 from [01m[K/usr/include/eigen3/Eigen/StdVector:14[m[K,
                 from [01m[K/usr/include/pcl-1.12/pcl/point_cloud.h:45[m[K,
                 from [01m[K/home/pyh/Documents/ros2_ws/RobotAD_Issac_ws/src/nuscenes_data_collector/include/nuscenes_data_collector/nuscenes_data_collector_issac.hpp:28[m[K,
                 from [01m[K/home/pyh/Documents/ros2_ws/RobotAD_Issac_ws/src/nuscenes_data_collector/src/nuscenes_data_collector_issac.cpp:1[m[K:
[01m[K/usr/include/eigen3/Eigen/src/Core/util/IndexedViewHelper.h:181:40:[m[K [01;36m[Knote: [m[K  ‘[01m[KEigen::placeholders::end[m[K’
  181 |   EIGEN_DEPRECATED static const end_t  [01;36m[Kend[m[K  = Eigen::lastp1; // PLEASE use Eigen::lastp1 instead of Eigen::placeholders::end
      |                                        [01;36m[K^~~[m[K
In file included from [01m[K/usr/include/boost/mpl/vector/aux_/begin_end.hpp:21[m[K,
                 from [01m[K/usr/include/boost/mpl/vector/vector0.hpp:31[m[K,
                 from [01m[K/usr/include/boost/mpl/vector/vector10.hpp:18[m[K,
                 from [01m[K/usr/include/boost/mpl/vector/vector20.hpp:18[m[K,
                 from [01m[K/usr/include/boost/mpl/vector.hpp:36[m[K,
                 from [01m[K/usr/include/pcl-1.12/pcl/point_struct_traits.h:43[m[K,
                 from [01m[K/usr/include/pcl-1.12/pcl/type_traits.h:40[m[K,
                 from [01m[K/usr/include/pcl-1.12/pcl/memory.h:46[m[K,
                 from [01m[K/usr/include/pcl-1.12/pcl/PCLHeader.h:3[m[K,
                 from [01m[K/usr/include/pcl-1.12/pcl/point_cloud.h:47[m[K,
                 from [01m[K/home/pyh/Documents/ros2_ws/RobotAD_Issac_ws/src/nuscenes_data_collector/include/nuscenes_data_collector/nuscenes_data_collector_issac.hpp:28[m[K,
                 from [01m[K/home/pyh/Documents/ros2_ws/RobotAD_Issac_ws/src/nuscenes_data_collector/src/nuscenes_data_collector_issac.cpp:1[m[K:
[01m[K/usr/include/boost/mpl/begin_end_fwd.hpp:23:38:[m[K [01;36m[Knote: [m[K  ‘[01m[Kboost::mpl::end[m[K’
   23 | template< typename Sequence > struct [01;36m[Kend[m[K;
      |                                      [01;36m[K^~~[m[K
In file included from [01m[K/usr/include/boost/foreach.hpp:80[m[K,
                 from [01m[K/usr/include/pcl-1.12/pcl/conversions.h:54[m[K,
                 from [01m[K/home/pyh/Documents/ros2_ws/RobotAD_Issac_ws/src/nuscenes_data_collector/include/nuscenes_data_collector/nuscenes_data_collector_issac.hpp:30[m[K,
                 from [01m[K/home/pyh/Documents/ros2_ws/RobotAD_Issac_ws/src/nuscenes_data_collector/src/nuscenes_data_collector_issac.cpp:1[m[K:
[01m[K/usr/include/boost/range/end.hpp:104:61:[m[K [01;36m[Knote: [m[K  ‘[01m[Kboost::range_adl_barrier::end[m[K’
  104 | inline BOOST_DEDUCED_TYPENAME range_iterator<const T>::type [01;36m[Kend[m[K( const T& r )
      |                                                             [01;36m[K^~~[m[K
In file included from [01m[K/usr/include/pcl-1.12/pcl/conversions.h:54[m[K,
                 from [01m[K/home/pyh/Documents/ros2_ws/RobotAD_Issac_ws/src/nuscenes_data_collector/include/nuscenes_data_collector/nuscenes_data_collector_issac.hpp:30[m[K,
                 from [01m[K/home/pyh/Documents/ros2_ws/RobotAD_Issac_ws/src/nuscenes_data_collector/src/nuscenes_data_collector_issac.cpp:1[m[K:
[01m[K/usr/include/boost/foreach.hpp:736:1:[m[K [01;36m[Knote: [m[K  ‘[01m[Kboost::foreach_detail_::end[m[K’
  736 | [01;36m[Kend[m[K(auto_any_t, type2type<T *, C> *, boost::mpl::true_ *) // null-terminated C-style strings
      | [01;36m[K^~~[m[K
In file included from [01m[K/usr/include/c++/11/utility:76[m[K,
                 from [01m[K/usr/include/c++/11/bits/unique_ptr.h:36[m[K,
                 from [01m[K/usr/include/c++/11/memory:76[m[K,
                 from [01m[K/opt/ros/humble/include/rclcpp/rclcpp/rclcpp.hpp:153[m[K,
                 from [01m[K/home/pyh/Documents/ros2_ws/RobotAD_Issac_ws/src/nuscenes_data_collector/include/nuscenes_data_collector/nuscenes_data_collector_issac.hpp:4[m[K,
                 from [01m[K/home/pyh/Documents/ros2_ws/RobotAD_Issac_ws/src/nuscenes_data_collector/src/nuscenes_data_collector_issac.cpp:1[m[K:
[01m[K/usr/include/c++/11/initializer_list:101:5:[m[K [01;36m[Knote: [m[K  ‘[01m[Kstd::end[m[K’
  101 |     [01;36m[Kend[m[K(initializer_list<_Tp> __ils) noexcept
      |     [01;36m[K^~~[m[K
gmake[2]: *** [CMakeFiles/nuscenes_data_collector_issac_node.dir/build.make:76: CMakeFiles/nuscenes_data_collector_issac_node.dir/src/nuscenes_data_collector_issac.cpp.o] Error 1
gmake[1]: *** [CMakeFiles/Makefile2:165: CMakeFiles/nuscenes_data_collector_issac_node.dir/all] Error 2
gmake: *** [Makefile:146: all] Error 2
