[0.032s] Invoking command in '/home/pyh/Documents/ros2_ws/RobotAD_Issac_ws/build/nuscenes_data_collector': CMAKE_PREFIX_PATH=/home/pyh/Documents/ros2_ws/RobotAD_Issac_ws/install/usb_camera:/home/pyh/Documents/ros2_ws/RobotAD_Issac_ws/install/serial_comm:/home/pyh/Documents/ros2_ws/RobotAD_Issac_ws/install/robot_locate:/home/pyh/Documents/ros2_ws/RobotAD_Issac_ws/install/diff_control:/home/pyh/Documents/ros2_ws/RobotAD_Issac_ws/install/robot_hardware:/home/pyh/Documents/ros2_ws/RobotAD_Issac_ws/install/pointcloud_to_laserscan:/home/pyh/Documents/ros2_ws/RobotAD_Issac_ws/install/nuscenes_data_collector:/opt/ros/humble:/home/pyh/Documents/ros2_ws/RobotAD_Issac_ws/install/message_filter_example:/home/pyh/Documents/ros2_ws/RobotAD_Issac_ws/install/keyboard_control /usr/bin/cmake /home/pyh/Documents/ros2_ws/RobotAD_Issac_ws/src/nuscenes_data_collector -DAMENT_CMAKE_SYMLINK_INSTALL=1 -DCMAKE_INSTALL_PREFIX=/home/pyh/Documents/ros2_ws/RobotAD_Issac_ws/install/nuscenes_data_collector
[0.046s] -- Found ament_cmake: 1.3.11 (/opt/ros/humble/share/ament_cmake/cmake)
[0.162s] -- Override CMake install command with custom implementation using symlinks instead of copying resources
[0.169s] -- Found rclcpp: 16.0.11 (/opt/ros/humble/share/rclcpp/cmake)
[0.208s] -- Found rosidl_generator_c: 3.1.6 (/opt/ros/humble/share/rosidl_generator_c/cmake)
[0.210s] -- Found rosidl_adapter: 3.1.6 (/opt/ros/humble/share/rosidl_adapter/cmake)
[0.217s] -- Found rosidl_generator_cpp: 3.1.6 (/opt/ros/humble/share/rosidl_generator_cpp/cmake)
[0.225s] -- Using all available rosidl_typesupport_c: rosidl_typesupport_fastrtps_c;rosidl_typesupport_introspection_c
[0.236s] -- Using all available rosidl_typesupport_cpp: rosidl_typesupport_fastrtps_cpp;rosidl_typesupport_introspection_cpp
[0.281s] -- Found rmw_implementation_cmake: 6.1.2 (/opt/ros/humble/share/rmw_implementation_cmake/cmake)
[0.283s] -- Found rmw_fastrtps_cpp: 6.2.7 (/opt/ros/humble/share/rmw_fastrtps_cpp/cmake)
[0.419s] -- Using RMW implementation 'rmw_fastrtps_cpp' as default
[0.471s] -- Found sensor_msgs: 4.2.4 (/opt/ros/humble/share/sensor_msgs/cmake)
[0.500s] -- Found pcl_conversions: 2.4.5 (/opt/ros/humble/share/pcl_conversions/cmake)
[0.534s] -- Eigen found (include: /usr/include/eigen3, version: 3.4.0)
[0.568s] -- FLANN found (include: /usr/include, lib: /usr/lib/x86_64-linux-gnu/libflann_cpp.so)
[0.893s] -- OpenNI found (version: 1.5.4.0, include: /usr/include/ni, lib: /usr/lib/libOpenNI.so;libusb::libusb)
[0.901s] -- OpenNI2 found (version: 2.2.0.33, include: /usr/include/openni2, lib: /usr/lib/x86_64-linux-gnu/libOpenNI2.so;libusb::libusb)
[1.082s] -- Eigen found (include: /usr/include/eigen3, version: 3.4.0)
[1.090s] -- OpenNI found (version: 1.5.4.0, include: /usr/include/ni, lib: /usr/lib/libOpenNI.so;libusb::libusb)
[1.096s] -- OpenNI2 found (version: 2.2.0.33, include: /usr/include/openni2, lib: /usr/lib/x86_64-linux-gnu/libOpenNI2.so;libusb::libusb)
[1.289s] -- Found Qhull version 8.0.2
[1.489s] -- OpenNI found (version: 1.5.4.0, include: /usr/include/ni, lib: /usr/lib/libOpenNI.so;libusb::libusb)
[1.673s] -- Found nav_msgs: 4.2.4 (/opt/ros/humble/share/nav_msgs/cmake)
[1.688s] -- Found vision_msgs: 4.1.1 (/opt/ros/humble/share/vision_msgs/cmake)
[1.709s] -- Found cv_bridge: 3.2.1 (/opt/ros/humble/share/cv_bridge/cmake)
[1.798s] -- Configuring done
[1.846s] -- Generating done
[1.861s] -- Build files have been written to: /home/pyh/Documents/ros2_ws/RobotAD_Issac_ws/build/nuscenes_data_collector
[1.883s] Invoked command in '/home/pyh/Documents/ros2_ws/RobotAD_Issac_ws/build/nuscenes_data_collector' returned '0': CMAKE_PREFIX_PATH=/home/pyh/Documents/ros2_ws/RobotAD_Issac_ws/install/usb_camera:/home/pyh/Documents/ros2_ws/RobotAD_Issac_ws/install/serial_comm:/home/pyh/Documents/ros2_ws/RobotAD_Issac_ws/install/robot_locate:/home/pyh/Documents/ros2_ws/RobotAD_Issac_ws/install/diff_control:/home/pyh/Documents/ros2_ws/RobotAD_Issac_ws/install/robot_hardware:/home/pyh/Documents/ros2_ws/RobotAD_Issac_ws/install/pointcloud_to_laserscan:/home/pyh/Documents/ros2_ws/RobotAD_Issac_ws/install/nuscenes_data_collector:/opt/ros/humble:/home/pyh/Documents/ros2_ws/RobotAD_Issac_ws/install/message_filter_example:/home/pyh/Documents/ros2_ws/RobotAD_Issac_ws/install/keyboard_control /usr/bin/cmake /home/pyh/Documents/ros2_ws/RobotAD_Issac_ws/src/nuscenes_data_collector -DAMENT_CMAKE_SYMLINK_INSTALL=1 -DCMAKE_INSTALL_PREFIX=/home/pyh/Documents/ros2_ws/RobotAD_Issac_ws/install/nuscenes_data_collector
[1.885s] Invoking command in '/home/pyh/Documents/ros2_ws/RobotAD_Issac_ws/build/nuscenes_data_collector': CMAKE_PREFIX_PATH=/home/pyh/Documents/ros2_ws/RobotAD_Issac_ws/install/usb_camera:/home/pyh/Documents/ros2_ws/RobotAD_Issac_ws/install/serial_comm:/home/pyh/Documents/ros2_ws/RobotAD_Issac_ws/install/robot_locate:/home/pyh/Documents/ros2_ws/RobotAD_Issac_ws/install/diff_control:/home/pyh/Documents/ros2_ws/RobotAD_Issac_ws/install/robot_hardware:/home/pyh/Documents/ros2_ws/RobotAD_Issac_ws/install/pointcloud_to_laserscan:/home/pyh/Documents/ros2_ws/RobotAD_Issac_ws/install/nuscenes_data_collector:/opt/ros/humble:/home/pyh/Documents/ros2_ws/RobotAD_Issac_ws/install/message_filter_example:/home/pyh/Documents/ros2_ws/RobotAD_Issac_ws/install/keyboard_control /usr/bin/cmake --build /home/pyh/Documents/ros2_ws/RobotAD_Issac_ws/build/nuscenes_data_collector -- -j16 -l16
[1.924s] [35m[1mConsolidate compiler generated dependencies of target nuscenes_data_collector_node[0m
[1.925s] [35m[1mConsolidate compiler generated dependencies of target nuscenes_data_collector_issac_node[0m
[1.956s] [ 50%] Built target nuscenes_data_collector_node
[1.961s] [ 75%] [32mBuilding CXX object CMakeFiles/nuscenes_data_collector_issac_node.dir/src/nuscenes_data_collector_issac.cpp.o[0m
[25.923s] [100%] [32m[1mLinking CXX executable nuscenes_data_collector_issac_node[0m
[28.309s] [100%] Built target nuscenes_data_collector_issac_node
[28.321s] Invoked command in '/home/pyh/Documents/ros2_ws/RobotAD_Issac_ws/build/nuscenes_data_collector' returned '0': CMAKE_PREFIX_PATH=/home/pyh/Documents/ros2_ws/RobotAD_Issac_ws/install/usb_camera:/home/pyh/Documents/ros2_ws/RobotAD_Issac_ws/install/serial_comm:/home/pyh/Documents/ros2_ws/RobotAD_Issac_ws/install/robot_locate:/home/pyh/Documents/ros2_ws/RobotAD_Issac_ws/install/diff_control:/home/pyh/Documents/ros2_ws/RobotAD_Issac_ws/install/robot_hardware:/home/pyh/Documents/ros2_ws/RobotAD_Issac_ws/install/pointcloud_to_laserscan:/home/pyh/Documents/ros2_ws/RobotAD_Issac_ws/install/nuscenes_data_collector:/opt/ros/humble:/home/pyh/Documents/ros2_ws/RobotAD_Issac_ws/install/message_filter_example:/home/pyh/Documents/ros2_ws/RobotAD_Issac_ws/install/keyboard_control /usr/bin/cmake --build /home/pyh/Documents/ros2_ws/RobotAD_Issac_ws/build/nuscenes_data_collector -- -j16 -l16
[28.322s] Invoking command in '/home/pyh/Documents/ros2_ws/RobotAD_Issac_ws/build/nuscenes_data_collector': CMAKE_PREFIX_PATH=/home/pyh/Documents/ros2_ws/RobotAD_Issac_ws/install/usb_camera:/home/pyh/Documents/ros2_ws/RobotAD_Issac_ws/install/serial_comm:/home/pyh/Documents/ros2_ws/RobotAD_Issac_ws/install/robot_locate:/home/pyh/Documents/ros2_ws/RobotAD_Issac_ws/install/diff_control:/home/pyh/Documents/ros2_ws/RobotAD_Issac_ws/install/robot_hardware:/home/pyh/Documents/ros2_ws/RobotAD_Issac_ws/install/pointcloud_to_laserscan:/home/pyh/Documents/ros2_ws/RobotAD_Issac_ws/install/nuscenes_data_collector:/opt/ros/humble:/home/pyh/Documents/ros2_ws/RobotAD_Issac_ws/install/message_filter_example:/home/pyh/Documents/ros2_ws/RobotAD_Issac_ws/install/keyboard_control /usr/bin/cmake --install /home/pyh/Documents/ros2_ws/RobotAD_Issac_ws/build/nuscenes_data_collector
[28.328s] -- Install configuration: ""
[28.328s] -- Execute custom install script
[28.328s] -- Up-to-date symlink: /home/pyh/Documents/ros2_ws/RobotAD_Issac_ws/install/nuscenes_data_collector/share/nuscenes_data_collector/config/nuscenes_data_collector_params.yaml
[28.328s] -- Up-to-date symlink: /home/pyh/Documents/ros2_ws/RobotAD_Issac_ws/install/nuscenes_data_collector/share/nuscenes_data_collector/config/rviz_config.rviz
[28.329s] -- Up-to-date symlink: /home/pyh/Documents/ros2_ws/RobotAD_Issac_ws/install/nuscenes_data_collector/share/nuscenes_data_collector/config/rviz_config_backup.rviz
[28.329s] -- Up-to-date symlink: /home/pyh/Documents/ros2_ws/RobotAD_Issac_ws/install/nuscenes_data_collector/lib/nuscenes_data_collector/nuscenes_data_collector_node
[28.329s] -- Up-to-date symlink: /home/pyh/Documents/ros2_ws/RobotAD_Issac_ws/install/nuscenes_data_collector/lib/nuscenes_data_collector/nuscenes_data_collector_issac_node
[28.329s] -- Up-to-date symlink: /home/pyh/Documents/ros2_ws/RobotAD_Issac_ws/install/nuscenes_data_collector/share/ament_index/resource_index/package_run_dependencies/nuscenes_data_collector
[28.329s] -- Up-to-date symlink: /home/pyh/Documents/ros2_ws/RobotAD_Issac_ws/install/nuscenes_data_collector/share/ament_index/resource_index/parent_prefix_path/nuscenes_data_collector
[28.329s] -- Up-to-date symlink: /home/pyh/Documents/ros2_ws/RobotAD_Issac_ws/install/nuscenes_data_collector/share/nuscenes_data_collector/environment/ament_prefix_path.sh
[28.329s] -- Up-to-date symlink: /home/pyh/Documents/ros2_ws/RobotAD_Issac_ws/install/nuscenes_data_collector/share/nuscenes_data_collector/environment/ament_prefix_path.dsv
[28.329s] -- Up-to-date symlink: /home/pyh/Documents/ros2_ws/RobotAD_Issac_ws/install/nuscenes_data_collector/share/nuscenes_data_collector/environment/path.sh
[28.329s] -- Up-to-date symlink: /home/pyh/Documents/ros2_ws/RobotAD_Issac_ws/install/nuscenes_data_collector/share/nuscenes_data_collector/environment/path.dsv
[28.329s] -- Up-to-date symlink: /home/pyh/Documents/ros2_ws/RobotAD_Issac_ws/install/nuscenes_data_collector/share/nuscenes_data_collector/local_setup.bash
[28.329s] -- Up-to-date symlink: /home/pyh/Documents/ros2_ws/RobotAD_Issac_ws/install/nuscenes_data_collector/share/nuscenes_data_collector/local_setup.sh
[28.330s] -- Up-to-date symlink: /home/pyh/Documents/ros2_ws/RobotAD_Issac_ws/install/nuscenes_data_collector/share/nuscenes_data_collector/local_setup.zsh
[28.330s] -- Up-to-date symlink: /home/pyh/Documents/ros2_ws/RobotAD_Issac_ws/install/nuscenes_data_collector/share/nuscenes_data_collector/local_setup.dsv
[28.330s] -- Symlinking: /home/pyh/Documents/ros2_ws/RobotAD_Issac_ws/install/nuscenes_data_collector/share/nuscenes_data_collector/package.dsv
[28.337s] -- Up-to-date symlink: /home/pyh/Documents/ros2_ws/RobotAD_Issac_ws/install/nuscenes_data_collector/share/ament_index/resource_index/packages/nuscenes_data_collector
[28.337s] -- Up-to-date symlink: /home/pyh/Documents/ros2_ws/RobotAD_Issac_ws/install/nuscenes_data_collector/share/nuscenes_data_collector/cmake/nuscenes_data_collectorConfig.cmake
[28.337s] -- Up-to-date symlink: /home/pyh/Documents/ros2_ws/RobotAD_Issac_ws/install/nuscenes_data_collector/share/nuscenes_data_collector/cmake/nuscenes_data_collectorConfig-version.cmake
[28.337s] -- Up-to-date symlink: /home/pyh/Documents/ros2_ws/RobotAD_Issac_ws/install/nuscenes_data_collector/share/nuscenes_data_collector/package.xml
[28.339s] Invoked command in '/home/pyh/Documents/ros2_ws/RobotAD_Issac_ws/build/nuscenes_data_collector' returned '0': CMAKE_PREFIX_PATH=/home/pyh/Documents/ros2_ws/RobotAD_Issac_ws/install/usb_camera:/home/pyh/Documents/ros2_ws/RobotAD_Issac_ws/install/serial_comm:/home/pyh/Documents/ros2_ws/RobotAD_Issac_ws/install/robot_locate:/home/pyh/Documents/ros2_ws/RobotAD_Issac_ws/install/diff_control:/home/pyh/Documents/ros2_ws/RobotAD_Issac_ws/install/robot_hardware:/home/pyh/Documents/ros2_ws/RobotAD_Issac_ws/install/pointcloud_to_laserscan:/home/pyh/Documents/ros2_ws/RobotAD_Issac_ws/install/nuscenes_data_collector:/opt/ros/humble:/home/pyh/Documents/ros2_ws/RobotAD_Issac_ws/install/message_filter_example:/home/pyh/Documents/ros2_ws/RobotAD_Issac_ws/install/keyboard_control /usr/bin/cmake --install /home/pyh/Documents/ros2_ws/RobotAD_Issac_ws/build/nuscenes_data_collector
