-- The C compiler identification is GNU 11.4.0
-- The CXX compiler identification is GNU 11.4.0
-- Detecting C compiler ABI info
-- Detecting C compiler ABI info - done
-- Check for working C compiler: /usr/bin/cc - skipped
-- Detecting C compile features
-- Detecting C compile features - done
-- Detecting CXX compiler ABI info
-- Detecting CXX compiler ABI info - done
-- Check for working CXX compiler: /usr/bin/c++ - skipped
-- Detecting CXX compile features
-- Detecting CXX compile features - done
-- Found ament_cmake: 1.3.11 (/opt/ros/humble/share/ament_cmake/cmake)
-- Found Python3: /usr/bin/python3 (found version "3.10.12") found components: Interpreter 
-- Found rclcpp: 16.0.11 (/opt/ros/humble/share/rclcpp/cmake)
-- Found rosidl_generator_c: 3.1.6 (/opt/ros/humble/share/rosidl_generator_c/cmake)
-- Found rosidl_adapter: 3.1.6 (/opt/ros/humble/share/rosidl_adapter/cmake)
-- Found rosidl_generator_cpp: 3.1.6 (/opt/ros/humble/share/rosidl_generator_cpp/cmake)
-- Using all available rosidl_typesupport_c: rosidl_typesupport_fastrtps_c;rosidl_typesupport_introspection_c
-- Using all available rosidl_typesupport_cpp: rosidl_typesupport_fastrtps_cpp;rosidl_typesupport_introspection_cpp
-- Found rmw_implementation_cmake: 6.1.2 (/opt/ros/humble/share/rmw_implementation_cmake/cmake)
-- Found rmw_fastrtps_cpp: 6.2.7 (/opt/ros/humble/share/rmw_fastrtps_cpp/cmake)
-- Found OpenSSL: /usr/lib/x86_64-linux-gnu/libcrypto.so (found version "3.0.2")  
-- Found FastRTPS: /opt/ros/humble/include  
-- Using RMW implementation 'rmw_fastrtps_cpp' as default
-- Looking for pthread.h
-- Looking for pthread.h - found
-- Performing Test CMAKE_HAVE_LIBC_PTHREAD
-- Performing Test CMAKE_HAVE_LIBC_PTHREAD - Success
-- Found Threads: TRUE  
-- Found sensor_msgs: 4.2.4 (/opt/ros/humble/share/sensor_msgs/cmake)
-- Found message_filters: 4.3.5 (/opt/ros/humble/share/message_filters/cmake)
-- Configuring done
-- Generating done
[33mCMake Warning:
  Manually-specified variables were not used by the project:

    CATKIN_INSTALL_INTO_PREFIX_ROOT
    CATKIN_SYMLINK_INSTALL

[0m
-- Build files have been written to: /home/pyh/Documents/ros2_ws/RobotAD_Issac_ws/build/message_filter_example
[ 50%] [32mBuilding CXX object CMakeFiles/message_filter_example.dir/src/message_filter_example.cpp.o[0m
[100%] [32m[1mLinking CXX executable message_filter_example[0m
[100%] Built target message_filter_example
-- Install configuration: ""
-- Installing: /home/pyh/Documents/ros2_ws/RobotAD_Issac_ws/install/message_filter_example/lib/message_filter_example/message_filter_example
-- Set runtime path of "/home/pyh/Documents/ros2_ws/RobotAD_Issac_ws/install/message_filter_example/lib/message_filter_example/message_filter_example" to ""
-- Installing: /home/pyh/Documents/ros2_ws/RobotAD_Issac_ws/install/message_filter_example/share/ament_index/resource_index/package_run_dependencies/message_filter_example
-- Installing: /home/pyh/Documents/ros2_ws/RobotAD_Issac_ws/install/message_filter_example/share/ament_index/resource_index/parent_prefix_path/message_filter_example
-- Installing: /home/pyh/Documents/ros2_ws/RobotAD_Issac_ws/install/message_filter_example/share/message_filter_example/environment/ament_prefix_path.sh
-- Installing: /home/pyh/Documents/ros2_ws/RobotAD_Issac_ws/install/message_filter_example/share/message_filter_example/environment/ament_prefix_path.dsv
-- Installing: /home/pyh/Documents/ros2_ws/RobotAD_Issac_ws/install/message_filter_example/share/message_filter_example/environment/path.sh
-- Installing: /home/pyh/Documents/ros2_ws/RobotAD_Issac_ws/install/message_filter_example/share/message_filter_example/environment/path.dsv
-- Installing: /home/pyh/Documents/ros2_ws/RobotAD_Issac_ws/install/message_filter_example/share/message_filter_example/local_setup.bash
-- Installing: /home/pyh/Documents/ros2_ws/RobotAD_Issac_ws/install/message_filter_example/share/message_filter_example/local_setup.sh
-- Installing: /home/pyh/Documents/ros2_ws/RobotAD_Issac_ws/install/message_filter_example/share/message_filter_example/local_setup.zsh
-- Installing: /home/pyh/Documents/ros2_ws/RobotAD_Issac_ws/install/message_filter_example/share/message_filter_example/local_setup.dsv
-- Installing: /home/pyh/Documents/ros2_ws/RobotAD_Issac_ws/install/message_filter_example/share/message_filter_example/package.dsv
-- Installing: /home/pyh/Documents/ros2_ws/RobotAD_Issac_ws/install/message_filter_example/share/ament_index/resource_index/packages/message_filter_example
-- Installing: /home/pyh/Documents/ros2_ws/RobotAD_Issac_ws/install/message_filter_example/share/message_filter_example/cmake/message_filter_exampleConfig.cmake
-- Installing: /home/pyh/Documents/ros2_ws/RobotAD_Issac_ws/install/message_filter_example/share/message_filter_example/cmake/message_filter_exampleConfig-version.cmake
-- Installing: /home/pyh/Documents/ros2_ws/RobotAD_Issac_ws/install/message_filter_example/share/message_filter_example/package.xml
