-- The C compiler identification is GNU 11.4.0
-- The CXX compiler identification is GNU 11.4.0
-- Detecting C compiler ABI info
-- Detecting C compiler ABI info - done
-- Check for working C compiler: /usr/bin/cc - skipped
-- Detecting C compile features
-- Detecting C compile features - done
-- Detecting CXX compiler ABI info
-- Detecting CXX compiler ABI info - done
-- Check for working CXX compiler: /usr/bin/c++ - skipped
-- Detecting CXX compile features
-- Detecting CXX compile features - done
-- Found ament_cmake: 1.3.11 (/opt/ros/humble/share/ament_cmake/cmake)
-- Found Python3: /usr/bin/python3 (found version "3.10.12") found components: Interpreter 
-- Override CMake install command with custom implementation using symlinks instead of copying resources
-- Found rclcpp: 16.0.11 (/opt/ros/humble/share/rclcpp/cmake)
-- Found rosidl_generator_c: 3.1.6 (/opt/ros/humble/share/rosidl_generator_c/cmake)
-- Found rosidl_adapter: 3.1.6 (/opt/ros/humble/share/rosidl_adapter/cmake)
-- Found rosidl_generator_cpp: 3.1.6 (/opt/ros/humble/share/rosidl_generator_cpp/cmake)
-- Using all available rosidl_typesupport_c: rosidl_typesupport_fastrtps_c;rosidl_typesupport_introspection_c
-- Using all available rosidl_typesupport_cpp: rosidl_typesupport_fastrtps_cpp;rosidl_typesupport_introspection_cpp
-- Found rmw_implementation_cmake: 6.1.2 (/opt/ros/humble/share/rmw_implementation_cmake/cmake)
-- Found rmw_fastrtps_cpp: 6.2.7 (/opt/ros/humble/share/rmw_fastrtps_cpp/cmake)
-- Found OpenSSL: /usr/lib/x86_64-linux-gnu/libcrypto.so (found version "3.0.2")  
-- Found FastRTPS: /opt/ros/humble/include  
-- Using RMW implementation 'rmw_fastrtps_cpp' as default
-- Looking for pthread.h
-- Looking for pthread.h - found
-- Performing Test CMAKE_HAVE_LIBC_PTHREAD
-- Performing Test CMAKE_HAVE_LIBC_PTHREAD - Success
-- Found Threads: TRUE  
-- Found sensor_msgs: 4.2.4 (/opt/ros/humble/share/sensor_msgs/cmake)
-- Found cv_bridge: 3.2.1 (/opt/ros/humble/share/cv_bridge/cmake)
-- Found OpenCV: /usr (found version "4.5.4") 
-- Found rosidl_default_generators: 1.2.0 (/opt/ros/humble/share/rosidl_default_generators/cmake)
-- Found ament_cmake_ros: 0.10.0 (/opt/ros/humble/share/ament_cmake_ros/cmake)
-- Using all available rosidl_typesupport_c: rosidl_typesupport_fastrtps_c;rosidl_typesupport_introspection_c
-- Using all available rosidl_typesupport_cpp: rosidl_typesupport_fastrtps_cpp;rosidl_typesupport_introspection_cpp
-- Found PythonInterp: /usr/bin/python3 (found suitable version "3.10.12", minimum required is "3.6") 
-- Found python_cmake_module: 0.10.0 (/opt/ros/humble/share/python_cmake_module/cmake)
-- Found PythonLibs: /usr/lib/x86_64-linux-gnu/libpython3.10.so (found suitable version "3.10.12", minimum required is "3.5") 
-- Using PYTHON_EXECUTABLE: /usr/bin/python3
-- Using PYTHON_INCLUDE_DIRS: /usr/include/python3.10
-- Using PYTHON_LIBRARIES: /usr/lib/x86_64-linux-gnu/libpython3.10.so
-- Found PythonExtra: .so  
-- Configuring done
-- Generating done
-- Build files have been written to: /home/pyh/Documents/ros2_ws/RobotAD_Issac_ws/build/robot_hardware
[  2%] [34m[1mGenerating C code for ROS interfaces[0m
[  4%] [34m[1mGenerating C++ code for ROS interfaces[0m
[  4%] Built target ament_cmake_python_symlink_robot_hardware
running egg_info
creating robot_hardware.egg-info
writing robot_hardware.egg-info/PKG-INFO
writing dependency_links to robot_hardware.egg-info/dependency_links.txt
writing top-level names to robot_hardware.egg-info/top_level.txt
writing manifest file 'robot_hardware.egg-info/SOURCES.txt'
reading manifest file 'robot_hardware.egg-info/SOURCES.txt'
writing manifest file 'robot_hardware.egg-info/SOURCES.txt'
[  4%] Built target ament_cmake_python_build_robot_hardware_egg
[  4%] Built target robot_hardware__cpp
[  7%] [32mBuilding C object CMakeFiles/robot_hardware__rosidl_generator_c.dir/rosidl_generator_c/robot_hardware/msg/detail/issac_hardware_data__functions.c.o[0m
[  9%] [32mBuilding C object CMakeFiles/robot_hardware__rosidl_generator_c.dir/rosidl_generator_c/robot_hardware/msg/detail/hardware_data__functions.c.o[0m
[ 12%] [34m[1mGenerating C++ introspection for ROS interfaces[0m
[ 14%] [34m[1mGenerating C++ type support for eProsima Fast-RTPS[0m
[ 17%] [34m[1mGenerating C++ type support dispatch for ROS interfaces[0m
[ 19%] [32m[1mLinking C shared library librobot_hardware__rosidl_generator_c.so[0m
[ 19%] Built target robot_hardware__rosidl_generator_c
[ 21%] [34m[1mGenerating C type support for eProsima Fast-RTPS[0m
[ 24%] [34m[1mGenerating C introspection for ROS interfaces[0m
[ 26%] [34m[1mGenerating C type support dispatch for ROS interfaces[0m
[ 29%] [32mBuilding CXX object CMakeFiles/robot_hardware__rosidl_typesupport_cpp.dir/rosidl_typesupport_cpp/robot_hardware/msg/issac_hardware_data__type_support.cpp.o[0m
[ 31%] [32mBuilding CXX object CMakeFiles/robot_hardware__rosidl_typesupport_cpp.dir/rosidl_typesupport_cpp/robot_hardware/msg/hardware_data__type_support.cpp.o[0m
[ 34%] [32mBuilding CXX object CMakeFiles/robot_hardware__rosidl_typesupport_introspection_cpp.dir/rosidl_typesupport_introspection_cpp/robot_hardware/msg/detail/hardware_data__type_support.cpp.o[0m
[ 36%] [32mBuilding CXX object CMakeFiles/robot_hardware__rosidl_typesupport_introspection_cpp.dir/rosidl_typesupport_introspection_cpp/robot_hardware/msg/detail/issac_hardware_data__type_support.cpp.o[0m
[ 39%] [32mBuilding CXX object CMakeFiles/robot_hardware__rosidl_typesupport_fastrtps_cpp.dir/rosidl_typesupport_fastrtps_cpp/robot_hardware/msg/detail/dds_fastrtps/hardware_data__type_support.cpp.o[0m
[ 43%] [32mBuilding CXX object CMakeFiles/robot_hardware__rosidl_typesupport_c.dir/rosidl_typesupport_c/robot_hardware/msg/hardware_data__type_support.cpp.o[0m
[ 43%] [32mBuilding CXX object CMakeFiles/robot_hardware__rosidl_typesupport_c.dir/rosidl_typesupport_c/robot_hardware/msg/issac_hardware_data__type_support.cpp.o[0m
[ 46%] [32mBuilding CXX object CMakeFiles/robot_hardware__rosidl_typesupport_fastrtps_cpp.dir/rosidl_typesupport_fastrtps_cpp/robot_hardware/msg/detail/dds_fastrtps/issac_hardware_data__type_support.cpp.o[0m
[ 48%] [32m[1mLinking CXX shared library librobot_hardware__rosidl_typesupport_c.so[0m
[ 51%] [32mBuilding C object CMakeFiles/robot_hardware__rosidl_typesupport_introspection_c.dir/rosidl_typesupport_introspection_c/robot_hardware/msg/detail/hardware_data__type_support.c.o[0m
[ 53%] [32mBuilding C object CMakeFiles/robot_hardware__rosidl_typesupport_introspection_c.dir/rosidl_typesupport_introspection_c/robot_hardware/msg/detail/issac_hardware_data__type_support.c.o[0m
[ 56%] [32mBuilding CXX object CMakeFiles/robot_hardware__rosidl_typesupport_fastrtps_c.dir/rosidl_typesupport_fastrtps_c/robot_hardware/msg/detail/issac_hardware_data__type_support_c.cpp.o[0m
[ 58%] [32mBuilding CXX object CMakeFiles/robot_hardware__rosidl_typesupport_fastrtps_c.dir/rosidl_typesupport_fastrtps_c/robot_hardware/msg/detail/hardware_data__type_support_c.cpp.o[0m
[ 60%] [32m[1mLinking C shared library librobot_hardware__rosidl_typesupport_introspection_c.so[0m
[ 60%] Built target robot_hardware__rosidl_typesupport_c
[ 60%] Built target robot_hardware__rosidl_typesupport_introspection_c
[ 63%] [32m[1mLinking CXX shared library librobot_hardware__rosidl_typesupport_cpp.so[0m
[ 63%] Built target robot_hardware__rosidl_typesupport_cpp
[ 65%] [32mBuilding CXX object CMakeFiles/hardware_manager.dir/src/hardware_manager.cpp.o[0m
[ 68%] [32m[1mLinking CXX shared library librobot_hardware__rosidl_typesupport_introspection_cpp.so[0m
[ 68%] Built target robot_hardware__rosidl_typesupport_introspection_cpp
[ 70%] [32m[1mLinking CXX shared library librobot_hardware__rosidl_typesupport_fastrtps_cpp.so[0m
[ 73%] [32m[1mLinking CXX shared library librobot_hardware__rosidl_typesupport_fastrtps_c.so[0m
[ 73%] Built target robot_hardware__rosidl_typesupport_fastrtps_c
[ 73%] Built target robot_hardware__rosidl_typesupport_fastrtps_cpp
[ 73%] Built target robot_hardware
[ 75%] [34m[1mGenerating Python code for ROS interfaces[0m
[ 75%] Built target robot_hardware__py
[ 78%] [32mBuilding C object CMakeFiles/robot_hardware__rosidl_generator_py.dir/rosidl_generator_py/robot_hardware/msg/_issac_hardware_data_s.c.o[0m
[ 80%] [32mBuilding C object CMakeFiles/robot_hardware__rosidl_generator_py.dir/rosidl_generator_py/robot_hardware/msg/_hardware_data_s.c.o[0m
[ 82%] [32m[1mLinking C shared library rosidl_generator_py/robot_hardware/librobot_hardware__rosidl_generator_py.so[0m
[ 82%] Built target robot_hardware__rosidl_generator_py
[ 85%] [32mBuilding C object CMakeFiles/robot_hardware__rosidl_typesupport_c__pyext.dir/rosidl_generator_py/robot_hardware/_robot_hardware_s.ep.rosidl_typesupport_c.c.o[0m
[ 87%] [32mBuilding C object CMakeFiles/robot_hardware__rosidl_typesupport_fastrtps_c__pyext.dir/rosidl_generator_py/robot_hardware/_robot_hardware_s.ep.rosidl_typesupport_fastrtps_c.c.o[0m
[ 90%] [32mBuilding C object CMakeFiles/robot_hardware__rosidl_typesupport_introspection_c__pyext.dir/rosidl_generator_py/robot_hardware/_robot_hardware_s.ep.rosidl_typesupport_introspection_c.c.o[0m
[ 92%] [32m[1mLinking C shared library rosidl_generator_py/robot_hardware/robot_hardware_s__rosidl_typesupport_c.cpython-310-x86_64-linux-gnu.so[0m
[ 95%] [32m[1mLinking C shared library rosidl_generator_py/robot_hardware/robot_hardware_s__rosidl_typesupport_fastrtps_c.cpython-310-x86_64-linux-gnu.so[0m
[ 97%] [32m[1mLinking C shared library rosidl_generator_py/robot_hardware/robot_hardware_s__rosidl_typesupport_introspection_c.cpython-310-x86_64-linux-gnu.so[0m
[ 97%] Built target robot_hardware__rosidl_typesupport_c__pyext
[ 97%] Built target robot_hardware__rosidl_typesupport_fastrtps_c__pyext
[ 97%] Built target robot_hardware__rosidl_typesupport_introspection_c__pyext
[100%] [32m[1mLinking CXX executable hardware_manager[0m
[100%] Built target hardware_manager
-- Install configuration: ""
-- Execute custom install script
-- Symlinking: /home/pyh/Documents/ros2_ws/RobotAD_Issac_ws/install/robot_hardware/share/ament_index/resource_index/rosidl_interfaces/robot_hardware
-- Symlinking: /home/pyh/Documents/ros2_ws/RobotAD_Issac_ws/install/robot_hardware/include/robot_hardware/robot_hardware/msg/detail/hardware_data__functions.h
-- Symlinking: /home/pyh/Documents/ros2_ws/RobotAD_Issac_ws/install/robot_hardware/include/robot_hardware/robot_hardware/msg/detail/hardware_data__struct.h
-- Symlinking: /home/pyh/Documents/ros2_ws/RobotAD_Issac_ws/install/robot_hardware/include/robot_hardware/robot_hardware/msg/detail/hardware_data__type_support.h
-- Symlinking: /home/pyh/Documents/ros2_ws/RobotAD_Issac_ws/install/robot_hardware/include/robot_hardware/robot_hardware/msg/detail/issac_hardware_data__functions.h
-- Symlinking: /home/pyh/Documents/ros2_ws/RobotAD_Issac_ws/install/robot_hardware/include/robot_hardware/robot_hardware/msg/detail/issac_hardware_data__struct.h
-- Symlinking: /home/pyh/Documents/ros2_ws/RobotAD_Issac_ws/install/robot_hardware/include/robot_hardware/robot_hardware/msg/detail/issac_hardware_data__type_support.h
-- Symlinking: /home/pyh/Documents/ros2_ws/RobotAD_Issac_ws/install/robot_hardware/include/robot_hardware/robot_hardware/msg/hardware_data.h
-- Symlinking: /home/pyh/Documents/ros2_ws/RobotAD_Issac_ws/install/robot_hardware/include/robot_hardware/robot_hardware/msg/issac_hardware_data.h
-- Symlinking: /home/pyh/Documents/ros2_ws/RobotAD_Issac_ws/install/robot_hardware/include/robot_hardware/robot_hardware/msg/rosidl_generator_c__visibility_control.h
-- Symlinking: /home/pyh/Documents/ros2_ws/RobotAD_Issac_ws/install/robot_hardware/share/robot_hardware/environment/library_path.sh
-- Symlinking: /home/pyh/Documents/ros2_ws/RobotAD_Issac_ws/install/robot_hardware/share/robot_hardware/environment/library_path.dsv
-- Symlinking: /home/pyh/Documents/ros2_ws/RobotAD_Issac_ws/install/robot_hardware/include/robot_hardware/robot_hardware/msg/detail/hardware_data__rosidl_typesupport_fastrtps_c.h
-- Symlinking: /home/pyh/Documents/ros2_ws/RobotAD_Issac_ws/install/robot_hardware/include/robot_hardware/robot_hardware/msg/detail/issac_hardware_data__rosidl_typesupport_fastrtps_c.h
-- Symlinking: /home/pyh/Documents/ros2_ws/RobotAD_Issac_ws/install/robot_hardware/include/robot_hardware/robot_hardware/msg/rosidl_typesupport_fastrtps_c__visibility_control.h
-- Symlinking: /home/pyh/Documents/ros2_ws/RobotAD_Issac_ws/install/robot_hardware/include/robot_hardware/robot_hardware/msg/detail/hardware_data__builder.hpp
-- Symlinking: /home/pyh/Documents/ros2_ws/RobotAD_Issac_ws/install/robot_hardware/include/robot_hardware/robot_hardware/msg/detail/hardware_data__struct.hpp
-- Symlinking: /home/pyh/Documents/ros2_ws/RobotAD_Issac_ws/install/robot_hardware/include/robot_hardware/robot_hardware/msg/detail/hardware_data__traits.hpp
-- Symlinking: /home/pyh/Documents/ros2_ws/RobotAD_Issac_ws/install/robot_hardware/include/robot_hardware/robot_hardware/msg/detail/hardware_data__type_support.hpp
-- Symlinking: /home/pyh/Documents/ros2_ws/RobotAD_Issac_ws/install/robot_hardware/include/robot_hardware/robot_hardware/msg/detail/issac_hardware_data__builder.hpp
-- Symlinking: /home/pyh/Documents/ros2_ws/RobotAD_Issac_ws/install/robot_hardware/include/robot_hardware/robot_hardware/msg/detail/issac_hardware_data__struct.hpp
-- Symlinking: /home/pyh/Documents/ros2_ws/RobotAD_Issac_ws/install/robot_hardware/include/robot_hardware/robot_hardware/msg/detail/issac_hardware_data__traits.hpp
-- Symlinking: /home/pyh/Documents/ros2_ws/RobotAD_Issac_ws/install/robot_hardware/include/robot_hardware/robot_hardware/msg/detail/issac_hardware_data__type_support.hpp
-- Symlinking: /home/pyh/Documents/ros2_ws/RobotAD_Issac_ws/install/robot_hardware/include/robot_hardware/robot_hardware/msg/hardware_data.hpp
-- Symlinking: /home/pyh/Documents/ros2_ws/RobotAD_Issac_ws/install/robot_hardware/include/robot_hardware/robot_hardware/msg/issac_hardware_data.hpp
-- Symlinking: /home/pyh/Documents/ros2_ws/RobotAD_Issac_ws/install/robot_hardware/include/robot_hardware/robot_hardware/msg/rosidl_generator_cpp__visibility_control.hpp
-- Symlinking: /home/pyh/Documents/ros2_ws/RobotAD_Issac_ws/install/robot_hardware/include/robot_hardware/robot_hardware/msg/detail/hardware_data__rosidl_typesupport_fastrtps_cpp.hpp
-- Symlinking: /home/pyh/Documents/ros2_ws/RobotAD_Issac_ws/install/robot_hardware/include/robot_hardware/robot_hardware/msg/detail/issac_hardware_data__rosidl_typesupport_fastrtps_cpp.hpp
-- Symlinking: /home/pyh/Documents/ros2_ws/RobotAD_Issac_ws/install/robot_hardware/include/robot_hardware/robot_hardware/msg/rosidl_typesupport_fastrtps_cpp__visibility_control.h
-- Symlinking: /home/pyh/Documents/ros2_ws/RobotAD_Issac_ws/install/robot_hardware/include/robot_hardware/robot_hardware/msg/detail/hardware_data__rosidl_typesupport_introspection_c.h
-- Symlinking: /home/pyh/Documents/ros2_ws/RobotAD_Issac_ws/install/robot_hardware/include/robot_hardware/robot_hardware/msg/detail/issac_hardware_data__rosidl_typesupport_introspection_c.h
-- Symlinking: /home/pyh/Documents/ros2_ws/RobotAD_Issac_ws/install/robot_hardware/include/robot_hardware/robot_hardware/msg/rosidl_typesupport_introspection_c__visibility_control.h
-- Symlinking: /home/pyh/Documents/ros2_ws/RobotAD_Issac_ws/install/robot_hardware/include/robot_hardware/robot_hardware/msg/detail/hardware_data__rosidl_typesupport_introspection_cpp.hpp
-- Symlinking: /home/pyh/Documents/ros2_ws/RobotAD_Issac_ws/install/robot_hardware/include/robot_hardware/robot_hardware/msg/detail/issac_hardware_data__rosidl_typesupport_introspection_cpp.hpp
-- Symlinking: /home/pyh/Documents/ros2_ws/RobotAD_Issac_ws/install/robot_hardware/share/robot_hardware/environment/pythonpath.sh
-- Symlinking: /home/pyh/Documents/ros2_ws/RobotAD_Issac_ws/install/robot_hardware/share/robot_hardware/environment/pythonpath.dsv
-- Symlinking: /home/pyh/Documents/ros2_ws/RobotAD_Issac_ws/install/robot_hardware/local/lib/python3.10/dist-packages/robot_hardware-0.0.1-py3.10.egg-info/PKG-INFO
-- Symlinking: /home/pyh/Documents/ros2_ws/RobotAD_Issac_ws/install/robot_hardware/local/lib/python3.10/dist-packages/robot_hardware-0.0.1-py3.10.egg-info/SOURCES.txt
-- Symlinking: /home/pyh/Documents/ros2_ws/RobotAD_Issac_ws/install/robot_hardware/local/lib/python3.10/dist-packages/robot_hardware-0.0.1-py3.10.egg-info/dependency_links.txt
-- Symlinking: /home/pyh/Documents/ros2_ws/RobotAD_Issac_ws/install/robot_hardware/local/lib/python3.10/dist-packages/robot_hardware-0.0.1-py3.10.egg-info/top_level.txt
-- Symlinking: /home/pyh/Documents/ros2_ws/RobotAD_Issac_ws/install/robot_hardware/local/lib/python3.10/dist-packages/robot_hardware/__init__.py
-- Symlinking: /home/pyh/Documents/ros2_ws/RobotAD_Issac_ws/install/robot_hardware/local/lib/python3.10/dist-packages/robot_hardware/_robot_hardware_s.ep.rosidl_typesupport_c.c
-- Symlinking: /home/pyh/Documents/ros2_ws/RobotAD_Issac_ws/install/robot_hardware/local/lib/python3.10/dist-packages/robot_hardware/_robot_hardware_s.ep.rosidl_typesupport_fastrtps_c.c
-- Symlinking: /home/pyh/Documents/ros2_ws/RobotAD_Issac_ws/install/robot_hardware/local/lib/python3.10/dist-packages/robot_hardware/_robot_hardware_s.ep.rosidl_typesupport_introspection_c.c
-- Symlinking: /home/pyh/Documents/ros2_ws/RobotAD_Issac_ws/install/robot_hardware/local/lib/python3.10/dist-packages/robot_hardware/librobot_hardware__rosidl_generator_py.so
-- Symlinking: /home/pyh/Documents/ros2_ws/RobotAD_Issac_ws/install/robot_hardware/local/lib/python3.10/dist-packages/robot_hardware/msg/__init__.py
-- Symlinking: /home/pyh/Documents/ros2_ws/RobotAD_Issac_ws/install/robot_hardware/local/lib/python3.10/dist-packages/robot_hardware/msg/_hardware_data.py
-- Symlinking: /home/pyh/Documents/ros2_ws/RobotAD_Issac_ws/install/robot_hardware/local/lib/python3.10/dist-packages/robot_hardware/msg/_hardware_data_s.c
-- Symlinking: /home/pyh/Documents/ros2_ws/RobotAD_Issac_ws/install/robot_hardware/local/lib/python3.10/dist-packages/robot_hardware/msg/_issac_hardware_data.py
-- Symlinking: /home/pyh/Documents/ros2_ws/RobotAD_Issac_ws/install/robot_hardware/local/lib/python3.10/dist-packages/robot_hardware/msg/_issac_hardware_data_s.c
-- Symlinking: /home/pyh/Documents/ros2_ws/RobotAD_Issac_ws/install/robot_hardware/local/lib/python3.10/dist-packages/robot_hardware/robot_hardware_s__rosidl_typesupport_c.cpython-310-x86_64-linux-gnu.so
-- Symlinking: /home/pyh/Documents/ros2_ws/RobotAD_Issac_ws/install/robot_hardware/local/lib/python3.10/dist-packages/robot_hardware/robot_hardware_s__rosidl_typesupport_fastrtps_c.cpython-310-x86_64-linux-gnu.so
-- Symlinking: /home/pyh/Documents/ros2_ws/RobotAD_Issac_ws/install/robot_hardware/local/lib/python3.10/dist-packages/robot_hardware/robot_hardware_s__rosidl_typesupport_introspection_c.cpython-310-x86_64-linux-gnu.so
-- Up-to-date symlink: /home/pyh/Documents/ros2_ws/RobotAD_Issac_ws/install/robot_hardware/local/lib/python3.10/dist-packages/robot_hardware/robot_hardware_s__rosidl_typesupport_fastrtps_c.cpython-310-x86_64-linux-gnu.so
-- Up-to-date symlink: /home/pyh/Documents/ros2_ws/RobotAD_Issac_ws/install/robot_hardware/local/lib/python3.10/dist-packages/robot_hardware/robot_hardware_s__rosidl_typesupport_introspection_c.cpython-310-x86_64-linux-gnu.so
-- Up-to-date symlink: /home/pyh/Documents/ros2_ws/RobotAD_Issac_ws/install/robot_hardware/local/lib/python3.10/dist-packages/robot_hardware/robot_hardware_s__rosidl_typesupport_c.cpython-310-x86_64-linux-gnu.so
-- Symlinking: /home/pyh/Documents/ros2_ws/RobotAD_Issac_ws/install/robot_hardware/share/robot_hardware/msg/HardwareData.idl
-- Symlinking: /home/pyh/Documents/ros2_ws/RobotAD_Issac_ws/install/robot_hardware/share/robot_hardware/msg/IssacHardwareData.idl
-- Symlinking: /home/pyh/Documents/ros2_ws/RobotAD_Issac_ws/install/robot_hardware/share/robot_hardware/msg/HardwareData.msg
-- Symlinking: /home/pyh/Documents/ros2_ws/RobotAD_Issac_ws/install/robot_hardware/share/robot_hardware/msg/IssacHardwareData.msg
-- Symlinking: /home/pyh/Documents/ros2_ws/RobotAD_Issac_ws/install/robot_hardware/lib/robot_hardware/hardware_manager
-- Symlinking: /home/pyh/Documents/ros2_ws/RobotAD_Issac_ws/install/robot_hardware/include/hardware_bridge_interface.hpp
-- Symlinking: /home/pyh/Documents/ros2_ws/RobotAD_Issac_ws/install/robot_hardware/include/hardware_manager.hpp
-- Symlinking: /home/pyh/Documents/ros2_ws/RobotAD_Issac_ws/install/robot_hardware/include/wheel.hpp
-- Symlinking: /home/pyh/Documents/ros2_ws/RobotAD_Issac_ws/install/robot_hardware/share/robot_hardware/msg/msg/HardwareData.msg
-- Symlinking: /home/pyh/Documents/ros2_ws/RobotAD_Issac_ws/install/robot_hardware/share/robot_hardware/msg/msg/IssacHardwareData.msg
-- Symlinking: /home/pyh/Documents/ros2_ws/RobotAD_Issac_ws/install/robot_hardware/share/ament_index/resource_index/package_run_dependencies/robot_hardware
-- Symlinking: /home/pyh/Documents/ros2_ws/RobotAD_Issac_ws/install/robot_hardware/share/ament_index/resource_index/parent_prefix_path/robot_hardware
-- Symlinking: /home/pyh/Documents/ros2_ws/RobotAD_Issac_ws/install/robot_hardware/share/robot_hardware/environment/ament_prefix_path.sh
-- Symlinking: /home/pyh/Documents/ros2_ws/RobotAD_Issac_ws/install/robot_hardware/share/robot_hardware/environment/ament_prefix_path.dsv
-- Symlinking: /home/pyh/Documents/ros2_ws/RobotAD_Issac_ws/install/robot_hardware/share/robot_hardware/environment/path.sh
-- Symlinking: /home/pyh/Documents/ros2_ws/RobotAD_Issac_ws/install/robot_hardware/share/robot_hardware/environment/path.dsv
-- Symlinking: /home/pyh/Documents/ros2_ws/RobotAD_Issac_ws/install/robot_hardware/share/robot_hardware/local_setup.bash
-- Symlinking: /home/pyh/Documents/ros2_ws/RobotAD_Issac_ws/install/robot_hardware/share/robot_hardware/local_setup.sh
-- Symlinking: /home/pyh/Documents/ros2_ws/RobotAD_Issac_ws/install/robot_hardware/share/robot_hardware/local_setup.zsh
-- Symlinking: /home/pyh/Documents/ros2_ws/RobotAD_Issac_ws/install/robot_hardware/share/robot_hardware/local_setup.dsv
-- Symlinking: /home/pyh/Documents/ros2_ws/RobotAD_Issac_ws/install/robot_hardware/share/robot_hardware/package.dsv
-- Symlinking: /home/pyh/Documents/ros2_ws/RobotAD_Issac_ws/install/robot_hardware/share/ament_index/resource_index/packages/robot_hardware
-- Symlinking: /home/pyh/Documents/ros2_ws/RobotAD_Issac_ws/install/robot_hardware/share/robot_hardware/cmake/rosidl_cmake-extras.cmake
-- Symlinking: /home/pyh/Documents/ros2_ws/RobotAD_Issac_ws/install/robot_hardware/share/robot_hardware/cmake/ament_cmake_export_dependencies-extras.cmake
-- Symlinking: /home/pyh/Documents/ros2_ws/RobotAD_Issac_ws/install/robot_hardware/share/robot_hardware/cmake/ament_cmake_export_include_directories-extras.cmake
-- Symlinking: /home/pyh/Documents/ros2_ws/RobotAD_Issac_ws/install/robot_hardware/share/robot_hardware/cmake/ament_cmake_export_libraries-extras.cmake
-- Symlinking: /home/pyh/Documents/ros2_ws/RobotAD_Issac_ws/install/robot_hardware/share/robot_hardware/cmake/ament_cmake_export_targets-extras.cmake
-- Symlinking: /home/pyh/Documents/ros2_ws/RobotAD_Issac_ws/install/robot_hardware/share/robot_hardware/cmake/rosidl_cmake_export_typesupport_targets-extras.cmake
-- Symlinking: /home/pyh/Documents/ros2_ws/RobotAD_Issac_ws/install/robot_hardware/share/robot_hardware/cmake/rosidl_cmake_export_typesupport_libraries-extras.cmake
-- Symlinking: /home/pyh/Documents/ros2_ws/RobotAD_Issac_ws/install/robot_hardware/share/robot_hardware/cmake/robot_hardwareConfig.cmake
-- Symlinking: /home/pyh/Documents/ros2_ws/RobotAD_Issac_ws/install/robot_hardware/share/robot_hardware/cmake/robot_hardwareConfig-version.cmake
-- Symlinking: /home/pyh/Documents/ros2_ws/RobotAD_Issac_ws/install/robot_hardware/share/robot_hardware/package.xml
-- Installing: /home/pyh/Documents/ros2_ws/RobotAD_Issac_ws/install/robot_hardware/lib/librobot_hardware__rosidl_generator_c.so
-- Set runtime path of "/home/pyh/Documents/ros2_ws/RobotAD_Issac_ws/install/robot_hardware/lib/librobot_hardware__rosidl_generator_c.so" to ""
-- Installing: /home/pyh/Documents/ros2_ws/RobotAD_Issac_ws/install/robot_hardware/lib/librobot_hardware__rosidl_typesupport_fastrtps_c.so
-- Set runtime path of "/home/pyh/Documents/ros2_ws/RobotAD_Issac_ws/install/robot_hardware/lib/librobot_hardware__rosidl_typesupport_fastrtps_c.so" to ""
-- Installing: /home/pyh/Documents/ros2_ws/RobotAD_Issac_ws/install/robot_hardware/lib/librobot_hardware__rosidl_typesupport_fastrtps_cpp.so
-- Set runtime path of "/home/pyh/Documents/ros2_ws/RobotAD_Issac_ws/install/robot_hardware/lib/librobot_hardware__rosidl_typesupport_fastrtps_cpp.so" to ""
-- Installing: /home/pyh/Documents/ros2_ws/RobotAD_Issac_ws/install/robot_hardware/lib/librobot_hardware__rosidl_typesupport_introspection_c.so
-- Set runtime path of "/home/pyh/Documents/ros2_ws/RobotAD_Issac_ws/install/robot_hardware/lib/librobot_hardware__rosidl_typesupport_introspection_c.so" to ""
-- Installing: /home/pyh/Documents/ros2_ws/RobotAD_Issac_ws/install/robot_hardware/lib/librobot_hardware__rosidl_typesupport_c.so
-- Set runtime path of "/home/pyh/Documents/ros2_ws/RobotAD_Issac_ws/install/robot_hardware/lib/librobot_hardware__rosidl_typesupport_c.so" to ""
-- Installing: /home/pyh/Documents/ros2_ws/RobotAD_Issac_ws/install/robot_hardware/lib/librobot_hardware__rosidl_typesupport_introspection_cpp.so
-- Set runtime path of "/home/pyh/Documents/ros2_ws/RobotAD_Issac_ws/install/robot_hardware/lib/librobot_hardware__rosidl_typesupport_introspection_cpp.so" to ""
-- Installing: /home/pyh/Documents/ros2_ws/RobotAD_Issac_ws/install/robot_hardware/lib/librobot_hardware__rosidl_typesupport_cpp.so
-- Set runtime path of "/home/pyh/Documents/ros2_ws/RobotAD_Issac_ws/install/robot_hardware/lib/librobot_hardware__rosidl_typesupport_cpp.so" to ""
Listing '/home/pyh/Documents/ros2_ws/RobotAD_Issac_ws/install/robot_hardware/local/lib/python3.10/dist-packages/robot_hardware'...
Compiling '/home/pyh/Documents/ros2_ws/RobotAD_Issac_ws/install/robot_hardware/local/lib/python3.10/dist-packages/robot_hardware/__init__.py'...
Listing '/home/pyh/Documents/ros2_ws/RobotAD_Issac_ws/install/robot_hardware/local/lib/python3.10/dist-packages/robot_hardware/msg'...
Compiling '/home/pyh/Documents/ros2_ws/RobotAD_Issac_ws/install/robot_hardware/local/lib/python3.10/dist-packages/robot_hardware/msg/__init__.py'...
Compiling '/home/pyh/Documents/ros2_ws/RobotAD_Issac_ws/install/robot_hardware/local/lib/python3.10/dist-packages/robot_hardware/msg/_hardware_data.py'...
Compiling '/home/pyh/Documents/ros2_ws/RobotAD_Issac_ws/install/robot_hardware/local/lib/python3.10/dist-packages/robot_hardware/msg/_issac_hardware_data.py'...
-- Installing: /home/pyh/Documents/ros2_ws/RobotAD_Issac_ws/install/robot_hardware/lib/librobot_hardware__rosidl_generator_py.so
-- Set runtime path of "/home/pyh/Documents/ros2_ws/RobotAD_Issac_ws/install/robot_hardware/lib/librobot_hardware__rosidl_generator_py.so" to ""
-- Installing: /home/pyh/Documents/ros2_ws/RobotAD_Issac_ws/install/robot_hardware/share/robot_hardware/cmake/export_robot_hardware__rosidl_generator_cExport.cmake
-- Installing: /home/pyh/Documents/ros2_ws/RobotAD_Issac_ws/install/robot_hardware/share/robot_hardware/cmake/export_robot_hardware__rosidl_generator_cExport-noconfig.cmake
-- Installing: /home/pyh/Documents/ros2_ws/RobotAD_Issac_ws/install/robot_hardware/share/robot_hardware/cmake/export_robot_hardware__rosidl_typesupport_fastrtps_cExport.cmake
-- Installing: /home/pyh/Documents/ros2_ws/RobotAD_Issac_ws/install/robot_hardware/share/robot_hardware/cmake/export_robot_hardware__rosidl_typesupport_fastrtps_cExport-noconfig.cmake
-- Installing: /home/pyh/Documents/ros2_ws/RobotAD_Issac_ws/install/robot_hardware/share/robot_hardware/cmake/export_robot_hardware__rosidl_generator_cppExport.cmake
-- Installing: /home/pyh/Documents/ros2_ws/RobotAD_Issac_ws/install/robot_hardware/share/robot_hardware/cmake/export_robot_hardware__rosidl_typesupport_fastrtps_cppExport.cmake
-- Installing: /home/pyh/Documents/ros2_ws/RobotAD_Issac_ws/install/robot_hardware/share/robot_hardware/cmake/export_robot_hardware__rosidl_typesupport_fastrtps_cppExport-noconfig.cmake
-- Installing: /home/pyh/Documents/ros2_ws/RobotAD_Issac_ws/install/robot_hardware/share/robot_hardware/cmake/robot_hardware__rosidl_typesupport_introspection_cExport.cmake
-- Installing: /home/pyh/Documents/ros2_ws/RobotAD_Issac_ws/install/robot_hardware/share/robot_hardware/cmake/robot_hardware__rosidl_typesupport_introspection_cExport-noconfig.cmake
-- Installing: /home/pyh/Documents/ros2_ws/RobotAD_Issac_ws/install/robot_hardware/share/robot_hardware/cmake/robot_hardware__rosidl_typesupport_cExport.cmake
-- Installing: /home/pyh/Documents/ros2_ws/RobotAD_Issac_ws/install/robot_hardware/share/robot_hardware/cmake/robot_hardware__rosidl_typesupport_cExport-noconfig.cmake
-- Installing: /home/pyh/Documents/ros2_ws/RobotAD_Issac_ws/install/robot_hardware/share/robot_hardware/cmake/robot_hardware__rosidl_typesupport_introspection_cppExport.cmake
-- Installing: /home/pyh/Documents/ros2_ws/RobotAD_Issac_ws/install/robot_hardware/share/robot_hardware/cmake/robot_hardware__rosidl_typesupport_introspection_cppExport-noconfig.cmake
-- Installing: /home/pyh/Documents/ros2_ws/RobotAD_Issac_ws/install/robot_hardware/share/robot_hardware/cmake/robot_hardware__rosidl_typesupport_cppExport.cmake
-- Installing: /home/pyh/Documents/ros2_ws/RobotAD_Issac_ws/install/robot_hardware/share/robot_hardware/cmake/robot_hardware__rosidl_typesupport_cppExport-noconfig.cmake
-- Installing: /home/pyh/Documents/ros2_ws/RobotAD_Issac_ws/install/robot_hardware/share/robot_hardware/cmake/export_robot_hardware__rosidl_generator_pyExport.cmake
-- Installing: /home/pyh/Documents/ros2_ws/RobotAD_Issac_ws/install/robot_hardware/share/robot_hardware/cmake/export_robot_hardware__rosidl_generator_pyExport-noconfig.cmake
