[0.033s] Invoking command in '/home/pyh/Documents/ros2_ws/RobotAD_Issac_ws/build/message_filter_example': /usr/bin/cmake /home/pyh/Documents/ros2_ws/RobotAD_Issac_ws/src/message_filter_test -DCATKIN_INSTALL_INTO_PREFIX_ROOT=0 -DCATKIN_SYMLINK_INSTALL=ON -DCMAKE_INSTALL_PREFIX=/home/pyh/Documents/ros2_ws/RobotAD_Issac_ws/install/message_filter_example
[0.046s] -- Found ament_cmake: 1.3.11 (/opt/ros/humble/share/ament_cmake/cmake)
[0.193s] -- Found rclcpp: 16.0.11 (/opt/ros/humble/share/rclcpp/cmake)
[0.219s] -- Found rosidl_generator_c: 3.1.6 (/opt/ros/humble/share/rosidl_generator_c/cmake)
[0.221s] -- Found rosidl_adapter: 3.1.6 (/opt/ros/humble/share/rosidl_adapter/cmake)
[0.226s] -- Found rosidl_generator_cpp: 3.1.6 (/opt/ros/humble/share/rosidl_generator_cpp/cmake)
[0.235s] -- Using all available rosidl_typesupport_c: rosidl_typesupport_fastrtps_c;rosidl_typesupport_introspection_c
[0.250s] -- Using all available rosidl_typesupport_cpp: rosidl_typesupport_fastrtps_cpp;rosidl_typesupport_introspection_cpp
[0.286s] -- Found rmw_implementation_cmake: 6.1.2 (/opt/ros/humble/share/rmw_implementation_cmake/cmake)
[0.288s] -- Found rmw_fastrtps_cpp: 6.2.7 (/opt/ros/humble/share/rmw_fastrtps_cpp/cmake)
[0.424s] -- Using RMW implementation 'rmw_fastrtps_cpp' as default
[0.483s] -- Found sensor_msgs: 4.2.4 (/opt/ros/humble/share/sensor_msgs/cmake)
[0.511s] -- Found message_filters: 4.3.5 (/opt/ros/humble/share/message_filters/cmake)
[0.582s] -- Configuring done
[0.593s] -- Generating done
[0.597s] -- Build files have been written to: /home/pyh/Documents/ros2_ws/RobotAD_Issac_ws/build/message_filter_example
[0.613s] Invoked command in '/home/pyh/Documents/ros2_ws/RobotAD_Issac_ws/build/message_filter_example' returned '0': /usr/bin/cmake /home/pyh/Documents/ros2_ws/RobotAD_Issac_ws/src/message_filter_test -DCATKIN_INSTALL_INTO_PREFIX_ROOT=0 -DCATKIN_SYMLINK_INSTALL=ON -DCMAKE_INSTALL_PREFIX=/home/pyh/Documents/ros2_ws/RobotAD_Issac_ws/install/message_filter_example
[0.614s] Invoking command in '/home/pyh/Documents/ros2_ws/RobotAD_Issac_ws/build/message_filter_example': /usr/bin/cmake --build /home/pyh/Documents/ros2_ws/RobotAD_Issac_ws/build/message_filter_example -- -j16 -l16
[0.671s] [35m[1mConsolidate compiler generated dependencies of target message_filter_example[0m
[0.697s] [100%] Built target message_filter_example
[0.710s] Invoked command in '/home/pyh/Documents/ros2_ws/RobotAD_Issac_ws/build/message_filter_example' returned '0': /usr/bin/cmake --build /home/pyh/Documents/ros2_ws/RobotAD_Issac_ws/build/message_filter_example -- -j16 -l16
[0.724s] Invoking command in '/home/pyh/Documents/ros2_ws/RobotAD_Issac_ws/build/message_filter_example': /usr/bin/cmake --install /home/pyh/Documents/ros2_ws/RobotAD_Issac_ws/build/message_filter_example
[0.740s] -- Install configuration: ""
[0.742s] -- Up-to-date: /home/pyh/Documents/ros2_ws/RobotAD_Issac_ws/install/message_filter_example/lib/message_filter_example/message_filter_example
[0.742s] -- Up-to-date: /home/pyh/Documents/ros2_ws/RobotAD_Issac_ws/install/message_filter_example/share/ament_index/resource_index/package_run_dependencies/message_filter_example
[0.744s] -- Up-to-date: /home/pyh/Documents/ros2_ws/RobotAD_Issac_ws/install/message_filter_example/share/ament_index/resource_index/parent_prefix_path/message_filter_example
[0.744s] -- Up-to-date: /home/pyh/Documents/ros2_ws/RobotAD_Issac_ws/install/message_filter_example/share/message_filter_example/environment/ament_prefix_path.sh
[0.745s] -- Installing: /home/pyh/Documents/ros2_ws/RobotAD_Issac_ws/install/message_filter_example/share/message_filter_example/environment/ament_prefix_path.dsv
[0.745s] -- Up-to-date: /home/pyh/Documents/ros2_ws/RobotAD_Issac_ws/install/message_filter_example/share/message_filter_example/environment/path.sh
[0.745s] -- Installing: /home/pyh/Documents/ros2_ws/RobotAD_Issac_ws/install/message_filter_example/share/message_filter_example/environment/path.dsv
[0.745s] -- Up-to-date: /home/pyh/Documents/ros2_ws/RobotAD_Issac_ws/install/message_filter_example/share/message_filter_example/local_setup.bash
[0.746s] -- Up-to-date: /home/pyh/Documents/ros2_ws/RobotAD_Issac_ws/install/message_filter_example/share/message_filter_example/local_setup.sh
[0.746s] -- Up-to-date: /home/pyh/Documents/ros2_ws/RobotAD_Issac_ws/install/message_filter_example/share/message_filter_example/local_setup.zsh
[0.746s] -- Installing: /home/pyh/Documents/ros2_ws/RobotAD_Issac_ws/install/message_filter_example/share/message_filter_example/local_setup.dsv
[0.746s] -- Installing: /home/pyh/Documents/ros2_ws/RobotAD_Issac_ws/install/message_filter_example/share/message_filter_example/package.dsv
[0.746s] -- Up-to-date: /home/pyh/Documents/ros2_ws/RobotAD_Issac_ws/install/message_filter_example/share/ament_index/resource_index/packages/message_filter_example
[0.746s] -- Up-to-date: /home/pyh/Documents/ros2_ws/RobotAD_Issac_ws/install/message_filter_example/share/message_filter_example/cmake/message_filter_exampleConfig.cmake
[0.746s] -- Up-to-date: /home/pyh/Documents/ros2_ws/RobotAD_Issac_ws/install/message_filter_example/share/message_filter_example/cmake/message_filter_exampleConfig-version.cmake
[0.747s] -- Up-to-date: /home/pyh/Documents/ros2_ws/RobotAD_Issac_ws/install/message_filter_example/share/message_filter_example/package.xml
[0.748s] Invoked command in '/home/pyh/Documents/ros2_ws/RobotAD_Issac_ws/build/message_filter_example' returned '0': /usr/bin/cmake --install /home/pyh/Documents/ros2_ws/RobotAD_Issac_ws/build/message_filter_example
