[0.150s] Invoking command in '/home/pyh/Documents/ros2_ws/RobotAD_Issac_ws/build/rslidar_sdk': CMAKE_PREFIX_PATH=/home/pyh/Documents/ros2_ws/RobotAD_Issac_ws/install/rslidar_msg:/home/pyh/Documents/ros2_ws/RobotAD_Issac_ws/install/usb_camera:/home/pyh/Documents/ros2_ws/RobotAD_Issac_ws/install/serial_comm:/home/pyh/Documents/ros2_ws/RobotAD_Issac_ws/install/robot_locate:/home/pyh/Documents/ros2_ws/RobotAD_Issac_ws/install/diff_control:/home/pyh/Documents/ros2_ws/RobotAD_Issac_ws/install/robot_hardware:/home/pyh/Documents/ros2_ws/RobotAD_Issac_ws/install/pointcloud_to_laserscan:/home/pyh/Documents/ros2_ws/RobotAD_Issac_ws/install/nuscenes_data_collector:/opt/ros/humble:/home/pyh/Documents/ros2_ws/RobotAD_Issac_ws/install/message_filter_example:/home/pyh/Documents/ros2_ws/RobotAD_Issac_ws/install/keyboard_control /usr/bin/cmake /home/pyh/Documents/ros2_ws/RobotAD_Issac_ws/src/rslidar_sdk -DAMENT_CMAKE_SYMLINK_INSTALL=1 -DCMAKE_INSTALL_PREFIX=/home/pyh/Documents/ros2_ws/RobotAD_Issac_ws/install/rslidar_sdk
[0.377s] -- The C compiler identification is GNU 11.4.0
[0.627s] -- The CXX compiler identification is GNU 11.4.0
[0.663s] -- Detecting C compiler ABI info
[0.925s] -- Detecting C compiler ABI info - done
[0.959s] -- Check for working C compiler: /usr/bin/cc - skipped
[0.959s] -- Detecting C compile features
[0.959s] -- Detecting C compile features - done
[0.970s] -- Detecting CXX compiler ABI info
[1.270s] -- Detecting CXX compiler ABI info - done
[1.297s] -- Check for working CXX compiler: /usr/bin/c++ - skipped
[1.298s] -- Detecting CXX compile features
[1.299s] -- Detecting CXX compile features - done
[1.302s] [0m=============================================================[0m
[1.302s] [0m-- POINT_TYPE is XYZI[0m
[1.302s] [0m=============================================================[0m
[1.350s] [0m=============================================================[0m
[1.351s] [0m-- ROS Not Found. ROS Support is turned Off.[0m
[1.351s] [0m=============================================================[0m
[1.967s] -- Found Python3: /usr/bin/python3 (found version "3.10.12") found components: Interpreter 
[2.206s] -- Override CMake install command with custom implementation using symlinks instead of copying resources
[2.597s] -- Found rosidl_generator_c: 3.1.6 (/opt/ros/humble/share/rosidl_generator_c/cmake)
[2.612s] -- Found rosidl_adapter: 3.1.6 (/opt/ros/humble/share/rosidl_adapter/cmake)
[2.652s] -- Found rosidl_generator_cpp: 3.1.6 (/opt/ros/humble/share/rosidl_generator_cpp/cmake)
[2.711s] -- Using all available rosidl_typesupport_c: rosidl_typesupport_fastrtps_c;rosidl_typesupport_introspection_c
[2.799s] -- Using all available rosidl_typesupport_cpp: rosidl_typesupport_fastrtps_cpp;rosidl_typesupport_introspection_cpp
[3.006s] -- Found rmw_implementation_cmake: 6.1.2 (/opt/ros/humble/share/rmw_implementation_cmake/cmake)
[3.024s] -- Found rmw_fastrtps_cpp: 6.2.7 (/opt/ros/humble/share/rmw_fastrtps_cpp/cmake)
[3.409s] -- Found OpenSSL: /usr/lib/x86_64-linux-gnu/libcrypto.so (found version "3.0.2")  
[3.518s] -- Found FastRTPS: /opt/ros/humble/include  
[3.678s] -- Using RMW implementation 'rmw_fastrtps_cpp' as default
[3.719s] -- Looking for pthread.h
[3.980s] -- Looking for pthread.h - found
[3.981s] -- Performing Test CMAKE_HAVE_LIBC_PTHREAD
[4.252s] -- Performing Test CMAKE_HAVE_LIBC_PTHREAD - Success
[4.256s] -- Found Threads: TRUE  
[4.502s] [0m=============================================================[0m
[4.502s] [0m-- ROS2 Found. ROS2 Support is turned On.[0m
[4.502s] [0m=============================================================[0m
[4.525s] -- Found sensor_msgs: 4.2.4 (/opt/ros/humble/share/sensor_msgs/cmake)
[4.672s] -- Found rslidar_msg: 0.0.0 (/home/pyh/Documents/ros2_ws/RobotAD_Issac_ws/install/rslidar_msg/share/rslidar_msg/cmake)
[4.737s] [0m=============================================================[0m
[4.737s] [0m-- CMake run for UNIX GNU Compiler[0m
[4.737s] [0m=============================================================[0m
[4.738s] [0m=============================================================[0m
[4.738s] [0m-- rs_driver Version : v1.5.16[0m
[4.739s] [0m=============================================================[0m
[5.019s] -- Configuring done
[5.053s] -- Generating done
[5.068s] -- Build files have been written to: /home/pyh/Documents/ros2_ws/RobotAD_Issac_ws/build/rslidar_sdk
[5.096s] Invoked command in '/home/pyh/Documents/ros2_ws/RobotAD_Issac_ws/build/rslidar_sdk' returned '0': CMAKE_PREFIX_PATH=/home/pyh/Documents/ros2_ws/RobotAD_Issac_ws/install/rslidar_msg:/home/pyh/Documents/ros2_ws/RobotAD_Issac_ws/install/usb_camera:/home/pyh/Documents/ros2_ws/RobotAD_Issac_ws/install/serial_comm:/home/pyh/Documents/ros2_ws/RobotAD_Issac_ws/install/robot_locate:/home/pyh/Documents/ros2_ws/RobotAD_Issac_ws/install/diff_control:/home/pyh/Documents/ros2_ws/RobotAD_Issac_ws/install/robot_hardware:/home/pyh/Documents/ros2_ws/RobotAD_Issac_ws/install/pointcloud_to_laserscan:/home/pyh/Documents/ros2_ws/RobotAD_Issac_ws/install/nuscenes_data_collector:/opt/ros/humble:/home/pyh/Documents/ros2_ws/RobotAD_Issac_ws/install/message_filter_example:/home/pyh/Documents/ros2_ws/RobotAD_Issac_ws/install/keyboard_control /usr/bin/cmake /home/pyh/Documents/ros2_ws/RobotAD_Issac_ws/src/rslidar_sdk -DAMENT_CMAKE_SYMLINK_INSTALL=1 -DCMAKE_INSTALL_PREFIX=/home/pyh/Documents/ros2_ws/RobotAD_Issac_ws/install/rslidar_sdk
[5.101s] Invoking command in '/home/pyh/Documents/ros2_ws/RobotAD_Issac_ws/build/rslidar_sdk': CMAKE_PREFIX_PATH=/home/pyh/Documents/ros2_ws/RobotAD_Issac_ws/install/rslidar_msg:/home/pyh/Documents/ros2_ws/RobotAD_Issac_ws/install/usb_camera:/home/pyh/Documents/ros2_ws/RobotAD_Issac_ws/install/serial_comm:/home/pyh/Documents/ros2_ws/RobotAD_Issac_ws/install/robot_locate:/home/pyh/Documents/ros2_ws/RobotAD_Issac_ws/install/diff_control:/home/pyh/Documents/ros2_ws/RobotAD_Issac_ws/install/robot_hardware:/home/pyh/Documents/ros2_ws/RobotAD_Issac_ws/install/pointcloud_to_laserscan:/home/pyh/Documents/ros2_ws/RobotAD_Issac_ws/install/nuscenes_data_collector:/opt/ros/humble:/home/pyh/Documents/ros2_ws/RobotAD_Issac_ws/install/message_filter_example:/home/pyh/Documents/ros2_ws/RobotAD_Issac_ws/install/keyboard_control /usr/bin/cmake --build /home/pyh/Documents/ros2_ws/RobotAD_Issac_ws/build/rslidar_sdk -- -j16 -l16
[5.287s] [ 33%] [32mBuilding CXX object CMakeFiles/rslidar_sdk_node.dir/src/manager/node_manager.cpp.o[0m
[5.288s] [ 66%] [32mBuilding CXX object CMakeFiles/rslidar_sdk_node.dir/node/rslidar_sdk_node.cpp.o[0m
[51.654s] [100%] [32m[1mLinking CXX executable rslidar_sdk_node[0m
[52.210s] [100%] Built target rslidar_sdk_node
[52.235s] Invoked command in '/home/pyh/Documents/ros2_ws/RobotAD_Issac_ws/build/rslidar_sdk' returned '0': CMAKE_PREFIX_PATH=/home/pyh/Documents/ros2_ws/RobotAD_Issac_ws/install/rslidar_msg:/home/pyh/Documents/ros2_ws/RobotAD_Issac_ws/install/usb_camera:/home/pyh/Documents/ros2_ws/RobotAD_Issac_ws/install/serial_comm:/home/pyh/Documents/ros2_ws/RobotAD_Issac_ws/install/robot_locate:/home/pyh/Documents/ros2_ws/RobotAD_Issac_ws/install/diff_control:/home/pyh/Documents/ros2_ws/RobotAD_Issac_ws/install/robot_hardware:/home/pyh/Documents/ros2_ws/RobotAD_Issac_ws/install/pointcloud_to_laserscan:/home/pyh/Documents/ros2_ws/RobotAD_Issac_ws/install/nuscenes_data_collector:/opt/ros/humble:/home/pyh/Documents/ros2_ws/RobotAD_Issac_ws/install/message_filter_example:/home/pyh/Documents/ros2_ws/RobotAD_Issac_ws/install/keyboard_control /usr/bin/cmake --build /home/pyh/Documents/ros2_ws/RobotAD_Issac_ws/build/rslidar_sdk -- -j16 -l16
[52.239s] Invoking command in '/home/pyh/Documents/ros2_ws/RobotAD_Issac_ws/build/rslidar_sdk': CMAKE_PREFIX_PATH=/home/pyh/Documents/ros2_ws/RobotAD_Issac_ws/install/rslidar_msg:/home/pyh/Documents/ros2_ws/RobotAD_Issac_ws/install/usb_camera:/home/pyh/Documents/ros2_ws/RobotAD_Issac_ws/install/serial_comm:/home/pyh/Documents/ros2_ws/RobotAD_Issac_ws/install/robot_locate:/home/pyh/Documents/ros2_ws/RobotAD_Issac_ws/install/diff_control:/home/pyh/Documents/ros2_ws/RobotAD_Issac_ws/install/robot_hardware:/home/pyh/Documents/ros2_ws/RobotAD_Issac_ws/install/pointcloud_to_laserscan:/home/pyh/Documents/ros2_ws/RobotAD_Issac_ws/install/nuscenes_data_collector:/opt/ros/humble:/home/pyh/Documents/ros2_ws/RobotAD_Issac_ws/install/message_filter_example:/home/pyh/Documents/ros2_ws/RobotAD_Issac_ws/install/keyboard_control /usr/bin/cmake --install /home/pyh/Documents/ros2_ws/RobotAD_Issac_ws/build/rslidar_sdk
[52.257s] -- Install configuration: "Release"
[52.258s] -- Execute custom install script
[52.259s] -- Symlinking: /home/pyh/Documents/ros2_ws/RobotAD_Issac_ws/install/rslidar_sdk/lib/rslidar_sdk/rslidar_sdk_node
[52.281s] -- Symlinking: /home/pyh/Documents/ros2_ws/RobotAD_Issac_ws/install/rslidar_sdk/share/rslidar_sdk/launch/elequent_start.py
[52.303s] -- Symlinking: /home/pyh/Documents/ros2_ws/RobotAD_Issac_ws/install/rslidar_sdk/share/rslidar_sdk/launch/start.launch
[52.323s] -- Symlinking: /home/pyh/Documents/ros2_ws/RobotAD_Issac_ws/install/rslidar_sdk/share/rslidar_sdk/launch/start.py
[52.347s] -- Symlinking: /home/pyh/Documents/ros2_ws/RobotAD_Issac_ws/install/rslidar_sdk/share/rslidar_sdk/rviz/rviz.rviz
[52.367s] -- Symlinking: /home/pyh/Documents/ros2_ws/RobotAD_Issac_ws/install/rslidar_sdk/share/rslidar_sdk/rviz/rviz2.rviz
[52.393s] -- Symlinking: /home/pyh/Documents/ros2_ws/RobotAD_Issac_ws/install/rslidar_sdk/share/ament_index/resource_index/package_run_dependencies/rslidar_sdk
[52.417s] -- Symlinking: /home/pyh/Documents/ros2_ws/RobotAD_Issac_ws/install/rslidar_sdk/share/ament_index/resource_index/parent_prefix_path/rslidar_sdk
[52.438s] -- Symlinking: /home/pyh/Documents/ros2_ws/RobotAD_Issac_ws/install/rslidar_sdk/share/rslidar_sdk/environment/ament_prefix_path.sh
[52.458s] -- Symlinking: /home/pyh/Documents/ros2_ws/RobotAD_Issac_ws/install/rslidar_sdk/share/rslidar_sdk/environment/ament_prefix_path.dsv
[52.477s] -- Symlinking: /home/pyh/Documents/ros2_ws/RobotAD_Issac_ws/install/rslidar_sdk/share/rslidar_sdk/environment/path.sh
[52.497s] -- Symlinking: /home/pyh/Documents/ros2_ws/RobotAD_Issac_ws/install/rslidar_sdk/share/rslidar_sdk/environment/path.dsv
[52.520s] -- Symlinking: /home/pyh/Documents/ros2_ws/RobotAD_Issac_ws/install/rslidar_sdk/share/rslidar_sdk/local_setup.bash
[52.539s] -- Symlinking: /home/pyh/Documents/ros2_ws/RobotAD_Issac_ws/install/rslidar_sdk/share/rslidar_sdk/local_setup.sh
[52.563s] -- Symlinking: /home/pyh/Documents/ros2_ws/RobotAD_Issac_ws/install/rslidar_sdk/share/rslidar_sdk/local_setup.zsh
[52.583s] -- Symlinking: /home/pyh/Documents/ros2_ws/RobotAD_Issac_ws/install/rslidar_sdk/share/rslidar_sdk/local_setup.dsv
[52.603s] -- Symlinking: /home/pyh/Documents/ros2_ws/RobotAD_Issac_ws/install/rslidar_sdk/share/rslidar_sdk/package.dsv
[52.625s] -- Symlinking: /home/pyh/Documents/ros2_ws/RobotAD_Issac_ws/install/rslidar_sdk/share/ament_index/resource_index/packages/rslidar_sdk
[52.644s] -- Symlinking: /home/pyh/Documents/ros2_ws/RobotAD_Issac_ws/install/rslidar_sdk/share/rslidar_sdk/cmake/rslidar_sdkConfig.cmake
[52.663s] -- Symlinking: /home/pyh/Documents/ros2_ws/RobotAD_Issac_ws/install/rslidar_sdk/share/rslidar_sdk/cmake/rslidar_sdkConfig-version.cmake
[52.683s] -- Symlinking: /home/pyh/Documents/ros2_ws/RobotAD_Issac_ws/install/rslidar_sdk/share/rslidar_sdk/package.xml
[52.708s] Invoked command in '/home/pyh/Documents/ros2_ws/RobotAD_Issac_ws/build/rslidar_sdk' returned '0': CMAKE_PREFIX_PATH=/home/pyh/Documents/ros2_ws/RobotAD_Issac_ws/install/rslidar_msg:/home/pyh/Documents/ros2_ws/RobotAD_Issac_ws/install/usb_camera:/home/pyh/Documents/ros2_ws/RobotAD_Issac_ws/install/serial_comm:/home/pyh/Documents/ros2_ws/RobotAD_Issac_ws/install/robot_locate:/home/pyh/Documents/ros2_ws/RobotAD_Issac_ws/install/diff_control:/home/pyh/Documents/ros2_ws/RobotAD_Issac_ws/install/robot_hardware:/home/pyh/Documents/ros2_ws/RobotAD_Issac_ws/install/pointcloud_to_laserscan:/home/pyh/Documents/ros2_ws/RobotAD_Issac_ws/install/nuscenes_data_collector:/opt/ros/humble:/home/pyh/Documents/ros2_ws/RobotAD_Issac_ws/install/message_filter_example:/home/pyh/Documents/ros2_ws/RobotAD_Issac_ws/install/keyboard_control /usr/bin/cmake --install /home/pyh/Documents/ros2_ws/RobotAD_Issac_ws/build/rslidar_sdk
