[0.034s] Invoking command in '/home/pyh/Documents/ros2_ws/RobotAD_Issac_ws/build/pointcloud_to_laserscan': CMAKE_PREFIX_PATH=/home/pyh/Documents/ros2_ws/RobotAD_Issac_ws/install/usb_camera:/home/pyh/Documents/ros2_ws/RobotAD_Issac_ws/install/serial_comm:/home/pyh/Documents/ros2_ws/RobotAD_Issac_ws/install/rslidar_sdk:/home/pyh/Documents/ros2_ws/RobotAD_Issac_ws/install/rslidar_msg:/home/pyh/Documents/ros2_ws/RobotAD_Issac_ws/install/robot_locate:/home/pyh/Documents/ros2_ws/RobotAD_Issac_ws/install/diff_control:/home/pyh/Documents/ros2_ws/RobotAD_Issac_ws/install/robot_hardware:/home/pyh/Documents/ros2_ws/RobotAD_Issac_ws/install/pointcloud_to_laserscan:/home/pyh/Documents/ros2_ws/RobotAD_Issac_ws/install/nuscenes_data_collector:/opt/ros/humble:/home/pyh/Documents/ros2_ws/RobotAD_Issac_ws/install/message_filter_example:/home/pyh/Documents/ros2_ws/RobotAD_Issac_ws/install/keyboard_control /usr/bin/cmake --build /home/pyh/Documents/ros2_ws/RobotAD_Issac_ws/build/pointcloud_to_laserscan -- -j16 -l16
[0.111s] [ 16%] Built target laserscan_to_pointcloud_node
[0.120s] [ 33%] Built target pointcloud_to_laserscan_node
[0.120s] [ 50%] Built target laserscan_to_pointcloud
[0.155s] [ 66%] Built target pointcloud_to_laserscan
[0.204s] [ 83%] Built target dummy_pointcloud_publisher
[0.204s] [100%] Built target sub_laser_node
[0.219s] Invoked command in '/home/pyh/Documents/ros2_ws/RobotAD_Issac_ws/build/pointcloud_to_laserscan' returned '0': CMAKE_PREFIX_PATH=/home/pyh/Documents/ros2_ws/RobotAD_Issac_ws/install/usb_camera:/home/pyh/Documents/ros2_ws/RobotAD_Issac_ws/install/serial_comm:/home/pyh/Documents/ros2_ws/RobotAD_Issac_ws/install/rslidar_sdk:/home/pyh/Documents/ros2_ws/RobotAD_Issac_ws/install/rslidar_msg:/home/pyh/Documents/ros2_ws/RobotAD_Issac_ws/install/robot_locate:/home/pyh/Documents/ros2_ws/RobotAD_Issac_ws/install/diff_control:/home/pyh/Documents/ros2_ws/RobotAD_Issac_ws/install/robot_hardware:/home/pyh/Documents/ros2_ws/RobotAD_Issac_ws/install/pointcloud_to_laserscan:/home/pyh/Documents/ros2_ws/RobotAD_Issac_ws/install/nuscenes_data_collector:/opt/ros/humble:/home/pyh/Documents/ros2_ws/RobotAD_Issac_ws/install/message_filter_example:/home/pyh/Documents/ros2_ws/RobotAD_Issac_ws/install/keyboard_control /usr/bin/cmake --build /home/pyh/Documents/ros2_ws/RobotAD_Issac_ws/build/pointcloud_to_laserscan -- -j16 -l16
[0.219s] Invoking command in '/home/pyh/Documents/ros2_ws/RobotAD_Issac_ws/build/pointcloud_to_laserscan': CMAKE_PREFIX_PATH=/home/pyh/Documents/ros2_ws/RobotAD_Issac_ws/install/usb_camera:/home/pyh/Documents/ros2_ws/RobotAD_Issac_ws/install/serial_comm:/home/pyh/Documents/ros2_ws/RobotAD_Issac_ws/install/rslidar_sdk:/home/pyh/Documents/ros2_ws/RobotAD_Issac_ws/install/rslidar_msg:/home/pyh/Documents/ros2_ws/RobotAD_Issac_ws/install/robot_locate:/home/pyh/Documents/ros2_ws/RobotAD_Issac_ws/install/diff_control:/home/pyh/Documents/ros2_ws/RobotAD_Issac_ws/install/robot_hardware:/home/pyh/Documents/ros2_ws/RobotAD_Issac_ws/install/pointcloud_to_laserscan:/home/pyh/Documents/ros2_ws/RobotAD_Issac_ws/install/nuscenes_data_collector:/opt/ros/humble:/home/pyh/Documents/ros2_ws/RobotAD_Issac_ws/install/message_filter_example:/home/pyh/Documents/ros2_ws/RobotAD_Issac_ws/install/keyboard_control /usr/bin/cmake --install /home/pyh/Documents/ros2_ws/RobotAD_Issac_ws/build/pointcloud_to_laserscan
[0.228s] -- Install configuration: ""
[0.228s] -- Execute custom install script
[0.228s] -- Up-to-date symlink: /home/pyh/Documents/ros2_ws/RobotAD_Issac_ws/install/pointcloud_to_laserscan/lib/pointcloud_to_laserscan/laserscan_to_pointcloud_node
[0.229s] -- Up-to-date symlink: /home/pyh/Documents/ros2_ws/RobotAD_Issac_ws/install/pointcloud_to_laserscan/lib/pointcloud_to_laserscan/pointcloud_to_laserscan_node
[0.229s] -- Up-to-date symlink: /home/pyh/Documents/ros2_ws/RobotAD_Issac_ws/install/pointcloud_to_laserscan/include/pointcloud_to_laserscan/laserscan_to_pointcloud_node.hpp
[0.229s] -- Up-to-date symlink: /home/pyh/Documents/ros2_ws/RobotAD_Issac_ws/install/pointcloud_to_laserscan/include/pointcloud_to_laserscan/pointcloud_to_laserscan_node.hpp
[0.229s] -- Up-to-date symlink: /home/pyh/Documents/ros2_ws/RobotAD_Issac_ws/install/pointcloud_to_laserscan/include/pointcloud_to_laserscan/visibility_control.h
[0.230s] -- Up-to-date symlink: /home/pyh/Documents/ros2_ws/RobotAD_Issac_ws/install/pointcloud_to_laserscan/share/pointcloud_to_laserscan/environment/library_path.sh
[0.231s] -- Up-to-date symlink: /home/pyh/Documents/ros2_ws/RobotAD_Issac_ws/install/pointcloud_to_laserscan/share/pointcloud_to_laserscan/environment/library_path.dsv
[0.231s] -- Up-to-date symlink: /home/pyh/Documents/ros2_ws/RobotAD_Issac_ws/install/pointcloud_to_laserscan/lib/liblaserscan_to_pointcloud.so
[0.231s] -- Up-to-date symlink: /home/pyh/Documents/ros2_ws/RobotAD_Issac_ws/install/pointcloud_to_laserscan/lib/libpointcloud_to_laserscan.so
[0.231s] -- Up-to-date symlink: /home/pyh/Documents/ros2_ws/RobotAD_Issac_ws/install/pointcloud_to_laserscan/lib/pointcloud_to_laserscan/dummy_pointcloud_publisher
[0.235s] -- Up-to-date symlink: /home/pyh/Documents/ros2_ws/RobotAD_Issac_ws/install/pointcloud_to_laserscan/lib/pointcloud_to_laserscan/sub_laser_node
[0.236s] -- Up-to-date symlink: /home/pyh/Documents/ros2_ws/RobotAD_Issac_ws/install/pointcloud_to_laserscan/share/pointcloud_to_laserscan/launch/__pycache__/sample_pointcloud_to_laserscan_launch.cpython-310.pyc
[0.236s] -- Up-to-date symlink: /home/pyh/Documents/ros2_ws/RobotAD_Issac_ws/install/pointcloud_to_laserscan/share/pointcloud_to_laserscan/launch/sample_laserscan_to_pointcloud_launch.py
[0.236s] -- Up-to-date symlink: /home/pyh/Documents/ros2_ws/RobotAD_Issac_ws/install/pointcloud_to_laserscan/share/pointcloud_to_laserscan/launch/sample_pointcloud_to_laserscan_launch.py
[0.236s] -- Up-to-date symlink: /home/pyh/Documents/ros2_ws/RobotAD_Issac_ws/install/pointcloud_to_laserscan/share/ament_index/resource_index/package_run_dependencies/pointcloud_to_laserscan
[0.236s] -- Up-to-date symlink: /home/pyh/Documents/ros2_ws/RobotAD_Issac_ws/install/pointcloud_to_laserscan/share/ament_index/resource_index/parent_prefix_path/pointcloud_to_laserscan
[0.236s] -- Up-to-date symlink: /home/pyh/Documents/ros2_ws/RobotAD_Issac_ws/install/pointcloud_to_laserscan/share/pointcloud_to_laserscan/environment/ament_prefix_path.sh
[0.236s] -- Up-to-date symlink: /home/pyh/Documents/ros2_ws/RobotAD_Issac_ws/install/pointcloud_to_laserscan/share/pointcloud_to_laserscan/environment/ament_prefix_path.dsv
[0.237s] -- Up-to-date symlink: /home/pyh/Documents/ros2_ws/RobotAD_Issac_ws/install/pointcloud_to_laserscan/share/pointcloud_to_laserscan/environment/path.sh
[0.237s] -- Up-to-date symlink: /home/pyh/Documents/ros2_ws/RobotAD_Issac_ws/install/pointcloud_to_laserscan/share/pointcloud_to_laserscan/environment/path.dsv
[0.237s] -- Up-to-date symlink: /home/pyh/Documents/ros2_ws/RobotAD_Issac_ws/install/pointcloud_to_laserscan/share/pointcloud_to_laserscan/local_setup.bash
[0.237s] -- Up-to-date symlink: /home/pyh/Documents/ros2_ws/RobotAD_Issac_ws/install/pointcloud_to_laserscan/share/pointcloud_to_laserscan/local_setup.sh
[0.237s] -- Up-to-date symlink: /home/pyh/Documents/ros2_ws/RobotAD_Issac_ws/install/pointcloud_to_laserscan/share/pointcloud_to_laserscan/local_setup.zsh
[0.237s] -- Up-to-date symlink: /home/pyh/Documents/ros2_ws/RobotAD_Issac_ws/install/pointcloud_to_laserscan/share/pointcloud_to_laserscan/local_setup.dsv
[0.238s] -- Symlinking: /home/pyh/Documents/ros2_ws/RobotAD_Issac_ws/install/pointcloud_to_laserscan/share/pointcloud_to_laserscan/package.dsv
[0.242s] -- Up-to-date symlink: /home/pyh/Documents/ros2_ws/RobotAD_Issac_ws/install/pointcloud_to_laserscan/share/ament_index/resource_index/packages/pointcloud_to_laserscan
[0.243s] -- Up-to-date symlink: /home/pyh/Documents/ros2_ws/RobotAD_Issac_ws/install/pointcloud_to_laserscan/share/ament_index/resource_index/rclcpp_components/pointcloud_to_laserscan
[0.243s] -- Up-to-date symlink: /home/pyh/Documents/ros2_ws/RobotAD_Issac_ws/install/pointcloud_to_laserscan/share/pointcloud_to_laserscan/cmake/ament_cmake_export_dependencies-extras.cmake
[0.243s] -- Up-to-date symlink: /home/pyh/Documents/ros2_ws/RobotAD_Issac_ws/install/pointcloud_to_laserscan/share/pointcloud_to_laserscan/cmake/ament_cmake_export_include_directories-extras.cmake
[0.243s] -- Up-to-date symlink: /home/pyh/Documents/ros2_ws/RobotAD_Issac_ws/install/pointcloud_to_laserscan/share/pointcloud_to_laserscan/cmake/ament_cmake_export_libraries-extras.cmake
[0.243s] -- Up-to-date symlink: /home/pyh/Documents/ros2_ws/RobotAD_Issac_ws/install/pointcloud_to_laserscan/share/pointcloud_to_laserscan/cmake/pointcloud_to_laserscanConfig.cmake
[0.243s] -- Up-to-date symlink: /home/pyh/Documents/ros2_ws/RobotAD_Issac_ws/install/pointcloud_to_laserscan/share/pointcloud_to_laserscan/cmake/pointcloud_to_laserscanConfig-version.cmake
[0.244s] -- Up-to-date symlink: /home/pyh/Documents/ros2_ws/RobotAD_Issac_ws/install/pointcloud_to_laserscan/share/pointcloud_to_laserscan/package.xml
[0.250s] Invoked command in '/home/pyh/Documents/ros2_ws/RobotAD_Issac_ws/build/pointcloud_to_laserscan' returned '0': CMAKE_PREFIX_PATH=/home/pyh/Documents/ros2_ws/RobotAD_Issac_ws/install/usb_camera:/home/pyh/Documents/ros2_ws/RobotAD_Issac_ws/install/serial_comm:/home/pyh/Documents/ros2_ws/RobotAD_Issac_ws/install/rslidar_sdk:/home/pyh/Documents/ros2_ws/RobotAD_Issac_ws/install/rslidar_msg:/home/pyh/Documents/ros2_ws/RobotAD_Issac_ws/install/robot_locate:/home/pyh/Documents/ros2_ws/RobotAD_Issac_ws/install/diff_control:/home/pyh/Documents/ros2_ws/RobotAD_Issac_ws/install/robot_hardware:/home/pyh/Documents/ros2_ws/RobotAD_Issac_ws/install/pointcloud_to_laserscan:/home/pyh/Documents/ros2_ws/RobotAD_Issac_ws/install/nuscenes_data_collector:/opt/ros/humble:/home/pyh/Documents/ros2_ws/RobotAD_Issac_ws/install/message_filter_example:/home/pyh/Documents/ros2_ws/RobotAD_Issac_ws/install/keyboard_control /usr/bin/cmake --install /home/pyh/Documents/ros2_ws/RobotAD_Issac_ws/build/pointcloud_to_laserscan
