[0.018s] Invoking command in '/home/pyh/Documents/ros2_ws/RobotAD_Issac_ws/build/serial_comm': CMAKE_PREFIX_PATH=/home/pyh/Documents/ros2_ws/RobotAD_Issac_ws/install/robot_hardware:/home/pyh/Documents/ros2_ws/RobotAD_Issac_ws/install/usb_camera:/home/pyh/Documents/ros2_ws/RobotAD_Issac_ws/install/serial_comm:/home/pyh/Documents/ros2_ws/RobotAD_Issac_ws/install/robot_locate:/home/pyh/Documents/ros2_ws/RobotAD_Issac_ws/install/diff_control:/home/pyh/Documents/ros2_ws/RobotAD_Issac_ws/install/pointcloud_to_laserscan:/home/pyh/Documents/ros2_ws/RobotAD_Issac_ws/install/nuscenes_data_collector:/opt/ros/humble:/home/pyh/Documents/ros2_ws/RobotAD_Issac_ws/install/message_filter_example:/home/pyh/Documents/ros2_ws/RobotAD_Issac_ws/install/keyboard_control LD_LIBRARY_PATH=/home/pyh/Documents/ros2_ws/RobotAD_Issac_ws/install/robot_hardware/lib:/home/pyh/Documents/ros2_ws/RobotAD_Issac_ws/install/diff_control/lib:/home/pyh/Documents/ros2_ws/RobotAD_Issac_ws/install/pointcloud_to_laserscan/lib:/usr/lib/x86_64-linux-gnu/gazebo-11/plugins:/opt/ros/humble/opt/rviz_ogre_vendor/lib:/opt/ros/humble/lib/x86_64-linux-gnu:/opt/ros/humble/lib /usr/bin/cmake /home/pyh/Documents/ros2_ws/RobotAD_Issac_ws/src/serial_comm -DAMENT_CMAKE_SYMLINK_INSTALL=1 -DCMAKE_INSTALL_PREFIX=/home/pyh/Documents/ros2_ws/RobotAD_Issac_ws/install/serial_comm
[0.028s] -- Found ament_cmake: 1.3.11 (/opt/ros/humble/share/ament_cmake/cmake)
[0.146s] -- Override CMake install command with custom implementation using symlinks instead of copying resources
[0.152s] -- Found rclcpp: 16.0.11 (/opt/ros/humble/share/rclcpp/cmake)
[0.177s] -- Found rosidl_generator_c: 3.1.6 (/opt/ros/humble/share/rosidl_generator_c/cmake)
[0.179s] -- Found rosidl_adapter: 3.1.6 (/opt/ros/humble/share/rosidl_adapter/cmake)
[0.186s] -- Found rosidl_generator_cpp: 3.1.6 (/opt/ros/humble/share/rosidl_generator_cpp/cmake)
[0.195s] -- Using all available rosidl_typesupport_c: rosidl_typesupport_fastrtps_c;rosidl_typesupport_introspection_c
[0.206s] -- Using all available rosidl_typesupport_cpp: rosidl_typesupport_fastrtps_cpp;rosidl_typesupport_introspection_cpp
[0.237s] -- Found rmw_implementation_cmake: 6.1.2 (/opt/ros/humble/share/rmw_implementation_cmake/cmake)
[0.239s] -- Found rmw_fastrtps_cpp: 6.2.7 (/opt/ros/humble/share/rmw_fastrtps_cpp/cmake)
[0.343s] -- Using RMW implementation 'rmw_fastrtps_cpp' as default
[0.397s] -- Found serial: 1.2.1 (/usr/local/share/serial/cmake)
[0.399s] -- Found robot_hardware: 0.0.1 (/home/pyh/Documents/ros2_ws/RobotAD_Issac_ws/install/robot_hardware/share/robot_hardware/cmake)
[0.512s] -- Configuring done
[0.520s] -- Generating done
[0.523s] -- Build files have been written to: /home/pyh/Documents/ros2_ws/RobotAD_Issac_ws/build/serial_comm
[0.533s] Invoked command in '/home/pyh/Documents/ros2_ws/RobotAD_Issac_ws/build/serial_comm' returned '0': CMAKE_PREFIX_PATH=/home/pyh/Documents/ros2_ws/RobotAD_Issac_ws/install/robot_hardware:/home/pyh/Documents/ros2_ws/RobotAD_Issac_ws/install/usb_camera:/home/pyh/Documents/ros2_ws/RobotAD_Issac_ws/install/serial_comm:/home/pyh/Documents/ros2_ws/RobotAD_Issac_ws/install/robot_locate:/home/pyh/Documents/ros2_ws/RobotAD_Issac_ws/install/diff_control:/home/pyh/Documents/ros2_ws/RobotAD_Issac_ws/install/pointcloud_to_laserscan:/home/pyh/Documents/ros2_ws/RobotAD_Issac_ws/install/nuscenes_data_collector:/opt/ros/humble:/home/pyh/Documents/ros2_ws/RobotAD_Issac_ws/install/message_filter_example:/home/pyh/Documents/ros2_ws/RobotAD_Issac_ws/install/keyboard_control LD_LIBRARY_PATH=/home/pyh/Documents/ros2_ws/RobotAD_Issac_ws/install/robot_hardware/lib:/home/pyh/Documents/ros2_ws/RobotAD_Issac_ws/install/diff_control/lib:/home/pyh/Documents/ros2_ws/RobotAD_Issac_ws/install/pointcloud_to_laserscan/lib:/usr/lib/x86_64-linux-gnu/gazebo-11/plugins:/opt/ros/humble/opt/rviz_ogre_vendor/lib:/opt/ros/humble/lib/x86_64-linux-gnu:/opt/ros/humble/lib /usr/bin/cmake /home/pyh/Documents/ros2_ws/RobotAD_Issac_ws/src/serial_comm -DAMENT_CMAKE_SYMLINK_INSTALL=1 -DCMAKE_INSTALL_PREFIX=/home/pyh/Documents/ros2_ws/RobotAD_Issac_ws/install/serial_comm
[0.535s] Invoking command in '/home/pyh/Documents/ros2_ws/RobotAD_Issac_ws/build/serial_comm': CMAKE_PREFIX_PATH=/home/pyh/Documents/ros2_ws/RobotAD_Issac_ws/install/robot_hardware:/home/pyh/Documents/ros2_ws/RobotAD_Issac_ws/install/usb_camera:/home/pyh/Documents/ros2_ws/RobotAD_Issac_ws/install/serial_comm:/home/pyh/Documents/ros2_ws/RobotAD_Issac_ws/install/robot_locate:/home/pyh/Documents/ros2_ws/RobotAD_Issac_ws/install/diff_control:/home/pyh/Documents/ros2_ws/RobotAD_Issac_ws/install/pointcloud_to_laserscan:/home/pyh/Documents/ros2_ws/RobotAD_Issac_ws/install/nuscenes_data_collector:/opt/ros/humble:/home/pyh/Documents/ros2_ws/RobotAD_Issac_ws/install/message_filter_example:/home/pyh/Documents/ros2_ws/RobotAD_Issac_ws/install/keyboard_control LD_LIBRARY_PATH=/home/pyh/Documents/ros2_ws/RobotAD_Issac_ws/install/robot_hardware/lib:/home/pyh/Documents/ros2_ws/RobotAD_Issac_ws/install/diff_control/lib:/home/pyh/Documents/ros2_ws/RobotAD_Issac_ws/install/pointcloud_to_laserscan/lib:/usr/lib/x86_64-linux-gnu/gazebo-11/plugins:/opt/ros/humble/opt/rviz_ogre_vendor/lib:/opt/ros/humble/lib/x86_64-linux-gnu:/opt/ros/humble/lib /usr/bin/cmake --build /home/pyh/Documents/ros2_ws/RobotAD_Issac_ws/build/serial_comm -- -j16 -l16
[0.577s] [35m[1mConsolidate compiler generated dependencies of target serial_node[0m
[0.595s] [100%] Built target serial_node
[0.608s] Invoked command in '/home/pyh/Documents/ros2_ws/RobotAD_Issac_ws/build/serial_comm' returned '0': CMAKE_PREFIX_PATH=/home/pyh/Documents/ros2_ws/RobotAD_Issac_ws/install/robot_hardware:/home/pyh/Documents/ros2_ws/RobotAD_Issac_ws/install/usb_camera:/home/pyh/Documents/ros2_ws/RobotAD_Issac_ws/install/serial_comm:/home/pyh/Documents/ros2_ws/RobotAD_Issac_ws/install/robot_locate:/home/pyh/Documents/ros2_ws/RobotAD_Issac_ws/install/diff_control:/home/pyh/Documents/ros2_ws/RobotAD_Issac_ws/install/pointcloud_to_laserscan:/home/pyh/Documents/ros2_ws/RobotAD_Issac_ws/install/nuscenes_data_collector:/opt/ros/humble:/home/pyh/Documents/ros2_ws/RobotAD_Issac_ws/install/message_filter_example:/home/pyh/Documents/ros2_ws/RobotAD_Issac_ws/install/keyboard_control LD_LIBRARY_PATH=/home/pyh/Documents/ros2_ws/RobotAD_Issac_ws/install/robot_hardware/lib:/home/pyh/Documents/ros2_ws/RobotAD_Issac_ws/install/diff_control/lib:/home/pyh/Documents/ros2_ws/RobotAD_Issac_ws/install/pointcloud_to_laserscan/lib:/usr/lib/x86_64-linux-gnu/gazebo-11/plugins:/opt/ros/humble/opt/rviz_ogre_vendor/lib:/opt/ros/humble/lib/x86_64-linux-gnu:/opt/ros/humble/lib /usr/bin/cmake --build /home/pyh/Documents/ros2_ws/RobotAD_Issac_ws/build/serial_comm -- -j16 -l16
[0.609s] Invoking command in '/home/pyh/Documents/ros2_ws/RobotAD_Issac_ws/build/serial_comm': CMAKE_PREFIX_PATH=/home/pyh/Documents/ros2_ws/RobotAD_Issac_ws/install/robot_hardware:/home/pyh/Documents/ros2_ws/RobotAD_Issac_ws/install/usb_camera:/home/pyh/Documents/ros2_ws/RobotAD_Issac_ws/install/serial_comm:/home/pyh/Documents/ros2_ws/RobotAD_Issac_ws/install/robot_locate:/home/pyh/Documents/ros2_ws/RobotAD_Issac_ws/install/diff_control:/home/pyh/Documents/ros2_ws/RobotAD_Issac_ws/install/pointcloud_to_laserscan:/home/pyh/Documents/ros2_ws/RobotAD_Issac_ws/install/nuscenes_data_collector:/opt/ros/humble:/home/pyh/Documents/ros2_ws/RobotAD_Issac_ws/install/message_filter_example:/home/pyh/Documents/ros2_ws/RobotAD_Issac_ws/install/keyboard_control LD_LIBRARY_PATH=/home/pyh/Documents/ros2_ws/RobotAD_Issac_ws/install/robot_hardware/lib:/home/pyh/Documents/ros2_ws/RobotAD_Issac_ws/install/diff_control/lib:/home/pyh/Documents/ros2_ws/RobotAD_Issac_ws/install/pointcloud_to_laserscan/lib:/usr/lib/x86_64-linux-gnu/gazebo-11/plugins:/opt/ros/humble/opt/rviz_ogre_vendor/lib:/opt/ros/humble/lib/x86_64-linux-gnu:/opt/ros/humble/lib /usr/bin/cmake --install /home/pyh/Documents/ros2_ws/RobotAD_Issac_ws/build/serial_comm
[0.617s] -- Install configuration: ""
[0.617s] -- Execute custom install script
[0.617s] -- Up-to-date symlink: /home/pyh/Documents/ros2_ws/RobotAD_Issac_ws/install/serial_comm/lib/serial_comm/serial_node
[0.617s] -- Up-to-date symlink: /home/pyh/Documents/ros2_ws/RobotAD_Issac_ws/install/serial_comm/share/serial_comm/launch/serial_comm.launch.py
[0.618s] -- Up-to-date symlink: /home/pyh/Documents/ros2_ws/RobotAD_Issac_ws/install/serial_comm/share/ament_index/resource_index/package_run_dependencies/serial_comm
[0.618s] -- Up-to-date symlink: /home/pyh/Documents/ros2_ws/RobotAD_Issac_ws/install/serial_comm/share/ament_index/resource_index/parent_prefix_path/serial_comm
[0.618s] -- Up-to-date symlink: /home/pyh/Documents/ros2_ws/RobotAD_Issac_ws/install/serial_comm/share/serial_comm/environment/ament_prefix_path.sh
[0.618s] -- Up-to-date symlink: /home/pyh/Documents/ros2_ws/RobotAD_Issac_ws/install/serial_comm/share/serial_comm/environment/ament_prefix_path.dsv
[0.618s] -- Up-to-date symlink: /home/pyh/Documents/ros2_ws/RobotAD_Issac_ws/install/serial_comm/share/serial_comm/environment/path.sh
[0.619s] -- Up-to-date symlink: /home/pyh/Documents/ros2_ws/RobotAD_Issac_ws/install/serial_comm/share/serial_comm/environment/path.dsv
[0.619s] -- Up-to-date symlink: /home/pyh/Documents/ros2_ws/RobotAD_Issac_ws/install/serial_comm/share/serial_comm/local_setup.bash
[0.619s] -- Up-to-date symlink: /home/pyh/Documents/ros2_ws/RobotAD_Issac_ws/install/serial_comm/share/serial_comm/local_setup.sh
[0.619s] -- Up-to-date symlink: /home/pyh/Documents/ros2_ws/RobotAD_Issac_ws/install/serial_comm/share/serial_comm/local_setup.zsh
[0.620s] -- Up-to-date symlink: /home/pyh/Documents/ros2_ws/RobotAD_Issac_ws/install/serial_comm/share/serial_comm/local_setup.dsv
[0.621s] -- Symlinking: /home/pyh/Documents/ros2_ws/RobotAD_Issac_ws/install/serial_comm/share/serial_comm/package.dsv
[0.630s] -- Up-to-date symlink: /home/pyh/Documents/ros2_ws/RobotAD_Issac_ws/install/serial_comm/share/ament_index/resource_index/packages/serial_comm
[0.630s] -- Up-to-date symlink: /home/pyh/Documents/ros2_ws/RobotAD_Issac_ws/install/serial_comm/share/serial_comm/cmake/serial_commConfig.cmake
[0.630s] -- Up-to-date symlink: /home/pyh/Documents/ros2_ws/RobotAD_Issac_ws/install/serial_comm/share/serial_comm/cmake/serial_commConfig-version.cmake
[0.630s] -- Up-to-date symlink: /home/pyh/Documents/ros2_ws/RobotAD_Issac_ws/install/serial_comm/share/serial_comm/package.xml
[0.633s] Invoked command in '/home/pyh/Documents/ros2_ws/RobotAD_Issac_ws/build/serial_comm' returned '0': CMAKE_PREFIX_PATH=/home/pyh/Documents/ros2_ws/RobotAD_Issac_ws/install/robot_hardware:/home/pyh/Documents/ros2_ws/RobotAD_Issac_ws/install/usb_camera:/home/pyh/Documents/ros2_ws/RobotAD_Issac_ws/install/serial_comm:/home/pyh/Documents/ros2_ws/RobotAD_Issac_ws/install/robot_locate:/home/pyh/Documents/ros2_ws/RobotAD_Issac_ws/install/diff_control:/home/pyh/Documents/ros2_ws/RobotAD_Issac_ws/install/pointcloud_to_laserscan:/home/pyh/Documents/ros2_ws/RobotAD_Issac_ws/install/nuscenes_data_collector:/opt/ros/humble:/home/pyh/Documents/ros2_ws/RobotAD_Issac_ws/install/message_filter_example:/home/pyh/Documents/ros2_ws/RobotAD_Issac_ws/install/keyboard_control LD_LIBRARY_PATH=/home/pyh/Documents/ros2_ws/RobotAD_Issac_ws/install/robot_hardware/lib:/home/pyh/Documents/ros2_ws/RobotAD_Issac_ws/install/diff_control/lib:/home/pyh/Documents/ros2_ws/RobotAD_Issac_ws/install/pointcloud_to_laserscan/lib:/usr/lib/x86_64-linux-gnu/gazebo-11/plugins:/opt/ros/humble/opt/rviz_ogre_vendor/lib:/opt/ros/humble/lib/x86_64-linux-gnu:/opt/ros/humble/lib /usr/bin/cmake --install /home/pyh/Documents/ros2_ws/RobotAD_Issac_ws/build/serial_comm
