[0.039s] Invoking command in '/home/pyh/Documents/ros2_ws/RobotAD_Issac_ws/build/robot_hardware': CMAKE_PREFIX_PATH=/home/pyh/Documents/ros2_ws/RobotAD_Issac_ws/install/usb_camera:/home/pyh/Documents/ros2_ws/RobotAD_Issac_ws/install/serial_comm:/home/pyh/Documents/ros2_ws/RobotAD_Issac_ws/install/rslidar_sdk:/home/pyh/Documents/ros2_ws/RobotAD_Issac_ws/install/rslidar_msg:/home/pyh/Documents/ros2_ws/RobotAD_Issac_ws/install/robot_locate:/home/pyh/Documents/ros2_ws/RobotAD_Issac_ws/install/diff_control:/home/pyh/Documents/ros2_ws/RobotAD_Issac_ws/install/robot_hardware:/home/pyh/Documents/ros2_ws/RobotAD_Issac_ws/install/pointcloud_to_laserscan:/home/pyh/Documents/ros2_ws/RobotAD_Issac_ws/install/nuscenes_data_collector:/opt/ros/humble:/home/pyh/Documents/ros2_ws/RobotAD_Issac_ws/install/message_filter_example:/home/pyh/Documents/ros2_ws/RobotAD_Issac_ws/install/keyboard_control /usr/bin/cmake --build /home/pyh/Documents/ros2_ws/RobotAD_Issac_ws/build/robot_hardware -- -j16 -l16
[0.098s] [  2%] [32mBuilding C object CMakeFiles/robot_hardware__rosidl_generator_c.dir/rosidl_generator_c/robot_hardware/msg/detail/hardware_data__functions.c.o[0m
[0.101s] [  4%] Built target robot_hardware__cpp
[0.104s] [  7%] [32mBuilding C object CMakeFiles/robot_hardware__rosidl_generator_c.dir/rosidl_generator_c/robot_hardware/msg/detail/issac_hardware_data__functions.c.o[0m
[0.106s] [  7%] Built target ament_cmake_python_symlink_robot_hardware
[0.140s] [  9%] [32mBuilding CXX object CMakeFiles/robot_hardware__rosidl_typesupport_cpp.dir/rosidl_typesupport_cpp/robot_hardware/msg/hardware_data__type_support.cpp.o[0m
[0.144s] [ 12%] [32mBuilding CXX object CMakeFiles/robot_hardware__rosidl_typesupport_cpp.dir/rosidl_typesupport_cpp/robot_hardware/msg/issac_hardware_data__type_support.cpp.o[0m
[0.149s] [ 14%] [32mBuilding CXX object CMakeFiles/robot_hardware__rosidl_typesupport_introspection_cpp.dir/rosidl_typesupport_introspection_cpp/robot_hardware/msg/detail/hardware_data__type_support.cpp.o[0m
[0.151s] [ 17%] [32mBuilding CXX object CMakeFiles/robot_hardware__rosidl_typesupport_fastrtps_cpp.dir/rosidl_typesupport_fastrtps_cpp/robot_hardware/msg/detail/dds_fastrtps/hardware_data__type_support.cpp.o[0m
[0.164s] [ 19%] [32mBuilding CXX object CMakeFiles/robot_hardware__rosidl_typesupport_introspection_cpp.dir/rosidl_typesupport_introspection_cpp/robot_hardware/msg/detail/issac_hardware_data__type_support.cpp.o[0m
[0.167s] [ 21%] [32mBuilding CXX object CMakeFiles/robot_hardware__rosidl_typesupport_fastrtps_cpp.dir/rosidl_typesupport_fastrtps_cpp/robot_hardware/msg/detail/dds_fastrtps/issac_hardware_data__type_support.cpp.o[0m
[0.242s] [ 24%] [32m[1mLinking C shared library librobot_hardware__rosidl_generator_c.so[0m
[0.328s] [ 26%] Built target robot_hardware__rosidl_generator_c
[0.386s] [ 29%] [32mBuilding CXX object CMakeFiles/robot_hardware__rosidl_typesupport_c.dir/rosidl_typesupport_c/robot_hardware/msg/hardware_data__type_support.cpp.o[0m
[0.388s] [ 31%] [32mBuilding C object CMakeFiles/robot_hardware__rosidl_typesupport_introspection_c.dir/rosidl_typesupport_introspection_c/robot_hardware/msg/detail/issac_hardware_data__type_support.c.o[0m
[0.388s] [ 34%] [32mBuilding C object CMakeFiles/robot_hardware__rosidl_typesupport_introspection_c.dir/rosidl_typesupport_introspection_c/robot_hardware/msg/detail/hardware_data__type_support.c.o[0m
[0.390s] [ 36%] [32mBuilding CXX object CMakeFiles/robot_hardware__rosidl_typesupport_fastrtps_c.dir/rosidl_typesupport_fastrtps_c/robot_hardware/msg/detail/hardware_data__type_support_c.cpp.o[0m
[0.391s] [ 41%] [32mBuilding CXX object CMakeFiles/robot_hardware__rosidl_typesupport_c.dir/rosidl_typesupport_c/robot_hardware/msg/issac_hardware_data__type_support.cpp.o[0m
[0.391s] [ 41%] [32mBuilding CXX object CMakeFiles/robot_hardware__rosidl_typesupport_fastrtps_c.dir/rosidl_typesupport_fastrtps_c/robot_hardware/msg/detail/issac_hardware_data__type_support_c.cpp.o[0m
[0.483s] [ 43%] [32m[1mLinking C shared library librobot_hardware__rosidl_typesupport_introspection_c.so[0m
[0.497s] [ 46%] [32m[1mLinking CXX shared library librobot_hardware__rosidl_typesupport_c.so[0m
[0.577s] [ 48%] Built target robot_hardware__rosidl_typesupport_introspection_c
[0.620s] [ 51%] Built target robot_hardware__rosidl_typesupport_c
[0.720s] [ 53%] [32m[1mLinking CXX shared library librobot_hardware__rosidl_typesupport_cpp.so[0m
[0.732s] running egg_info
[0.736s] writing robot_hardware.egg-info/PKG-INFO
[0.738s] writing dependency_links to robot_hardware.egg-info/dependency_links.txt
[0.739s] writing top-level names to robot_hardware.egg-info/top_level.txt
[0.740s] reading manifest file 'robot_hardware.egg-info/SOURCES.txt'
[0.740s] writing manifest file 'robot_hardware.egg-info/SOURCES.txt'
[0.807s] [ 53%] Built target ament_cmake_python_build_robot_hardware_egg
[0.811s] [ 56%] Built target robot_hardware__rosidl_typesupport_cpp
[0.874s] [ 58%] [32mBuilding CXX object CMakeFiles/hardware_manager.dir/src/hardware_manager.cpp.o[0m
[0.926s] [ 60%] [32m[1mLinking CXX shared library librobot_hardware__rosidl_typesupport_fastrtps_cpp.so[0m
[0.983s] [ 63%] [32m[1mLinking CXX shared library librobot_hardware__rosidl_typesupport_introspection_cpp.so[0m
[1.074s] [ 65%] Built target robot_hardware__rosidl_typesupport_introspection_cpp
[1.125s] [ 68%] [32m[1mLinking CXX shared library librobot_hardware__rosidl_typesupport_fastrtps_c.so[0m
[1.137s] [ 70%] Built target robot_hardware__rosidl_typesupport_fastrtps_cpp
[1.241s] [ 73%] Built target robot_hardware__rosidl_typesupport_fastrtps_c
[1.276s] [ 73%] Built target robot_hardware
[1.299s] [ 75%] Built target robot_hardware__py
[1.328s] [ 78%] [32mBuilding C object CMakeFiles/robot_hardware__rosidl_generator_py.dir/rosidl_generator_py/robot_hardware/msg/_hardware_data_s.c.o[0m
[1.328s] [ 80%] [32mBuilding C object CMakeFiles/robot_hardware__rosidl_generator_py.dir/rosidl_generator_py/robot_hardware/msg/_issac_hardware_data_s.c.o[0m
[1.503s] [ 82%] [32m[1mLinking C shared library rosidl_generator_py/robot_hardware/librobot_hardware__rosidl_generator_py.so[0m
[1.549s] [ 82%] Built target robot_hardware__rosidl_generator_py
[1.584s] [ 85%] [32mBuilding C object CMakeFiles/robot_hardware__rosidl_typesupport_introspection_c__pyext.dir/rosidl_generator_py/robot_hardware/_robot_hardware_s.ep.rosidl_typesupport_introspection_c.c.o[0m
[1.584s] [ 87%] [32mBuilding C object CMakeFiles/robot_hardware__rosidl_typesupport_c__pyext.dir/rosidl_generator_py/robot_hardware/_robot_hardware_s.ep.rosidl_typesupport_c.c.o[0m
[1.599s] [ 90%] [32mBuilding C object CMakeFiles/robot_hardware__rosidl_typesupport_fastrtps_c__pyext.dir/rosidl_generator_py/robot_hardware/_robot_hardware_s.ep.rosidl_typesupport_fastrtps_c.c.o[0m
[1.726s] [ 92%] [32m[1mLinking C shared library rosidl_generator_py/robot_hardware/robot_hardware_s__rosidl_typesupport_fastrtps_c.cpython-310-x86_64-linux-gnu.so[0m
[1.726s] [ 95%] [32m[1mLinking C shared library rosidl_generator_py/robot_hardware/robot_hardware_s__rosidl_typesupport_c.cpython-310-x86_64-linux-gnu.so[0m
[1.787s] [ 97%] [32m[1mLinking C shared library rosidl_generator_py/robot_hardware/robot_hardware_s__rosidl_typesupport_introspection_c.cpython-310-x86_64-linux-gnu.so[0m
[1.788s] [ 97%] Built target robot_hardware__rosidl_typesupport_c__pyext
[1.792s] [ 97%] Built target robot_hardware__rosidl_typesupport_fastrtps_c__pyext
[1.847s] [ 97%] Built target robot_hardware__rosidl_typesupport_introspection_c__pyext
[17.372s] [100%] [32m[1mLinking CXX executable hardware_manager[0m
[18.379s] [100%] Built target hardware_manager
[18.392s] Invoked command in '/home/pyh/Documents/ros2_ws/RobotAD_Issac_ws/build/robot_hardware' returned '0': CMAKE_PREFIX_PATH=/home/pyh/Documents/ros2_ws/RobotAD_Issac_ws/install/usb_camera:/home/pyh/Documents/ros2_ws/RobotAD_Issac_ws/install/serial_comm:/home/pyh/Documents/ros2_ws/RobotAD_Issac_ws/install/rslidar_sdk:/home/pyh/Documents/ros2_ws/RobotAD_Issac_ws/install/rslidar_msg:/home/pyh/Documents/ros2_ws/RobotAD_Issac_ws/install/robot_locate:/home/pyh/Documents/ros2_ws/RobotAD_Issac_ws/install/diff_control:/home/pyh/Documents/ros2_ws/RobotAD_Issac_ws/install/robot_hardware:/home/pyh/Documents/ros2_ws/RobotAD_Issac_ws/install/pointcloud_to_laserscan:/home/pyh/Documents/ros2_ws/RobotAD_Issac_ws/install/nuscenes_data_collector:/opt/ros/humble:/home/pyh/Documents/ros2_ws/RobotAD_Issac_ws/install/message_filter_example:/home/pyh/Documents/ros2_ws/RobotAD_Issac_ws/install/keyboard_control /usr/bin/cmake --build /home/pyh/Documents/ros2_ws/RobotAD_Issac_ws/build/robot_hardware -- -j16 -l16
[18.394s] Invoking command in '/home/pyh/Documents/ros2_ws/RobotAD_Issac_ws/build/robot_hardware': CMAKE_PREFIX_PATH=/home/pyh/Documents/ros2_ws/RobotAD_Issac_ws/install/usb_camera:/home/pyh/Documents/ros2_ws/RobotAD_Issac_ws/install/serial_comm:/home/pyh/Documents/ros2_ws/RobotAD_Issac_ws/install/rslidar_sdk:/home/pyh/Documents/ros2_ws/RobotAD_Issac_ws/install/rslidar_msg:/home/pyh/Documents/ros2_ws/RobotAD_Issac_ws/install/robot_locate:/home/pyh/Documents/ros2_ws/RobotAD_Issac_ws/install/diff_control:/home/pyh/Documents/ros2_ws/RobotAD_Issac_ws/install/robot_hardware:/home/pyh/Documents/ros2_ws/RobotAD_Issac_ws/install/pointcloud_to_laserscan:/home/pyh/Documents/ros2_ws/RobotAD_Issac_ws/install/nuscenes_data_collector:/opt/ros/humble:/home/pyh/Documents/ros2_ws/RobotAD_Issac_ws/install/message_filter_example:/home/pyh/Documents/ros2_ws/RobotAD_Issac_ws/install/keyboard_control /usr/bin/cmake --install /home/pyh/Documents/ros2_ws/RobotAD_Issac_ws/build/robot_hardware
[18.402s] -- Install configuration: ""
[18.402s] -- Execute custom install script
[18.402s] -- Up-to-date symlink: /home/pyh/Documents/ros2_ws/RobotAD_Issac_ws/install/robot_hardware/share/ament_index/resource_index/rosidl_interfaces/robot_hardware
[18.403s] -- Up-to-date symlink: /home/pyh/Documents/ros2_ws/RobotAD_Issac_ws/install/robot_hardware/include/robot_hardware/robot_hardware/msg/detail/hardware_data__functions.h
[18.403s] -- Up-to-date symlink: /home/pyh/Documents/ros2_ws/RobotAD_Issac_ws/install/robot_hardware/include/robot_hardware/robot_hardware/msg/detail/hardware_data__struct.h
[18.403s] -- Up-to-date symlink: /home/pyh/Documents/ros2_ws/RobotAD_Issac_ws/install/robot_hardware/include/robot_hardware/robot_hardware/msg/detail/hardware_data__type_support.h
[18.403s] -- Up-to-date symlink: /home/pyh/Documents/ros2_ws/RobotAD_Issac_ws/install/robot_hardware/include/robot_hardware/robot_hardware/msg/detail/issac_hardware_data__functions.h
[18.403s] -- Up-to-date symlink: /home/pyh/Documents/ros2_ws/RobotAD_Issac_ws/install/robot_hardware/include/robot_hardware/robot_hardware/msg/detail/issac_hardware_data__struct.h
[18.403s] -- Up-to-date symlink: /home/pyh/Documents/ros2_ws/RobotAD_Issac_ws/install/robot_hardware/include/robot_hardware/robot_hardware/msg/detail/issac_hardware_data__type_support.h
[18.403s] -- Up-to-date symlink: /home/pyh/Documents/ros2_ws/RobotAD_Issac_ws/install/robot_hardware/include/robot_hardware/robot_hardware/msg/hardware_data.h
[18.403s] -- Up-to-date symlink: /home/pyh/Documents/ros2_ws/RobotAD_Issac_ws/install/robot_hardware/include/robot_hardware/robot_hardware/msg/issac_hardware_data.h
[18.404s] -- Up-to-date symlink: /home/pyh/Documents/ros2_ws/RobotAD_Issac_ws/install/robot_hardware/include/robot_hardware/robot_hardware/msg/rosidl_generator_c__visibility_control.h
[18.404s] -- Up-to-date symlink: /home/pyh/Documents/ros2_ws/RobotAD_Issac_ws/install/robot_hardware/share/robot_hardware/environment/library_path.sh
[18.404s] -- Up-to-date symlink: /home/pyh/Documents/ros2_ws/RobotAD_Issac_ws/install/robot_hardware/share/robot_hardware/environment/library_path.dsv
[18.405s] -- Up-to-date symlink: /home/pyh/Documents/ros2_ws/RobotAD_Issac_ws/install/robot_hardware/include/robot_hardware/robot_hardware/msg/detail/hardware_data__rosidl_typesupport_fastrtps_c.h
[18.405s] -- Up-to-date symlink: /home/pyh/Documents/ros2_ws/RobotAD_Issac_ws/install/robot_hardware/include/robot_hardware/robot_hardware/msg/detail/issac_hardware_data__rosidl_typesupport_fastrtps_c.h
[18.405s] -- Up-to-date symlink: /home/pyh/Documents/ros2_ws/RobotAD_Issac_ws/install/robot_hardware/include/robot_hardware/robot_hardware/msg/rosidl_typesupport_fastrtps_c__visibility_control.h
[18.406s] -- Up-to-date symlink: /home/pyh/Documents/ros2_ws/RobotAD_Issac_ws/install/robot_hardware/include/robot_hardware/robot_hardware/msg/detail/hardware_data__builder.hpp
[18.406s] -- Up-to-date symlink: /home/pyh/Documents/ros2_ws/RobotAD_Issac_ws/install/robot_hardware/include/robot_hardware/robot_hardware/msg/detail/hardware_data__struct.hpp
[18.406s] -- Up-to-date symlink: /home/pyh/Documents/ros2_ws/RobotAD_Issac_ws/install/robot_hardware/include/robot_hardware/robot_hardware/msg/detail/hardware_data__traits.hpp
[18.406s] -- Up-to-date symlink: /home/pyh/Documents/ros2_ws/RobotAD_Issac_ws/install/robot_hardware/include/robot_hardware/robot_hardware/msg/detail/hardware_data__type_support.hpp
[18.406s] -- Up-to-date symlink: /home/pyh/Documents/ros2_ws/RobotAD_Issac_ws/install/robot_hardware/include/robot_hardware/robot_hardware/msg/detail/issac_hardware_data__builder.hpp
[18.406s] -- Up-to-date symlink: /home/pyh/Documents/ros2_ws/RobotAD_Issac_ws/install/robot_hardware/include/robot_hardware/robot_hardware/msg/detail/issac_hardware_data__struct.hpp
[18.406s] -- Up-to-date symlink: /home/pyh/Documents/ros2_ws/RobotAD_Issac_ws/install/robot_hardware/include/robot_hardware/robot_hardware/msg/detail/issac_hardware_data__traits.hpp
[18.406s] -- Up-to-date symlink: /home/pyh/Documents/ros2_ws/RobotAD_Issac_ws/install/robot_hardware/include/robot_hardware/robot_hardware/msg/detail/issac_hardware_data__type_support.hpp
[18.406s] -- Up-to-date symlink: /home/pyh/Documents/ros2_ws/RobotAD_Issac_ws/install/robot_hardware/include/robot_hardware/robot_hardware/msg/hardware_data.hpp
[18.407s] -- Up-to-date symlink: /home/pyh/Documents/ros2_ws/RobotAD_Issac_ws/install/robot_hardware/include/robot_hardware/robot_hardware/msg/issac_hardware_data.hpp
[18.407s] -- Up-to-date symlink: /home/pyh/Documents/ros2_ws/RobotAD_Issac_ws/install/robot_hardware/include/robot_hardware/robot_hardware/msg/rosidl_generator_cpp__visibility_control.hpp
[18.407s] -- Up-to-date symlink: /home/pyh/Documents/ros2_ws/RobotAD_Issac_ws/install/robot_hardware/include/robot_hardware/robot_hardware/msg/detail/hardware_data__rosidl_typesupport_fastrtps_cpp.hpp
[18.407s] -- Up-to-date symlink: /home/pyh/Documents/ros2_ws/RobotAD_Issac_ws/install/robot_hardware/include/robot_hardware/robot_hardware/msg/detail/issac_hardware_data__rosidl_typesupport_fastrtps_cpp.hpp
[18.407s] -- Up-to-date symlink: /home/pyh/Documents/ros2_ws/RobotAD_Issac_ws/install/robot_hardware/include/robot_hardware/robot_hardware/msg/rosidl_typesupport_fastrtps_cpp__visibility_control.h
[18.408s] -- Up-to-date symlink: /home/pyh/Documents/ros2_ws/RobotAD_Issac_ws/install/robot_hardware/include/robot_hardware/robot_hardware/msg/detail/hardware_data__rosidl_typesupport_introspection_c.h
[18.408s] -- Up-to-date symlink: /home/pyh/Documents/ros2_ws/RobotAD_Issac_ws/install/robot_hardware/include/robot_hardware/robot_hardware/msg/detail/issac_hardware_data__rosidl_typesupport_introspection_c.h
[18.408s] -- Up-to-date symlink: /home/pyh/Documents/ros2_ws/RobotAD_Issac_ws/install/robot_hardware/include/robot_hardware/robot_hardware/msg/rosidl_typesupport_introspection_c__visibility_control.h
[18.408s] -- Up-to-date symlink: /home/pyh/Documents/ros2_ws/RobotAD_Issac_ws/install/robot_hardware/include/robot_hardware/robot_hardware/msg/detail/hardware_data__rosidl_typesupport_introspection_cpp.hpp
[18.408s] -- Up-to-date symlink: /home/pyh/Documents/ros2_ws/RobotAD_Issac_ws/install/robot_hardware/include/robot_hardware/robot_hardware/msg/detail/issac_hardware_data__rosidl_typesupport_introspection_cpp.hpp
[18.409s] -- Up-to-date symlink: /home/pyh/Documents/ros2_ws/RobotAD_Issac_ws/install/robot_hardware/share/robot_hardware/environment/pythonpath.sh
[18.409s] -- Up-to-date symlink: /home/pyh/Documents/ros2_ws/RobotAD_Issac_ws/install/robot_hardware/share/robot_hardware/environment/pythonpath.dsv
[18.409s] -- Up-to-date symlink: /home/pyh/Documents/ros2_ws/RobotAD_Issac_ws/install/robot_hardware/local/lib/python3.10/dist-packages/robot_hardware-0.0.1-py3.10.egg-info/PKG-INFO
[18.409s] -- Up-to-date symlink: /home/pyh/Documents/ros2_ws/RobotAD_Issac_ws/install/robot_hardware/local/lib/python3.10/dist-packages/robot_hardware-0.0.1-py3.10.egg-info/SOURCES.txt
[18.410s] -- Up-to-date symlink: /home/pyh/Documents/ros2_ws/RobotAD_Issac_ws/install/robot_hardware/local/lib/python3.10/dist-packages/robot_hardware-0.0.1-py3.10.egg-info/dependency_links.txt
[18.410s] -- Up-to-date symlink: /home/pyh/Documents/ros2_ws/RobotAD_Issac_ws/install/robot_hardware/local/lib/python3.10/dist-packages/robot_hardware-0.0.1-py3.10.egg-info/top_level.txt
[18.410s] -- Up-to-date symlink: /home/pyh/Documents/ros2_ws/RobotAD_Issac_ws/install/robot_hardware/local/lib/python3.10/dist-packages/robot_hardware/__init__.py
[18.411s] -- Up-to-date symlink: /home/pyh/Documents/ros2_ws/RobotAD_Issac_ws/install/robot_hardware/local/lib/python3.10/dist-packages/robot_hardware/_robot_hardware_s.ep.rosidl_typesupport_c.c
[18.411s] -- Up-to-date symlink: /home/pyh/Documents/ros2_ws/RobotAD_Issac_ws/install/robot_hardware/local/lib/python3.10/dist-packages/robot_hardware/_robot_hardware_s.ep.rosidl_typesupport_fastrtps_c.c
[18.411s] -- Up-to-date symlink: /home/pyh/Documents/ros2_ws/RobotAD_Issac_ws/install/robot_hardware/local/lib/python3.10/dist-packages/robot_hardware/_robot_hardware_s.ep.rosidl_typesupport_introspection_c.c
[18.411s] -- Up-to-date symlink: /home/pyh/Documents/ros2_ws/RobotAD_Issac_ws/install/robot_hardware/local/lib/python3.10/dist-packages/robot_hardware/librobot_hardware__rosidl_generator_py.so
[18.411s] -- Up-to-date symlink: /home/pyh/Documents/ros2_ws/RobotAD_Issac_ws/install/robot_hardware/local/lib/python3.10/dist-packages/robot_hardware/msg/__init__.py
[18.411s] -- Up-to-date symlink: /home/pyh/Documents/ros2_ws/RobotAD_Issac_ws/install/robot_hardware/local/lib/python3.10/dist-packages/robot_hardware/msg/_hardware_data.py
[18.411s] -- Up-to-date symlink: /home/pyh/Documents/ros2_ws/RobotAD_Issac_ws/install/robot_hardware/local/lib/python3.10/dist-packages/robot_hardware/msg/_hardware_data_s.c
[18.411s] -- Up-to-date symlink: /home/pyh/Documents/ros2_ws/RobotAD_Issac_ws/install/robot_hardware/local/lib/python3.10/dist-packages/robot_hardware/msg/_issac_hardware_data.py
[18.411s] -- Up-to-date symlink: /home/pyh/Documents/ros2_ws/RobotAD_Issac_ws/install/robot_hardware/local/lib/python3.10/dist-packages/robot_hardware/msg/_issac_hardware_data_s.c
[18.412s] -- Up-to-date symlink: /home/pyh/Documents/ros2_ws/RobotAD_Issac_ws/install/robot_hardware/local/lib/python3.10/dist-packages/robot_hardware/robot_hardware_s__rosidl_typesupport_c.cpython-310-x86_64-linux-gnu.so
[18.412s] -- Up-to-date symlink: /home/pyh/Documents/ros2_ws/RobotAD_Issac_ws/install/robot_hardware/local/lib/python3.10/dist-packages/robot_hardware/robot_hardware_s__rosidl_typesupport_fastrtps_c.cpython-310-x86_64-linux-gnu.so
[18.412s] -- Up-to-date symlink: /home/pyh/Documents/ros2_ws/RobotAD_Issac_ws/install/robot_hardware/local/lib/python3.10/dist-packages/robot_hardware/robot_hardware_s__rosidl_typesupport_introspection_c.cpython-310-x86_64-linux-gnu.so
[18.412s] -- Up-to-date symlink: /home/pyh/Documents/ros2_ws/RobotAD_Issac_ws/install/robot_hardware/local/lib/python3.10/dist-packages/robot_hardware/robot_hardware_s__rosidl_typesupport_fastrtps_c.cpython-310-x86_64-linux-gnu.so
[18.412s] -- Up-to-date symlink: /home/pyh/Documents/ros2_ws/RobotAD_Issac_ws/install/robot_hardware/local/lib/python3.10/dist-packages/robot_hardware/robot_hardware_s__rosidl_typesupport_introspection_c.cpython-310-x86_64-linux-gnu.so
[18.416s] -- Up-to-date symlink: /home/pyh/Documents/ros2_ws/RobotAD_Issac_ws/install/robot_hardware/local/lib/python3.10/dist-packages/robot_hardware/robot_hardware_s__rosidl_typesupport_c.cpython-310-x86_64-linux-gnu.so
[18.416s] -- Up-to-date symlink: /home/pyh/Documents/ros2_ws/RobotAD_Issac_ws/install/robot_hardware/share/robot_hardware/msg/HardwareData.idl
[18.416s] -- Up-to-date symlink: /home/pyh/Documents/ros2_ws/RobotAD_Issac_ws/install/robot_hardware/share/robot_hardware/msg/IssacHardwareData.idl
[18.416s] -- Up-to-date symlink: /home/pyh/Documents/ros2_ws/RobotAD_Issac_ws/install/robot_hardware/share/robot_hardware/msg/HardwareData.msg
[18.416s] -- Up-to-date symlink: /home/pyh/Documents/ros2_ws/RobotAD_Issac_ws/install/robot_hardware/share/robot_hardware/msg/IssacHardwareData.msg
[18.416s] -- Up-to-date symlink: /home/pyh/Documents/ros2_ws/RobotAD_Issac_ws/install/robot_hardware/lib/robot_hardware/hardware_manager
[18.416s] -- Up-to-date symlink: /home/pyh/Documents/ros2_ws/RobotAD_Issac_ws/install/robot_hardware/include/hardware_bridge_interface.hpp
[18.416s] -- Up-to-date symlink: /home/pyh/Documents/ros2_ws/RobotAD_Issac_ws/install/robot_hardware/include/hardware_manager.hpp
[18.416s] -- Up-to-date symlink: /home/pyh/Documents/ros2_ws/RobotAD_Issac_ws/install/robot_hardware/include/wheel.hpp
[18.417s] -- Up-to-date symlink: /home/pyh/Documents/ros2_ws/RobotAD_Issac_ws/install/robot_hardware/share/robot_hardware/msg/msg/HardwareData.msg
[18.417s] -- Up-to-date symlink: /home/pyh/Documents/ros2_ws/RobotAD_Issac_ws/install/robot_hardware/share/robot_hardware/msg/msg/IssacHardwareData.msg
[18.417s] -- Up-to-date symlink: /home/pyh/Documents/ros2_ws/RobotAD_Issac_ws/install/robot_hardware/share/ament_index/resource_index/package_run_dependencies/robot_hardware
[18.417s] -- Up-to-date symlink: /home/pyh/Documents/ros2_ws/RobotAD_Issac_ws/install/robot_hardware/share/ament_index/resource_index/parent_prefix_path/robot_hardware
[18.417s] -- Up-to-date symlink: /home/pyh/Documents/ros2_ws/RobotAD_Issac_ws/install/robot_hardware/share/robot_hardware/environment/ament_prefix_path.sh
[18.417s] -- Up-to-date symlink: /home/pyh/Documents/ros2_ws/RobotAD_Issac_ws/install/robot_hardware/share/robot_hardware/environment/ament_prefix_path.dsv
[18.417s] -- Up-to-date symlink: /home/pyh/Documents/ros2_ws/RobotAD_Issac_ws/install/robot_hardware/share/robot_hardware/environment/path.sh
[18.417s] -- Up-to-date symlink: /home/pyh/Documents/ros2_ws/RobotAD_Issac_ws/install/robot_hardware/share/robot_hardware/environment/path.dsv
[18.417s] -- Up-to-date symlink: /home/pyh/Documents/ros2_ws/RobotAD_Issac_ws/install/robot_hardware/share/robot_hardware/local_setup.bash
[18.417s] -- Up-to-date symlink: /home/pyh/Documents/ros2_ws/RobotAD_Issac_ws/install/robot_hardware/share/robot_hardware/local_setup.sh
[18.417s] -- Up-to-date symlink: /home/pyh/Documents/ros2_ws/RobotAD_Issac_ws/install/robot_hardware/share/robot_hardware/local_setup.zsh
[18.417s] -- Up-to-date symlink: /home/pyh/Documents/ros2_ws/RobotAD_Issac_ws/install/robot_hardware/share/robot_hardware/local_setup.dsv
[18.417s] -- Symlinking: /home/pyh/Documents/ros2_ws/RobotAD_Issac_ws/install/robot_hardware/share/robot_hardware/package.dsv
[18.425s] -- Up-to-date symlink: /home/pyh/Documents/ros2_ws/RobotAD_Issac_ws/install/robot_hardware/share/ament_index/resource_index/packages/robot_hardware
[18.425s] -- Up-to-date symlink: /home/pyh/Documents/ros2_ws/RobotAD_Issac_ws/install/robot_hardware/share/robot_hardware/cmake/rosidl_cmake-extras.cmake
[18.425s] -- Up-to-date symlink: /home/pyh/Documents/ros2_ws/RobotAD_Issac_ws/install/robot_hardware/share/robot_hardware/cmake/ament_cmake_export_dependencies-extras.cmake
[18.425s] -- Up-to-date symlink: /home/pyh/Documents/ros2_ws/RobotAD_Issac_ws/install/robot_hardware/share/robot_hardware/cmake/ament_cmake_export_include_directories-extras.cmake
[18.425s] -- Up-to-date symlink: /home/pyh/Documents/ros2_ws/RobotAD_Issac_ws/install/robot_hardware/share/robot_hardware/cmake/ament_cmake_export_libraries-extras.cmake
[18.425s] -- Up-to-date symlink: /home/pyh/Documents/ros2_ws/RobotAD_Issac_ws/install/robot_hardware/share/robot_hardware/cmake/ament_cmake_export_targets-extras.cmake
[18.425s] -- Up-to-date symlink: /home/pyh/Documents/ros2_ws/RobotAD_Issac_ws/install/robot_hardware/share/robot_hardware/cmake/rosidl_cmake_export_typesupport_targets-extras.cmake
[18.425s] -- Up-to-date symlink: /home/pyh/Documents/ros2_ws/RobotAD_Issac_ws/install/robot_hardware/share/robot_hardware/cmake/rosidl_cmake_export_typesupport_libraries-extras.cmake
[18.426s] -- Up-to-date symlink: /home/pyh/Documents/ros2_ws/RobotAD_Issac_ws/install/robot_hardware/share/robot_hardware/cmake/robot_hardwareConfig.cmake
[18.426s] -- Up-to-date symlink: /home/pyh/Documents/ros2_ws/RobotAD_Issac_ws/install/robot_hardware/share/robot_hardware/cmake/robot_hardwareConfig-version.cmake
[18.426s] -- Up-to-date symlink: /home/pyh/Documents/ros2_ws/RobotAD_Issac_ws/install/robot_hardware/share/robot_hardware/package.xml
[18.426s] -- Installing: /home/pyh/Documents/ros2_ws/RobotAD_Issac_ws/install/robot_hardware/lib/librobot_hardware__rosidl_generator_c.so
[18.426s] -- Set runtime path of "/home/pyh/Documents/ros2_ws/RobotAD_Issac_ws/install/robot_hardware/lib/librobot_hardware__rosidl_generator_c.so" to ""
[18.427s] -- Installing: /home/pyh/Documents/ros2_ws/RobotAD_Issac_ws/install/robot_hardware/lib/librobot_hardware__rosidl_typesupport_fastrtps_c.so
[18.427s] -- Set runtime path of "/home/pyh/Documents/ros2_ws/RobotAD_Issac_ws/install/robot_hardware/lib/librobot_hardware__rosidl_typesupport_fastrtps_c.so" to ""
[18.427s] -- Installing: /home/pyh/Documents/ros2_ws/RobotAD_Issac_ws/install/robot_hardware/lib/librobot_hardware__rosidl_typesupport_fastrtps_cpp.so
[18.427s] -- Set runtime path of "/home/pyh/Documents/ros2_ws/RobotAD_Issac_ws/install/robot_hardware/lib/librobot_hardware__rosidl_typesupport_fastrtps_cpp.so" to ""
[18.428s] -- Installing: /home/pyh/Documents/ros2_ws/RobotAD_Issac_ws/install/robot_hardware/lib/librobot_hardware__rosidl_typesupport_introspection_c.so
[18.428s] -- Set runtime path of "/home/pyh/Documents/ros2_ws/RobotAD_Issac_ws/install/robot_hardware/lib/librobot_hardware__rosidl_typesupport_introspection_c.so" to ""
[18.428s] -- Installing: /home/pyh/Documents/ros2_ws/RobotAD_Issac_ws/install/robot_hardware/lib/librobot_hardware__rosidl_typesupport_c.so
[18.428s] -- Set runtime path of "/home/pyh/Documents/ros2_ws/RobotAD_Issac_ws/install/robot_hardware/lib/librobot_hardware__rosidl_typesupport_c.so" to ""
[18.428s] -- Installing: /home/pyh/Documents/ros2_ws/RobotAD_Issac_ws/install/robot_hardware/lib/librobot_hardware__rosidl_typesupport_introspection_cpp.so
[18.429s] -- Set runtime path of "/home/pyh/Documents/ros2_ws/RobotAD_Issac_ws/install/robot_hardware/lib/librobot_hardware__rosidl_typesupport_introspection_cpp.so" to ""
[18.429s] -- Installing: /home/pyh/Documents/ros2_ws/RobotAD_Issac_ws/install/robot_hardware/lib/librobot_hardware__rosidl_typesupport_cpp.so
[18.429s] -- Set runtime path of "/home/pyh/Documents/ros2_ws/RobotAD_Issac_ws/install/robot_hardware/lib/librobot_hardware__rosidl_typesupport_cpp.so" to ""
[18.466s] Listing '/home/pyh/Documents/ros2_ws/RobotAD_Issac_ws/install/robot_hardware/local/lib/python3.10/dist-packages/robot_hardware'...
[18.466s] Listing '/home/pyh/Documents/ros2_ws/RobotAD_Issac_ws/install/robot_hardware/local/lib/python3.10/dist-packages/robot_hardware/msg'...
[18.472s] -- Installing: /home/pyh/Documents/ros2_ws/RobotAD_Issac_ws/install/robot_hardware/lib/librobot_hardware__rosidl_generator_py.so
[18.472s] -- Set runtime path of "/home/pyh/Documents/ros2_ws/RobotAD_Issac_ws/install/robot_hardware/lib/librobot_hardware__rosidl_generator_py.so" to ""
[18.472s] -- Up-to-date: /home/pyh/Documents/ros2_ws/RobotAD_Issac_ws/install/robot_hardware/share/robot_hardware/cmake/export_robot_hardware__rosidl_generator_cExport.cmake
[18.472s] -- Up-to-date: /home/pyh/Documents/ros2_ws/RobotAD_Issac_ws/install/robot_hardware/share/robot_hardware/cmake/export_robot_hardware__rosidl_generator_cExport-noconfig.cmake
[18.472s] -- Up-to-date: /home/pyh/Documents/ros2_ws/RobotAD_Issac_ws/install/robot_hardware/share/robot_hardware/cmake/export_robot_hardware__rosidl_typesupport_fastrtps_cExport.cmake
[18.473s] -- Up-to-date: /home/pyh/Documents/ros2_ws/RobotAD_Issac_ws/install/robot_hardware/share/robot_hardware/cmake/export_robot_hardware__rosidl_typesupport_fastrtps_cExport-noconfig.cmake
[18.473s] -- Up-to-date: /home/pyh/Documents/ros2_ws/RobotAD_Issac_ws/install/robot_hardware/share/robot_hardware/cmake/export_robot_hardware__rosidl_generator_cppExport.cmake
[18.473s] -- Up-to-date: /home/pyh/Documents/ros2_ws/RobotAD_Issac_ws/install/robot_hardware/share/robot_hardware/cmake/export_robot_hardware__rosidl_typesupport_fastrtps_cppExport.cmake
[18.473s] -- Up-to-date: /home/pyh/Documents/ros2_ws/RobotAD_Issac_ws/install/robot_hardware/share/robot_hardware/cmake/export_robot_hardware__rosidl_typesupport_fastrtps_cppExport-noconfig.cmake
[18.473s] -- Up-to-date: /home/pyh/Documents/ros2_ws/RobotAD_Issac_ws/install/robot_hardware/share/robot_hardware/cmake/robot_hardware__rosidl_typesupport_introspection_cExport.cmake
[18.473s] -- Up-to-date: /home/pyh/Documents/ros2_ws/RobotAD_Issac_ws/install/robot_hardware/share/robot_hardware/cmake/robot_hardware__rosidl_typesupport_introspection_cExport-noconfig.cmake
[18.473s] -- Up-to-date: /home/pyh/Documents/ros2_ws/RobotAD_Issac_ws/install/robot_hardware/share/robot_hardware/cmake/robot_hardware__rosidl_typesupport_cExport.cmake
[18.473s] -- Up-to-date: /home/pyh/Documents/ros2_ws/RobotAD_Issac_ws/install/robot_hardware/share/robot_hardware/cmake/robot_hardware__rosidl_typesupport_cExport-noconfig.cmake
[18.473s] -- Up-to-date: /home/pyh/Documents/ros2_ws/RobotAD_Issac_ws/install/robot_hardware/share/robot_hardware/cmake/robot_hardware__rosidl_typesupport_introspection_cppExport.cmake
[18.473s] -- Up-to-date: /home/pyh/Documents/ros2_ws/RobotAD_Issac_ws/install/robot_hardware/share/robot_hardware/cmake/robot_hardware__rosidl_typesupport_introspection_cppExport-noconfig.cmake
[18.473s] -- Up-to-date: /home/pyh/Documents/ros2_ws/RobotAD_Issac_ws/install/robot_hardware/share/robot_hardware/cmake/robot_hardware__rosidl_typesupport_cppExport.cmake
[18.473s] -- Up-to-date: /home/pyh/Documents/ros2_ws/RobotAD_Issac_ws/install/robot_hardware/share/robot_hardware/cmake/robot_hardware__rosidl_typesupport_cppExport-noconfig.cmake
[18.474s] -- Up-to-date: /home/pyh/Documents/ros2_ws/RobotAD_Issac_ws/install/robot_hardware/share/robot_hardware/cmake/export_robot_hardware__rosidl_generator_pyExport.cmake
[18.474s] -- Up-to-date: /home/pyh/Documents/ros2_ws/RobotAD_Issac_ws/install/robot_hardware/share/robot_hardware/cmake/export_robot_hardware__rosidl_generator_pyExport-noconfig.cmake
[18.476s] Invoked command in '/home/pyh/Documents/ros2_ws/RobotAD_Issac_ws/build/robot_hardware' returned '0': CMAKE_PREFIX_PATH=/home/pyh/Documents/ros2_ws/RobotAD_Issac_ws/install/usb_camera:/home/pyh/Documents/ros2_ws/RobotAD_Issac_ws/install/serial_comm:/home/pyh/Documents/ros2_ws/RobotAD_Issac_ws/install/rslidar_sdk:/home/pyh/Documents/ros2_ws/RobotAD_Issac_ws/install/rslidar_msg:/home/pyh/Documents/ros2_ws/RobotAD_Issac_ws/install/robot_locate:/home/pyh/Documents/ros2_ws/RobotAD_Issac_ws/install/diff_control:/home/pyh/Documents/ros2_ws/RobotAD_Issac_ws/install/robot_hardware:/home/pyh/Documents/ros2_ws/RobotAD_Issac_ws/install/pointcloud_to_laserscan:/home/pyh/Documents/ros2_ws/RobotAD_Issac_ws/install/nuscenes_data_collector:/opt/ros/humble:/home/pyh/Documents/ros2_ws/RobotAD_Issac_ws/install/message_filter_example:/home/pyh/Documents/ros2_ws/RobotAD_Issac_ws/install/keyboard_control /usr/bin/cmake --install /home/pyh/Documents/ros2_ws/RobotAD_Issac_ws/build/robot_hardware
