[0.076s] Invoking command in '/home/pyh/Documents/ros2_ws/RobotAD_Issac_ws/build/diff_control': CMAKE_PREFIX_PATH=/home/pyh/Documents/ros2_ws/RobotAD_Issac_ws/install/robot_hardware:/home/pyh/Documents/ros2_ws/RobotAD_Issac_ws/install/usb_camera:/home/pyh/Documents/ros2_ws/RobotAD_Issac_ws/install/serial_comm:/home/pyh/Documents/ros2_ws/RobotAD_Issac_ws/install/robot_locate:/home/pyh/Documents/ros2_ws/RobotAD_Issac_ws/install/diff_control:/home/pyh/Documents/ros2_ws/RobotAD_Issac_ws/install/pointcloud_to_laserscan:/home/pyh/Documents/ros2_ws/RobotAD_Issac_ws/install/nuscenes_data_collector:/opt/ros/humble:/home/pyh/Documents/ros2_ws/RobotAD_Issac_ws/install/message_filter_example:/home/pyh/Documents/ros2_ws/RobotAD_Issac_ws/install/keyboard_control LD_LIBRARY_PATH=/home/pyh/Documents/ros2_ws/RobotAD_Issac_ws/install/robot_hardware/lib:/home/pyh/Documents/ros2_ws/RobotAD_Issac_ws/install/diff_control/lib:/home/pyh/Documents/ros2_ws/RobotAD_Issac_ws/install/pointcloud_to_laserscan/lib:/usr/lib/x86_64-linux-gnu/gazebo-11/plugins:/opt/ros/humble/opt/rviz_ogre_vendor/lib:/opt/ros/humble/lib/x86_64-linux-gnu:/opt/ros/humble/lib /usr/bin/cmake /home/pyh/Documents/ros2_ws/RobotAD_Issac_ws/src/diff_control -DAMENT_CMAKE_SYMLINK_INSTALL=1 -DCMAKE_INSTALL_PREFIX=/home/pyh/Documents/ros2_ws/RobotAD_Issac_ws/install/diff_control
[0.413s] -- The CXX compiler identification is GNU 11.4.0
[0.449s] -- Detecting CXX compiler ABI info
[0.788s] -- Detecting CXX compiler ABI info - done
[0.844s] -- Check for working CXX compiler: /usr/bin/c++ - skipped
[0.846s] -- Detecting CXX compile features
[0.848s] -- Detecting CXX compile features - done
[0.863s] -- Found ament_cmake: 1.3.11 (/opt/ros/humble/share/ament_cmake/cmake)
[1.594s] -- Found Python3: /usr/bin/python3 (found version "3.10.12") found components: Interpreter 
[1.865s] -- Override CMake install command with custom implementation using symlinks instead of copying resources
[2.036s] -- Found hardware_interface: 2.46.0 (/opt/ros/humble/share/hardware_interface/cmake)
[2.228s] -- Found rosidl_generator_c: 3.1.6 (/opt/ros/humble/share/rosidl_generator_c/cmake)
[2.249s] -- Found rosidl_adapter: 3.1.6 (/opt/ros/humble/share/rosidl_adapter/cmake)
[2.286s] -- Found rosidl_generator_cpp: 3.1.6 (/opt/ros/humble/share/rosidl_generator_cpp/cmake)
[2.341s] -- Using all available rosidl_typesupport_c: rosidl_typesupport_fastrtps_c;rosidl_typesupport_introspection_c
[2.418s] -- Using all available rosidl_typesupport_cpp: rosidl_typesupport_fastrtps_cpp;rosidl_typesupport_introspection_cpp
[3.357s] -- Found rmw_implementation_cmake: 6.1.2 (/opt/ros/humble/share/rmw_implementation_cmake/cmake)
[3.374s] -- Found rmw_fastrtps_cpp: 6.2.7 (/opt/ros/humble/share/rmw_fastrtps_cpp/cmake)
[3.490s] -- Found TinyXML2 via Config file: TinyXML2_DIR-NOTFOUND
[3.706s] -- Found OpenSSL: /usr/lib/x86_64-linux-gnu/libcrypto.so (found version "3.0.2")  
[3.716s] -- Found TinyXML2 via Config file: TinyXML2_DIR-NOTFOUND
[3.781s] -- Found FastRTPS: /opt/ros/humble/include  
[3.792s] -- Found TinyXML2 via Config file: TinyXML2_DIR-NOTFOUND
[3.830s] -- Found TinyXML2 via Config file: TinyXML2_DIR-NOTFOUND
[3.880s] -- Using RMW implementation 'rmw_fastrtps_cpp' as default
[3.943s] -- Looking for C++ include pthread.h
[4.389s] -- Looking for C++ include pthread.h - found
[4.390s] -- Performing Test CMAKE_HAVE_LIBC_PTHREAD
[4.894s] -- Performing Test CMAKE_HAVE_LIBC_PTHREAD - Success
[4.896s] -- Found Threads: TRUE  
[5.203s] -- Found rclcpp_components: 16.0.11 (/opt/ros/humble/share/rclcpp_components/cmake)
[5.315s] -- Found robot_hardware: 0.0.1 (/home/pyh/Documents/ros2_ws/RobotAD_Issac_ws/install/robot_hardware/share/robot_hardware/cmake)
[5.439s] -- Found ament_cmake_pytest: 1.3.11 (/opt/ros/humble/share/ament_cmake_pytest/cmake)
[9.777s] -- Configuring done
[9.929s] -- Generating done
[9.966s] -- Build files have been written to: /home/pyh/Documents/ros2_ws/RobotAD_Issac_ws/build/diff_control
[10.010s] Invoked command in '/home/pyh/Documents/ros2_ws/RobotAD_Issac_ws/build/diff_control' returned '0': CMAKE_PREFIX_PATH=/home/pyh/Documents/ros2_ws/RobotAD_Issac_ws/install/robot_hardware:/home/pyh/Documents/ros2_ws/RobotAD_Issac_ws/install/usb_camera:/home/pyh/Documents/ros2_ws/RobotAD_Issac_ws/install/serial_comm:/home/pyh/Documents/ros2_ws/RobotAD_Issac_ws/install/robot_locate:/home/pyh/Documents/ros2_ws/RobotAD_Issac_ws/install/diff_control:/home/pyh/Documents/ros2_ws/RobotAD_Issac_ws/install/pointcloud_to_laserscan:/home/pyh/Documents/ros2_ws/RobotAD_Issac_ws/install/nuscenes_data_collector:/opt/ros/humble:/home/pyh/Documents/ros2_ws/RobotAD_Issac_ws/install/message_filter_example:/home/pyh/Documents/ros2_ws/RobotAD_Issac_ws/install/keyboard_control LD_LIBRARY_PATH=/home/pyh/Documents/ros2_ws/RobotAD_Issac_ws/install/robot_hardware/lib:/home/pyh/Documents/ros2_ws/RobotAD_Issac_ws/install/diff_control/lib:/home/pyh/Documents/ros2_ws/RobotAD_Issac_ws/install/pointcloud_to_laserscan/lib:/usr/lib/x86_64-linux-gnu/gazebo-11/plugins:/opt/ros/humble/opt/rviz_ogre_vendor/lib:/opt/ros/humble/lib/x86_64-linux-gnu:/opt/ros/humble/lib /usr/bin/cmake /home/pyh/Documents/ros2_ws/RobotAD_Issac_ws/src/diff_control -DAMENT_CMAKE_SYMLINK_INSTALL=1 -DCMAKE_INSTALL_PREFIX=/home/pyh/Documents/ros2_ws/RobotAD_Issac_ws/install/diff_control
[10.018s] Invoking command in '/home/pyh/Documents/ros2_ws/RobotAD_Issac_ws/build/diff_control': CMAKE_PREFIX_PATH=/home/pyh/Documents/ros2_ws/RobotAD_Issac_ws/install/robot_hardware:/home/pyh/Documents/ros2_ws/RobotAD_Issac_ws/install/usb_camera:/home/pyh/Documents/ros2_ws/RobotAD_Issac_ws/install/serial_comm:/home/pyh/Documents/ros2_ws/RobotAD_Issac_ws/install/robot_locate:/home/pyh/Documents/ros2_ws/RobotAD_Issac_ws/install/diff_control:/home/pyh/Documents/ros2_ws/RobotAD_Issac_ws/install/pointcloud_to_laserscan:/home/pyh/Documents/ros2_ws/RobotAD_Issac_ws/install/nuscenes_data_collector:/opt/ros/humble:/home/pyh/Documents/ros2_ws/RobotAD_Issac_ws/install/message_filter_example:/home/pyh/Documents/ros2_ws/RobotAD_Issac_ws/install/keyboard_control LD_LIBRARY_PATH=/home/pyh/Documents/ros2_ws/RobotAD_Issac_ws/install/robot_hardware/lib:/home/pyh/Documents/ros2_ws/RobotAD_Issac_ws/install/diff_control/lib:/home/pyh/Documents/ros2_ws/RobotAD_Issac_ws/install/pointcloud_to_laserscan/lib:/usr/lib/x86_64-linux-gnu/gazebo-11/plugins:/opt/ros/humble/opt/rviz_ogre_vendor/lib:/opt/ros/humble/lib/x86_64-linux-gnu:/opt/ros/humble/lib /usr/bin/cmake --build /home/pyh/Documents/ros2_ws/RobotAD_Issac_ws/build/diff_control -- -j16 -l16
[10.275s] [ 50%] [32mBuilding CXX object CMakeFiles/diff_control.dir/hardware/diffbot_system.cpp.o[0m
[49.264s] [100%] [32m[1mLinking CXX shared library libdiff_control.so[0m
[51.402s] [100%] Built target diff_control
[51.443s] Invoked command in '/home/pyh/Documents/ros2_ws/RobotAD_Issac_ws/build/diff_control' returned '0': CMAKE_PREFIX_PATH=/home/pyh/Documents/ros2_ws/RobotAD_Issac_ws/install/robot_hardware:/home/pyh/Documents/ros2_ws/RobotAD_Issac_ws/install/usb_camera:/home/pyh/Documents/ros2_ws/RobotAD_Issac_ws/install/serial_comm:/home/pyh/Documents/ros2_ws/RobotAD_Issac_ws/install/robot_locate:/home/pyh/Documents/ros2_ws/RobotAD_Issac_ws/install/diff_control:/home/pyh/Documents/ros2_ws/RobotAD_Issac_ws/install/pointcloud_to_laserscan:/home/pyh/Documents/ros2_ws/RobotAD_Issac_ws/install/nuscenes_data_collector:/opt/ros/humble:/home/pyh/Documents/ros2_ws/RobotAD_Issac_ws/install/message_filter_example:/home/pyh/Documents/ros2_ws/RobotAD_Issac_ws/install/keyboard_control LD_LIBRARY_PATH=/home/pyh/Documents/ros2_ws/RobotAD_Issac_ws/install/robot_hardware/lib:/home/pyh/Documents/ros2_ws/RobotAD_Issac_ws/install/diff_control/lib:/home/pyh/Documents/ros2_ws/RobotAD_Issac_ws/install/pointcloud_to_laserscan/lib:/usr/lib/x86_64-linux-gnu/gazebo-11/plugins:/opt/ros/humble/opt/rviz_ogre_vendor/lib:/opt/ros/humble/lib/x86_64-linux-gnu:/opt/ros/humble/lib /usr/bin/cmake --build /home/pyh/Documents/ros2_ws/RobotAD_Issac_ws/build/diff_control -- -j16 -l16
[51.450s] Invoking command in '/home/pyh/Documents/ros2_ws/RobotAD_Issac_ws/build/diff_control': CMAKE_PREFIX_PATH=/home/pyh/Documents/ros2_ws/RobotAD_Issac_ws/install/robot_hardware:/home/pyh/Documents/ros2_ws/RobotAD_Issac_ws/install/usb_camera:/home/pyh/Documents/ros2_ws/RobotAD_Issac_ws/install/serial_comm:/home/pyh/Documents/ros2_ws/RobotAD_Issac_ws/install/robot_locate:/home/pyh/Documents/ros2_ws/RobotAD_Issac_ws/install/diff_control:/home/pyh/Documents/ros2_ws/RobotAD_Issac_ws/install/pointcloud_to_laserscan:/home/pyh/Documents/ros2_ws/RobotAD_Issac_ws/install/nuscenes_data_collector:/opt/ros/humble:/home/pyh/Documents/ros2_ws/RobotAD_Issac_ws/install/message_filter_example:/home/pyh/Documents/ros2_ws/RobotAD_Issac_ws/install/keyboard_control LD_LIBRARY_PATH=/home/pyh/Documents/ros2_ws/RobotAD_Issac_ws/install/robot_hardware/lib:/home/pyh/Documents/ros2_ws/RobotAD_Issac_ws/install/diff_control/lib:/home/pyh/Documents/ros2_ws/RobotAD_Issac_ws/install/pointcloud_to_laserscan/lib:/usr/lib/x86_64-linux-gnu/gazebo-11/plugins:/opt/ros/humble/opt/rviz_ogre_vendor/lib:/opt/ros/humble/lib/x86_64-linux-gnu:/opt/ros/humble/lib /usr/bin/cmake --install /home/pyh/Documents/ros2_ws/RobotAD_Issac_ws/build/diff_control
[51.475s] -- Install configuration: ""
[51.477s] -- Execute custom install script
[51.478s] -- Symlinking: /home/pyh/Documents/ros2_ws/RobotAD_Issac_ws/install/diff_control/share/diff_control//diff_control.xml
[51.516s] -- Symlinking: /home/pyh/Documents/ros2_ws/RobotAD_Issac_ws/install/diff_control/share/diff_control/world/obstacles.world
[51.549s] -- Symlinking: /home/pyh/Documents/ros2_ws/RobotAD_Issac_ws/install/diff_control/share/diff_control/world/sim_world.sdf
[51.578s] -- Symlinking: /home/pyh/Documents/ros2_ws/RobotAD_Issac_ws/install/diff_control/share/diff_control/world/sim_world2.sdf
[51.614s] -- Symlinking: /home/pyh/Documents/ros2_ws/RobotAD_Issac_ws/install/diff_control/share/diff_control/world/sim_world_2.sdf
[51.645s] -- Symlinking: /home/pyh/Documents/ros2_ws/RobotAD_Issac_ws/install/diff_control/include/diff_control/diff_control/diffbot_system.hpp
[51.677s] -- Symlinking: /home/pyh/Documents/ros2_ws/RobotAD_Issac_ws/install/diff_control/include/diff_control/diff_control/issac_bridge.hpp
[51.707s] -- Symlinking: /home/pyh/Documents/ros2_ws/RobotAD_Issac_ws/install/diff_control/include/diff_control/diff_control/visibility_control.h
[51.735s] -- Symlinking: /home/pyh/Documents/ros2_ws/RobotAD_Issac_ws/install/diff_control/include/diff_control/diff_control/wheel.hpp
[51.768s] -- Symlinking: /home/pyh/Documents/ros2_ws/RobotAD_Issac_ws/install/diff_control/share/diff_control/launch/view_robot.launch.py
[51.798s] -- Symlinking: /home/pyh/Documents/ros2_ws/RobotAD_Issac_ws/install/diff_control/share/diff_control/ros2_control/diffbot.materials.xacro
[51.826s] -- Symlinking: /home/pyh/Documents/ros2_ws/RobotAD_Issac_ws/install/diff_control/share/diff_control/ros2_control/diffbot.ros2_control.xacro
[51.859s] -- Symlinking: /home/pyh/Documents/ros2_ws/RobotAD_Issac_ws/install/diff_control/share/diff_control/ros2_control/diffbot_model_our.urdf.xacro
[51.895s] -- Symlinking: /home/pyh/Documents/ros2_ws/RobotAD_Issac_ws/install/diff_control/share/diff_control/ros2_control/inertial_macros.xacro
[51.924s] -- Symlinking: /home/pyh/Documents/ros2_ws/RobotAD_Issac_ws/install/diff_control/share/diff_control/ros2_control/lidar.xacro
[51.962s] -- Symlinking: /home/pyh/Documents/ros2_ws/RobotAD_Issac_ws/install/diff_control/share/diff_control/urdf/diffbot.urdf.xacro
[51.992s] -- Symlinking: /home/pyh/Documents/ros2_ws/RobotAD_Issac_ws/install/diff_control/share/diff_control/launch/__pycache__/diffbot.launch.cpython-310.pyc
[52.021s] -- Symlinking: /home/pyh/Documents/ros2_ws/RobotAD_Issac_ws/install/diff_control/share/diff_control/launch/__pycache__/diffbot_issac.launch.cpython-310.pyc
[52.057s] -- Symlinking: /home/pyh/Documents/ros2_ws/RobotAD_Issac_ws/install/diff_control/share/diff_control/launch/__pycache__/diffbot_sim.launch.cpython-310.pyc
[52.086s] -- Symlinking: /home/pyh/Documents/ros2_ws/RobotAD_Issac_ws/install/diff_control/share/diff_control/launch/diffbot.launch.py
[52.117s] -- Symlinking: /home/pyh/Documents/ros2_ws/RobotAD_Issac_ws/install/diff_control/share/diff_control/launch/diffbot_sim.launch.py
[52.147s] -- Symlinking: /home/pyh/Documents/ros2_ws/RobotAD_Issac_ws/install/diff_control/share/diff_control/config/diffbot_controllers.yaml
[52.177s] -- Symlinking: /home/pyh/Documents/ros2_ws/RobotAD_Issac_ws/install/diff_control/share/diff_control/config/gazebo_params.yaml
[52.204s] -- Symlinking: /home/pyh/Documents/ros2_ws/RobotAD_Issac_ws/install/diff_control/share/diff_control/config/gazebo_use_sim_control.yaml
[52.233s] -- Symlinking: /home/pyh/Documents/ros2_ws/RobotAD_Issac_ws/install/diff_control/share/diff_control/config/urdf.rviz
[52.262s] -- Symlinking: /home/pyh/Documents/ros2_ws/RobotAD_Issac_ws/install/diff_control/share/diff_control/config/urdf.rviz.old
[52.296s] -- Symlinking: /home/pyh/Documents/ros2_ws/RobotAD_Issac_ws/install/diff_control/share/diff_control/environment/library_path.sh
[52.325s] -- Symlinking: /home/pyh/Documents/ros2_ws/RobotAD_Issac_ws/install/diff_control/share/diff_control/environment/library_path.dsv
[52.363s] -- Symlinking: /home/pyh/Documents/ros2_ws/RobotAD_Issac_ws/install/diff_control/share/ament_index/resource_index/package_run_dependencies/diff_control
[52.397s] -- Symlinking: /home/pyh/Documents/ros2_ws/RobotAD_Issac_ws/install/diff_control/share/ament_index/resource_index/parent_prefix_path/diff_control
[52.426s] -- Symlinking: /home/pyh/Documents/ros2_ws/RobotAD_Issac_ws/install/diff_control/share/diff_control/environment/ament_prefix_path.sh
[52.457s] -- Symlinking: /home/pyh/Documents/ros2_ws/RobotAD_Issac_ws/install/diff_control/share/diff_control/environment/ament_prefix_path.dsv
[52.486s] -- Symlinking: /home/pyh/Documents/ros2_ws/RobotAD_Issac_ws/install/diff_control/share/diff_control/environment/path.sh
[52.514s] -- Symlinking: /home/pyh/Documents/ros2_ws/RobotAD_Issac_ws/install/diff_control/share/diff_control/environment/path.dsv
[52.545s] -- Symlinking: /home/pyh/Documents/ros2_ws/RobotAD_Issac_ws/install/diff_control/share/diff_control/local_setup.bash
[52.586s] -- Symlinking: /home/pyh/Documents/ros2_ws/RobotAD_Issac_ws/install/diff_control/share/diff_control/local_setup.sh
[52.633s] -- Symlinking: /home/pyh/Documents/ros2_ws/RobotAD_Issac_ws/install/diff_control/share/diff_control/local_setup.zsh
[52.669s] -- Symlinking: /home/pyh/Documents/ros2_ws/RobotAD_Issac_ws/install/diff_control/share/diff_control/local_setup.dsv
[52.707s] -- Symlinking: /home/pyh/Documents/ros2_ws/RobotAD_Issac_ws/install/diff_control/share/diff_control/package.dsv
[52.745s] -- Symlinking: /home/pyh/Documents/ros2_ws/RobotAD_Issac_ws/install/diff_control/share/ament_index/resource_index/packages/diff_control
[52.781s] -- Symlinking: /home/pyh/Documents/ros2_ws/RobotAD_Issac_ws/install/diff_control/share/ament_index/resource_index/hardware_interface__pluginlib__plugin/diff_control
[52.809s] -- Symlinking: /home/pyh/Documents/ros2_ws/RobotAD_Issac_ws/install/diff_control/share/diff_control/cmake/ament_cmake_export_targets-extras.cmake
[52.846s] -- Symlinking: /home/pyh/Documents/ros2_ws/RobotAD_Issac_ws/install/diff_control/share/diff_control/cmake/ament_cmake_export_dependencies-extras.cmake
[52.876s] -- Symlinking: /home/pyh/Documents/ros2_ws/RobotAD_Issac_ws/install/diff_control/share/diff_control/cmake/diff_controlConfig.cmake
[52.910s] -- Symlinking: /home/pyh/Documents/ros2_ws/RobotAD_Issac_ws/install/diff_control/share/diff_control/cmake/diff_controlConfig-version.cmake
[52.942s] -- Symlinking: /home/pyh/Documents/ros2_ws/RobotAD_Issac_ws/install/diff_control/share/diff_control/package.xml
[52.975s] -- Installing: /home/pyh/Documents/ros2_ws/RobotAD_Issac_ws/install/diff_control/lib/libdiff_control.so
[53.002s] -- Set runtime path of "/home/pyh/Documents/ros2_ws/RobotAD_Issac_ws/install/diff_control/lib/libdiff_control.so" to ""
[53.002s] -- Installing: /home/pyh/Documents/ros2_ws/RobotAD_Issac_ws/install/diff_control/share/diff_control/cmake/export_diff_controlExport.cmake
[53.003s] -- Installing: /home/pyh/Documents/ros2_ws/RobotAD_Issac_ws/install/diff_control/share/diff_control/cmake/export_diff_controlExport-noconfig.cmake
[53.013s] Invoked command in '/home/pyh/Documents/ros2_ws/RobotAD_Issac_ws/build/diff_control' returned '0': CMAKE_PREFIX_PATH=/home/pyh/Documents/ros2_ws/RobotAD_Issac_ws/install/robot_hardware:/home/pyh/Documents/ros2_ws/RobotAD_Issac_ws/install/usb_camera:/home/pyh/Documents/ros2_ws/RobotAD_Issac_ws/install/serial_comm:/home/pyh/Documents/ros2_ws/RobotAD_Issac_ws/install/robot_locate:/home/pyh/Documents/ros2_ws/RobotAD_Issac_ws/install/diff_control:/home/pyh/Documents/ros2_ws/RobotAD_Issac_ws/install/pointcloud_to_laserscan:/home/pyh/Documents/ros2_ws/RobotAD_Issac_ws/install/nuscenes_data_collector:/opt/ros/humble:/home/pyh/Documents/ros2_ws/RobotAD_Issac_ws/install/message_filter_example:/home/pyh/Documents/ros2_ws/RobotAD_Issac_ws/install/keyboard_control LD_LIBRARY_PATH=/home/pyh/Documents/ros2_ws/RobotAD_Issac_ws/install/robot_hardware/lib:/home/pyh/Documents/ros2_ws/RobotAD_Issac_ws/install/diff_control/lib:/home/pyh/Documents/ros2_ws/RobotAD_Issac_ws/install/pointcloud_to_laserscan/lib:/usr/lib/x86_64-linux-gnu/gazebo-11/plugins:/opt/ros/humble/opt/rviz_ogre_vendor/lib:/opt/ros/humble/lib/x86_64-linux-gnu:/opt/ros/humble/lib /usr/bin/cmake --install /home/pyh/Documents/ros2_ws/RobotAD_Issac_ws/build/diff_control
