[0.040s] Invoking command in '/home/pyh/Documents/ros2_ws/RobotAD_Issac_ws/build/robot_hardware': CMAKE_PREFIX_PATH=/home/pyh/Documents/ros2_ws/RobotAD_Issac_ws/install/usb_camera:/home/pyh/Documents/ros2_ws/RobotAD_Issac_ws/install/serial_comm:/home/pyh/Documents/ros2_ws/RobotAD_Issac_ws/install/rslidar_sdk:/home/pyh/Documents/ros2_ws/RobotAD_Issac_ws/install/rslidar_msg:/home/pyh/Documents/ros2_ws/RobotAD_Issac_ws/install/robot_locate:/home/pyh/Documents/ros2_ws/RobotAD_Issac_ws/install/diff_control:/home/pyh/Documents/ros2_ws/RobotAD_Issac_ws/install/robot_hardware:/home/pyh/Documents/ros2_ws/RobotAD_Issac_ws/install/pointcloud_to_laserscan:/home/pyh/Documents/ros2_ws/RobotAD_Issac_ws/install/nuscenes_data_collector:/opt/ros/humble:/home/pyh/Documents/ros2_ws/RobotAD_Issac_ws/install/message_filter_example:/home/pyh/Documents/ros2_ws/RobotAD_Issac_ws/install/keyboard_control /usr/bin/cmake --build /home/pyh/Documents/ros2_ws/RobotAD_Issac_ws/build/robot_hardware -- -j16 -l16
[0.117s] [  2%] Built target robot_hardware__cpp
[0.122s] [  2%] Built target ament_cmake_python_symlink_robot_hardware
[0.126s] [ 12%] Built target robot_hardware__rosidl_generator_c
[0.163s] [ 14%] [32mBuilding CXX object CMakeFiles/robot_hardware__rosidl_typesupport_introspection_cpp.dir/rosidl_typesupport_introspection_cpp/robot_hardware/msg/detail/hardware_data__type_support.cpp.o[0m
[0.166s] [ 17%] [32mBuilding CXX object CMakeFiles/robot_hardware__rosidl_typesupport_introspection_cpp.dir/rosidl_typesupport_introspection_cpp/robot_hardware/msg/detail/issac_hardware_data__type_support.cpp.o[0m
[0.166s] [ 19%] [32mBuilding CXX object CMakeFiles/robot_hardware__rosidl_typesupport_fastrtps_cpp.dir/rosidl_typesupport_fastrtps_cpp/robot_hardware/msg/detail/dds_fastrtps/issac_hardware_data__type_support.cpp.o[0m
[0.167s] [ 21%] [32mBuilding CXX object CMakeFiles/robot_hardware__rosidl_typesupport_fastrtps_cpp.dir/rosidl_typesupport_fastrtps_cpp/robot_hardware/msg/detail/dds_fastrtps/hardware_data__type_support.cpp.o[0m
[0.171s] [ 31%] Built target robot_hardware__rosidl_typesupport_introspection_c
[0.173s] [ 34%] [32mBuilding CXX object CMakeFiles/robot_hardware__rosidl_typesupport_cpp.dir/rosidl_typesupport_cpp/robot_hardware/msg/hardware_data__type_support.cpp.o[0m
[0.179s] [ 36%] [32mBuilding CXX object CMakeFiles/robot_hardware__rosidl_typesupport_cpp.dir/rosidl_typesupport_cpp/robot_hardware/msg/issac_hardware_data__type_support.cpp.o[0m
[0.186s] [ 39%] [32mBuilding CXX object CMakeFiles/robot_hardware__rosidl_typesupport_fastrtps_c.dir/rosidl_typesupport_fastrtps_c/robot_hardware/msg/detail/hardware_data__type_support_c.cpp.o[0m
[0.189s] [ 48%] Built target robot_hardware__rosidl_typesupport_c
[0.200s] [ 51%] [32mBuilding CXX object CMakeFiles/robot_hardware__rosidl_typesupport_fastrtps_c.dir/rosidl_typesupport_fastrtps_c/robot_hardware/msg/detail/issac_hardware_data__type_support_c.cpp.o[0m
[0.674s] running egg_info
[0.677s] writing robot_hardware.egg-info/PKG-INFO
[0.678s] writing dependency_links to robot_hardware.egg-info/dependency_links.txt
[0.679s] writing top-level names to robot_hardware.egg-info/top_level.txt
[0.689s] reading manifest file 'robot_hardware.egg-info/SOURCES.txt'
[0.692s] writing manifest file 'robot_hardware.egg-info/SOURCES.txt'
[0.775s] [ 51%] Built target ament_cmake_python_build_robot_hardware_egg
[0.847s] [ 53%] [32m[1mLinking CXX shared library librobot_hardware__rosidl_typesupport_cpp.so[0m
[0.970s] [ 56%] Built target robot_hardware__rosidl_typesupport_cpp
[1.025s] [ 58%] [32m[1mLinking CXX shared library librobot_hardware__rosidl_typesupport_fastrtps_c.so[0m
[1.049s] [ 60%] [32mBuilding CXX object CMakeFiles/hardware_manager.dir/src/hardware_manager.cpp.o[0m
[1.117s] [ 63%] [32m[1mLinking CXX shared library librobot_hardware__rosidl_typesupport_fastrtps_cpp.so[0m
[1.141s] [ 65%] [32m[1mLinking CXX shared library librobot_hardware__rosidl_typesupport_introspection_cpp.so[0m
[1.145s] [ 68%] Built target robot_hardware__rosidl_typesupport_fastrtps_c
[1.203s] [ 70%] Built target robot_hardware__rosidl_typesupport_introspection_cpp
[1.230s] [ 73%] Built target robot_hardware__rosidl_typesupport_fastrtps_cpp
[1.262s] [ 73%] Built target robot_hardware
[1.304s] [ 75%] Built target robot_hardware__py
[1.336s] [ 78%] [32mBuilding C object CMakeFiles/robot_hardware__rosidl_generator_py.dir/rosidl_generator_py/robot_hardware/msg/_hardware_data_s.c.o[0m
[1.337s] [ 80%] [32mBuilding C object CMakeFiles/robot_hardware__rosidl_generator_py.dir/rosidl_generator_py/robot_hardware/msg/_issac_hardware_data_s.c.o[0m
[1.633s] [ 82%] [32m[1mLinking C shared library rosidl_generator_py/robot_hardware/librobot_hardware__rosidl_generator_py.so[0m
[1.732s] [ 82%] Built target robot_hardware__rosidl_generator_py
[1.785s] [ 85%] [32mBuilding C object CMakeFiles/robot_hardware__rosidl_typesupport_c__pyext.dir/rosidl_generator_py/robot_hardware/_robot_hardware_s.ep.rosidl_typesupport_c.c.o[0m
[1.789s] [ 87%] [32mBuilding C object CMakeFiles/robot_hardware__rosidl_typesupport_fastrtps_c__pyext.dir/rosidl_generator_py/robot_hardware/_robot_hardware_s.ep.rosidl_typesupport_fastrtps_c.c.o[0m
[1.795s] [ 90%] [32mBuilding C object CMakeFiles/robot_hardware__rosidl_typesupport_introspection_c__pyext.dir/rosidl_generator_py/robot_hardware/_robot_hardware_s.ep.rosidl_typesupport_introspection_c.c.o[0m
[1.974s] [ 92%] [32m[1mLinking C shared library rosidl_generator_py/robot_hardware/robot_hardware_s__rosidl_typesupport_c.cpython-310-x86_64-linux-gnu.so[0m
[2.009s] [ 95%] [32m[1mLinking C shared library rosidl_generator_py/robot_hardware/robot_hardware_s__rosidl_typesupport_fastrtps_c.cpython-310-x86_64-linux-gnu.so[0m
[2.031s] [ 95%] Built target robot_hardware__rosidl_typesupport_c__pyext
[2.038s] [ 97%] [32m[1mLinking C shared library rosidl_generator_py/robot_hardware/robot_hardware_s__rosidl_typesupport_introspection_c.cpython-310-x86_64-linux-gnu.so[0m
[2.085s] [ 97%] Built target robot_hardware__rosidl_typesupport_fastrtps_c__pyext
[2.111s] [ 97%] Built target robot_hardware__rosidl_typesupport_introspection_c__pyext
[19.091s] [100%] [32m[1mLinking CXX executable hardware_manager[0m
[19.870s] [100%] Built target hardware_manager
[19.883s] Invoked command in '/home/pyh/Documents/ros2_ws/RobotAD_Issac_ws/build/robot_hardware' returned '0': CMAKE_PREFIX_PATH=/home/pyh/Documents/ros2_ws/RobotAD_Issac_ws/install/usb_camera:/home/pyh/Documents/ros2_ws/RobotAD_Issac_ws/install/serial_comm:/home/pyh/Documents/ros2_ws/RobotAD_Issac_ws/install/rslidar_sdk:/home/pyh/Documents/ros2_ws/RobotAD_Issac_ws/install/rslidar_msg:/home/pyh/Documents/ros2_ws/RobotAD_Issac_ws/install/robot_locate:/home/pyh/Documents/ros2_ws/RobotAD_Issac_ws/install/diff_control:/home/pyh/Documents/ros2_ws/RobotAD_Issac_ws/install/robot_hardware:/home/pyh/Documents/ros2_ws/RobotAD_Issac_ws/install/pointcloud_to_laserscan:/home/pyh/Documents/ros2_ws/RobotAD_Issac_ws/install/nuscenes_data_collector:/opt/ros/humble:/home/pyh/Documents/ros2_ws/RobotAD_Issac_ws/install/message_filter_example:/home/pyh/Documents/ros2_ws/RobotAD_Issac_ws/install/keyboard_control /usr/bin/cmake --build /home/pyh/Documents/ros2_ws/RobotAD_Issac_ws/build/robot_hardware -- -j16 -l16
[19.885s] Invoking command in '/home/pyh/Documents/ros2_ws/RobotAD_Issac_ws/build/robot_hardware': CMAKE_PREFIX_PATH=/home/pyh/Documents/ros2_ws/RobotAD_Issac_ws/install/usb_camera:/home/pyh/Documents/ros2_ws/RobotAD_Issac_ws/install/serial_comm:/home/pyh/Documents/ros2_ws/RobotAD_Issac_ws/install/rslidar_sdk:/home/pyh/Documents/ros2_ws/RobotAD_Issac_ws/install/rslidar_msg:/home/pyh/Documents/ros2_ws/RobotAD_Issac_ws/install/robot_locate:/home/pyh/Documents/ros2_ws/RobotAD_Issac_ws/install/diff_control:/home/pyh/Documents/ros2_ws/RobotAD_Issac_ws/install/robot_hardware:/home/pyh/Documents/ros2_ws/RobotAD_Issac_ws/install/pointcloud_to_laserscan:/home/pyh/Documents/ros2_ws/RobotAD_Issac_ws/install/nuscenes_data_collector:/opt/ros/humble:/home/pyh/Documents/ros2_ws/RobotAD_Issac_ws/install/message_filter_example:/home/pyh/Documents/ros2_ws/RobotAD_Issac_ws/install/keyboard_control /usr/bin/cmake --install /home/pyh/Documents/ros2_ws/RobotAD_Issac_ws/build/robot_hardware
[19.891s] -- Install configuration: ""
[19.892s] -- Execute custom install script
[19.892s] -- Up-to-date symlink: /home/pyh/Documents/ros2_ws/RobotAD_Issac_ws/install/robot_hardware/share/ament_index/resource_index/rosidl_interfaces/robot_hardware
[19.892s] -- Up-to-date symlink: /home/pyh/Documents/ros2_ws/RobotAD_Issac_ws/install/robot_hardware/include/robot_hardware/robot_hardware/msg/detail/hardware_data__functions.h
[19.892s] -- Up-to-date symlink: /home/pyh/Documents/ros2_ws/RobotAD_Issac_ws/install/robot_hardware/include/robot_hardware/robot_hardware/msg/detail/hardware_data__struct.h
[19.892s] -- Up-to-date symlink: /home/pyh/Documents/ros2_ws/RobotAD_Issac_ws/install/robot_hardware/include/robot_hardware/robot_hardware/msg/detail/hardware_data__type_support.h
[19.892s] -- Up-to-date symlink: /home/pyh/Documents/ros2_ws/RobotAD_Issac_ws/install/robot_hardware/include/robot_hardware/robot_hardware/msg/detail/issac_hardware_data__functions.h
[19.892s] -- Up-to-date symlink: /home/pyh/Documents/ros2_ws/RobotAD_Issac_ws/install/robot_hardware/include/robot_hardware/robot_hardware/msg/detail/issac_hardware_data__struct.h
[19.892s] -- Up-to-date symlink: /home/pyh/Documents/ros2_ws/RobotAD_Issac_ws/install/robot_hardware/include/robot_hardware/robot_hardware/msg/detail/issac_hardware_data__type_support.h
[19.893s] -- Up-to-date symlink: /home/pyh/Documents/ros2_ws/RobotAD_Issac_ws/install/robot_hardware/include/robot_hardware/robot_hardware/msg/hardware_data.h
[19.893s] -- Up-to-date symlink: /home/pyh/Documents/ros2_ws/RobotAD_Issac_ws/install/robot_hardware/include/robot_hardware/robot_hardware/msg/issac_hardware_data.h
[19.893s] -- Up-to-date symlink: /home/pyh/Documents/ros2_ws/RobotAD_Issac_ws/install/robot_hardware/include/robot_hardware/robot_hardware/msg/rosidl_generator_c__visibility_control.h
[19.893s] -- Up-to-date symlink: /home/pyh/Documents/ros2_ws/RobotAD_Issac_ws/install/robot_hardware/share/robot_hardware/environment/library_path.sh
[19.893s] -- Up-to-date symlink: /home/pyh/Documents/ros2_ws/RobotAD_Issac_ws/install/robot_hardware/share/robot_hardware/environment/library_path.dsv
[19.893s] -- Up-to-date symlink: /home/pyh/Documents/ros2_ws/RobotAD_Issac_ws/install/robot_hardware/include/robot_hardware/robot_hardware/msg/detail/hardware_data__rosidl_typesupport_fastrtps_c.h
[19.893s] -- Up-to-date symlink: /home/pyh/Documents/ros2_ws/RobotAD_Issac_ws/install/robot_hardware/include/robot_hardware/robot_hardware/msg/detail/issac_hardware_data__rosidl_typesupport_fastrtps_c.h
[19.893s] -- Up-to-date symlink: /home/pyh/Documents/ros2_ws/RobotAD_Issac_ws/install/robot_hardware/include/robot_hardware/robot_hardware/msg/rosidl_typesupport_fastrtps_c__visibility_control.h
[19.894s] -- Up-to-date symlink: /home/pyh/Documents/ros2_ws/RobotAD_Issac_ws/install/robot_hardware/include/robot_hardware/robot_hardware/msg/detail/hardware_data__builder.hpp
[19.894s] -- Up-to-date symlink: /home/pyh/Documents/ros2_ws/RobotAD_Issac_ws/install/robot_hardware/include/robot_hardware/robot_hardware/msg/detail/hardware_data__struct.hpp
[19.894s] -- Up-to-date symlink: /home/pyh/Documents/ros2_ws/RobotAD_Issac_ws/install/robot_hardware/include/robot_hardware/robot_hardware/msg/detail/hardware_data__traits.hpp
[19.894s] -- Up-to-date symlink: /home/pyh/Documents/ros2_ws/RobotAD_Issac_ws/install/robot_hardware/include/robot_hardware/robot_hardware/msg/detail/hardware_data__type_support.hpp
[19.894s] -- Up-to-date symlink: /home/pyh/Documents/ros2_ws/RobotAD_Issac_ws/install/robot_hardware/include/robot_hardware/robot_hardware/msg/detail/issac_hardware_data__builder.hpp
[19.894s] -- Up-to-date symlink: /home/pyh/Documents/ros2_ws/RobotAD_Issac_ws/install/robot_hardware/include/robot_hardware/robot_hardware/msg/detail/issac_hardware_data__struct.hpp
[19.894s] -- Up-to-date symlink: /home/pyh/Documents/ros2_ws/RobotAD_Issac_ws/install/robot_hardware/include/robot_hardware/robot_hardware/msg/detail/issac_hardware_data__traits.hpp
[19.894s] -- Up-to-date symlink: /home/pyh/Documents/ros2_ws/RobotAD_Issac_ws/install/robot_hardware/include/robot_hardware/robot_hardware/msg/detail/issac_hardware_data__type_support.hpp
[19.894s] -- Up-to-date symlink: /home/pyh/Documents/ros2_ws/RobotAD_Issac_ws/install/robot_hardware/include/robot_hardware/robot_hardware/msg/hardware_data.hpp
[19.894s] -- Up-to-date symlink: /home/pyh/Documents/ros2_ws/RobotAD_Issac_ws/install/robot_hardware/include/robot_hardware/robot_hardware/msg/issac_hardware_data.hpp
[19.895s] -- Up-to-date symlink: /home/pyh/Documents/ros2_ws/RobotAD_Issac_ws/install/robot_hardware/include/robot_hardware/robot_hardware/msg/rosidl_generator_cpp__visibility_control.hpp
[19.895s] -- Up-to-date symlink: /home/pyh/Documents/ros2_ws/RobotAD_Issac_ws/install/robot_hardware/include/robot_hardware/robot_hardware/msg/detail/hardware_data__rosidl_typesupport_fastrtps_cpp.hpp
[19.895s] -- Up-to-date symlink: /home/pyh/Documents/ros2_ws/RobotAD_Issac_ws/install/robot_hardware/include/robot_hardware/robot_hardware/msg/detail/issac_hardware_data__rosidl_typesupport_fastrtps_cpp.hpp
[19.895s] -- Up-to-date symlink: /home/pyh/Documents/ros2_ws/RobotAD_Issac_ws/install/robot_hardware/include/robot_hardware/robot_hardware/msg/rosidl_typesupport_fastrtps_cpp__visibility_control.h
[19.896s] -- Up-to-date symlink: /home/pyh/Documents/ros2_ws/RobotAD_Issac_ws/install/robot_hardware/include/robot_hardware/robot_hardware/msg/detail/hardware_data__rosidl_typesupport_introspection_c.h
[19.896s] -- Up-to-date symlink: /home/pyh/Documents/ros2_ws/RobotAD_Issac_ws/install/robot_hardware/include/robot_hardware/robot_hardware/msg/detail/issac_hardware_data__rosidl_typesupport_introspection_c.h
[19.896s] -- Up-to-date symlink: /home/pyh/Documents/ros2_ws/RobotAD_Issac_ws/install/robot_hardware/include/robot_hardware/robot_hardware/msg/rosidl_typesupport_introspection_c__visibility_control.h
[19.896s] -- Up-to-date symlink: /home/pyh/Documents/ros2_ws/RobotAD_Issac_ws/install/robot_hardware/include/robot_hardware/robot_hardware/msg/detail/hardware_data__rosidl_typesupport_introspection_cpp.hpp
[19.896s] -- Up-to-date symlink: /home/pyh/Documents/ros2_ws/RobotAD_Issac_ws/install/robot_hardware/include/robot_hardware/robot_hardware/msg/detail/issac_hardware_data__rosidl_typesupport_introspection_cpp.hpp
[19.896s] -- Up-to-date symlink: /home/pyh/Documents/ros2_ws/RobotAD_Issac_ws/install/robot_hardware/share/robot_hardware/environment/pythonpath.sh
[19.896s] -- Up-to-date symlink: /home/pyh/Documents/ros2_ws/RobotAD_Issac_ws/install/robot_hardware/share/robot_hardware/environment/pythonpath.dsv
[19.896s] -- Up-to-date symlink: /home/pyh/Documents/ros2_ws/RobotAD_Issac_ws/install/robot_hardware/local/lib/python3.10/dist-packages/robot_hardware-0.0.1-py3.10.egg-info/PKG-INFO
[19.896s] -- Up-to-date symlink: /home/pyh/Documents/ros2_ws/RobotAD_Issac_ws/install/robot_hardware/local/lib/python3.10/dist-packages/robot_hardware-0.0.1-py3.10.egg-info/SOURCES.txt
[19.897s] -- Up-to-date symlink: /home/pyh/Documents/ros2_ws/RobotAD_Issac_ws/install/robot_hardware/local/lib/python3.10/dist-packages/robot_hardware-0.0.1-py3.10.egg-info/dependency_links.txt
[19.897s] -- Up-to-date symlink: /home/pyh/Documents/ros2_ws/RobotAD_Issac_ws/install/robot_hardware/local/lib/python3.10/dist-packages/robot_hardware-0.0.1-py3.10.egg-info/top_level.txt
[19.897s] -- Up-to-date symlink: /home/pyh/Documents/ros2_ws/RobotAD_Issac_ws/install/robot_hardware/local/lib/python3.10/dist-packages/robot_hardware/__init__.py
[19.897s] -- Up-to-date symlink: /home/pyh/Documents/ros2_ws/RobotAD_Issac_ws/install/robot_hardware/local/lib/python3.10/dist-packages/robot_hardware/_robot_hardware_s.ep.rosidl_typesupport_c.c
[19.897s] -- Up-to-date symlink: /home/pyh/Documents/ros2_ws/RobotAD_Issac_ws/install/robot_hardware/local/lib/python3.10/dist-packages/robot_hardware/_robot_hardware_s.ep.rosidl_typesupport_fastrtps_c.c
[19.898s] -- Up-to-date symlink: /home/pyh/Documents/ros2_ws/RobotAD_Issac_ws/install/robot_hardware/local/lib/python3.10/dist-packages/robot_hardware/_robot_hardware_s.ep.rosidl_typesupport_introspection_c.c
[19.898s] -- Up-to-date symlink: /home/pyh/Documents/ros2_ws/RobotAD_Issac_ws/install/robot_hardware/local/lib/python3.10/dist-packages/robot_hardware/librobot_hardware__rosidl_generator_py.so
[19.898s] -- Up-to-date symlink: /home/pyh/Documents/ros2_ws/RobotAD_Issac_ws/install/robot_hardware/local/lib/python3.10/dist-packages/robot_hardware/msg/__init__.py
[19.898s] -- Up-to-date symlink: /home/pyh/Documents/ros2_ws/RobotAD_Issac_ws/install/robot_hardware/local/lib/python3.10/dist-packages/robot_hardware/msg/_hardware_data.py
[19.898s] -- Up-to-date symlink: /home/pyh/Documents/ros2_ws/RobotAD_Issac_ws/install/robot_hardware/local/lib/python3.10/dist-packages/robot_hardware/msg/_hardware_data_s.c
[19.898s] -- Up-to-date symlink: /home/pyh/Documents/ros2_ws/RobotAD_Issac_ws/install/robot_hardware/local/lib/python3.10/dist-packages/robot_hardware/msg/_issac_hardware_data.py
[19.898s] -- Up-to-date symlink: /home/pyh/Documents/ros2_ws/RobotAD_Issac_ws/install/robot_hardware/local/lib/python3.10/dist-packages/robot_hardware/msg/_issac_hardware_data_s.c
[19.898s] -- Up-to-date symlink: /home/pyh/Documents/ros2_ws/RobotAD_Issac_ws/install/robot_hardware/local/lib/python3.10/dist-packages/robot_hardware/robot_hardware_s__rosidl_typesupport_c.cpython-310-x86_64-linux-gnu.so
[19.898s] -- Up-to-date symlink: /home/pyh/Documents/ros2_ws/RobotAD_Issac_ws/install/robot_hardware/local/lib/python3.10/dist-packages/robot_hardware/robot_hardware_s__rosidl_typesupport_fastrtps_c.cpython-310-x86_64-linux-gnu.so
[19.898s] -- Up-to-date symlink: /home/pyh/Documents/ros2_ws/RobotAD_Issac_ws/install/robot_hardware/local/lib/python3.10/dist-packages/robot_hardware/robot_hardware_s__rosidl_typesupport_introspection_c.cpython-310-x86_64-linux-gnu.so
[19.898s] -- Up-to-date symlink: /home/pyh/Documents/ros2_ws/RobotAD_Issac_ws/install/robot_hardware/local/lib/python3.10/dist-packages/robot_hardware/robot_hardware_s__rosidl_typesupport_fastrtps_c.cpython-310-x86_64-linux-gnu.so
[19.899s] -- Up-to-date symlink: /home/pyh/Documents/ros2_ws/RobotAD_Issac_ws/install/robot_hardware/local/lib/python3.10/dist-packages/robot_hardware/robot_hardware_s__rosidl_typesupport_introspection_c.cpython-310-x86_64-linux-gnu.so
[19.899s] -- Up-to-date symlink: /home/pyh/Documents/ros2_ws/RobotAD_Issac_ws/install/robot_hardware/local/lib/python3.10/dist-packages/robot_hardware/robot_hardware_s__rosidl_typesupport_c.cpython-310-x86_64-linux-gnu.so
[19.899s] -- Up-to-date symlink: /home/pyh/Documents/ros2_ws/RobotAD_Issac_ws/install/robot_hardware/share/robot_hardware/msg/HardwareData.idl
[19.899s] -- Up-to-date symlink: /home/pyh/Documents/ros2_ws/RobotAD_Issac_ws/install/robot_hardware/share/robot_hardware/msg/IssacHardwareData.idl
[19.899s] -- Up-to-date symlink: /home/pyh/Documents/ros2_ws/RobotAD_Issac_ws/install/robot_hardware/share/robot_hardware/msg/HardwareData.msg
[19.899s] -- Up-to-date symlink: /home/pyh/Documents/ros2_ws/RobotAD_Issac_ws/install/robot_hardware/share/robot_hardware/msg/IssacHardwareData.msg
[19.899s] -- Up-to-date symlink: /home/pyh/Documents/ros2_ws/RobotAD_Issac_ws/install/robot_hardware/lib/robot_hardware/hardware_manager
[19.899s] -- Up-to-date symlink: /home/pyh/Documents/ros2_ws/RobotAD_Issac_ws/install/robot_hardware/include/hardware_bridge_interface.hpp
[19.900s] -- Up-to-date symlink: /home/pyh/Documents/ros2_ws/RobotAD_Issac_ws/install/robot_hardware/include/hardware_manager.hpp
[19.900s] -- Up-to-date symlink: /home/pyh/Documents/ros2_ws/RobotAD_Issac_ws/install/robot_hardware/include/wheel.hpp
[19.900s] -- Up-to-date symlink: /home/pyh/Documents/ros2_ws/RobotAD_Issac_ws/install/robot_hardware/share/robot_hardware/msg/msg/HardwareData.msg
[19.900s] -- Up-to-date symlink: /home/pyh/Documents/ros2_ws/RobotAD_Issac_ws/install/robot_hardware/share/robot_hardware/msg/msg/IssacHardwareData.msg
[19.900s] -- Up-to-date symlink: /home/pyh/Documents/ros2_ws/RobotAD_Issac_ws/install/robot_hardware/share/ament_index/resource_index/package_run_dependencies/robot_hardware
[19.900s] -- Up-to-date symlink: /home/pyh/Documents/ros2_ws/RobotAD_Issac_ws/install/robot_hardware/share/ament_index/resource_index/parent_prefix_path/robot_hardware
[19.900s] -- Up-to-date symlink: /home/pyh/Documents/ros2_ws/RobotAD_Issac_ws/install/robot_hardware/share/robot_hardware/environment/ament_prefix_path.sh
[19.900s] -- Up-to-date symlink: /home/pyh/Documents/ros2_ws/RobotAD_Issac_ws/install/robot_hardware/share/robot_hardware/environment/ament_prefix_path.dsv
[19.900s] -- Up-to-date symlink: /home/pyh/Documents/ros2_ws/RobotAD_Issac_ws/install/robot_hardware/share/robot_hardware/environment/path.sh
[19.901s] -- Up-to-date symlink: /home/pyh/Documents/ros2_ws/RobotAD_Issac_ws/install/robot_hardware/share/robot_hardware/environment/path.dsv
[19.901s] -- Up-to-date symlink: /home/pyh/Documents/ros2_ws/RobotAD_Issac_ws/install/robot_hardware/share/robot_hardware/local_setup.bash
[19.901s] -- Up-to-date symlink: /home/pyh/Documents/ros2_ws/RobotAD_Issac_ws/install/robot_hardware/share/robot_hardware/local_setup.sh
[19.901s] -- Up-to-date symlink: /home/pyh/Documents/ros2_ws/RobotAD_Issac_ws/install/robot_hardware/share/robot_hardware/local_setup.zsh
[19.901s] -- Up-to-date symlink: /home/pyh/Documents/ros2_ws/RobotAD_Issac_ws/install/robot_hardware/share/robot_hardware/local_setup.dsv
[19.901s] -- Symlinking: /home/pyh/Documents/ros2_ws/RobotAD_Issac_ws/install/robot_hardware/share/robot_hardware/package.dsv
[19.910s] -- Up-to-date symlink: /home/pyh/Documents/ros2_ws/RobotAD_Issac_ws/install/robot_hardware/share/ament_index/resource_index/packages/robot_hardware
[19.910s] -- Up-to-date symlink: /home/pyh/Documents/ros2_ws/RobotAD_Issac_ws/install/robot_hardware/share/robot_hardware/cmake/rosidl_cmake-extras.cmake
[19.910s] -- Up-to-date symlink: /home/pyh/Documents/ros2_ws/RobotAD_Issac_ws/install/robot_hardware/share/robot_hardware/cmake/ament_cmake_export_dependencies-extras.cmake
[19.910s] -- Up-to-date symlink: /home/pyh/Documents/ros2_ws/RobotAD_Issac_ws/install/robot_hardware/share/robot_hardware/cmake/ament_cmake_export_include_directories-extras.cmake
[19.910s] -- Up-to-date symlink: /home/pyh/Documents/ros2_ws/RobotAD_Issac_ws/install/robot_hardware/share/robot_hardware/cmake/ament_cmake_export_libraries-extras.cmake
[19.911s] -- Up-to-date symlink: /home/pyh/Documents/ros2_ws/RobotAD_Issac_ws/install/robot_hardware/share/robot_hardware/cmake/ament_cmake_export_targets-extras.cmake
[19.911s] -- Up-to-date symlink: /home/pyh/Documents/ros2_ws/RobotAD_Issac_ws/install/robot_hardware/share/robot_hardware/cmake/rosidl_cmake_export_typesupport_targets-extras.cmake
[19.911s] -- Up-to-date symlink: /home/pyh/Documents/ros2_ws/RobotAD_Issac_ws/install/robot_hardware/share/robot_hardware/cmake/rosidl_cmake_export_typesupport_libraries-extras.cmake
[19.911s] -- Up-to-date symlink: /home/pyh/Documents/ros2_ws/RobotAD_Issac_ws/install/robot_hardware/share/robot_hardware/cmake/robot_hardwareConfig.cmake
[19.911s] -- Up-to-date symlink: /home/pyh/Documents/ros2_ws/RobotAD_Issac_ws/install/robot_hardware/share/robot_hardware/cmake/robot_hardwareConfig-version.cmake
[19.911s] -- Up-to-date symlink: /home/pyh/Documents/ros2_ws/RobotAD_Issac_ws/install/robot_hardware/share/robot_hardware/package.xml
[19.911s] -- Up-to-date: /home/pyh/Documents/ros2_ws/RobotAD_Issac_ws/install/robot_hardware/lib/librobot_hardware__rosidl_generator_c.so
[19.912s] -- Installing: /home/pyh/Documents/ros2_ws/RobotAD_Issac_ws/install/robot_hardware/lib/librobot_hardware__rosidl_typesupport_fastrtps_c.so
[19.912s] -- Set runtime path of "/home/pyh/Documents/ros2_ws/RobotAD_Issac_ws/install/robot_hardware/lib/librobot_hardware__rosidl_typesupport_fastrtps_c.so" to ""
[19.912s] -- Installing: /home/pyh/Documents/ros2_ws/RobotAD_Issac_ws/install/robot_hardware/lib/librobot_hardware__rosidl_typesupport_fastrtps_cpp.so
[19.913s] -- Set runtime path of "/home/pyh/Documents/ros2_ws/RobotAD_Issac_ws/install/robot_hardware/lib/librobot_hardware__rosidl_typesupport_fastrtps_cpp.so" to ""
[19.913s] -- Up-to-date: /home/pyh/Documents/ros2_ws/RobotAD_Issac_ws/install/robot_hardware/lib/librobot_hardware__rosidl_typesupport_introspection_c.so
[19.913s] -- Up-to-date: /home/pyh/Documents/ros2_ws/RobotAD_Issac_ws/install/robot_hardware/lib/librobot_hardware__rosidl_typesupport_c.so
[19.913s] -- Installing: /home/pyh/Documents/ros2_ws/RobotAD_Issac_ws/install/robot_hardware/lib/librobot_hardware__rosidl_typesupport_introspection_cpp.so
[19.914s] -- Set runtime path of "/home/pyh/Documents/ros2_ws/RobotAD_Issac_ws/install/robot_hardware/lib/librobot_hardware__rosidl_typesupport_introspection_cpp.so" to ""
[19.914s] -- Installing: /home/pyh/Documents/ros2_ws/RobotAD_Issac_ws/install/robot_hardware/lib/librobot_hardware__rosidl_typesupport_cpp.so
[19.914s] -- Set runtime path of "/home/pyh/Documents/ros2_ws/RobotAD_Issac_ws/install/robot_hardware/lib/librobot_hardware__rosidl_typesupport_cpp.so" to ""
[19.955s] Listing '/home/pyh/Documents/ros2_ws/RobotAD_Issac_ws/install/robot_hardware/local/lib/python3.10/dist-packages/robot_hardware'...
[19.955s] Listing '/home/pyh/Documents/ros2_ws/RobotAD_Issac_ws/install/robot_hardware/local/lib/python3.10/dist-packages/robot_hardware/msg'...
[19.959s] -- Installing: /home/pyh/Documents/ros2_ws/RobotAD_Issac_ws/install/robot_hardware/lib/librobot_hardware__rosidl_generator_py.so
[19.960s] -- Set runtime path of "/home/pyh/Documents/ros2_ws/RobotAD_Issac_ws/install/robot_hardware/lib/librobot_hardware__rosidl_generator_py.so" to ""
[19.960s] -- Up-to-date: /home/pyh/Documents/ros2_ws/RobotAD_Issac_ws/install/robot_hardware/share/robot_hardware/cmake/export_robot_hardware__rosidl_generator_cExport.cmake
[19.960s] -- Up-to-date: /home/pyh/Documents/ros2_ws/RobotAD_Issac_ws/install/robot_hardware/share/robot_hardware/cmake/export_robot_hardware__rosidl_generator_cExport-noconfig.cmake
[19.960s] -- Up-to-date: /home/pyh/Documents/ros2_ws/RobotAD_Issac_ws/install/robot_hardware/share/robot_hardware/cmake/export_robot_hardware__rosidl_typesupport_fastrtps_cExport.cmake
[19.960s] -- Up-to-date: /home/pyh/Documents/ros2_ws/RobotAD_Issac_ws/install/robot_hardware/share/robot_hardware/cmake/export_robot_hardware__rosidl_typesupport_fastrtps_cExport-noconfig.cmake
[19.960s] -- Up-to-date: /home/pyh/Documents/ros2_ws/RobotAD_Issac_ws/install/robot_hardware/share/robot_hardware/cmake/export_robot_hardware__rosidl_generator_cppExport.cmake
[19.960s] -- Up-to-date: /home/pyh/Documents/ros2_ws/RobotAD_Issac_ws/install/robot_hardware/share/robot_hardware/cmake/export_robot_hardware__rosidl_typesupport_fastrtps_cppExport.cmake
[19.960s] -- Up-to-date: /home/pyh/Documents/ros2_ws/RobotAD_Issac_ws/install/robot_hardware/share/robot_hardware/cmake/export_robot_hardware__rosidl_typesupport_fastrtps_cppExport-noconfig.cmake
[19.960s] -- Up-to-date: /home/pyh/Documents/ros2_ws/RobotAD_Issac_ws/install/robot_hardware/share/robot_hardware/cmake/robot_hardware__rosidl_typesupport_introspection_cExport.cmake
[19.960s] -- Up-to-date: /home/pyh/Documents/ros2_ws/RobotAD_Issac_ws/install/robot_hardware/share/robot_hardware/cmake/robot_hardware__rosidl_typesupport_introspection_cExport-noconfig.cmake
[19.960s] -- Up-to-date: /home/pyh/Documents/ros2_ws/RobotAD_Issac_ws/install/robot_hardware/share/robot_hardware/cmake/robot_hardware__rosidl_typesupport_cExport.cmake
[19.961s] -- Up-to-date: /home/pyh/Documents/ros2_ws/RobotAD_Issac_ws/install/robot_hardware/share/robot_hardware/cmake/robot_hardware__rosidl_typesupport_cExport-noconfig.cmake
[19.961s] -- Up-to-date: /home/pyh/Documents/ros2_ws/RobotAD_Issac_ws/install/robot_hardware/share/robot_hardware/cmake/robot_hardware__rosidl_typesupport_introspection_cppExport.cmake
[19.961s] -- Up-to-date: /home/pyh/Documents/ros2_ws/RobotAD_Issac_ws/install/robot_hardware/share/robot_hardware/cmake/robot_hardware__rosidl_typesupport_introspection_cppExport-noconfig.cmake
[19.961s] -- Up-to-date: /home/pyh/Documents/ros2_ws/RobotAD_Issac_ws/install/robot_hardware/share/robot_hardware/cmake/robot_hardware__rosidl_typesupport_cppExport.cmake
[19.961s] -- Up-to-date: /home/pyh/Documents/ros2_ws/RobotAD_Issac_ws/install/robot_hardware/share/robot_hardware/cmake/robot_hardware__rosidl_typesupport_cppExport-noconfig.cmake
[19.961s] -- Up-to-date: /home/pyh/Documents/ros2_ws/RobotAD_Issac_ws/install/robot_hardware/share/robot_hardware/cmake/export_robot_hardware__rosidl_generator_pyExport.cmake
[19.961s] -- Up-to-date: /home/pyh/Documents/ros2_ws/RobotAD_Issac_ws/install/robot_hardware/share/robot_hardware/cmake/export_robot_hardware__rosidl_generator_pyExport-noconfig.cmake
[19.964s] Invoked command in '/home/pyh/Documents/ros2_ws/RobotAD_Issac_ws/build/robot_hardware' returned '0': CMAKE_PREFIX_PATH=/home/pyh/Documents/ros2_ws/RobotAD_Issac_ws/install/usb_camera:/home/pyh/Documents/ros2_ws/RobotAD_Issac_ws/install/serial_comm:/home/pyh/Documents/ros2_ws/RobotAD_Issac_ws/install/rslidar_sdk:/home/pyh/Documents/ros2_ws/RobotAD_Issac_ws/install/rslidar_msg:/home/pyh/Documents/ros2_ws/RobotAD_Issac_ws/install/robot_locate:/home/pyh/Documents/ros2_ws/RobotAD_Issac_ws/install/diff_control:/home/pyh/Documents/ros2_ws/RobotAD_Issac_ws/install/robot_hardware:/home/pyh/Documents/ros2_ws/RobotAD_Issac_ws/install/pointcloud_to_laserscan:/home/pyh/Documents/ros2_ws/RobotAD_Issac_ws/install/nuscenes_data_collector:/opt/ros/humble:/home/pyh/Documents/ros2_ws/RobotAD_Issac_ws/install/message_filter_example:/home/pyh/Documents/ros2_ws/RobotAD_Issac_ws/install/keyboard_control /usr/bin/cmake --install /home/pyh/Documents/ros2_ws/RobotAD_Issac_ws/build/robot_hardware
