[0.020s] Invoking command in '/home/pyh/Documents/ros2_ws/RobotAD_Issac_ws/build/message_filter_example': /usr/bin/cmake --build /home/pyh/Documents/ros2_ws/RobotAD_Issac_ws/build/message_filter_example -- -j16 -l16
[0.071s] [100%] Built target message_filter_example
[0.089s] Invoked command in '/home/pyh/Documents/ros2_ws/RobotAD_Issac_ws/build/message_filter_example' returned '0': /usr/bin/cmake --build /home/pyh/Documents/ros2_ws/RobotAD_Issac_ws/build/message_filter_example -- -j16 -l16
[0.092s] Invoking command in '/home/pyh/Documents/ros2_ws/RobotAD_Issac_ws/build/message_filter_example': /usr/bin/cmake --install /home/pyh/Documents/ros2_ws/RobotAD_Issac_ws/build/message_filter_example
[0.095s] -- Install configuration: ""
[0.095s] -- Up-to-date: /home/pyh/Documents/ros2_ws/RobotAD_Issac_ws/install/message_filter_example/lib/message_filter_example/message_filter_example
[0.095s] -- Up-to-date: /home/pyh/Documents/ros2_ws/RobotAD_Issac_ws/install/message_filter_example/share/ament_index/resource_index/package_run_dependencies/message_filter_example
[0.095s] -- Up-to-date: /home/pyh/Documents/ros2_ws/RobotAD_Issac_ws/install/message_filter_example/share/ament_index/resource_index/parent_prefix_path/message_filter_example
[0.096s] -- Up-to-date: /home/pyh/Documents/ros2_ws/RobotAD_Issac_ws/install/message_filter_example/share/message_filter_example/environment/ament_prefix_path.sh
[0.096s] -- Up-to-date: /home/pyh/Documents/ros2_ws/RobotAD_Issac_ws/install/message_filter_example/share/message_filter_example/environment/ament_prefix_path.dsv
[0.096s] -- Up-to-date: /home/pyh/Documents/ros2_ws/RobotAD_Issac_ws/install/message_filter_example/share/message_filter_example/environment/path.sh
[0.096s] -- Up-to-date: /home/pyh/Documents/ros2_ws/RobotAD_Issac_ws/install/message_filter_example/share/message_filter_example/environment/path.dsv
[0.096s] -- Up-to-date: /home/pyh/Documents/ros2_ws/RobotAD_Issac_ws/install/message_filter_example/share/message_filter_example/local_setup.bash
[0.096s] -- Up-to-date: /home/pyh/Documents/ros2_ws/RobotAD_Issac_ws/install/message_filter_example/share/message_filter_example/local_setup.sh
[0.096s] -- Up-to-date: /home/pyh/Documents/ros2_ws/RobotAD_Issac_ws/install/message_filter_example/share/message_filter_example/local_setup.zsh
[0.096s] -- Up-to-date: /home/pyh/Documents/ros2_ws/RobotAD_Issac_ws/install/message_filter_example/share/message_filter_example/local_setup.dsv
[0.096s] -- Installing: /home/pyh/Documents/ros2_ws/RobotAD_Issac_ws/install/message_filter_example/share/message_filter_example/package.dsv
[0.096s] -- Up-to-date: /home/pyh/Documents/ros2_ws/RobotAD_Issac_ws/install/message_filter_example/share/ament_index/resource_index/packages/message_filter_example
[0.096s] -- Up-to-date: /home/pyh/Documents/ros2_ws/RobotAD_Issac_ws/install/message_filter_example/share/message_filter_example/cmake/message_filter_exampleConfig.cmake
[0.096s] -- Up-to-date: /home/pyh/Documents/ros2_ws/RobotAD_Issac_ws/install/message_filter_example/share/message_filter_example/cmake/message_filter_exampleConfig-version.cmake
[0.096s] -- Up-to-date: /home/pyh/Documents/ros2_ws/RobotAD_Issac_ws/install/message_filter_example/share/message_filter_example/package.xml
[0.116s] Invoked command in '/home/pyh/Documents/ros2_ws/RobotAD_Issac_ws/build/message_filter_example' returned '0': /usr/bin/cmake --install /home/pyh/Documents/ros2_ws/RobotAD_Issac_ws/build/message_filter_example
