[35m[1mConsolidate compiler generated dependencies of target nuscenes_data_collector_issac_node[0m
[ 50%] Built target nuscenes_data_collector_node
[ 75%] [32mBuilding CXX object CMakeFiles/nuscenes_data_collector_issac_node.dir/src/nuscenes_data_collector_issac.cpp.o[0m
In file included from [01m[K/home/pyh/Documents/ros2_ws/RobotAD_Issac_ws/src/nuscenes_data_collector/src/nuscenes_data_collector_issac.cpp:1[m[K:
[01m[K/home/pyh/Documents/ros2_ws/RobotAD_Issac_ws/src/nuscenes_data_collector/include/nuscenes_data_collector/nuscenes_data_collector_issac.hpp:[m[K In member function ‘[01m[Kvoid NuScenesDataCollectorIssac::save_bbox3d_data(const std::shared_ptr<const vision_msgs::msg::Detection3DArray_<std::allocator<void> > >&, const string&)[m[K’:
[01m[K/home/pyh/Documents/ros2_ws/RobotAD_Issac_ws/src/nuscenes_data_collector/include/nuscenes_data_collector/nuscenes_data_collector_issac.hpp:645:54:[m[K [01;31m[Kerror: [m[Kambiguous overload for ‘[01m[Koperator=[m[K’ (operand types are ‘[01m[Kstd::unordered_map<std::__cxx11::basic_string<char>, std::vector<nlohmann::basic_json<>, std::allocator<nlohmann::basic_json<> > > >::mapped_type[m[K’ {aka ‘[01m[Kstd::vector<nlohmann::basic_json<>, std::allocator<nlohmann::basic_json<> > >[m[K’} and ‘[01m[Knlohmann::json[m[K’ {aka ‘[01m[Knlohmann::basic_json<>[m[K’})
  645 |             sample_bbox3d_json_cache_[device_name] = [01;31m[Ksample_annotation_jsons[m[K;
      |                                                      [01;31m[K^~~~~~~~~~~~~~~~~~~~~~~[m[K
In file included from [01m[K/usr/include/c++/11/vector:72[m[K,
                 from [01m[K/usr/include/c++/11/functional:62[m[K,
                 from [01m[K/usr/include/c++/11/pstl/glue_algorithm_defs.h:13[m[K,
                 from [01m[K/usr/include/c++/11/algorithm:74[m[K,
                 from [01m[K/opt/ros/humble/include/rclcpp/rclcpp/executor.hpp:18[m[K,
                 from [01m[K/opt/ros/humble/include/rclcpp/rclcpp/executors/multi_threaded_executor.hpp:25[m[K,
                 from [01m[K/opt/ros/humble/include/rclcpp/rclcpp/executors.hpp:21[m[K,
                 from [01m[K/opt/ros/humble/include/rclcpp/rclcpp/rclcpp.hpp:155[m[K,
                 from [01m[K/home/pyh/Documents/ros2_ws/RobotAD_Issac_ws/src/nuscenes_data_collector/include/nuscenes_data_collector/nuscenes_data_collector_issac.hpp:4[m[K,
                 from [01m[K/home/pyh/Documents/ros2_ws/RobotAD_Issac_ws/src/nuscenes_data_collector/src/nuscenes_data_collector_issac.cpp:1[m[K:
[01m[K/usr/include/c++/11/bits/vector.tcc:198:5:[m[K [01;36m[Knote: [m[Kcandidate: ‘[01m[Kstd::vector<_Tp, _Alloc>& std::vector<_Tp, _Alloc>::operator=(const std::vector<_Tp, _Alloc>&) [with _Tp = nlohmann::basic_json<>; _Alloc = std::allocator<nlohmann::basic_json<> >][m[K’
  198 |     [01;36m[Kvector<_Tp, _Alloc>[m[K::
      |     [01;36m[K^~~~~~~~~~~~~~~~~~~[m[K
In file included from [01m[K/usr/include/c++/11/vector:67[m[K,
                 from [01m[K/usr/include/c++/11/functional:62[m[K,
                 from [01m[K/usr/include/c++/11/pstl/glue_algorithm_defs.h:13[m[K,
                 from [01m[K/usr/include/c++/11/algorithm:74[m[K,
                 from [01m[K/opt/ros/humble/include/rclcpp/rclcpp/executor.hpp:18[m[K,
                 from [01m[K/opt/ros/humble/include/rclcpp/rclcpp/executors/multi_threaded_executor.hpp:25[m[K,
                 from [01m[K/opt/ros/humble/include/rclcpp/rclcpp/executors.hpp:21[m[K,
                 from [01m[K/opt/ros/humble/include/rclcpp/rclcpp/rclcpp.hpp:155[m[K,
                 from [01m[K/home/pyh/Documents/ros2_ws/RobotAD_Issac_ws/src/nuscenes_data_collector/include/nuscenes_data_collector/nuscenes_data_collector_issac.hpp:4[m[K,
                 from [01m[K/home/pyh/Documents/ros2_ws/RobotAD_Issac_ws/src/nuscenes_data_collector/src/nuscenes_data_collector_issac.cpp:1[m[K:
[01m[K/usr/include/c++/11/bits/stl_vector.h:709:7:[m[K [01;36m[Knote: [m[Kcandidate: ‘[01m[Kstd::vector<_Tp, _Alloc>& std::vector<_Tp, _Alloc>::operator=(std::vector<_Tp, _Alloc>&&) [with _Tp = nlohmann::basic_json<>; _Alloc = std::allocator<nlohmann::basic_json<> >][m[K’
  709 |       [01;36m[Koperator[m[K=(vector&& __x) noexcept(_Alloc_traits::_S_nothrow_move())
      |       [01;36m[K^~~~~~~~[m[K
[01m[K/usr/include/c++/11/bits/stl_vector.h:730:7:[m[K [01;36m[Knote: [m[Kcandidate: ‘[01m[Kstd::vector<_Tp, _Alloc>& std::vector<_Tp, _Alloc>::operator=(std::initializer_list<_Tp>) [with _Tp = nlohmann::basic_json<>; _Alloc = std::allocator<nlohmann::basic_json<> >][m[K’
  730 |       [01;36m[Koperator[m[K=(initializer_list<value_type> __l)
      |       [01;36m[K^~~~~~~~[m[K
gmake[2]: *** [CMakeFiles/nuscenes_data_collector_issac_node.dir/build.make:76: CMakeFiles/nuscenes_data_collector_issac_node.dir/src/nuscenes_data_collector_issac.cpp.o] Error 1
gmake[1]: *** [CMakeFiles/Makefile2:165: CMakeFiles/nuscenes_data_collector_issac_node.dir/all] Error 2
gmake: *** [Makefile:146: all] Error 2
