[0.139s] Invoking command in '/home/pyh/Documents/ros2_ws/RobotAD_Issac_ws/build/message_filter_example': /usr/bin/cmake /home/pyh/Documents/ros2_ws/RobotAD_Issac_ws/src/message_filter_test -DCATKIN_INSTALL_INTO_PREFIX_ROOT=0 -DCATKIN_SYMLINK_INSTALL=ON -DCMAKE_INSTALL_PREFIX=/home/pyh/Documents/ros2_ws/RobotAD_Issac_ws/install/message_filter_example
[0.391s] -- The C compiler identification is GNU 11.4.0
[0.664s] -- The CXX compiler identification is GNU 11.4.0
[0.710s] -- Detecting C compiler ABI info
[1.052s] -- Detecting C compiler ABI info - done
[1.102s] -- Check for working C compiler: /usr/bin/cc - skipped
[1.106s] -- Detecting C compile features
[1.107s] -- Detecting C compile features - done
[1.122s] -- Detecting CXX compiler ABI info
[1.488s] -- Detecting CXX compiler ABI info - done
[1.537s] -- Check for working CXX compiler: /usr/bin/c++ - skipped
[1.539s] -- Detecting CXX compile features
[1.541s] -- Detecting CXX compile features - done
[1.553s] -- Found ament_cmake: 1.3.11 (/opt/ros/humble/share/ament_cmake/cmake)
[2.316s] -- Found Python3: /usr/bin/python3 (found version "3.10.12") found components: Interpreter 
[2.838s] -- Found rclcpp: 16.0.11 (/opt/ros/humble/share/rclcpp/cmake)
[3.056s] -- Found rosidl_generator_c: 3.1.6 (/opt/ros/humble/share/rosidl_generator_c/cmake)
[3.081s] -- Found rosidl_adapter: 3.1.6 (/opt/ros/humble/share/rosidl_adapter/cmake)
[3.131s] -- Found rosidl_generator_cpp: 3.1.6 (/opt/ros/humble/share/rosidl_generator_cpp/cmake)
[3.214s] -- Using all available rosidl_typesupport_c: rosidl_typesupport_fastrtps_c;rosidl_typesupport_introspection_c
[3.318s] -- Using all available rosidl_typesupport_cpp: rosidl_typesupport_fastrtps_cpp;rosidl_typesupport_introspection_cpp
[3.690s] -- Found rmw_implementation_cmake: 6.1.2 (/opt/ros/humble/share/rmw_implementation_cmake/cmake)
[3.706s] -- Found rmw_fastrtps_cpp: 6.2.7 (/opt/ros/humble/share/rmw_fastrtps_cpp/cmake)
[4.228s] -- Found OpenSSL: /usr/lib/x86_64-linux-gnu/libcrypto.so (found version "3.0.2")  
[4.372s] -- Found FastRTPS: /opt/ros/humble/include  
[4.595s] -- Using RMW implementation 'rmw_fastrtps_cpp' as default
[4.652s] -- Looking for pthread.h
[4.997s] -- Looking for pthread.h - found
[4.999s] -- Performing Test CMAKE_HAVE_LIBC_PTHREAD
[5.428s] -- Performing Test CMAKE_HAVE_LIBC_PTHREAD - Success
[5.433s] -- Found Threads: TRUE  
[5.703s] -- Found sensor_msgs: 4.2.4 (/opt/ros/humble/share/sensor_msgs/cmake)
[5.870s] -- Found message_filters: 4.3.5 (/opt/ros/humble/share/message_filters/cmake)
[6.187s] -- Configuring done
[6.234s] -- Generating done
[6.238s] [33mCMake Warning:
[6.239s]   Manually-specified variables were not used by the project:
[6.239s] 
[6.239s]     CATKIN_INSTALL_INTO_PREFIX_ROOT
[6.240s]     CATKIN_SYMLINK_INSTALL
[6.240s] 
[6.240s] [0m
[6.249s] -- Build files have been written to: /home/pyh/Documents/ros2_ws/RobotAD_Issac_ws/build/message_filter_example
[6.286s] Invoked command in '/home/pyh/Documents/ros2_ws/RobotAD_Issac_ws/build/message_filter_example' returned '0': /usr/bin/cmake /home/pyh/Documents/ros2_ws/RobotAD_Issac_ws/src/message_filter_test -DCATKIN_INSTALL_INTO_PREFIX_ROOT=0 -DCATKIN_SYMLINK_INSTALL=ON -DCMAKE_INSTALL_PREFIX=/home/pyh/Documents/ros2_ws/RobotAD_Issac_ws/install/message_filter_example
[6.293s] Invoking command in '/home/pyh/Documents/ros2_ws/RobotAD_Issac_ws/build/message_filter_example': /usr/bin/cmake --build /home/pyh/Documents/ros2_ws/RobotAD_Issac_ws/build/message_filter_example -- -j16 -l16
[6.507s] [ 50%] [32mBuilding CXX object CMakeFiles/message_filter_example.dir/src/message_filter_example.cpp.o[0m
[62.402s] [100%] [32m[1mLinking CXX executable message_filter_example[0m
[64.754s] [100%] Built target message_filter_example
[64.815s] Invoked command in '/home/pyh/Documents/ros2_ws/RobotAD_Issac_ws/build/message_filter_example' returned '0': /usr/bin/cmake --build /home/pyh/Documents/ros2_ws/RobotAD_Issac_ws/build/message_filter_example -- -j16 -l16
[64.825s] Invoking command in '/home/pyh/Documents/ros2_ws/RobotAD_Issac_ws/build/message_filter_example': /usr/bin/cmake --install /home/pyh/Documents/ros2_ws/RobotAD_Issac_ws/build/message_filter_example
[64.857s] -- Install configuration: ""
[64.857s] -- Installing: /home/pyh/Documents/ros2_ws/RobotAD_Issac_ws/install/message_filter_example/lib/message_filter_example/message_filter_example
[64.872s] -- Set runtime path of "/home/pyh/Documents/ros2_ws/RobotAD_Issac_ws/install/message_filter_example/lib/message_filter_example/message_filter_example" to ""
[64.873s] -- Installing: /home/pyh/Documents/ros2_ws/RobotAD_Issac_ws/install/message_filter_example/share/ament_index/resource_index/package_run_dependencies/message_filter_example
[64.874s] -- Installing: /home/pyh/Documents/ros2_ws/RobotAD_Issac_ws/install/message_filter_example/share/ament_index/resource_index/parent_prefix_path/message_filter_example
[64.875s] -- Installing: /home/pyh/Documents/ros2_ws/RobotAD_Issac_ws/install/message_filter_example/share/message_filter_example/environment/ament_prefix_path.sh
[64.876s] -- Installing: /home/pyh/Documents/ros2_ws/RobotAD_Issac_ws/install/message_filter_example/share/message_filter_example/environment/ament_prefix_path.dsv
[64.876s] -- Installing: /home/pyh/Documents/ros2_ws/RobotAD_Issac_ws/install/message_filter_example/share/message_filter_example/environment/path.sh
[64.877s] -- Installing: /home/pyh/Documents/ros2_ws/RobotAD_Issac_ws/install/message_filter_example/share/message_filter_example/environment/path.dsv
[64.878s] -- Installing: /home/pyh/Documents/ros2_ws/RobotAD_Issac_ws/install/message_filter_example/share/message_filter_example/local_setup.bash
[64.879s] -- Installing: /home/pyh/Documents/ros2_ws/RobotAD_Issac_ws/install/message_filter_example/share/message_filter_example/local_setup.sh
[64.879s] -- Installing: /home/pyh/Documents/ros2_ws/RobotAD_Issac_ws/install/message_filter_example/share/message_filter_example/local_setup.zsh
[64.880s] -- Installing: /home/pyh/Documents/ros2_ws/RobotAD_Issac_ws/install/message_filter_example/share/message_filter_example/local_setup.dsv
[64.880s] -- Installing: /home/pyh/Documents/ros2_ws/RobotAD_Issac_ws/install/message_filter_example/share/message_filter_example/package.dsv
[64.881s] -- Installing: /home/pyh/Documents/ros2_ws/RobotAD_Issac_ws/install/message_filter_example/share/ament_index/resource_index/packages/message_filter_example
[64.881s] -- Installing: /home/pyh/Documents/ros2_ws/RobotAD_Issac_ws/install/message_filter_example/share/message_filter_example/cmake/message_filter_exampleConfig.cmake
[64.882s] -- Installing: /home/pyh/Documents/ros2_ws/RobotAD_Issac_ws/install/message_filter_example/share/message_filter_example/cmake/message_filter_exampleConfig-version.cmake
[64.883s] -- Installing: /home/pyh/Documents/ros2_ws/RobotAD_Issac_ws/install/message_filter_example/share/message_filter_example/package.xml
[64.887s] Invoked command in '/home/pyh/Documents/ros2_ws/RobotAD_Issac_ws/build/message_filter_example' returned '0': /usr/bin/cmake --install /home/pyh/Documents/ros2_ws/RobotAD_Issac_ws/build/message_filter_example
