[0.028s] Invoking command in '/home/pyh/Documents/ros2_ws/RobotAD_Issac_ws/build/nuscenes_data_collector': CMAKE_PREFIX_PATH=/home/pyh/Documents/ros2_ws/RobotAD_Issac_ws/install/usb_camera:/home/pyh/Documents/ros2_ws/RobotAD_Issac_ws/install/serial_comm:/home/pyh/Documents/ros2_ws/RobotAD_Issac_ws/install/robot_locate:/home/pyh/Documents/ros2_ws/RobotAD_Issac_ws/install/diff_control:/home/pyh/Documents/ros2_ws/RobotAD_Issac_ws/install/robot_hardware:/home/pyh/Documents/ros2_ws/RobotAD_Issac_ws/install/pointcloud_to_laserscan:/home/pyh/Documents/ros2_ws/RobotAD_Issac_ws/install/nuscenes_data_collector:/opt/ros/humble:/home/pyh/Documents/ros2_ws/RobotAD_Issac_ws/install/message_filter_example:/home/pyh/Documents/ros2_ws/RobotAD_Issac_ws/install/keyboard_control /usr/bin/cmake --build /home/pyh/Documents/ros2_ws/RobotAD_Issac_ws/build/nuscenes_data_collector -- -j16 -l16
[0.079s] [35m[1mConsolidate compiler generated dependencies of target nuscenes_data_collector_issac_node[0m
[0.105s] [ 50%] Built target nuscenes_data_collector_node
[0.113s] [ 75%] [32mBuilding CXX object CMakeFiles/nuscenes_data_collector_issac_node.dir/src/nuscenes_data_collector_issac.cpp.o[0m
[21.433s] [100%] [32m[1mLinking CXX executable nuscenes_data_collector_issac_node[0m
[23.342s] [100%] Built target nuscenes_data_collector_issac_node
[23.353s] Invoked command in '/home/pyh/Documents/ros2_ws/RobotAD_Issac_ws/build/nuscenes_data_collector' returned '0': CMAKE_PREFIX_PATH=/home/pyh/Documents/ros2_ws/RobotAD_Issac_ws/install/usb_camera:/home/pyh/Documents/ros2_ws/RobotAD_Issac_ws/install/serial_comm:/home/pyh/Documents/ros2_ws/RobotAD_Issac_ws/install/robot_locate:/home/pyh/Documents/ros2_ws/RobotAD_Issac_ws/install/diff_control:/home/pyh/Documents/ros2_ws/RobotAD_Issac_ws/install/robot_hardware:/home/pyh/Documents/ros2_ws/RobotAD_Issac_ws/install/pointcloud_to_laserscan:/home/pyh/Documents/ros2_ws/RobotAD_Issac_ws/install/nuscenes_data_collector:/opt/ros/humble:/home/pyh/Documents/ros2_ws/RobotAD_Issac_ws/install/message_filter_example:/home/pyh/Documents/ros2_ws/RobotAD_Issac_ws/install/keyboard_control /usr/bin/cmake --build /home/pyh/Documents/ros2_ws/RobotAD_Issac_ws/build/nuscenes_data_collector -- -j16 -l16
[23.354s] Invoking command in '/home/pyh/Documents/ros2_ws/RobotAD_Issac_ws/build/nuscenes_data_collector': CMAKE_PREFIX_PATH=/home/pyh/Documents/ros2_ws/RobotAD_Issac_ws/install/usb_camera:/home/pyh/Documents/ros2_ws/RobotAD_Issac_ws/install/serial_comm:/home/pyh/Documents/ros2_ws/RobotAD_Issac_ws/install/robot_locate:/home/pyh/Documents/ros2_ws/RobotAD_Issac_ws/install/diff_control:/home/pyh/Documents/ros2_ws/RobotAD_Issac_ws/install/robot_hardware:/home/pyh/Documents/ros2_ws/RobotAD_Issac_ws/install/pointcloud_to_laserscan:/home/pyh/Documents/ros2_ws/RobotAD_Issac_ws/install/nuscenes_data_collector:/opt/ros/humble:/home/pyh/Documents/ros2_ws/RobotAD_Issac_ws/install/message_filter_example:/home/pyh/Documents/ros2_ws/RobotAD_Issac_ws/install/keyboard_control /usr/bin/cmake --install /home/pyh/Documents/ros2_ws/RobotAD_Issac_ws/build/nuscenes_data_collector
[23.359s] -- Install configuration: ""
[23.360s] -- Execute custom install script
[23.360s] -- Up-to-date symlink: /home/pyh/Documents/ros2_ws/RobotAD_Issac_ws/install/nuscenes_data_collector/share/nuscenes_data_collector/config/nuscenes_data_collector_params.yaml
[23.360s] -- Up-to-date symlink: /home/pyh/Documents/ros2_ws/RobotAD_Issac_ws/install/nuscenes_data_collector/share/nuscenes_data_collector/config/rviz_config.rviz
[23.360s] -- Up-to-date symlink: /home/pyh/Documents/ros2_ws/RobotAD_Issac_ws/install/nuscenes_data_collector/share/nuscenes_data_collector/config/rviz_config_backup.rviz
[23.360s] -- Up-to-date symlink: /home/pyh/Documents/ros2_ws/RobotAD_Issac_ws/install/nuscenes_data_collector/lib/nuscenes_data_collector/nuscenes_data_collector_node
[23.360s] -- Up-to-date symlink: /home/pyh/Documents/ros2_ws/RobotAD_Issac_ws/install/nuscenes_data_collector/lib/nuscenes_data_collector/nuscenes_data_collector_issac_node
[23.360s] -- Up-to-date symlink: /home/pyh/Documents/ros2_ws/RobotAD_Issac_ws/install/nuscenes_data_collector/share/ament_index/resource_index/package_run_dependencies/nuscenes_data_collector
[23.360s] -- Up-to-date symlink: /home/pyh/Documents/ros2_ws/RobotAD_Issac_ws/install/nuscenes_data_collector/share/ament_index/resource_index/parent_prefix_path/nuscenes_data_collector
[23.361s] -- Up-to-date symlink: /home/pyh/Documents/ros2_ws/RobotAD_Issac_ws/install/nuscenes_data_collector/share/nuscenes_data_collector/environment/ament_prefix_path.sh
[23.361s] -- Up-to-date symlink: /home/pyh/Documents/ros2_ws/RobotAD_Issac_ws/install/nuscenes_data_collector/share/nuscenes_data_collector/environment/ament_prefix_path.dsv
[23.361s] -- Up-to-date symlink: /home/pyh/Documents/ros2_ws/RobotAD_Issac_ws/install/nuscenes_data_collector/share/nuscenes_data_collector/environment/path.sh
[23.361s] -- Up-to-date symlink: /home/pyh/Documents/ros2_ws/RobotAD_Issac_ws/install/nuscenes_data_collector/share/nuscenes_data_collector/environment/path.dsv
[23.361s] -- Up-to-date symlink: /home/pyh/Documents/ros2_ws/RobotAD_Issac_ws/install/nuscenes_data_collector/share/nuscenes_data_collector/local_setup.bash
[23.361s] -- Up-to-date symlink: /home/pyh/Documents/ros2_ws/RobotAD_Issac_ws/install/nuscenes_data_collector/share/nuscenes_data_collector/local_setup.sh
[23.361s] -- Up-to-date symlink: /home/pyh/Documents/ros2_ws/RobotAD_Issac_ws/install/nuscenes_data_collector/share/nuscenes_data_collector/local_setup.zsh
[23.361s] -- Up-to-date symlink: /home/pyh/Documents/ros2_ws/RobotAD_Issac_ws/install/nuscenes_data_collector/share/nuscenes_data_collector/local_setup.dsv
[23.361s] -- Symlinking: /home/pyh/Documents/ros2_ws/RobotAD_Issac_ws/install/nuscenes_data_collector/share/nuscenes_data_collector/package.dsv
[23.368s] -- Up-to-date symlink: /home/pyh/Documents/ros2_ws/RobotAD_Issac_ws/install/nuscenes_data_collector/share/ament_index/resource_index/packages/nuscenes_data_collector
[23.368s] -- Up-to-date symlink: /home/pyh/Documents/ros2_ws/RobotAD_Issac_ws/install/nuscenes_data_collector/share/nuscenes_data_collector/cmake/nuscenes_data_collectorConfig.cmake
[23.369s] -- Up-to-date symlink: /home/pyh/Documents/ros2_ws/RobotAD_Issac_ws/install/nuscenes_data_collector/share/nuscenes_data_collector/cmake/nuscenes_data_collectorConfig-version.cmake
[23.369s] -- Up-to-date symlink: /home/pyh/Documents/ros2_ws/RobotAD_Issac_ws/install/nuscenes_data_collector/share/nuscenes_data_collector/package.xml
[23.370s] Invoked command in '/home/pyh/Documents/ros2_ws/RobotAD_Issac_ws/build/nuscenes_data_collector' returned '0': CMAKE_PREFIX_PATH=/home/pyh/Documents/ros2_ws/RobotAD_Issac_ws/install/usb_camera:/home/pyh/Documents/ros2_ws/RobotAD_Issac_ws/install/serial_comm:/home/pyh/Documents/ros2_ws/RobotAD_Issac_ws/install/robot_locate:/home/pyh/Documents/ros2_ws/RobotAD_Issac_ws/install/diff_control:/home/pyh/Documents/ros2_ws/RobotAD_Issac_ws/install/robot_hardware:/home/pyh/Documents/ros2_ws/RobotAD_Issac_ws/install/pointcloud_to_laserscan:/home/pyh/Documents/ros2_ws/RobotAD_Issac_ws/install/nuscenes_data_collector:/opt/ros/humble:/home/pyh/Documents/ros2_ws/RobotAD_Issac_ws/install/message_filter_example:/home/pyh/Documents/ros2_ws/RobotAD_Issac_ws/install/keyboard_control /usr/bin/cmake --install /home/pyh/Documents/ros2_ws/RobotAD_Issac_ws/build/nuscenes_data_collector
