[0.138s] Invoking command in '/home/pyh/Documents/ros2_ws/RobotAD_Issac_ws/build/robot_locate': CMAKE_PREFIX_PATH=${CMAKE_PREFIX_PATH}:/opt/ros/humble /usr/bin/cmake /home/pyh/Documents/ros2_ws/RobotAD_Issac_ws/src/robot_locate -DAMENT_CMAKE_SYMLINK_INSTALL=1 -DCMAKE_INSTALL_PREFIX=/home/pyh/Documents/ros2_ws/RobotAD_Issac_ws/install/robot_locate
[0.407s] -- The C compiler identification is GNU 11.4.0
[0.718s] -- The CXX compiler identification is GNU 11.4.0
[0.763s] -- Detecting C compiler ABI info
[1.107s] -- Detecting C compiler ABI info - done
[1.164s] -- Check for working C compiler: /usr/bin/cc - skipped
[1.166s] -- Detecting C compile features
[1.167s] -- Detecting C compile features - done
[1.185s] -- Detecting CXX compiler ABI info
[1.587s] -- Detecting CXX compiler ABI info - done
[1.638s] -- Check for working CXX compiler: /usr/bin/c++ - skipped
[1.639s] -- Detecting CXX compile features
[1.641s] -- Detecting CXX compile features - done
[1.655s] -- Found ament_cmake: 1.3.11 (/opt/ros/humble/share/ament_cmake/cmake)
[2.427s] -- Found Python3: /usr/bin/python3 (found version "3.10.12") found components: Interpreter 
[2.754s] -- Override CMake install command with custom implementation using symlinks instead of copying resources
[2.890s] -- Found geometry_msgs: 4.2.4 (/opt/ros/humble/share/geometry_msgs/cmake)
[3.128s] -- Found rosidl_generator_c: 3.1.6 (/opt/ros/humble/share/rosidl_generator_c/cmake)
[3.152s] -- Found rosidl_adapter: 3.1.6 (/opt/ros/humble/share/rosidl_adapter/cmake)
[3.189s] -- Found rosidl_generator_cpp: 3.1.6 (/opt/ros/humble/share/rosidl_generator_cpp/cmake)
[3.252s] -- Using all available rosidl_typesupport_c: rosidl_typesupport_fastrtps_c;rosidl_typesupport_introspection_c
[3.337s] -- Using all available rosidl_typesupport_cpp: rosidl_typesupport_fastrtps_cpp;rosidl_typesupport_introspection_cpp
[3.576s] -- Found rclcpp: 16.0.11 (/opt/ros/humble/share/rclcpp/cmake)
[3.793s] -- Found rmw_implementation_cmake: 6.1.2 (/opt/ros/humble/share/rmw_implementation_cmake/cmake)
[3.809s] -- Found rmw_fastrtps_cpp: 6.2.7 (/opt/ros/humble/share/rmw_fastrtps_cpp/cmake)
[4.233s] -- Found OpenSSL: /usr/lib/x86_64-linux-gnu/libcrypto.so (found version "3.0.2")  
[4.394s] -- Found FastRTPS: /opt/ros/humble/include  
[4.603s] -- Using RMW implementation 'rmw_fastrtps_cpp' as default
[4.650s] -- Looking for pthread.h
[4.969s] -- Looking for pthread.h - found
[4.970s] -- Performing Test CMAKE_HAVE_LIBC_PTHREAD
[5.333s] -- Performing Test CMAKE_HAVE_LIBC_PTHREAD - Success
[5.337s] -- Found Threads: TRUE  
[5.514s] -- Found tf2: 0.25.9 (/opt/ros/humble/share/tf2/cmake)
[5.563s] -- Found tf2_ros: 0.25.9 (/opt/ros/humble/share/tf2_ros/cmake)
[6.171s] -- Found turtlesim: 1.4.2 (/opt/ros/humble/share/turtlesim/cmake)
[6.263s] -- Found ament_lint_auto: 0.12.11 (/opt/ros/humble/share/ament_lint_auto/cmake)
[6.626s] -- Added test 'flake8' to check Python code syntax and style conventions
[6.631s] -- Added test 'lint_cmake' to check CMake code style
[6.634s] -- Added test 'pep257' to check Python code against some of the docstring style conventions in PEP 257
[6.644s] -- Added test 'xmllint' to check XML markup files
[6.650s] -- Configuring done
[6.669s] -- Generating done
[6.676s] -- Build files have been written to: /home/pyh/Documents/ros2_ws/RobotAD_Issac_ws/build/robot_locate
[6.709s] Invoked command in '/home/pyh/Documents/ros2_ws/RobotAD_Issac_ws/build/robot_locate' returned '0': CMAKE_PREFIX_PATH=${CMAKE_PREFIX_PATH}:/opt/ros/humble /usr/bin/cmake /home/pyh/Documents/ros2_ws/RobotAD_Issac_ws/src/robot_locate -DAMENT_CMAKE_SYMLINK_INSTALL=1 -DCMAKE_INSTALL_PREFIX=/home/pyh/Documents/ros2_ws/RobotAD_Issac_ws/install/robot_locate
[6.717s] Invoking command in '/home/pyh/Documents/ros2_ws/RobotAD_Issac_ws/build/robot_locate': CMAKE_PREFIX_PATH=${CMAKE_PREFIX_PATH}:/opt/ros/humble /usr/bin/cmake --build /home/pyh/Documents/ros2_ws/RobotAD_Issac_ws/build/robot_locate -- -j16 -l16
[6.921s] Invoked command in '/home/pyh/Documents/ros2_ws/RobotAD_Issac_ws/build/robot_locate' returned '0': CMAKE_PREFIX_PATH=${CMAKE_PREFIX_PATH}:/opt/ros/humble /usr/bin/cmake --build /home/pyh/Documents/ros2_ws/RobotAD_Issac_ws/build/robot_locate -- -j16 -l16
[6.974s] Invoking command in '/home/pyh/Documents/ros2_ws/RobotAD_Issac_ws/build/robot_locate': CMAKE_PREFIX_PATH=${CMAKE_PREFIX_PATH}:/opt/ros/humble /usr/bin/cmake --install /home/pyh/Documents/ros2_ws/RobotAD_Issac_ws/build/robot_locate
[7.009s] -- Install configuration: ""
[7.011s] -- Execute custom install script
[7.014s] -- Symlinking: /home/pyh/Documents/ros2_ws/RobotAD_Issac_ws/install/robot_locate/share/robot_locate/launch/__pycache__/localization_launch.cpython-310.pyc
[7.054s] -- Symlinking: /home/pyh/Documents/ros2_ws/RobotAD_Issac_ws/install/robot_locate/share/robot_locate/launch/__pycache__/navigation_launch.cpython-310.pyc
[7.082s] -- Symlinking: /home/pyh/Documents/ros2_ws/RobotAD_Issac_ws/install/robot_locate/share/robot_locate/launch/__pycache__/online_async_launch.cpython-310.pyc
[7.113s] -- Symlinking: /home/pyh/Documents/ros2_ws/RobotAD_Issac_ws/install/robot_locate/share/robot_locate/launch/__pycache__/robot_locate.launch.cpython-310.pyc
[7.147s] -- Symlinking: /home/pyh/Documents/ros2_ws/RobotAD_Issac_ws/install/robot_locate/share/robot_locate/launch/__pycache__/robot_locater.launch.cpython-310.pyc
[7.177s] -- Symlinking: /home/pyh/Documents/ros2_ws/RobotAD_Issac_ws/install/robot_locate/share/robot_locate/launch/__pycache__/robot_test.launch.cpython-310.pyc
[7.218s] -- Symlinking: /home/pyh/Documents/ros2_ws/RobotAD_Issac_ws/install/robot_locate/share/robot_locate/launch/localization_launch.py
[7.256s] -- Symlinking: /home/pyh/Documents/ros2_ws/RobotAD_Issac_ws/install/robot_locate/share/robot_locate/launch/navigation_launch.py
[7.286s] -- Symlinking: /home/pyh/Documents/ros2_ws/RobotAD_Issac_ws/install/robot_locate/share/robot_locate/launch/online_async_launch.py
[7.322s] -- Symlinking: /home/pyh/Documents/ros2_ws/RobotAD_Issac_ws/install/robot_locate/share/robot_locate/launch/robot_locate.launch.py
[7.363s] -- Symlinking: /home/pyh/Documents/ros2_ws/RobotAD_Issac_ws/install/robot_locate/share/robot_locate/launch/robot_locater.launch.py
[7.408s] -- Symlinking: /home/pyh/Documents/ros2_ws/RobotAD_Issac_ws/install/robot_locate/share/robot_locate/launch/robot_test.launch.py
[7.454s] -- Symlinking: /home/pyh/Documents/ros2_ws/RobotAD_Issac_ws/install/robot_locate/share/robot_locate/rviz/urdf_config.rviz
[7.508s] -- Symlinking: /home/pyh/Documents/ros2_ws/RobotAD_Issac_ws/install/robot_locate/share/robot_locate/rviz/urdf_config.rviz.bak
[7.556s] -- Symlinking: /home/pyh/Documents/ros2_ws/RobotAD_Issac_ws/install/robot_locate/share/robot_locate/config/beifen.yaml
[7.607s] -- Symlinking: /home/pyh/Documents/ros2_ws/RobotAD_Issac_ws/install/robot_locate/share/robot_locate/config/ekf.yaml
[7.700s] -- Symlinking: /home/pyh/Documents/ros2_ws/RobotAD_Issac_ws/install/robot_locate/share/robot_locate/config/mapper_params_online_async.yaml
[7.752s] -- Symlinking: /home/pyh/Documents/ros2_ws/RobotAD_Issac_ws/install/robot_locate/share/robot_locate/config/nav2_params copy.yaml
[7.801s] -- Symlinking: /home/pyh/Documents/ros2_ws/RobotAD_Issac_ws/install/robot_locate/share/robot_locate/config/nav2_params.yaml
[7.844s] -- Symlinking: /home/pyh/Documents/ros2_ws/RobotAD_Issac_ws/install/robot_locate/share/robot_locate/config/old/ekf.yaml.bak
[7.884s] -- Symlinking: /home/pyh/Documents/ros2_ws/RobotAD_Issac_ws/install/robot_locate/share/robot_locate/config/old/nav2_params (copy).yaml
[7.923s] -- Symlinking: /home/pyh/Documents/ros2_ws/RobotAD_Issac_ws/install/robot_locate/share/robot_locate/config/old/nav2_params.yaml
[7.969s] -- Symlinking: /home/pyh/Documents/ros2_ws/RobotAD_Issac_ws/install/robot_locate/share/robot_locate/config/old/nav2_params_origal.yaml
[8.024s] -- Symlinking: /home/pyh/Documents/ros2_ws/RobotAD_Issac_ws/install/robot_locate/share/robot_locate/config/old/new.yaml
[8.062s] -- Symlinking: /home/pyh/Documents/ros2_ws/RobotAD_Issac_ws/install/robot_locate/share/robot_locate/config/twist_mux.yaml
[8.107s] -- Symlinking: /home/pyh/Documents/ros2_ws/RobotAD_Issac_ws/install/robot_locate/share/robot_locate/world/my_world.sdf
[8.148s] -- Symlinking: /home/pyh/Documents/ros2_ws/RobotAD_Issac_ws/install/robot_locate/share/ament_index/resource_index/package_run_dependencies/robot_locate
[8.190s] -- Symlinking: /home/pyh/Documents/ros2_ws/RobotAD_Issac_ws/install/robot_locate/share/ament_index/resource_index/parent_prefix_path/robot_locate
[8.232s] -- Symlinking: /home/pyh/Documents/ros2_ws/RobotAD_Issac_ws/install/robot_locate/share/robot_locate/environment/ament_prefix_path.sh
[8.285s] -- Symlinking: /home/pyh/Documents/ros2_ws/RobotAD_Issac_ws/install/robot_locate/share/robot_locate/environment/ament_prefix_path.dsv
[8.325s] -- Symlinking: /home/pyh/Documents/ros2_ws/RobotAD_Issac_ws/install/robot_locate/share/robot_locate/environment/path.sh
[8.358s] -- Symlinking: /home/pyh/Documents/ros2_ws/RobotAD_Issac_ws/install/robot_locate/share/robot_locate/environment/path.dsv
[8.399s] -- Symlinking: /home/pyh/Documents/ros2_ws/RobotAD_Issac_ws/install/robot_locate/share/robot_locate/local_setup.bash
[8.441s] -- Symlinking: /home/pyh/Documents/ros2_ws/RobotAD_Issac_ws/install/robot_locate/share/robot_locate/local_setup.sh
[8.473s] -- Symlinking: /home/pyh/Documents/ros2_ws/RobotAD_Issac_ws/install/robot_locate/share/robot_locate/local_setup.zsh
[8.509s] -- Symlinking: /home/pyh/Documents/ros2_ws/RobotAD_Issac_ws/install/robot_locate/share/robot_locate/local_setup.dsv
[8.543s] -- Symlinking: /home/pyh/Documents/ros2_ws/RobotAD_Issac_ws/install/robot_locate/share/robot_locate/package.dsv
[8.586s] -- Symlinking: /home/pyh/Documents/ros2_ws/RobotAD_Issac_ws/install/robot_locate/share/ament_index/resource_index/packages/robot_locate
[8.620s] -- Symlinking: /home/pyh/Documents/ros2_ws/RobotAD_Issac_ws/install/robot_locate/share/robot_locate/cmake/robot_locateConfig.cmake
[8.661s] -- Symlinking: /home/pyh/Documents/ros2_ws/RobotAD_Issac_ws/install/robot_locate/share/robot_locate/cmake/robot_locateConfig-version.cmake
[8.695s] -- Symlinking: /home/pyh/Documents/ros2_ws/RobotAD_Issac_ws/install/robot_locate/share/robot_locate/package.xml
[8.740s] Invoked command in '/home/pyh/Documents/ros2_ws/RobotAD_Issac_ws/build/robot_locate' returned '0': CMAKE_PREFIX_PATH=${CMAKE_PREFIX_PATH}:/opt/ros/humble /usr/bin/cmake --install /home/pyh/Documents/ros2_ws/RobotAD_Issac_ws/build/robot_locate
