[0.065s] Invoking command in '/home/pyh/Documents/ros2_ws/RobotAD_Issac_ws/build/rslidar_msg': CMAKE_PREFIX_PATH=/home/pyh/Documents/ros2_ws/RobotAD_Issac_ws/install/rslidar_msg:/home/pyh/Documents/ros2_ws/RobotAD_Issac_ws/install/usb_camera:/home/pyh/Documents/ros2_ws/RobotAD_Issac_ws/install/serial_comm:/home/pyh/Documents/ros2_ws/RobotAD_Issac_ws/install/robot_locate:/home/pyh/Documents/ros2_ws/RobotAD_Issac_ws/install/diff_control:/home/pyh/Documents/ros2_ws/RobotAD_Issac_ws/install/robot_hardware:/home/pyh/Documents/ros2_ws/RobotAD_Issac_ws/install/pointcloud_to_laserscan:/home/pyh/Documents/ros2_ws/RobotAD_Issac_ws/install/nuscenes_data_collector:/opt/ros/humble:/home/pyh/Documents/ros2_ws/RobotAD_Issac_ws/install/message_filter_example:/home/pyh/Documents/ros2_ws/RobotAD_Issac_ws/install/keyboard_control /usr/bin/cmake --build /home/pyh/Documents/ros2_ws/RobotAD_Issac_ws/build/rslidar_msg -- -j16 -l16
[0.153s] [35m[1mConsolidate compiler generated dependencies of target rslidar_msg__rosidl_generator_c[0m
[0.185s] [  3%] Built target rslidar_msg__cpp
[0.215s] [ 12%] Built target rslidar_msg__rosidl_generator_c
[0.222s] [ 12%] Built target ament_cmake_python_symlink_rslidar_msg
[0.229s] [35m[1mConsolidate compiler generated dependencies of target rslidar_msg__rosidl_typesupport_fastrtps_cpp[0m
[0.265s] [35m[1mConsolidate compiler generated dependencies of target rslidar_msg__rosidl_typesupport_cpp[0m
[0.267s] [35m[1mConsolidate compiler generated dependencies of target rslidar_msg__rosidl_typesupport_introspection_cpp[0m
[0.279s] [35m[1mConsolidate compiler generated dependencies of target rslidar_msg__rosidl_typesupport_c[0m
[0.285s] [35m[1mConsolidate compiler generated dependencies of target rslidar_msg__rosidl_typesupport_introspection_c[0m
[0.289s] [35m[1mConsolidate compiler generated dependencies of target rslidar_msg__rosidl_typesupport_fastrtps_c[0m
[0.292s] [ 22%] Built target rslidar_msg__rosidl_typesupport_fastrtps_cpp
[0.331s] [ 32%] Built target rslidar_msg__rosidl_typesupport_cpp
[0.343s] [ 41%] Built target rslidar_msg__rosidl_typesupport_introspection_cpp
[0.347s] [ 51%] Built target rslidar_msg__rosidl_typesupport_fastrtps_c
[0.350s] [ 61%] Built target rslidar_msg__rosidl_typesupport_c
[0.351s] [ 70%] Built target rslidar_msg__rosidl_typesupport_introspection_c
[0.425s] [ 70%] Built target rslidar_msg
[0.496s] [ 74%] Built target rslidar_msg__py
[0.538s] [35m[1mConsolidate compiler generated dependencies of target rslidar_msg__rosidl_generator_py[0m
[0.578s] [ 80%] Built target rslidar_msg__rosidl_generator_py
[0.639s] [35m[1mConsolidate compiler generated dependencies of target rslidar_msg__rosidl_typesupport_introspection_c__pyext[0m
[0.639s] [35m[1mConsolidate compiler generated dependencies of target rslidar_msg__rosidl_typesupport_fastrtps_c__pyext[0m
[0.659s] [35m[1mConsolidate compiler generated dependencies of target rslidar_msg__rosidl_typesupport_c__pyext[0m
[0.693s] [ 87%] Built target rslidar_msg__rosidl_typesupport_fastrtps_c__pyext
[0.693s] [ 93%] Built target rslidar_msg__rosidl_typesupport_introspection_c__pyext
[0.721s] [100%] Built target rslidar_msg__rosidl_typesupport_c__pyext
[1.347s] running egg_info
[1.349s] writing rslidar_msg.egg-info/PKG-INFO
[1.350s] writing dependency_links to rslidar_msg.egg-info/dependency_links.txt
[1.351s] writing top-level names to rslidar_msg.egg-info/top_level.txt
[1.360s] reading manifest file 'rslidar_msg.egg-info/SOURCES.txt'
[1.362s] writing manifest file 'rslidar_msg.egg-info/SOURCES.txt'
[1.455s] [100%] Built target ament_cmake_python_build_rslidar_msg_egg
[1.498s] Invoked command in '/home/pyh/Documents/ros2_ws/RobotAD_Issac_ws/build/rslidar_msg' returned '0': CMAKE_PREFIX_PATH=/home/pyh/Documents/ros2_ws/RobotAD_Issac_ws/install/rslidar_msg:/home/pyh/Documents/ros2_ws/RobotAD_Issac_ws/install/usb_camera:/home/pyh/Documents/ros2_ws/RobotAD_Issac_ws/install/serial_comm:/home/pyh/Documents/ros2_ws/RobotAD_Issac_ws/install/robot_locate:/home/pyh/Documents/ros2_ws/RobotAD_Issac_ws/install/diff_control:/home/pyh/Documents/ros2_ws/RobotAD_Issac_ws/install/robot_hardware:/home/pyh/Documents/ros2_ws/RobotAD_Issac_ws/install/pointcloud_to_laserscan:/home/pyh/Documents/ros2_ws/RobotAD_Issac_ws/install/nuscenes_data_collector:/opt/ros/humble:/home/pyh/Documents/ros2_ws/RobotAD_Issac_ws/install/message_filter_example:/home/pyh/Documents/ros2_ws/RobotAD_Issac_ws/install/keyboard_control /usr/bin/cmake --build /home/pyh/Documents/ros2_ws/RobotAD_Issac_ws/build/rslidar_msg -- -j16 -l16
[1.504s] Invoking command in '/home/pyh/Documents/ros2_ws/RobotAD_Issac_ws/build/rslidar_msg': CMAKE_PREFIX_PATH=/home/pyh/Documents/ros2_ws/RobotAD_Issac_ws/install/rslidar_msg:/home/pyh/Documents/ros2_ws/RobotAD_Issac_ws/install/usb_camera:/home/pyh/Documents/ros2_ws/RobotAD_Issac_ws/install/serial_comm:/home/pyh/Documents/ros2_ws/RobotAD_Issac_ws/install/robot_locate:/home/pyh/Documents/ros2_ws/RobotAD_Issac_ws/install/diff_control:/home/pyh/Documents/ros2_ws/RobotAD_Issac_ws/install/robot_hardware:/home/pyh/Documents/ros2_ws/RobotAD_Issac_ws/install/pointcloud_to_laserscan:/home/pyh/Documents/ros2_ws/RobotAD_Issac_ws/install/nuscenes_data_collector:/opt/ros/humble:/home/pyh/Documents/ros2_ws/RobotAD_Issac_ws/install/message_filter_example:/home/pyh/Documents/ros2_ws/RobotAD_Issac_ws/install/keyboard_control /usr/bin/cmake --install /home/pyh/Documents/ros2_ws/RobotAD_Issac_ws/build/rslidar_msg
[1.531s] -- Install configuration: ""
[1.533s] -- Execute custom install script
[1.534s] -- Up-to-date symlink: /home/pyh/Documents/ros2_ws/RobotAD_Issac_ws/install/rslidar_msg/share/ament_index/resource_index/rosidl_interfaces/rslidar_msg
[1.536s] -- Up-to-date symlink: /home/pyh/Documents/ros2_ws/RobotAD_Issac_ws/install/rslidar_msg/include/rslidar_msg/rslidar_msg/msg/detail/rslidar_packet__functions.h
[1.537s] -- Up-to-date symlink: /home/pyh/Documents/ros2_ws/RobotAD_Issac_ws/install/rslidar_msg/include/rslidar_msg/rslidar_msg/msg/detail/rslidar_packet__struct.h
[1.537s] -- Up-to-date symlink: /home/pyh/Documents/ros2_ws/RobotAD_Issac_ws/install/rslidar_msg/include/rslidar_msg/rslidar_msg/msg/detail/rslidar_packet__type_support.h
[1.538s] -- Up-to-date symlink: /home/pyh/Documents/ros2_ws/RobotAD_Issac_ws/install/rslidar_msg/include/rslidar_msg/rslidar_msg/msg/rosidl_generator_c__visibility_control.h
[1.538s] -- Up-to-date symlink: /home/pyh/Documents/ros2_ws/RobotAD_Issac_ws/install/rslidar_msg/include/rslidar_msg/rslidar_msg/msg/rslidar_packet.h
[1.539s] -- Up-to-date symlink: /home/pyh/Documents/ros2_ws/RobotAD_Issac_ws/install/rslidar_msg/share/rslidar_msg/environment/library_path.sh
[1.539s] -- Up-to-date symlink: /home/pyh/Documents/ros2_ws/RobotAD_Issac_ws/install/rslidar_msg/share/rslidar_msg/environment/library_path.dsv
[1.539s] -- Up-to-date symlink: /home/pyh/Documents/ros2_ws/RobotAD_Issac_ws/install/rslidar_msg/include/rslidar_msg/rslidar_msg/msg/detail/rslidar_packet__rosidl_typesupport_fastrtps_c.h
[1.540s] -- Up-to-date symlink: /home/pyh/Documents/ros2_ws/RobotAD_Issac_ws/install/rslidar_msg/include/rslidar_msg/rslidar_msg/msg/rosidl_typesupport_fastrtps_c__visibility_control.h
[1.540s] -- Up-to-date symlink: /home/pyh/Documents/ros2_ws/RobotAD_Issac_ws/install/rslidar_msg/include/rslidar_msg/rslidar_msg/msg/detail/rslidar_packet__builder.hpp
[1.541s] -- Up-to-date symlink: /home/pyh/Documents/ros2_ws/RobotAD_Issac_ws/install/rslidar_msg/include/rslidar_msg/rslidar_msg/msg/detail/rslidar_packet__struct.hpp
[1.541s] -- Up-to-date symlink: /home/pyh/Documents/ros2_ws/RobotAD_Issac_ws/install/rslidar_msg/include/rslidar_msg/rslidar_msg/msg/detail/rslidar_packet__traits.hpp
[1.541s] -- Up-to-date symlink: /home/pyh/Documents/ros2_ws/RobotAD_Issac_ws/install/rslidar_msg/include/rslidar_msg/rslidar_msg/msg/detail/rslidar_packet__type_support.hpp
[1.542s] -- Up-to-date symlink: /home/pyh/Documents/ros2_ws/RobotAD_Issac_ws/install/rslidar_msg/include/rslidar_msg/rslidar_msg/msg/rosidl_generator_cpp__visibility_control.hpp
[1.543s] -- Up-to-date symlink: /home/pyh/Documents/ros2_ws/RobotAD_Issac_ws/install/rslidar_msg/include/rslidar_msg/rslidar_msg/msg/rslidar_packet.hpp
[1.545s] -- Up-to-date symlink: /home/pyh/Documents/ros2_ws/RobotAD_Issac_ws/install/rslidar_msg/include/rslidar_msg/rslidar_msg/msg/detail/rslidar_packet__rosidl_typesupport_fastrtps_cpp.hpp
[1.545s] -- Up-to-date symlink: /home/pyh/Documents/ros2_ws/RobotAD_Issac_ws/install/rslidar_msg/include/rslidar_msg/rslidar_msg/msg/rosidl_typesupport_fastrtps_cpp__visibility_control.h
[1.547s] -- Up-to-date symlink: /home/pyh/Documents/ros2_ws/RobotAD_Issac_ws/install/rslidar_msg/include/rslidar_msg/rslidar_msg/msg/detail/rslidar_packet__rosidl_typesupport_introspection_c.h
[1.547s] -- Up-to-date symlink: /home/pyh/Documents/ros2_ws/RobotAD_Issac_ws/install/rslidar_msg/include/rslidar_msg/rslidar_msg/msg/rosidl_typesupport_introspection_c__visibility_control.h
[1.549s] -- Up-to-date symlink: /home/pyh/Documents/ros2_ws/RobotAD_Issac_ws/install/rslidar_msg/include/rslidar_msg/rslidar_msg/msg/detail/rslidar_packet__rosidl_typesupport_introspection_cpp.hpp
[1.549s] -- Up-to-date symlink: /home/pyh/Documents/ros2_ws/RobotAD_Issac_ws/install/rslidar_msg/share/rslidar_msg/environment/pythonpath.sh
[1.551s] -- Up-to-date symlink: /home/pyh/Documents/ros2_ws/RobotAD_Issac_ws/install/rslidar_msg/share/rslidar_msg/environment/pythonpath.dsv
[1.551s] -- Up-to-date symlink: /home/pyh/Documents/ros2_ws/RobotAD_Issac_ws/install/rslidar_msg/local/lib/python3.10/dist-packages/rslidar_msg-0.0.0-py3.10.egg-info/PKG-INFO
[1.552s] -- Up-to-date symlink: /home/pyh/Documents/ros2_ws/RobotAD_Issac_ws/install/rslidar_msg/local/lib/python3.10/dist-packages/rslidar_msg-0.0.0-py3.10.egg-info/SOURCES.txt
[1.552s] -- Up-to-date symlink: /home/pyh/Documents/ros2_ws/RobotAD_Issac_ws/install/rslidar_msg/local/lib/python3.10/dist-packages/rslidar_msg-0.0.0-py3.10.egg-info/dependency_links.txt
[1.555s] -- Up-to-date symlink: /home/pyh/Documents/ros2_ws/RobotAD_Issac_ws/install/rslidar_msg/local/lib/python3.10/dist-packages/rslidar_msg-0.0.0-py3.10.egg-info/top_level.txt
[1.556s] -- Up-to-date symlink: /home/pyh/Documents/ros2_ws/RobotAD_Issac_ws/install/rslidar_msg/local/lib/python3.10/dist-packages/rslidar_msg/__init__.py
[1.556s] -- Up-to-date symlink: /home/pyh/Documents/ros2_ws/RobotAD_Issac_ws/install/rslidar_msg/local/lib/python3.10/dist-packages/rslidar_msg/_rslidar_msg_s.ep.rosidl_typesupport_c.c
[1.557s] -- Up-to-date symlink: /home/pyh/Documents/ros2_ws/RobotAD_Issac_ws/install/rslidar_msg/local/lib/python3.10/dist-packages/rslidar_msg/_rslidar_msg_s.ep.rosidl_typesupport_fastrtps_c.c
[1.558s] -- Up-to-date symlink: /home/pyh/Documents/ros2_ws/RobotAD_Issac_ws/install/rslidar_msg/local/lib/python3.10/dist-packages/rslidar_msg/_rslidar_msg_s.ep.rosidl_typesupport_introspection_c.c
[1.558s] -- Up-to-date symlink: /home/pyh/Documents/ros2_ws/RobotAD_Issac_ws/install/rslidar_msg/local/lib/python3.10/dist-packages/rslidar_msg/librslidar_msg__rosidl_generator_py.so
[1.559s] -- Up-to-date symlink: /home/pyh/Documents/ros2_ws/RobotAD_Issac_ws/install/rslidar_msg/local/lib/python3.10/dist-packages/rslidar_msg/msg/__init__.py
[1.560s] -- Up-to-date symlink: /home/pyh/Documents/ros2_ws/RobotAD_Issac_ws/install/rslidar_msg/local/lib/python3.10/dist-packages/rslidar_msg/msg/_rslidar_packet.py
[1.562s] -- Up-to-date symlink: /home/pyh/Documents/ros2_ws/RobotAD_Issac_ws/install/rslidar_msg/local/lib/python3.10/dist-packages/rslidar_msg/msg/_rslidar_packet_s.c
[1.562s] -- Up-to-date symlink: /home/pyh/Documents/ros2_ws/RobotAD_Issac_ws/install/rslidar_msg/local/lib/python3.10/dist-packages/rslidar_msg/rslidar_msg_s__rosidl_typesupport_c.cpython-310-x86_64-linux-gnu.so
[1.562s] -- Up-to-date symlink: /home/pyh/Documents/ros2_ws/RobotAD_Issac_ws/install/rslidar_msg/local/lib/python3.10/dist-packages/rslidar_msg/rslidar_msg_s__rosidl_typesupport_fastrtps_c.cpython-310-x86_64-linux-gnu.so
[1.563s] -- Up-to-date symlink: /home/pyh/Documents/ros2_ws/RobotAD_Issac_ws/install/rslidar_msg/local/lib/python3.10/dist-packages/rslidar_msg/rslidar_msg_s__rosidl_typesupport_introspection_c.cpython-310-x86_64-linux-gnu.so
[1.564s] -- Up-to-date symlink: /home/pyh/Documents/ros2_ws/RobotAD_Issac_ws/install/rslidar_msg/local/lib/python3.10/dist-packages/rslidar_msg/rslidar_msg_s__rosidl_typesupport_fastrtps_c.cpython-310-x86_64-linux-gnu.so
[1.565s] -- Up-to-date symlink: /home/pyh/Documents/ros2_ws/RobotAD_Issac_ws/install/rslidar_msg/local/lib/python3.10/dist-packages/rslidar_msg/rslidar_msg_s__rosidl_typesupport_introspection_c.cpython-310-x86_64-linux-gnu.so
[1.565s] -- Up-to-date symlink: /home/pyh/Documents/ros2_ws/RobotAD_Issac_ws/install/rslidar_msg/local/lib/python3.10/dist-packages/rslidar_msg/rslidar_msg_s__rosidl_typesupport_c.cpython-310-x86_64-linux-gnu.so
[1.566s] -- Up-to-date symlink: /home/pyh/Documents/ros2_ws/RobotAD_Issac_ws/install/rslidar_msg/share/rslidar_msg/msg/RslidarPacket.idl
[1.567s] -- Up-to-date symlink: /home/pyh/Documents/ros2_ws/RobotAD_Issac_ws/install/rslidar_msg/share/rslidar_msg/msg/RslidarPacket.msg
[1.568s] -- Up-to-date symlink: /home/pyh/Documents/ros2_ws/RobotAD_Issac_ws/install/rslidar_msg/share/ament_index/resource_index/package_run_dependencies/rslidar_msg
[1.570s] -- Up-to-date symlink: /home/pyh/Documents/ros2_ws/RobotAD_Issac_ws/install/rslidar_msg/share/ament_index/resource_index/parent_prefix_path/rslidar_msg
[1.570s] -- Up-to-date symlink: /home/pyh/Documents/ros2_ws/RobotAD_Issac_ws/install/rslidar_msg/share/rslidar_msg/environment/ament_prefix_path.sh
[1.570s] -- Up-to-date symlink: /home/pyh/Documents/ros2_ws/RobotAD_Issac_ws/install/rslidar_msg/share/rslidar_msg/environment/ament_prefix_path.dsv
[1.571s] -- Up-to-date symlink: /home/pyh/Documents/ros2_ws/RobotAD_Issac_ws/install/rslidar_msg/share/rslidar_msg/environment/path.sh
[1.572s] -- Up-to-date symlink: /home/pyh/Documents/ros2_ws/RobotAD_Issac_ws/install/rslidar_msg/share/rslidar_msg/environment/path.dsv
[1.572s] -- Up-to-date symlink: /home/pyh/Documents/ros2_ws/RobotAD_Issac_ws/install/rslidar_msg/share/rslidar_msg/local_setup.bash
[1.573s] -- Up-to-date symlink: /home/pyh/Documents/ros2_ws/RobotAD_Issac_ws/install/rslidar_msg/share/rslidar_msg/local_setup.sh
[1.573s] -- Up-to-date symlink: /home/pyh/Documents/ros2_ws/RobotAD_Issac_ws/install/rslidar_msg/share/rslidar_msg/local_setup.zsh
[1.574s] -- Up-to-date symlink: /home/pyh/Documents/ros2_ws/RobotAD_Issac_ws/install/rslidar_msg/share/rslidar_msg/local_setup.dsv
[1.574s] -- Symlinking: /home/pyh/Documents/ros2_ws/RobotAD_Issac_ws/install/rslidar_msg/share/rslidar_msg/package.dsv
[1.598s] -- Up-to-date symlink: /home/pyh/Documents/ros2_ws/RobotAD_Issac_ws/install/rslidar_msg/share/ament_index/resource_index/packages/rslidar_msg
[1.598s] -- Up-to-date symlink: /home/pyh/Documents/ros2_ws/RobotAD_Issac_ws/install/rslidar_msg/share/rslidar_msg/cmake/rosidl_cmake-extras.cmake
[1.599s] -- Up-to-date symlink: /home/pyh/Documents/ros2_ws/RobotAD_Issac_ws/install/rslidar_msg/share/rslidar_msg/cmake/ament_cmake_export_dependencies-extras.cmake
[1.599s] -- Up-to-date symlink: /home/pyh/Documents/ros2_ws/RobotAD_Issac_ws/install/rslidar_msg/share/rslidar_msg/cmake/ament_cmake_export_include_directories-extras.cmake
[1.600s] -- Up-to-date symlink: /home/pyh/Documents/ros2_ws/RobotAD_Issac_ws/install/rslidar_msg/share/rslidar_msg/cmake/ament_cmake_export_libraries-extras.cmake
[1.601s] -- Up-to-date symlink: /home/pyh/Documents/ros2_ws/RobotAD_Issac_ws/install/rslidar_msg/share/rslidar_msg/cmake/ament_cmake_export_targets-extras.cmake
[1.601s] -- Up-to-date symlink: /home/pyh/Documents/ros2_ws/RobotAD_Issac_ws/install/rslidar_msg/share/rslidar_msg/cmake/rosidl_cmake_export_typesupport_targets-extras.cmake
[1.602s] -- Up-to-date symlink: /home/pyh/Documents/ros2_ws/RobotAD_Issac_ws/install/rslidar_msg/share/rslidar_msg/cmake/rosidl_cmake_export_typesupport_libraries-extras.cmake
[1.603s] -- Up-to-date symlink: /home/pyh/Documents/ros2_ws/RobotAD_Issac_ws/install/rslidar_msg/share/rslidar_msg/cmake/rslidar_msgConfig.cmake
[1.604s] -- Up-to-date symlink: /home/pyh/Documents/ros2_ws/RobotAD_Issac_ws/install/rslidar_msg/share/rslidar_msg/cmake/rslidar_msgConfig-version.cmake
[1.605s] -- Up-to-date symlink: /home/pyh/Documents/ros2_ws/RobotAD_Issac_ws/install/rslidar_msg/share/rslidar_msg/package.xml
[1.606s] -- Up-to-date: /home/pyh/Documents/ros2_ws/RobotAD_Issac_ws/install/rslidar_msg/lib/librslidar_msg__rosidl_generator_c.so
[1.608s] -- Up-to-date: /home/pyh/Documents/ros2_ws/RobotAD_Issac_ws/install/rslidar_msg/lib/librslidar_msg__rosidl_typesupport_fastrtps_c.so
[1.609s] -- Up-to-date: /home/pyh/Documents/ros2_ws/RobotAD_Issac_ws/install/rslidar_msg/lib/librslidar_msg__rosidl_typesupport_fastrtps_cpp.so
[1.610s] -- Up-to-date: /home/pyh/Documents/ros2_ws/RobotAD_Issac_ws/install/rslidar_msg/lib/librslidar_msg__rosidl_typesupport_introspection_c.so
[1.611s] -- Up-to-date: /home/pyh/Documents/ros2_ws/RobotAD_Issac_ws/install/rslidar_msg/lib/librslidar_msg__rosidl_typesupport_c.so
[1.611s] -- Up-to-date: /home/pyh/Documents/ros2_ws/RobotAD_Issac_ws/install/rslidar_msg/lib/librslidar_msg__rosidl_typesupport_introspection_cpp.so
[1.612s] -- Up-to-date: /home/pyh/Documents/ros2_ws/RobotAD_Issac_ws/install/rslidar_msg/lib/librslidar_msg__rosidl_typesupport_cpp.so
[1.733s] Listing '/home/pyh/Documents/ros2_ws/RobotAD_Issac_ws/install/rslidar_msg/local/lib/python3.10/dist-packages/rslidar_msg'...
[1.733s] Listing '/home/pyh/Documents/ros2_ws/RobotAD_Issac_ws/install/rslidar_msg/local/lib/python3.10/dist-packages/rslidar_msg/msg'...
[1.748s] -- Up-to-date: /home/pyh/Documents/ros2_ws/RobotAD_Issac_ws/install/rslidar_msg/lib/librslidar_msg__rosidl_generator_py.so
[1.748s] -- Up-to-date: /home/pyh/Documents/ros2_ws/RobotAD_Issac_ws/install/rslidar_msg/share/rslidar_msg/cmake/export_rslidar_msg__rosidl_generator_cExport.cmake
[1.749s] -- Up-to-date: /home/pyh/Documents/ros2_ws/RobotAD_Issac_ws/install/rslidar_msg/share/rslidar_msg/cmake/export_rslidar_msg__rosidl_generator_cExport-noconfig.cmake
[1.749s] -- Up-to-date: /home/pyh/Documents/ros2_ws/RobotAD_Issac_ws/install/rslidar_msg/share/rslidar_msg/cmake/export_rslidar_msg__rosidl_typesupport_fastrtps_cExport.cmake
[1.750s] -- Up-to-date: /home/pyh/Documents/ros2_ws/RobotAD_Issac_ws/install/rslidar_msg/share/rslidar_msg/cmake/export_rslidar_msg__rosidl_typesupport_fastrtps_cExport-noconfig.cmake
[1.757s] -- Up-to-date: /home/pyh/Documents/ros2_ws/RobotAD_Issac_ws/install/rslidar_msg/share/rslidar_msg/cmake/export_rslidar_msg__rosidl_generator_cppExport.cmake
[1.757s] -- Up-to-date: /home/pyh/Documents/ros2_ws/RobotAD_Issac_ws/install/rslidar_msg/share/rslidar_msg/cmake/export_rslidar_msg__rosidl_typesupport_fastrtps_cppExport.cmake
[1.758s] -- Up-to-date: /home/pyh/Documents/ros2_ws/RobotAD_Issac_ws/install/rslidar_msg/share/rslidar_msg/cmake/export_rslidar_msg__rosidl_typesupport_fastrtps_cppExport-noconfig.cmake
[1.760s] -- Up-to-date: /home/pyh/Documents/ros2_ws/RobotAD_Issac_ws/install/rslidar_msg/share/rslidar_msg/cmake/rslidar_msg__rosidl_typesupport_introspection_cExport.cmake
[1.761s] -- Up-to-date: /home/pyh/Documents/ros2_ws/RobotAD_Issac_ws/install/rslidar_msg/share/rslidar_msg/cmake/rslidar_msg__rosidl_typesupport_introspection_cExport-noconfig.cmake
[1.762s] -- Up-to-date: /home/pyh/Documents/ros2_ws/RobotAD_Issac_ws/install/rslidar_msg/share/rslidar_msg/cmake/rslidar_msg__rosidl_typesupport_cExport.cmake
[1.763s] -- Up-to-date: /home/pyh/Documents/ros2_ws/RobotAD_Issac_ws/install/rslidar_msg/share/rslidar_msg/cmake/rslidar_msg__rosidl_typesupport_cExport-noconfig.cmake
[1.765s] -- Up-to-date: /home/pyh/Documents/ros2_ws/RobotAD_Issac_ws/install/rslidar_msg/share/rslidar_msg/cmake/rslidar_msg__rosidl_typesupport_introspection_cppExport.cmake
[1.766s] -- Up-to-date: /home/pyh/Documents/ros2_ws/RobotAD_Issac_ws/install/rslidar_msg/share/rslidar_msg/cmake/rslidar_msg__rosidl_typesupport_introspection_cppExport-noconfig.cmake
[1.766s] -- Up-to-date: /home/pyh/Documents/ros2_ws/RobotAD_Issac_ws/install/rslidar_msg/share/rslidar_msg/cmake/rslidar_msg__rosidl_typesupport_cppExport.cmake
[1.766s] -- Up-to-date: /home/pyh/Documents/ros2_ws/RobotAD_Issac_ws/install/rslidar_msg/share/rslidar_msg/cmake/rslidar_msg__rosidl_typesupport_cppExport-noconfig.cmake
[1.767s] -- Up-to-date: /home/pyh/Documents/ros2_ws/RobotAD_Issac_ws/install/rslidar_msg/share/rslidar_msg/cmake/export_rslidar_msg__rosidl_generator_pyExport.cmake
[1.767s] -- Up-to-date: /home/pyh/Documents/ros2_ws/RobotAD_Issac_ws/install/rslidar_msg/share/rslidar_msg/cmake/export_rslidar_msg__rosidl_generator_pyExport-noconfig.cmake
[1.769s] Invoked command in '/home/pyh/Documents/ros2_ws/RobotAD_Issac_ws/build/rslidar_msg' returned '0': CMAKE_PREFIX_PATH=/home/pyh/Documents/ros2_ws/RobotAD_Issac_ws/install/rslidar_msg:/home/pyh/Documents/ros2_ws/RobotAD_Issac_ws/install/usb_camera:/home/pyh/Documents/ros2_ws/RobotAD_Issac_ws/install/serial_comm:/home/pyh/Documents/ros2_ws/RobotAD_Issac_ws/install/robot_locate:/home/pyh/Documents/ros2_ws/RobotAD_Issac_ws/install/diff_control:/home/pyh/Documents/ros2_ws/RobotAD_Issac_ws/install/robot_hardware:/home/pyh/Documents/ros2_ws/RobotAD_Issac_ws/install/pointcloud_to_laserscan:/home/pyh/Documents/ros2_ws/RobotAD_Issac_ws/install/nuscenes_data_collector:/opt/ros/humble:/home/pyh/Documents/ros2_ws/RobotAD_Issac_ws/install/message_filter_example:/home/pyh/Documents/ros2_ws/RobotAD_Issac_ws/install/keyboard_control /usr/bin/cmake --install /home/pyh/Documents/ros2_ws/RobotAD_Issac_ws/build/rslidar_msg
